<?xml version="1.0" encoding="UTF-8"?>
<testsuite xmlns:xsi="http://www.w3.org/2001/XMLSchema-instance" xsi:noNamespaceSchemaLocation="https://maven.apache.org/surefire/maven-surefire-plugin/xsd/surefire-test-report.xsd" name="org.apache.hadoop.ozone.client.rpc.TestCommitWatcher" time="84.377" tests="2" errors="0" skipped="0" failures="1">
  <properties>
[...]
</properties>
  <testcase name="testReleaseBuffers" classname="org.apache.hadoop.ozone.client.rpc.TestCommitWatcher" time="39.168"/>
  <testcase name="testReleaseBuffersOnException" classname="org.apache.hadoop.ozone.client.rpc.TestCommitWatcher" time="44.87">
    <failure type="java.lang.AssertionError">java.lang.AssertionError
	at org.junit.Assert.fail(Assert.java:86)
	at org.junit.Assert.assertTrue(Assert.java:41)
	at org.junit.Assert.assertTrue(Assert.java:52)
	at org.apache.hadoop.ozone.client.rpc.TestCommitWatcher.testReleaseBuffersOnException(TestCommitWatcher.java:320)
	at sun.reflect.NativeMethodAccessorImpl.invoke0(Native Method)
	at sun.reflect.NativeMethodAccessorImpl.invoke(NativeMethodAccessorImpl.java:62)
	at sun.reflect.DelegatingMethodAccessorImpl.invoke(DelegatingMethodAccessorImpl.java:43)
	at java.lang.reflect.Method.invoke(Method.java:498)
	at org.junit.runners.model.FrameworkMethod$1.runReflectiveCall(FrameworkMethod.java:47)
	at org.junit.internal.runners.model.ReflectiveCallable.run(ReflectiveCallable.java:12)
	at org.junit.runners.model.FrameworkMethod.invokeExplosively(FrameworkMethod.java:44)
	at org.junit.internal.runners.statements.InvokeMethod.evaluate(InvokeMethod.java:17)
	at org.junit.internal.runners.statements.RunBefores.evaluate(RunBefores.java:26)
	at org.junit.internal.runners.statements.RunAfters.evaluate(RunAfters.java:27)
	at org.junit.internal.runners.statements.FailOnTimeout$StatementThread.run(FailOnTimeout.java:74)
</failure>
    <system-out><![CDATA[2020-07-19 12:59:02,500 [Thread-353] WARN  server.ServerUtils (ServerUtils.java:getScmDbDir(148)) - ozone.scm.db.dirs is not configured. We recommend adding this setting. Falling back to ozone.metadata.dirs instead.
2020-07-19 12:59:02,502 [Thread-353] WARN  server.ServerUtils (ServerUtils.java:getScmDbDir(148)) - ozone.scm.db.dirs is not configured. We recommend adding this setting. Falling back to ozone.metadata.dirs instead.
2020-07-19 12:59:02,502 [Thread-353] WARN  db.DBStoreBuilder (DBStoreBuilder.java:createDBStoreBuilder(277)) - ozone.scm.db.dirs is not configured. We recommend adding this setting. Falling back to ozone.metadata.dirs instead.
2020-07-19 12:59:02,536 [Thread-353] INFO  net.NodeSchemaLoader (NodeSchemaLoader.java:loadSchemaFromFile(126)) - Loading file from sun.misc.CompoundEnumeration@142f6d0b
2020-07-19 12:59:02,536 [Thread-353] INFO  net.NodeSchemaLoader (NodeSchemaLoader.java:loadSchema(172)) - Loading network topology layer schema file
2020-07-19 12:59:02,539 [Thread-353] WARN  server.ServerUtils (ServerUtils.java:sanitizeUserArgs(73)) - ozone.scm.stale.node.interval value = 1000000 is larger than max = 100000 based on the key value of ozone.scm.heartbeat.thread.interval, reset to the max value 100000.
2020-07-19 12:59:02,539 [Thread-353] WARN  server.ServerUtils (ServerUtils.java:sanitizeUserArgs(73)) - ozone.scm.stale.node.interval value = 1000000 is larger than max = 100000 based on the key value of ozone.scm.heartbeat.thread.interval, reset to the max value 100000.
2020-07-19 12:59:02,540 [Thread-353] INFO  node.SCMNodeManager (SCMNodeManager.java:<init>(116)) - Entering startup safe mode.
2020-07-19 12:59:02,541 [Thread-353] INFO  algorithms.ContainerPlacementPolicyFactory (ContainerPlacementPolicyFactory.java:getPolicy(60)) - Create container placement policy of type org.apache.hadoop.hdds.scm.container.placement.algorithms.SCMContainerPlacementRandom
2020-07-19 12:59:02,541 [Thread-353] INFO  pipeline.SCMPipelineManager (SCMPipelineManager.java:initializePipelineState(158)) - No pipeline exists in current db
2020-07-19 12:59:02,543 [Thread-353] INFO  safemode.HealthyPipelineSafeModeRule (HealthyPipelineSafeModeRule.java:<init>(89)) - Total pipeline count is 0, healthy pipeline threshold count is 0
2020-07-19 12:59:02,543 [Thread-353] INFO  safemode.OneReplicaPipelineSafeModeRule (OneReplicaPipelineSafeModeRule.java:<init>(79)) - Total pipeline count is 0, pipeline's with at least one datanode reported threshold count is 0
2020-07-19 12:59:02,545 [RatisPipelineUtilsThread] ERROR pipeline.SCMPipelineManager (SCMPipelineManager.java:createPipeline(275)) - Failed to create pipeline of type RATIS and factor ONE. Exception: Cannot create pipeline of factor 1 using 0 nodes. Used 0 nodes. Healthy nodes 0
2020-07-19 12:59:02,545 [Thread-353] INFO  ipc.CallQueueManager (CallQueueManager.java:<init>(84)) - Using callQueue: class java.util.concurrent.LinkedBlockingQueue, queueCapacity: 2000, scheduler: class org.apache.hadoop.ipc.DefaultRpcScheduler, ipcBackoff: false.
2020-07-19 12:59:02,546 [Socket Reader #1 for port 0] INFO  ipc.Server (Server.java:run(1219)) - Starting Socket Reader #1 for port 0
2020-07-19 12:59:02,546 [Listener at 0.0.0.0/43203] INFO  ipc.CallQueueManager (CallQueueManager.java:<init>(84)) - Using callQueue: class java.util.concurrent.LinkedBlockingQueue, queueCapacity: 2000, scheduler: class org.apache.hadoop.ipc.DefaultRpcScheduler, ipcBackoff: false.
2020-07-19 12:59:02,551 [Socket Reader #1 for port 0] INFO  ipc.Server (Server.java:run(1219)) - Starting Socket Reader #1 for port 0
2020-07-19 12:59:02,552 [Listener at 0.0.0.0/36471] INFO  ipc.CallQueueManager (CallQueueManager.java:<init>(84)) - Using callQueue: class java.util.concurrent.LinkedBlockingQueue, queueCapacity: 2000, scheduler: class org.apache.hadoop.ipc.DefaultRpcScheduler, ipcBackoff: false.
2020-07-19 12:59:02,554 [Socket Reader #1 for port 0] INFO  ipc.Server (Server.java:run(1219)) - Starting Socket Reader #1 for port 0
2020-07-19 12:59:02,560 [Listener at 0.0.0.0/42889] INFO  http.BaseHttpServer (BaseHttpServer.java:newHttpServer2BuilderForOzone(207)) - Starting Web-server for scm at: http://0.0.0.0:0
2020-07-19 12:59:02,560 [Listener at 0.0.0.0/42889] INFO  http.BaseHttpServer (BaseHttpServer.java:<init>(106)) - Hadoop Security Enabled: false Ozone Security Enabled: false Ozone HTTP Security Enabled: false 
2020-07-19 12:59:02,561 [Listener at 0.0.0.0/42889] INFO  server.AuthenticationFilter (AuthenticationFilter.java:constructSecretProvider(240)) - Unable to initialize FileSignerSecretProvider, falling back to use random secrets.
2020-07-19 12:59:02,562 [Listener at 0.0.0.0/42889] WARN  http.HttpRequestLog (HttpRequestLog.java:getRequestLog(103)) - Jetty request log can only be enabled using Log4j
2020-07-19 12:59:02,563 [Listener at 0.0.0.0/42889] INFO  http.HttpServer2 (HttpServer2.java:addGlobalFilter(998)) - Added global filter 'safety' (class=org.apache.hadoop.hdds.server.http.HttpServer2$QuotingInputFilter)
2020-07-19 12:59:02,564 [Listener at 0.0.0.0/42889] INFO  http.HttpServer2 (HttpServer2.java:addFilter(974)) - Added filter static_user_filter (class=org.apache.hadoop.http.lib.StaticUserWebFilter$StaticUserFilter) to context scm
2020-07-19 12:59:02,564 [Listener at 0.0.0.0/42889] INFO  http.HttpServer2 (HttpServer2.java:addFilter(982)) - Added filter static_user_filter (class=org.apache.hadoop.http.lib.StaticUserWebFilter$StaticUserFilter) to context static
2020-07-19 12:59:02,564 [Listener at 0.0.0.0/42889] INFO  http.HttpServer2 (HttpServer2.java:addFilter(982)) - Added filter static_user_filter (class=org.apache.hadoop.http.lib.StaticUserWebFilter$StaticUserFilter) to context logs
2020-07-19 12:59:02,568 [Listener at 0.0.0.0/42889] INFO  server.StorageContainerManager (StorageContainerManager.java:start(784)) - StorageContainerLocationProtocol RPC server is listening at /0.0.0.0:42889
2020-07-19 12:59:02,569 [Listener at 0.0.0.0/42889] WARN  impl.MetricsConfig (MetricsConfig.java:loadFirst(134)) - Cannot locate configuration: tried hadoop-metrics2-storagecontainermanager.properties,hadoop-metrics2.properties
2020-07-19 12:59:02,571 [Listener at 0.0.0.0/42889] INFO  impl.MetricsSystemImpl (MetricsSystemImpl.java:startTimer(374)) - Scheduled Metric snapshot period at 10 second(s).
2020-07-19 12:59:02,571 [Listener at 0.0.0.0/42889] INFO  impl.MetricsSystemImpl (MetricsSystemImpl.java:start(191)) - StorageContainerManager metrics system started
2020-07-19 12:59:02,584 [Listener at 0.0.0.0/42889] WARN  impl.MetricsSystemImpl (MetricsSystemImpl.java:register(276)) - Sink prometheus already exists!
2020-07-19 12:59:02,595 [Listener at 0.0.0.0/42889] INFO  server.SCMClientProtocolServer (SCMClientProtocolServer.java:start(156)) - RPC server for Client  is listening at /0.0.0.0:42889
2020-07-19 12:59:02,595 [IPC Server Responder] INFO  ipc.Server (Server.java:run(1460)) - IPC Server Responder: starting
2020-07-19 12:59:02,596 [IPC Server listener on 0] INFO  ipc.Server (Server.java:run(1298)) - IPC Server listener on 0: starting
2020-07-19 12:59:02,602 [Listener at 0.0.0.0/42889] INFO  server.StorageContainerManager (StorageContainerManager.java:start(796)) - ScmBlockLocationProtocol RPC server is listening at /0.0.0.0:36471
2020-07-19 12:59:02,602 [Listener at 0.0.0.0/42889] INFO  server.SCMBlockProtocolServer (SCMBlockProtocolServer.java:start(149)) - RPC server for Block Protocol is listening at /0.0.0.0:36471
2020-07-19 12:59:02,603 [IPC Server Responder] INFO  ipc.Server (Server.java:run(1460)) - IPC Server Responder: starting
2020-07-19 12:59:02,603 [IPC Server listener on 0] INFO  ipc.Server (Server.java:run(1298)) - IPC Server listener on 0: starting
2020-07-19 12:59:02,613 [Listener at 0.0.0.0/42889] INFO  server.StorageContainerManager (StorageContainerManager.java:start(802)) - ScmDatanodeProtocl RPC server is listening at /0.0.0.0:43203
2020-07-19 12:59:02,613 [Listener at 0.0.0.0/42889] INFO  server.SCMDatanodeProtocolServer (SCMDatanodeProtocolServer.java:start(172)) - RPC server for DataNodes is listening at /0.0.0.0:43203
2020-07-19 12:59:02,613 [IPC Server Responder] INFO  ipc.Server (Server.java:run(1460)) - IPC Server Responder: starting
2020-07-19 12:59:02,614 [IPC Server listener on 0] INFO  ipc.Server (Server.java:run(1298)) - IPC Server listener on 0: starting
2020-07-19 12:59:02,618 [Listener at 0.0.0.0/42889] INFO  http.HttpServer2 (HttpServer2.java:bindListener(1216)) - Jetty bound to port 33103
2020-07-19 12:59:02,620 [Listener at 0.0.0.0/42889] INFO  server.Server (Server.java:doStart(359)) - jetty-9.4.26.v20200117; built: 2020-01-17T12:35:33.676Z; git: 7b38981d25d14afb4a12ff1f2596756144edf695; jvm 1.8.0_232-b09
2020-07-19 12:59:02,626 [Listener at 0.0.0.0/42889] INFO  server.session (DefaultSessionIdManager.java:doStart(333)) - DefaultSessionIdManager workerName=node0
2020-07-19 12:59:02,626 [Listener at 0.0.0.0/42889] INFO  server.session (DefaultSessionIdManager.java:doStart(338)) - No SessionScavenger set, using defaults
2020-07-19 12:59:02,626 [Listener at 0.0.0.0/42889] INFO  server.session (HouseKeeper.java:startScavenging(140)) - node0 Scavenging every 660000ms
2020-07-19 12:59:02,627 [Listener at 0.0.0.0/42889] INFO  handler.ContextHandler (ContextHandler.java:doStart(825)) - Started o.e.j.s.ServletContextHandler@567e0a02{logs,/logs,file:///github/workspace/mnt/ozone/hadoop-ozone/integration-test/target/log,AVAILABLE}
2020-07-19 12:59:02,627 [Listener at 0.0.0.0/42889] INFO  handler.ContextHandler (ContextHandler.java:doStart(825)) - Started o.e.j.s.ServletContextHandler@85951ea{static,/static,file:///github/workspace/mnt/ozone/hadoop-ozone/integration-test/target/test-classes/webapps/static,AVAILABLE}
2020-07-19 12:59:02,631 [Listener at 0.0.0.0/42889] INFO  handler.ContextHandler (ContextHandler.java:doStart(825)) - Started o.e.j.w.WebAppContext@6b100fc{scm,/,file:///github/workspace/mnt/ozone/hadoop-ozone/integration-test/target/test-classes/webapps/scm/,AVAILABLE}{file:/github/workspace/mnt/ozone/hadoop-ozone/integration-test/target/test-classes/webapps/scm}
2020-07-19 12:59:02,631 [Listener at 0.0.0.0/42889] INFO  server.AbstractConnector (AbstractConnector.java:doStart(330)) - Started ServerConnector@7d0034cf{HTTP/1.1,[http/1.1]}{0.0.0.0:33103}
2020-07-19 12:59:02,631 [Listener at 0.0.0.0/42889] INFO  server.Server (Server.java:doStart(399)) - Started @40273ms
2020-07-19 12:59:02,632 [Listener at 0.0.0.0/42889] WARN  impl.MetricsSystemImpl (MetricsSystemImpl.java:register(276)) - Sink prometheus already exists!
2020-07-19 12:59:02,638 [Listener at 0.0.0.0/42889] INFO  http.BaseHttpServer (BaseHttpServer.java:updateConnectorAddress(327)) - HTTP server of scm listening at http://0.0.0.0:33103
2020-07-19 12:59:02,639 [Listener at 0.0.0.0/42889] WARN  server.ServerUtils (ServerUtils.java:getDBPath(225)) - ozone.om.db.dirs is not configured. We recommend adding this setting. Falling back to ozone.metadata.dirs instead.
2020-07-19 12:59:02,639 [org.apache.hadoop.util.JvmPauseMonitor$Monitor@4fa8e11b] INFO  util.JvmPauseMonitor (JvmPauseMonitor.java:run(188)) - Starting JVM pause monitor
2020-07-19 12:59:02,641 [Listener at 0.0.0.0/42889] INFO  ha.OMHANodeDetails (OMHANodeDetails.java:loadOMHAConfig(104)) - ozone.om.internal.service.id is not defined, falling back to ozone.om.service.ids to find serviceID for OzoneManager if it is HA enabled cluster
2020-07-19 12:59:02,641 [Listener at 0.0.0.0/42889] INFO  ha.OMHANodeDetails (OMHANodeDetails.java:loadOMHAConfig(213)) - Configuration either no ozone.om.address set. Falling back to the default OM address /127.0.0.1:0
2020-07-19 12:59:02,641 [Listener at 0.0.0.0/42889] INFO  ha.OMHANodeDetails (OMHANodeDetails.java:getOMNodeDetails(241)) - OM Service ID is not set. Setting it to the default ID: omServiceIdDefault
2020-07-19 12:59:02,642 [Listener at 0.0.0.0/42889] WARN  server.ServerUtils (ServerUtils.java:getDBPath(225)) - ozone.om.db.dirs is not configured. We recommend adding this setting. Falling back to ozone.metadata.dirs instead.
2020-07-19 12:59:02,642 [Listener at 0.0.0.0/42889] WARN  server.ServerUtils (ServerUtils.java:getDBPath(225)) - ozone.om.db.dirs is not configured. We recommend adding this setting. Falling back to ozone.metadata.dirs instead.
2020-07-19 12:59:02,650 [Listener at 0.0.0.0/42889] WARN  server.ServerUtils (ServerUtils.java:getDBPath(225)) - ozone.om.db.dirs is not configured. We recommend adding this setting. Falling back to ozone.metadata.dirs instead.
2020-07-19 12:59:02,709 [Listener at 0.0.0.0/42889] INFO  ipc.CallQueueManager (CallQueueManager.java:<init>(84)) - Using callQueue: class java.util.concurrent.LinkedBlockingQueue, queueCapacity: 2000, scheduler: class org.apache.hadoop.ipc.DefaultRpcScheduler, ipcBackoff: false.
2020-07-19 12:59:02,710 [Socket Reader #1 for port 0] INFO  ipc.Server (Server.java:run(1219)) - Starting Socket Reader #1 for port 0
2020-07-19 12:59:02,731 [Listener at 127.0.0.1/43321] INFO  impl.MetricsSystemImpl (MetricsSystemImpl.java:init(158)) - OzoneManager metrics system started (again)
2020-07-19 12:59:02,732 [Listener at 127.0.0.1/43321] INFO  om.OzoneManager (OzoneManager.java:start(1101)) - OzoneManager RPC server is listening at localhost/127.0.0.1:43321
2020-07-19 12:59:02,733 [IPC Server Responder] INFO  ipc.Server (Server.java:run(1460)) - IPC Server Responder: starting
2020-07-19 12:59:02,734 [IPC Server listener on 0] INFO  ipc.Server (Server.java:run(1298)) - IPC Server listener on 0: starting
2020-07-19 12:59:02,744 [Listener at 127.0.0.1/43321] INFO  http.BaseHttpServer (BaseHttpServer.java:newHttpServer2BuilderForOzone(207)) - Starting Web-server for ozoneManager at: http://0.0.0.0:0
2020-07-19 12:59:02,744 [Listener at 127.0.0.1/43321] INFO  http.BaseHttpServer (BaseHttpServer.java:<init>(106)) - Hadoop Security Enabled: false Ozone Security Enabled: false Ozone HTTP Security Enabled: false 
2020-07-19 12:59:02,745 [Listener at 127.0.0.1/43321] INFO  server.AuthenticationFilter (AuthenticationFilter.java:constructSecretProvider(240)) - Unable to initialize FileSignerSecretProvider, falling back to use random secrets.
2020-07-19 12:59:02,747 [Listener at 127.0.0.1/43321] WARN  http.HttpRequestLog (HttpRequestLog.java:getRequestLog(103)) - Jetty request log can only be enabled using Log4j
2020-07-19 12:59:02,748 [Listener at 127.0.0.1/43321] INFO  http.HttpServer2 (HttpServer2.java:addGlobalFilter(998)) - Added global filter 'safety' (class=org.apache.hadoop.hdds.server.http.HttpServer2$QuotingInputFilter)
2020-07-19 12:59:02,749 [Listener at 127.0.0.1/43321] INFO  http.HttpServer2 (HttpServer2.java:addFilter(974)) - Added filter static_user_filter (class=org.apache.hadoop.http.lib.StaticUserWebFilter$StaticUserFilter) to context ozoneManager
2020-07-19 12:59:02,749 [Listener at 127.0.0.1/43321] INFO  http.HttpServer2 (HttpServer2.java:addFilter(982)) - Added filter static_user_filter (class=org.apache.hadoop.http.lib.StaticUserWebFilter$StaticUserFilter) to context static
2020-07-19 12:59:02,749 [Listener at 127.0.0.1/43321] INFO  http.HttpServer2 (HttpServer2.java:addFilter(982)) - Added filter static_user_filter (class=org.apache.hadoop.http.lib.StaticUserWebFilter$StaticUserFilter) to context logs
2020-07-19 12:59:02,750 [Listener at 127.0.0.1/43321] INFO  http.HttpServer2 (HttpServer2.java:bindListener(1216)) - Jetty bound to port 41923
2020-07-19 12:59:02,750 [Listener at 127.0.0.1/43321] INFO  server.Server (Server.java:doStart(359)) - jetty-9.4.26.v20200117; built: 2020-01-17T12:35:33.676Z; git: 7b38981d25d14afb4a12ff1f2596756144edf695; jvm 1.8.0_232-b09
2020-07-19 12:59:02,751 [Listener at 127.0.0.1/43321] INFO  server.session (DefaultSessionIdManager.java:doStart(333)) - DefaultSessionIdManager workerName=node0
2020-07-19 12:59:02,751 [Listener at 127.0.0.1/43321] INFO  server.session (DefaultSessionIdManager.java:doStart(338)) - No SessionScavenger set, using defaults
2020-07-19 12:59:02,751 [Listener at 127.0.0.1/43321] INFO  server.session (HouseKeeper.java:startScavenging(140)) - node0 Scavenging every 600000ms
2020-07-19 12:59:02,752 [Listener at 127.0.0.1/43321] INFO  handler.ContextHandler (ContextHandler.java:doStart(825)) - Started o.e.j.s.ServletContextHandler@d64513d{logs,/logs,file:///github/workspace/mnt/ozone/hadoop-ozone/integration-test/target/log,AVAILABLE}
2020-07-19 12:59:02,752 [Listener at 127.0.0.1/43321] INFO  handler.ContextHandler (ContextHandler.java:doStart(825)) - Started o.e.j.s.ServletContextHandler@2cdf24fc{static,/static,file:///github/workspace/mnt/ozone/hadoop-ozone/integration-test/target/test-classes/webapps/static,AVAILABLE}
2020-07-19 12:59:02,756 [Listener at 127.0.0.1/43321] INFO  handler.ContextHandler (ContextHandler.java:doStart(825)) - Started o.e.j.w.WebAppContext@805b2dc{ozoneManager,/,file:///github/workspace/mnt/ozone/hadoop-ozone/integration-test/target/test-classes/webapps/ozoneManager/,AVAILABLE}{file:/github/workspace/mnt/ozone/hadoop-ozone/integration-test/target/test-classes/webapps/ozoneManager}
2020-07-19 12:59:02,757 [Listener at 127.0.0.1/43321] INFO  server.AbstractConnector (AbstractConnector.java:doStart(330)) - Started ServerConnector@1683b60c{HTTP/1.1,[http/1.1]}{0.0.0.0:41923}
2020-07-19 12:59:02,757 [Listener at 127.0.0.1/43321] INFO  server.Server (Server.java:doStart(399)) - Started @40399ms
2020-07-19 12:59:02,757 [Listener at 127.0.0.1/43321] WARN  impl.MetricsSystemImpl (MetricsSystemImpl.java:register(276)) - Sink prometheus already exists!
2020-07-19 12:59:02,762 [Listener at 127.0.0.1/43321] INFO  http.BaseHttpServer (BaseHttpServer.java:updateConnectorAddress(327)) - HTTP server of ozoneManager listening at http://0.0.0.0:41923
2020-07-19 12:59:02,762 [org.apache.hadoop.util.JvmPauseMonitor$Monitor@7fe5e109] INFO  util.JvmPauseMonitor (JvmPauseMonitor.java:run(188)) - Starting JVM pause monitor
2020-07-19 12:59:02,774 [Listener at 127.0.0.1/43321] INFO  impl.MetricsSystemImpl (MetricsSystemImpl.java:init(158)) - HddsDatanode metrics system started (again)
2020-07-19 12:59:02,775 [Listener at 127.0.0.1/43321] INFO  ozone.HddsDatanodeService (HddsDatanodeService.java:start(214)) - HddsDatanodeService host:fe49c764e40f ip:172.17.0.2
2020-07-19 12:59:02,780 [Listener at 127.0.0.1/43321] INFO  volume.HddsVolume (HddsVolume.java:<init>(176)) - Creating Volume: /github/workspace/mnt/ozone/hadoop-ozone/integration-test/target/test-dir/MiniOzoneClusterImpl-8824b896-4141-4ae0-8a85-a38dd1836ba7/datanode-0/data-0/containers/hdds of storage type : DISK and capacity : 9223372036854775807
2020-07-19 12:59:02,780 [Listener at 127.0.0.1/43321] INFO  volume.MutableVolumeSet (MutableVolumeSet.java:initializeVolumeSet(179)) - Added Volume : /github/workspace/mnt/ozone/hadoop-ozone/integration-test/target/test-dir/MiniOzoneClusterImpl-8824b896-4141-4ae0-8a85-a38dd1836ba7/datanode-0/data-0/containers/hdds to VolumeSet
2020-07-19 12:59:02,780 [Listener at 127.0.0.1/43321] INFO  volume.ThrottledAsyncChecker (ThrottledAsyncChecker.java:schedule(141)) - Scheduling a check for /github/workspace/mnt/ozone/hadoop-ozone/integration-test/target/test-dir/MiniOzoneClusterImpl-8824b896-4141-4ae0-8a85-a38dd1836ba7/datanode-0/data-0/containers/hdds
2020-07-19 12:59:02,781 [Listener at 127.0.0.1/43321] INFO  volume.HddsVolumeChecker (HddsVolumeChecker.java:checkAllVolumes(200)) - Scheduled health check for volume /github/workspace/mnt/ozone/hadoop-ozone/integration-test/target/test-dir/MiniOzoneClusterImpl-8824b896-4141-4ae0-8a85-a38dd1836ba7/datanode-0/data-0/containers/hdds
2020-07-19 12:59:02,804 [Listener at 127.0.0.1/43321] INFO  impl.RaftServerProxy (ConfUtils.java:logGet(44)) - raft.rpc.type = GRPC (default)
2020-07-19 12:59:02,804 [Listener at 127.0.0.1/43321] INFO  grpc.GrpcFactory (GrpcFactory.java:checkPooledByteBufAllocatorUseCacheForAllThreads(45)) - PERFORMANCE WARNING: useCacheForAllThreads is true that may cause Netty to create a lot garbage objects and, as a result, trigger GC.
	It is recommended to disable useCacheForAllThreads by setting -Dorg.apache.ratis.thirdparty.io.netty.allocator.useCacheForAllThreads=false in command line.
2020-07-19 12:59:02,804 [Listener at 127.0.0.1/43321] INFO  grpc.GrpcConfigKeys (ConfUtils.java:logGet(44)) - raft.grpc.server.port = 0 (default)
2020-07-19 12:59:02,804 [Listener at 127.0.0.1/43321] INFO  server.GrpcService (ConfUtils.java:logGet(44)) - raft.grpc.message.size.max = 32MB (=33554432) (custom)
2020-07-19 12:59:02,804 [Listener at 127.0.0.1/43321] INFO  server.RaftServerConfigKeys (ConfUtils.java:logGet(44)) - raft.server.log.appender.buffer.byte-limit = 33554432 (custom)
2020-07-19 12:59:02,804 [Listener at 127.0.0.1/43321] INFO  server.GrpcService (ConfUtils.java:logGet(44)) - raft.grpc.flow.control.window = 5MB (=5242880) (custom)
2020-07-19 12:59:02,805 [Listener at 127.0.0.1/43321] INFO  server.RaftServerConfigKeys (ConfUtils.java:logGet(44)) - raft.server.rpc.request.timeout = 3000ms (default)
2020-07-19 12:59:02,806 [Listener at 127.0.0.1/43321] INFO  server.RaftServerConfigKeys (ConfUtils.java:logGet(44)) - raft.server.storage.dir = [/github/workspace/mnt/ozone/hadoop-ozone/integration-test/target/test-dir/MiniOzoneClusterImpl-8824b896-4141-4ae0-8a85-a38dd1836ba7/datanode-0/data/ratis] (custom)
2020-07-19 12:59:02,811 [Listener at 127.0.0.1/43321] INFO  http.BaseHttpServer (BaseHttpServer.java:newHttpServer2BuilderForOzone(207)) - Starting Web-server for hddsDatanode at: http://0.0.0.0:0
2020-07-19 12:59:02,812 [Listener at 127.0.0.1/43321] INFO  http.BaseHttpServer (BaseHttpServer.java:<init>(106)) - Hadoop Security Enabled: false Ozone Security Enabled: false Ozone HTTP Security Enabled: false 
2020-07-19 12:59:02,812 [Listener at 127.0.0.1/43321] INFO  server.AuthenticationFilter (AuthenticationFilter.java:constructSecretProvider(240)) - Unable to initialize FileSignerSecretProvider, falling back to use random secrets.
2020-07-19 12:59:02,813 [Listener at 127.0.0.1/43321] WARN  http.HttpRequestLog (HttpRequestLog.java:getRequestLog(103)) - Jetty request log can only be enabled using Log4j
2020-07-19 12:59:02,814 [Listener at 127.0.0.1/43321] INFO  http.HttpServer2 (HttpServer2.java:addGlobalFilter(998)) - Added global filter 'safety' (class=org.apache.hadoop.hdds.server.http.HttpServer2$QuotingInputFilter)
2020-07-19 12:59:02,814 [Listener at 127.0.0.1/43321] INFO  http.HttpServer2 (HttpServer2.java:addFilter(974)) - Added filter static_user_filter (class=org.apache.hadoop.http.lib.StaticUserWebFilter$StaticUserFilter) to context hddsDatanode
2020-07-19 12:59:02,814 [Listener at 127.0.0.1/43321] INFO  http.HttpServer2 (HttpServer2.java:addFilter(982)) - Added filter static_user_filter (class=org.apache.hadoop.http.lib.StaticUserWebFilter$StaticUserFilter) to context static
2020-07-19 12:59:02,814 [Listener at 127.0.0.1/43321] INFO  http.HttpServer2 (HttpServer2.java:addFilter(982)) - Added filter static_user_filter (class=org.apache.hadoop.http.lib.StaticUserWebFilter$StaticUserFilter) to context logs
2020-07-19 12:59:02,815 [Listener at 127.0.0.1/43321] INFO  http.HttpServer2 (HttpServer2.java:bindListener(1216)) - Jetty bound to port 39385
2020-07-19 12:59:02,815 [Listener at 127.0.0.1/43321] INFO  server.Server (Server.java:doStart(359)) - jetty-9.4.26.v20200117; built: 2020-01-17T12:35:33.676Z; git: 7b38981d25d14afb4a12ff1f2596756144edf695; jvm 1.8.0_232-b09
2020-07-19 12:59:02,816 [Listener at 127.0.0.1/43321] INFO  server.session (DefaultSessionIdManager.java:doStart(333)) - DefaultSessionIdManager workerName=node0
2020-07-19 12:59:02,816 [Listener at 127.0.0.1/43321] INFO  server.session (DefaultSessionIdManager.java:doStart(338)) - No SessionScavenger set, using defaults
2020-07-19 12:59:02,817 [Listener at 127.0.0.1/43321] INFO  server.session (HouseKeeper.java:startScavenging(140)) - node0 Scavenging every 600000ms
2020-07-19 12:59:02,817 [Listener at 127.0.0.1/43321] INFO  handler.ContextHandler (ContextHandler.java:doStart(825)) - Started o.e.j.s.ServletContextHandler@39b6ad40{logs,/logs,file:///github/workspace/mnt/ozone/hadoop-ozone/integration-test/target/log,AVAILABLE}
2020-07-19 12:59:02,818 [Listener at 127.0.0.1/43321] INFO  handler.ContextHandler (ContextHandler.java:doStart(825)) - Started o.e.j.s.ServletContextHandler@21709c75{static,/static,jar:file:/home/user/.m2/repository/org/apache/hadoop/hadoop-hdds-container-service/0.6.0-SNAPSHOT/hadoop-hdds-container-service-0.6.0-SNAPSHOT.jar!/webapps/static,AVAILABLE}
2020-07-19 12:59:02,899 [Listener at 127.0.0.1/43321] INFO  handler.ContextHandler (ContextHandler.java:doStart(825)) - Started o.e.j.w.WebAppContext@5aebaf68{hddsDatanode,/,file:///tmp/jetty-0_0_0_0-39385-hadoop-hdds-container-service-0_6_0-SNAPSHOT_jar-_-any-5707772965154058534.dir/webapp/,AVAILABLE}{jar:file:/home/user/.m2/repository/org/apache/hadoop/hadoop-hdds-container-service/0.6.0-SNAPSHOT/hadoop-hdds-container-service-0.6.0-SNAPSHOT.jar!/webapps/hddsDatanode}
2020-07-19 12:59:02,900 [Listener at 127.0.0.1/43321] INFO  server.AbstractConnector (AbstractConnector.java:doStart(330)) - Started ServerConnector@770e8c17{HTTP/1.1,[http/1.1]}{0.0.0.0:39385}
2020-07-19 12:59:02,900 [Listener at 127.0.0.1/43321] INFO  server.Server (Server.java:doStart(399)) - Started @40542ms
2020-07-19 12:59:02,900 [Listener at 127.0.0.1/43321] WARN  impl.MetricsSystemImpl (MetricsSystemImpl.java:register(276)) - Sink prometheus already exists!
2020-07-19 12:59:02,906 [Listener at 127.0.0.1/43321] INFO  http.BaseHttpServer (BaseHttpServer.java:updateConnectorAddress(327)) - HTTP server of hddsDatanode listening at http://0.0.0.0:39385
2020-07-19 12:59:02,907 [Listener at 127.0.0.1/43321] INFO  impl.MetricsSystemImpl (MetricsSystemImpl.java:init(158)) - HddsDatanode metrics system started (again)
2020-07-19 12:59:02,909 [Listener at 127.0.0.1/43321] INFO  ozone.HddsDatanodeService (HddsDatanodeService.java:start(214)) - HddsDatanodeService host:fe49c764e40f ip:172.17.0.2
2020-07-19 12:59:02,910 [Datanode State Machine Thread - 0] INFO  datanode.InitDatanodeState (InitDatanodeState.java:persistContainerDatanodeDetails(145)) - DatanodeDetails is persisted to /github/workspace/mnt/ozone/hadoop-ozone/integration-test/target/test-dir/MiniOzoneClusterImpl-8824b896-4141-4ae0-8a85-a38dd1836ba7/datanode-0/meta/datanode.id
2020-07-19 12:59:02,910 [org.apache.hadoop.util.JvmPauseMonitor$Monitor@1e27f618] INFO  util.JvmPauseMonitor (JvmPauseMonitor.java:run(188)) - Starting JVM pause monitor
2020-07-19 12:59:02,911 [Listener at 127.0.0.1/43321] INFO  volume.HddsVolume (HddsVolume.java:<init>(176)) - Creating Volume: /github/workspace/mnt/ozone/hadoop-ozone/integration-test/target/test-dir/MiniOzoneClusterImpl-8824b896-4141-4ae0-8a85-a38dd1836ba7/datanode-1/data-0/containers/hdds of storage type : DISK and capacity : 9223372036854775807
2020-07-19 12:59:02,911 [Listener at 127.0.0.1/43321] INFO  volume.MutableVolumeSet (MutableVolumeSet.java:initializeVolumeSet(179)) - Added Volume : /github/workspace/mnt/ozone/hadoop-ozone/integration-test/target/test-dir/MiniOzoneClusterImpl-8824b896-4141-4ae0-8a85-a38dd1836ba7/datanode-1/data-0/containers/hdds to VolumeSet
2020-07-19 12:59:02,911 [Listener at 127.0.0.1/43321] INFO  volume.ThrottledAsyncChecker (ThrottledAsyncChecker.java:schedule(141)) - Scheduling a check for /github/workspace/mnt/ozone/hadoop-ozone/integration-test/target/test-dir/MiniOzoneClusterImpl-8824b896-4141-4ae0-8a85-a38dd1836ba7/datanode-1/data-0/containers/hdds
2020-07-19 12:59:02,912 [Listener at 127.0.0.1/43321] INFO  volume.HddsVolumeChecker (HddsVolumeChecker.java:checkAllVolumes(200)) - Scheduled health check for volume /github/workspace/mnt/ozone/hadoop-ozone/integration-test/target/test-dir/MiniOzoneClusterImpl-8824b896-4141-4ae0-8a85-a38dd1836ba7/datanode-1/data-0/containers/hdds
2020-07-19 12:59:02,933 [Listener at 127.0.0.1/43321] INFO  impl.RaftServerProxy (ConfUtils.java:logGet(44)) - raft.rpc.type = GRPC (default)
2020-07-19 12:59:02,933 [Listener at 127.0.0.1/43321] INFO  grpc.GrpcFactory (GrpcFactory.java:checkPooledByteBufAllocatorUseCacheForAllThreads(45)) - PERFORMANCE WARNING: useCacheForAllThreads is true that may cause Netty to create a lot garbage objects and, as a result, trigger GC.
	It is recommended to disable useCacheForAllThreads by setting -Dorg.apache.ratis.thirdparty.io.netty.allocator.useCacheForAllThreads=false in command line.
2020-07-19 12:59:02,933 [Listener at 127.0.0.1/43321] INFO  grpc.GrpcConfigKeys (ConfUtils.java:logGet(44)) - raft.grpc.server.port = 0 (default)
2020-07-19 12:59:02,934 [Listener at 127.0.0.1/43321] INFO  server.GrpcService (ConfUtils.java:logGet(44)) - raft.grpc.message.size.max = 32MB (=33554432) (custom)
2020-07-19 12:59:02,934 [Listener at 127.0.0.1/43321] INFO  server.RaftServerConfigKeys (ConfUtils.java:logGet(44)) - raft.server.log.appender.buffer.byte-limit = 33554432 (custom)
2020-07-19 12:59:02,934 [Listener at 127.0.0.1/43321] INFO  server.GrpcService (ConfUtils.java:logGet(44)) - raft.grpc.flow.control.window = 5MB (=5242880) (custom)
2020-07-19 12:59:02,934 [Listener at 127.0.0.1/43321] INFO  server.RaftServerConfigKeys (ConfUtils.java:logGet(44)) - raft.server.rpc.request.timeout = 3000ms (default)
2020-07-19 12:59:02,935 [Listener at 127.0.0.1/43321] INFO  server.RaftServerConfigKeys (ConfUtils.java:logGet(44)) - raft.server.storage.dir = [/github/workspace/mnt/ozone/hadoop-ozone/integration-test/target/test-dir/MiniOzoneClusterImpl-8824b896-4141-4ae0-8a85-a38dd1836ba7/datanode-1/data/ratis] (custom)
2020-07-19 12:59:02,940 [Listener at 127.0.0.1/43321] INFO  http.BaseHttpServer (BaseHttpServer.java:newHttpServer2BuilderForOzone(207)) - Starting Web-server for hddsDatanode at: http://0.0.0.0:0
2020-07-19 12:59:02,940 [Listener at 127.0.0.1/43321] INFO  http.BaseHttpServer (BaseHttpServer.java:<init>(106)) - Hadoop Security Enabled: false Ozone Security Enabled: false Ozone HTTP Security Enabled: false 
2020-07-19 12:59:02,941 [Listener at 127.0.0.1/43321] INFO  server.AuthenticationFilter (AuthenticationFilter.java:constructSecretProvider(240)) - Unable to initialize FileSignerSecretProvider, falling back to use random secrets.
2020-07-19 12:59:02,942 [Listener at 127.0.0.1/43321] WARN  http.HttpRequestLog (HttpRequestLog.java:getRequestLog(103)) - Jetty request log can only be enabled using Log4j
2020-07-19 12:59:02,942 [Listener at 127.0.0.1/43321] INFO  http.HttpServer2 (HttpServer2.java:addGlobalFilter(998)) - Added global filter 'safety' (class=org.apache.hadoop.hdds.server.http.HttpServer2$QuotingInputFilter)
2020-07-19 12:59:02,943 [Listener at 127.0.0.1/43321] INFO  http.HttpServer2 (HttpServer2.java:addFilter(974)) - Added filter static_user_filter (class=org.apache.hadoop.http.lib.StaticUserWebFilter$StaticUserFilter) to context hddsDatanode
2020-07-19 12:59:02,943 [Listener at 127.0.0.1/43321] INFO  http.HttpServer2 (HttpServer2.java:addFilter(982)) - Added filter static_user_filter (class=org.apache.hadoop.http.lib.StaticUserWebFilter$StaticUserFilter) to context static
2020-07-19 12:59:02,943 [Listener at 127.0.0.1/43321] INFO  http.HttpServer2 (HttpServer2.java:addFilter(982)) - Added filter static_user_filter (class=org.apache.hadoop.http.lib.StaticUserWebFilter$StaticUserFilter) to context logs
2020-07-19 12:59:02,943 [Listener at 127.0.0.1/43321] INFO  http.HttpServer2 (HttpServer2.java:bindListener(1216)) - Jetty bound to port 33537
2020-07-19 12:59:02,943 [Listener at 127.0.0.1/43321] INFO  server.Server (Server.java:doStart(359)) - jetty-9.4.26.v20200117; built: 2020-01-17T12:35:33.676Z; git: 7b38981d25d14afb4a12ff1f2596756144edf695; jvm 1.8.0_232-b09
2020-07-19 12:59:02,947 [Listener at 127.0.0.1/43321] INFO  server.session (DefaultSessionIdManager.java:doStart(333)) - DefaultSessionIdManager workerName=node0
2020-07-19 12:59:02,947 [Listener at 127.0.0.1/43321] INFO  server.session (DefaultSessionIdManager.java:doStart(338)) - No SessionScavenger set, using defaults
2020-07-19 12:59:02,947 [Listener at 127.0.0.1/43321] INFO  server.session (HouseKeeper.java:startScavenging(140)) - node0 Scavenging every 600000ms
2020-07-19 12:59:02,948 [Listener at 127.0.0.1/43321] INFO  handler.ContextHandler (ContextHandler.java:doStart(825)) - Started o.e.j.s.ServletContextHandler@5ad927d6{logs,/logs,file:///github/workspace/mnt/ozone/hadoop-ozone/integration-test/target/log,AVAILABLE}
2020-07-19 12:59:02,948 [Listener at 127.0.0.1/43321] INFO  handler.ContextHandler (ContextHandler.java:doStart(825)) - Started o.e.j.s.ServletContextHandler@95956a1{static,/static,jar:file:/home/user/.m2/repository/org/apache/hadoop/hadoop-hdds-container-service/0.6.0-SNAPSHOT/hadoop-hdds-container-service-0.6.0-SNAPSHOT.jar!/webapps/static,AVAILABLE}
2020-07-19 12:59:03,027 [Listener at 127.0.0.1/43321] INFO  handler.ContextHandler (ContextHandler.java:doStart(825)) - Started o.e.j.w.WebAppContext@774bc932{hddsDatanode,/,file:///tmp/jetty-0_0_0_0-33537-hadoop-hdds-container-service-0_6_0-SNAPSHOT_jar-_-any-8537131049667183357.dir/webapp/,AVAILABLE}{jar:file:/home/user/.m2/repository/org/apache/hadoop/hadoop-hdds-container-service/0.6.0-SNAPSHOT/hadoop-hdds-container-service-0.6.0-SNAPSHOT.jar!/webapps/hddsDatanode}
2020-07-19 12:59:03,028 [Listener at 127.0.0.1/43321] INFO  server.AbstractConnector (AbstractConnector.java:doStart(330)) - Started ServerConnector@49d7fce0{HTTP/1.1,[http/1.1]}{0.0.0.0:33537}
2020-07-19 12:59:03,028 [Listener at 127.0.0.1/43321] INFO  server.Server (Server.java:doStart(399)) - Started @40670ms
2020-07-19 12:59:03,028 [Listener at 127.0.0.1/43321] WARN  impl.MetricsSystemImpl (MetricsSystemImpl.java:register(276)) - Sink prometheus already exists!
2020-07-19 12:59:03,033 [Listener at 127.0.0.1/43321] INFO  http.BaseHttpServer (BaseHttpServer.java:updateConnectorAddress(327)) - HTTP server of hddsDatanode listening at http://0.0.0.0:33537
2020-07-19 12:59:03,035 [Listener at 127.0.0.1/43321] INFO  impl.MetricsSystemImpl (MetricsSystemImpl.java:init(158)) - HddsDatanode metrics system started (again)
2020-07-19 12:59:03,036 [org.apache.hadoop.util.JvmPauseMonitor$Monitor@6013d610] INFO  util.JvmPauseMonitor (JvmPauseMonitor.java:run(188)) - Starting JVM pause monitor
2020-07-19 12:59:03,037 [Listener at 127.0.0.1/43321] INFO  ozone.HddsDatanodeService (HddsDatanodeService.java:start(214)) - HddsDatanodeService host:fe49c764e40f ip:172.17.0.2
2020-07-19 12:59:03,039 [Datanode State Machine Thread - 0] INFO  datanode.InitDatanodeState (InitDatanodeState.java:persistContainerDatanodeDetails(145)) - DatanodeDetails is persisted to /github/workspace/mnt/ozone/hadoop-ozone/integration-test/target/test-dir/MiniOzoneClusterImpl-8824b896-4141-4ae0-8a85-a38dd1836ba7/datanode-1/meta/datanode.id
2020-07-19 12:59:03,039 [Listener at 127.0.0.1/43321] INFO  volume.HddsVolume (HddsVolume.java:<init>(176)) - Creating Volume: /github/workspace/mnt/ozone/hadoop-ozone/integration-test/target/test-dir/MiniOzoneClusterImpl-8824b896-4141-4ae0-8a85-a38dd1836ba7/datanode-2/data-0/containers/hdds of storage type : DISK and capacity : 9223372036854775807
2020-07-19 12:59:03,040 [Listener at 127.0.0.1/43321] INFO  volume.MutableVolumeSet (MutableVolumeSet.java:initializeVolumeSet(179)) - Added Volume : /github/workspace/mnt/ozone/hadoop-ozone/integration-test/target/test-dir/MiniOzoneClusterImpl-8824b896-4141-4ae0-8a85-a38dd1836ba7/datanode-2/data-0/containers/hdds to VolumeSet
2020-07-19 12:59:03,040 [Listener at 127.0.0.1/43321] INFO  volume.ThrottledAsyncChecker (ThrottledAsyncChecker.java:schedule(141)) - Scheduling a check for /github/workspace/mnt/ozone/hadoop-ozone/integration-test/target/test-dir/MiniOzoneClusterImpl-8824b896-4141-4ae0-8a85-a38dd1836ba7/datanode-2/data-0/containers/hdds
2020-07-19 12:59:03,041 [Listener at 127.0.0.1/43321] INFO  volume.HddsVolumeChecker (HddsVolumeChecker.java:checkAllVolumes(200)) - Scheduled health check for volume /github/workspace/mnt/ozone/hadoop-ozone/integration-test/target/test-dir/MiniOzoneClusterImpl-8824b896-4141-4ae0-8a85-a38dd1836ba7/datanode-2/data-0/containers/hdds
2020-07-19 12:59:03,057 [Listener at 127.0.0.1/43321] INFO  impl.RaftServerProxy (ConfUtils.java:logGet(44)) - raft.rpc.type = GRPC (default)
2020-07-19 12:59:03,058 [Listener at 127.0.0.1/43321] INFO  grpc.GrpcFactory (GrpcFactory.java:checkPooledByteBufAllocatorUseCacheForAllThreads(45)) - PERFORMANCE WARNING: useCacheForAllThreads is true that may cause Netty to create a lot garbage objects and, as a result, trigger GC.
	It is recommended to disable useCacheForAllThreads by setting -Dorg.apache.ratis.thirdparty.io.netty.allocator.useCacheForAllThreads=false in command line.
2020-07-19 12:59:03,058 [Listener at 127.0.0.1/43321] INFO  grpc.GrpcConfigKeys (ConfUtils.java:logGet(44)) - raft.grpc.server.port = 0 (default)
2020-07-19 12:59:03,058 [Listener at 127.0.0.1/43321] INFO  server.GrpcService (ConfUtils.java:logGet(44)) - raft.grpc.message.size.max = 32MB (=33554432) (custom)
2020-07-19 12:59:03,058 [Listener at 127.0.0.1/43321] INFO  server.RaftServerConfigKeys (ConfUtils.java:logGet(44)) - raft.server.log.appender.buffer.byte-limit = 33554432 (custom)
2020-07-19 12:59:03,058 [Listener at 127.0.0.1/43321] INFO  server.GrpcService (ConfUtils.java:logGet(44)) - raft.grpc.flow.control.window = 5MB (=5242880) (custom)
2020-07-19 12:59:03,058 [Listener at 127.0.0.1/43321] INFO  server.RaftServerConfigKeys (ConfUtils.java:logGet(44)) - raft.server.rpc.request.timeout = 3000ms (default)
2020-07-19 12:59:03,059 [Listener at 127.0.0.1/43321] INFO  server.RaftServerConfigKeys (ConfUtils.java:logGet(44)) - raft.server.storage.dir = [/github/workspace/mnt/ozone/hadoop-ozone/integration-test/target/test-dir/MiniOzoneClusterImpl-8824b896-4141-4ae0-8a85-a38dd1836ba7/datanode-2/data/ratis] (custom)
2020-07-19 12:59:03,065 [Listener at 127.0.0.1/43321] INFO  http.BaseHttpServer (BaseHttpServer.java:newHttpServer2BuilderForOzone(207)) - Starting Web-server for hddsDatanode at: http://0.0.0.0:0
2020-07-19 12:59:03,066 [Listener at 127.0.0.1/43321] INFO  http.BaseHttpServer (BaseHttpServer.java:<init>(106)) - Hadoop Security Enabled: false Ozone Security Enabled: false Ozone HTTP Security Enabled: false 
2020-07-19 12:59:03,066 [Listener at 127.0.0.1/43321] INFO  server.AuthenticationFilter (AuthenticationFilter.java:constructSecretProvider(240)) - Unable to initialize FileSignerSecretProvider, falling back to use random secrets.
2020-07-19 12:59:03,067 [Listener at 127.0.0.1/43321] WARN  http.HttpRequestLog (HttpRequestLog.java:getRequestLog(103)) - Jetty request log can only be enabled using Log4j
2020-07-19 12:59:03,067 [Listener at 127.0.0.1/43321] INFO  http.HttpServer2 (HttpServer2.java:addGlobalFilter(998)) - Added global filter 'safety' (class=org.apache.hadoop.hdds.server.http.HttpServer2$QuotingInputFilter)
2020-07-19 12:59:03,068 [Listener at 127.0.0.1/43321] INFO  http.HttpServer2 (HttpServer2.java:addFilter(974)) - Added filter static_user_filter (class=org.apache.hadoop.http.lib.StaticUserWebFilter$StaticUserFilter) to context hddsDatanode
2020-07-19 12:59:03,068 [Listener at 127.0.0.1/43321] INFO  http.HttpServer2 (HttpServer2.java:addFilter(982)) - Added filter static_user_filter (class=org.apache.hadoop.http.lib.StaticUserWebFilter$StaticUserFilter) to context logs
2020-07-19 12:59:03,068 [Listener at 127.0.0.1/43321] INFO  http.HttpServer2 (HttpServer2.java:addFilter(982)) - Added filter static_user_filter (class=org.apache.hadoop.http.lib.StaticUserWebFilter$StaticUserFilter) to context static
2020-07-19 12:59:03,069 [Listener at 127.0.0.1/43321] INFO  http.HttpServer2 (HttpServer2.java:bindListener(1216)) - Jetty bound to port 38381
2020-07-19 12:59:03,069 [Listener at 127.0.0.1/43321] INFO  server.Server (Server.java:doStart(359)) - jetty-9.4.26.v20200117; built: 2020-01-17T12:35:33.676Z; git: 7b38981d25d14afb4a12ff1f2596756144edf695; jvm 1.8.0_232-b09
2020-07-19 12:59:03,070 [Listener at 127.0.0.1/43321] INFO  server.session (DefaultSessionIdManager.java:doStart(333)) - DefaultSessionIdManager workerName=node0
2020-07-19 12:59:03,070 [Listener at 127.0.0.1/43321] INFO  server.session (DefaultSessionIdManager.java:doStart(338)) - No SessionScavenger set, using defaults
2020-07-19 12:59:03,071 [Listener at 127.0.0.1/43321] INFO  server.session (HouseKeeper.java:startScavenging(140)) - node0 Scavenging every 600000ms
2020-07-19 12:59:03,071 [Listener at 127.0.0.1/43321] INFO  handler.ContextHandler (ContextHandler.java:doStart(825)) - Started o.e.j.s.ServletContextHandler@23b22bb5{logs,/logs,file:///github/workspace/mnt/ozone/hadoop-ozone/integration-test/target/log,AVAILABLE}
2020-07-19 12:59:03,071 [Listener at 127.0.0.1/43321] INFO  handler.ContextHandler (ContextHandler.java:doStart(825)) - Started o.e.j.s.ServletContextHandler@352107ad{static,/static,jar:file:/home/user/.m2/repository/org/apache/hadoop/hadoop-hdds-container-service/0.6.0-SNAPSHOT/hadoop-hdds-container-service-0.6.0-SNAPSHOT.jar!/webapps/static,AVAILABLE}
2020-07-19 12:59:03,152 [Listener at 127.0.0.1/43321] INFO  handler.ContextHandler (ContextHandler.java:doStart(825)) - Started o.e.j.w.WebAppContext@46690dd0{hddsDatanode,/,file:///tmp/jetty-0_0_0_0-38381-hadoop-hdds-container-service-0_6_0-SNAPSHOT_jar-_-any-2545811621584189672.dir/webapp/,AVAILABLE}{jar:file:/home/user/.m2/repository/org/apache/hadoop/hadoop-hdds-container-service/0.6.0-SNAPSHOT/hadoop-hdds-container-service-0.6.0-SNAPSHOT.jar!/webapps/hddsDatanode}
2020-07-19 12:59:03,154 [Listener at 127.0.0.1/43321] INFO  server.AbstractConnector (AbstractConnector.java:doStart(330)) - Started ServerConnector@eb82538{HTTP/1.1,[http/1.1]}{0.0.0.0:38381}
2020-07-19 12:59:03,154 [Listener at 127.0.0.1/43321] INFO  server.Server (Server.java:doStart(399)) - Started @40796ms
2020-07-19 12:59:03,154 [Listener at 127.0.0.1/43321] WARN  impl.MetricsSystemImpl (MetricsSystemImpl.java:register(276)) - Sink prometheus already exists!
2020-07-19 12:59:03,158 [Listener at 127.0.0.1/43321] INFO  http.BaseHttpServer (BaseHttpServer.java:updateConnectorAddress(327)) - HTTP server of hddsDatanode listening at http://0.0.0.0:38381
2020-07-19 12:59:03,161 [Listener at 127.0.0.1/43321] INFO  impl.MetricsSystemImpl (MetricsSystemImpl.java:init(158)) - HddsDatanode metrics system started (again)
2020-07-19 12:59:03,163 [org.apache.hadoop.util.JvmPauseMonitor$Monitor@11f8917f] INFO  util.JvmPauseMonitor (JvmPauseMonitor.java:run(188)) - Starting JVM pause monitor
2020-07-19 12:59:03,164 [Listener at 127.0.0.1/43321] INFO  ozone.HddsDatanodeService (HddsDatanodeService.java:start(214)) - HddsDatanodeService host:fe49c764e40f ip:172.17.0.2
2020-07-19 12:59:03,165 [Listener at 127.0.0.1/43321] INFO  volume.HddsVolume (HddsVolume.java:<init>(176)) - Creating Volume: /github/workspace/mnt/ozone/hadoop-ozone/integration-test/target/test-dir/MiniOzoneClusterImpl-8824b896-4141-4ae0-8a85-a38dd1836ba7/datanode-3/data-0/containers/hdds of storage type : DISK and capacity : 9223372036854775807
2020-07-19 12:59:03,165 [Listener at 127.0.0.1/43321] INFO  volume.MutableVolumeSet (MutableVolumeSet.java:initializeVolumeSet(179)) - Added Volume : /github/workspace/mnt/ozone/hadoop-ozone/integration-test/target/test-dir/MiniOzoneClusterImpl-8824b896-4141-4ae0-8a85-a38dd1836ba7/datanode-3/data-0/containers/hdds to VolumeSet
2020-07-19 12:59:03,166 [Listener at 127.0.0.1/43321] INFO  volume.ThrottledAsyncChecker (ThrottledAsyncChecker.java:schedule(141)) - Scheduling a check for /github/workspace/mnt/ozone/hadoop-ozone/integration-test/target/test-dir/MiniOzoneClusterImpl-8824b896-4141-4ae0-8a85-a38dd1836ba7/datanode-3/data-0/containers/hdds
2020-07-19 12:59:03,167 [Datanode State Machine Thread - 0] INFO  datanode.InitDatanodeState (InitDatanodeState.java:persistContainerDatanodeDetails(145)) - DatanodeDetails is persisted to /github/workspace/mnt/ozone/hadoop-ozone/integration-test/target/test-dir/MiniOzoneClusterImpl-8824b896-4141-4ae0-8a85-a38dd1836ba7/datanode-2/meta/datanode.id
2020-07-19 12:59:03,167 [Listener at 127.0.0.1/43321] INFO  volume.HddsVolumeChecker (HddsVolumeChecker.java:checkAllVolumes(200)) - Scheduled health check for volume /github/workspace/mnt/ozone/hadoop-ozone/integration-test/target/test-dir/MiniOzoneClusterImpl-8824b896-4141-4ae0-8a85-a38dd1836ba7/datanode-3/data-0/containers/hdds
2020-07-19 12:59:03,183 [Listener at 127.0.0.1/43321] INFO  impl.RaftServerProxy (ConfUtils.java:logGet(44)) - raft.rpc.type = GRPC (default)
2020-07-19 12:59:03,183 [Listener at 127.0.0.1/43321] INFO  grpc.GrpcFactory (GrpcFactory.java:checkPooledByteBufAllocatorUseCacheForAllThreads(45)) - PERFORMANCE WARNING: useCacheForAllThreads is true that may cause Netty to create a lot garbage objects and, as a result, trigger GC.
	It is recommended to disable useCacheForAllThreads by setting -Dorg.apache.ratis.thirdparty.io.netty.allocator.useCacheForAllThreads=false in command line.
2020-07-19 12:59:03,183 [Listener at 127.0.0.1/43321] INFO  grpc.GrpcConfigKeys (ConfUtils.java:logGet(44)) - raft.grpc.server.port = 0 (default)
2020-07-19 12:59:03,183 [Listener at 127.0.0.1/43321] INFO  server.GrpcService (ConfUtils.java:logGet(44)) - raft.grpc.message.size.max = 32MB (=33554432) (custom)
2020-07-19 12:59:03,183 [Listener at 127.0.0.1/43321] INFO  server.RaftServerConfigKeys (ConfUtils.java:logGet(44)) - raft.server.log.appender.buffer.byte-limit = 33554432 (custom)
2020-07-19 12:59:03,183 [Listener at 127.0.0.1/43321] INFO  server.GrpcService (ConfUtils.java:logGet(44)) - raft.grpc.flow.control.window = 5MB (=5242880) (custom)
2020-07-19 12:59:03,183 [Listener at 127.0.0.1/43321] INFO  server.RaftServerConfigKeys (ConfUtils.java:logGet(44)) - raft.server.rpc.request.timeout = 3000ms (default)
2020-07-19 12:59:03,184 [Listener at 127.0.0.1/43321] INFO  server.RaftServerConfigKeys (ConfUtils.java:logGet(44)) - raft.server.storage.dir = [/github/workspace/mnt/ozone/hadoop-ozone/integration-test/target/test-dir/MiniOzoneClusterImpl-8824b896-4141-4ae0-8a85-a38dd1836ba7/datanode-3/data/ratis] (custom)
2020-07-19 12:59:03,190 [Listener at 127.0.0.1/43321] INFO  http.BaseHttpServer (BaseHttpServer.java:newHttpServer2BuilderForOzone(207)) - Starting Web-server for hddsDatanode at: http://0.0.0.0:0
2020-07-19 12:59:03,190 [Listener at 127.0.0.1/43321] INFO  http.BaseHttpServer (BaseHttpServer.java:<init>(106)) - Hadoop Security Enabled: false Ozone Security Enabled: false Ozone HTTP Security Enabled: false 
2020-07-19 12:59:03,191 [Listener at 127.0.0.1/43321] INFO  server.AuthenticationFilter (AuthenticationFilter.java:constructSecretProvider(240)) - Unable to initialize FileSignerSecretProvider, falling back to use random secrets.
2020-07-19 12:59:03,192 [Listener at 127.0.0.1/43321] WARN  http.HttpRequestLog (HttpRequestLog.java:getRequestLog(103)) - Jetty request log can only be enabled using Log4j
2020-07-19 12:59:03,192 [Listener at 127.0.0.1/43321] INFO  http.HttpServer2 (HttpServer2.java:addGlobalFilter(998)) - Added global filter 'safety' (class=org.apache.hadoop.hdds.server.http.HttpServer2$QuotingInputFilter)
2020-07-19 12:59:03,193 [Listener at 127.0.0.1/43321] INFO  http.HttpServer2 (HttpServer2.java:addFilter(974)) - Added filter static_user_filter (class=org.apache.hadoop.http.lib.StaticUserWebFilter$StaticUserFilter) to context hddsDatanode
2020-07-19 12:59:03,193 [Listener at 127.0.0.1/43321] INFO  http.HttpServer2 (HttpServer2.java:addFilter(982)) - Added filter static_user_filter (class=org.apache.hadoop.http.lib.StaticUserWebFilter$StaticUserFilter) to context static
2020-07-19 12:59:03,193 [Listener at 127.0.0.1/43321] INFO  http.HttpServer2 (HttpServer2.java:addFilter(982)) - Added filter static_user_filter (class=org.apache.hadoop.http.lib.StaticUserWebFilter$StaticUserFilter) to context logs
2020-07-19 12:59:03,193 [Listener at 127.0.0.1/43321] INFO  http.HttpServer2 (HttpServer2.java:bindListener(1216)) - Jetty bound to port 45429
2020-07-19 12:59:03,194 [Listener at 127.0.0.1/43321] INFO  server.Server (Server.java:doStart(359)) - jetty-9.4.26.v20200117; built: 2020-01-17T12:35:33.676Z; git: 7b38981d25d14afb4a12ff1f2596756144edf695; jvm 1.8.0_232-b09
2020-07-19 12:59:03,195 [Listener at 127.0.0.1/43321] INFO  server.session (DefaultSessionIdManager.java:doStart(333)) - DefaultSessionIdManager workerName=node0
2020-07-19 12:59:03,195 [Listener at 127.0.0.1/43321] INFO  server.session (DefaultSessionIdManager.java:doStart(338)) - No SessionScavenger set, using defaults
2020-07-19 12:59:03,195 [Listener at 127.0.0.1/43321] INFO  server.session (HouseKeeper.java:startScavenging(140)) - node0 Scavenging every 600000ms
2020-07-19 12:59:03,196 [Listener at 127.0.0.1/43321] INFO  handler.ContextHandler (ContextHandler.java:doStart(825)) - Started o.e.j.s.ServletContextHandler@1990435c{logs,/logs,file:///github/workspace/mnt/ozone/hadoop-ozone/integration-test/target/log,AVAILABLE}
2020-07-19 12:59:03,196 [Listener at 127.0.0.1/43321] INFO  handler.ContextHandler (ContextHandler.java:doStart(825)) - Started o.e.j.s.ServletContextHandler@309e840c{static,/static,jar:file:/home/user/.m2/repository/org/apache/hadoop/hadoop-hdds-container-service/0.6.0-SNAPSHOT/hadoop-hdds-container-service-0.6.0-SNAPSHOT.jar!/webapps/static,AVAILABLE}
2020-07-19 12:59:03,274 [Listener at 127.0.0.1/43321] INFO  handler.ContextHandler (ContextHandler.java:doStart(825)) - Started o.e.j.w.WebAppContext@2836f9ec{hddsDatanode,/,file:///tmp/jetty-0_0_0_0-45429-hadoop-hdds-container-service-0_6_0-SNAPSHOT_jar-_-any-5043527517766589694.dir/webapp/,AVAILABLE}{jar:file:/home/user/.m2/repository/org/apache/hadoop/hadoop-hdds-container-service/0.6.0-SNAPSHOT/hadoop-hdds-container-service-0.6.0-SNAPSHOT.jar!/webapps/hddsDatanode}
2020-07-19 12:59:03,275 [Listener at 127.0.0.1/43321] INFO  server.AbstractConnector (AbstractConnector.java:doStart(330)) - Started ServerConnector@47582433{HTTP/1.1,[http/1.1]}{0.0.0.0:45429}
2020-07-19 12:59:03,276 [Listener at 127.0.0.1/43321] INFO  server.Server (Server.java:doStart(399)) - Started @40918ms
2020-07-19 12:59:03,276 [Listener at 127.0.0.1/43321] WARN  impl.MetricsSystemImpl (MetricsSystemImpl.java:register(276)) - Sink prometheus already exists!
2020-07-19 12:59:03,280 [Listener at 127.0.0.1/43321] INFO  http.BaseHttpServer (BaseHttpServer.java:updateConnectorAddress(327)) - HTTP server of hddsDatanode listening at http://0.0.0.0:45429
2020-07-19 12:59:03,282 [Listener at 127.0.0.1/43321] INFO  impl.MetricsSystemImpl (MetricsSystemImpl.java:init(158)) - HddsDatanode metrics system started (again)
2020-07-19 12:59:03,287 [org.apache.hadoop.util.JvmPauseMonitor$Monitor@48fe813] INFO  util.JvmPauseMonitor (JvmPauseMonitor.java:run(188)) - Starting JVM pause monitor
2020-07-19 12:59:03,288 [Listener at 127.0.0.1/43321] INFO  ozone.HddsDatanodeService (HddsDatanodeService.java:start(214)) - HddsDatanodeService host:fe49c764e40f ip:172.17.0.2
2020-07-19 12:59:03,290 [Datanode State Machine Thread - 0] INFO  datanode.InitDatanodeState (InitDatanodeState.java:persistContainerDatanodeDetails(145)) - DatanodeDetails is persisted to /github/workspace/mnt/ozone/hadoop-ozone/integration-test/target/test-dir/MiniOzoneClusterImpl-8824b896-4141-4ae0-8a85-a38dd1836ba7/datanode-3/meta/datanode.id
2020-07-19 12:59:03,291 [Listener at 127.0.0.1/43321] INFO  volume.HddsVolume (HddsVolume.java:<init>(176)) - Creating Volume: /github/workspace/mnt/ozone/hadoop-ozone/integration-test/target/test-dir/MiniOzoneClusterImpl-8824b896-4141-4ae0-8a85-a38dd1836ba7/datanode-4/data-0/containers/hdds of storage type : DISK and capacity : 9223372036854775807
2020-07-19 12:59:03,291 [Listener at 127.0.0.1/43321] INFO  volume.MutableVolumeSet (MutableVolumeSet.java:initializeVolumeSet(179)) - Added Volume : /github/workspace/mnt/ozone/hadoop-ozone/integration-test/target/test-dir/MiniOzoneClusterImpl-8824b896-4141-4ae0-8a85-a38dd1836ba7/datanode-4/data-0/containers/hdds to VolumeSet
2020-07-19 12:59:03,291 [Listener at 127.0.0.1/43321] INFO  volume.ThrottledAsyncChecker (ThrottledAsyncChecker.java:schedule(141)) - Scheduling a check for /github/workspace/mnt/ozone/hadoop-ozone/integration-test/target/test-dir/MiniOzoneClusterImpl-8824b896-4141-4ae0-8a85-a38dd1836ba7/datanode-4/data-0/containers/hdds
2020-07-19 12:59:03,294 [Listener at 127.0.0.1/43321] INFO  volume.HddsVolumeChecker (HddsVolumeChecker.java:checkAllVolumes(200)) - Scheduled health check for volume /github/workspace/mnt/ozone/hadoop-ozone/integration-test/target/test-dir/MiniOzoneClusterImpl-8824b896-4141-4ae0-8a85-a38dd1836ba7/datanode-4/data-0/containers/hdds
2020-07-19 12:59:03,310 [Listener at 127.0.0.1/43321] INFO  impl.RaftServerProxy (ConfUtils.java:logGet(44)) - raft.rpc.type = GRPC (default)
2020-07-19 12:59:03,310 [Listener at 127.0.0.1/43321] INFO  grpc.GrpcFactory (GrpcFactory.java:checkPooledByteBufAllocatorUseCacheForAllThreads(45)) - PERFORMANCE WARNING: useCacheForAllThreads is true that may cause Netty to create a lot garbage objects and, as a result, trigger GC.
	It is recommended to disable useCacheForAllThreads by setting -Dorg.apache.ratis.thirdparty.io.netty.allocator.useCacheForAllThreads=false in command line.
2020-07-19 12:59:03,310 [Listener at 127.0.0.1/43321] INFO  grpc.GrpcConfigKeys (ConfUtils.java:logGet(44)) - raft.grpc.server.port = 0 (default)
2020-07-19 12:59:03,310 [Listener at 127.0.0.1/43321] INFO  server.GrpcService (ConfUtils.java:logGet(44)) - raft.grpc.message.size.max = 32MB (=33554432) (custom)
2020-07-19 12:59:03,311 [Listener at 127.0.0.1/43321] INFO  server.RaftServerConfigKeys (ConfUtils.java:logGet(44)) - raft.server.log.appender.buffer.byte-limit = 33554432 (custom)
2020-07-19 12:59:03,311 [Listener at 127.0.0.1/43321] INFO  server.GrpcService (ConfUtils.java:logGet(44)) - raft.grpc.flow.control.window = 5MB (=5242880) (custom)
2020-07-19 12:59:03,311 [Listener at 127.0.0.1/43321] INFO  server.RaftServerConfigKeys (ConfUtils.java:logGet(44)) - raft.server.rpc.request.timeout = 3000ms (default)
2020-07-19 12:59:03,312 [Listener at 127.0.0.1/43321] INFO  server.RaftServerConfigKeys (ConfUtils.java:logGet(44)) - raft.server.storage.dir = [/github/workspace/mnt/ozone/hadoop-ozone/integration-test/target/test-dir/MiniOzoneClusterImpl-8824b896-4141-4ae0-8a85-a38dd1836ba7/datanode-4/data/ratis] (custom)
2020-07-19 12:59:03,317 [Listener at 127.0.0.1/43321] INFO  http.BaseHttpServer (BaseHttpServer.java:newHttpServer2BuilderForOzone(207)) - Starting Web-server for hddsDatanode at: http://0.0.0.0:0
2020-07-19 12:59:03,318 [Listener at 127.0.0.1/43321] INFO  http.BaseHttpServer (BaseHttpServer.java:<init>(106)) - Hadoop Security Enabled: false Ozone Security Enabled: false Ozone HTTP Security Enabled: false 
2020-07-19 12:59:03,319 [Listener at 127.0.0.1/43321] INFO  server.AuthenticationFilter (AuthenticationFilter.java:constructSecretProvider(240)) - Unable to initialize FileSignerSecretProvider, falling back to use random secrets.
2020-07-19 12:59:03,320 [Listener at 127.0.0.1/43321] WARN  http.HttpRequestLog (HttpRequestLog.java:getRequestLog(103)) - Jetty request log can only be enabled using Log4j
2020-07-19 12:59:03,321 [Listener at 127.0.0.1/43321] INFO  http.HttpServer2 (HttpServer2.java:addGlobalFilter(998)) - Added global filter 'safety' (class=org.apache.hadoop.hdds.server.http.HttpServer2$QuotingInputFilter)
2020-07-19 12:59:03,322 [Listener at 127.0.0.1/43321] INFO  http.HttpServer2 (HttpServer2.java:addFilter(974)) - Added filter static_user_filter (class=org.apache.hadoop.http.lib.StaticUserWebFilter$StaticUserFilter) to context hddsDatanode
2020-07-19 12:59:03,322 [Listener at 127.0.0.1/43321] INFO  http.HttpServer2 (HttpServer2.java:addFilter(982)) - Added filter static_user_filter (class=org.apache.hadoop.http.lib.StaticUserWebFilter$StaticUserFilter) to context static
2020-07-19 12:59:03,322 [Listener at 127.0.0.1/43321] INFO  http.HttpServer2 (HttpServer2.java:addFilter(982)) - Added filter static_user_filter (class=org.apache.hadoop.http.lib.StaticUserWebFilter$StaticUserFilter) to context logs
2020-07-19 12:59:03,323 [Listener at 127.0.0.1/43321] INFO  http.HttpServer2 (HttpServer2.java:bindListener(1216)) - Jetty bound to port 33811
2020-07-19 12:59:03,323 [Listener at 127.0.0.1/43321] INFO  server.Server (Server.java:doStart(359)) - jetty-9.4.26.v20200117; built: 2020-01-17T12:35:33.676Z; git: 7b38981d25d14afb4a12ff1f2596756144edf695; jvm 1.8.0_232-b09
2020-07-19 12:59:03,325 [Listener at 127.0.0.1/43321] INFO  server.session (DefaultSessionIdManager.java:doStart(333)) - DefaultSessionIdManager workerName=node0
2020-07-19 12:59:03,325 [Listener at 127.0.0.1/43321] INFO  server.session (DefaultSessionIdManager.java:doStart(338)) - No SessionScavenger set, using defaults
2020-07-19 12:59:03,325 [Listener at 127.0.0.1/43321] INFO  server.session (HouseKeeper.java:startScavenging(140)) - node0 Scavenging every 600000ms
2020-07-19 12:59:03,326 [Listener at 127.0.0.1/43321] INFO  handler.ContextHandler (ContextHandler.java:doStart(825)) - Started o.e.j.s.ServletContextHandler@9d8d07{logs,/logs,file:///github/workspace/mnt/ozone/hadoop-ozone/integration-test/target/log,AVAILABLE}
2020-07-19 12:59:03,326 [Listener at 127.0.0.1/43321] INFO  handler.ContextHandler (ContextHandler.java:doStart(825)) - Started o.e.j.s.ServletContextHandler@ee3dfc6{static,/static,jar:file:/home/user/.m2/repository/org/apache/hadoop/hadoop-hdds-container-service/0.6.0-SNAPSHOT/hadoop-hdds-container-service-0.6.0-SNAPSHOT.jar!/webapps/static,AVAILABLE}
2020-07-19 12:59:03,407 [Listener at 127.0.0.1/43321] INFO  handler.ContextHandler (ContextHandler.java:doStart(825)) - Started o.e.j.w.WebAppContext@cea86f4{hddsDatanode,/,file:///tmp/jetty-0_0_0_0-33811-hadoop-hdds-container-service-0_6_0-SNAPSHOT_jar-_-any-5412526040475948596.dir/webapp/,AVAILABLE}{jar:file:/home/user/.m2/repository/org/apache/hadoop/hadoop-hdds-container-service/0.6.0-SNAPSHOT/hadoop-hdds-container-service-0.6.0-SNAPSHOT.jar!/webapps/hddsDatanode}
2020-07-19 12:59:03,409 [Listener at 127.0.0.1/43321] INFO  server.AbstractConnector (AbstractConnector.java:doStart(330)) - Started ServerConnector@60423d65{HTTP/1.1,[http/1.1]}{0.0.0.0:33811}
2020-07-19 12:59:03,409 [Listener at 127.0.0.1/43321] INFO  server.Server (Server.java:doStart(399)) - Started @41051ms
2020-07-19 12:59:03,409 [Listener at 127.0.0.1/43321] WARN  impl.MetricsSystemImpl (MetricsSystemImpl.java:register(276)) - Sink prometheus already exists!
2020-07-19 12:59:03,414 [Listener at 127.0.0.1/43321] INFO  http.BaseHttpServer (BaseHttpServer.java:updateConnectorAddress(327)) - HTTP server of hddsDatanode listening at http://0.0.0.0:33811
2020-07-19 12:59:03,416 [Listener at 127.0.0.1/43321] INFO  impl.MetricsSystemImpl (MetricsSystemImpl.java:init(158)) - HddsDatanode metrics system started (again)
2020-07-19 12:59:03,419 [org.apache.hadoop.util.JvmPauseMonitor$Monitor@3442a66b] INFO  util.JvmPauseMonitor (JvmPauseMonitor.java:run(188)) - Starting JVM pause monitor
2020-07-19 12:59:03,420 [Listener at 127.0.0.1/43321] INFO  ozone.HddsDatanodeService (HddsDatanodeService.java:start(214)) - HddsDatanodeService host:fe49c764e40f ip:172.17.0.2
2020-07-19 12:59:03,422 [Datanode State Machine Thread - 0] INFO  datanode.InitDatanodeState (InitDatanodeState.java:persistContainerDatanodeDetails(145)) - DatanodeDetails is persisted to /github/workspace/mnt/ozone/hadoop-ozone/integration-test/target/test-dir/MiniOzoneClusterImpl-8824b896-4141-4ae0-8a85-a38dd1836ba7/datanode-4/meta/datanode.id
2020-07-19 12:59:03,422 [Listener at 127.0.0.1/43321] INFO  volume.HddsVolume (HddsVolume.java:<init>(176)) - Creating Volume: /github/workspace/mnt/ozone/hadoop-ozone/integration-test/target/test-dir/MiniOzoneClusterImpl-8824b896-4141-4ae0-8a85-a38dd1836ba7/datanode-5/data-0/containers/hdds of storage type : DISK and capacity : 9223372036854775807
2020-07-19 12:59:03,423 [Listener at 127.0.0.1/43321] INFO  volume.MutableVolumeSet (MutableVolumeSet.java:initializeVolumeSet(179)) - Added Volume : /github/workspace/mnt/ozone/hadoop-ozone/integration-test/target/test-dir/MiniOzoneClusterImpl-8824b896-4141-4ae0-8a85-a38dd1836ba7/datanode-5/data-0/containers/hdds to VolumeSet
2020-07-19 12:59:03,423 [Listener at 127.0.0.1/43321] INFO  volume.ThrottledAsyncChecker (ThrottledAsyncChecker.java:schedule(141)) - Scheduling a check for /github/workspace/mnt/ozone/hadoop-ozone/integration-test/target/test-dir/MiniOzoneClusterImpl-8824b896-4141-4ae0-8a85-a38dd1836ba7/datanode-5/data-0/containers/hdds
2020-07-19 12:59:03,427 [Listener at 127.0.0.1/43321] INFO  volume.HddsVolumeChecker (HddsVolumeChecker.java:checkAllVolumes(200)) - Scheduled health check for volume /github/workspace/mnt/ozone/hadoop-ozone/integration-test/target/test-dir/MiniOzoneClusterImpl-8824b896-4141-4ae0-8a85-a38dd1836ba7/datanode-5/data-0/containers/hdds
2020-07-19 12:59:03,443 [Listener at 127.0.0.1/43321] INFO  impl.RaftServerProxy (ConfUtils.java:logGet(44)) - raft.rpc.type = GRPC (default)
2020-07-19 12:59:03,443 [Listener at 127.0.0.1/43321] INFO  grpc.GrpcFactory (GrpcFactory.java:checkPooledByteBufAllocatorUseCacheForAllThreads(45)) - PERFORMANCE WARNING: useCacheForAllThreads is true that may cause Netty to create a lot garbage objects and, as a result, trigger GC.
	It is recommended to disable useCacheForAllThreads by setting -Dorg.apache.ratis.thirdparty.io.netty.allocator.useCacheForAllThreads=false in command line.
2020-07-19 12:59:03,443 [Listener at 127.0.0.1/43321] INFO  grpc.GrpcConfigKeys (ConfUtils.java:logGet(44)) - raft.grpc.server.port = 0 (default)
2020-07-19 12:59:03,443 [Listener at 127.0.0.1/43321] INFO  server.GrpcService (ConfUtils.java:logGet(44)) - raft.grpc.message.size.max = 32MB (=33554432) (custom)
2020-07-19 12:59:03,443 [Listener at 127.0.0.1/43321] INFO  server.RaftServerConfigKeys (ConfUtils.java:logGet(44)) - raft.server.log.appender.buffer.byte-limit = 33554432 (custom)
2020-07-19 12:59:03,443 [Listener at 127.0.0.1/43321] INFO  server.GrpcService (ConfUtils.java:logGet(44)) - raft.grpc.flow.control.window = 5MB (=5242880) (custom)
2020-07-19 12:59:03,444 [Listener at 127.0.0.1/43321] INFO  server.RaftServerConfigKeys (ConfUtils.java:logGet(44)) - raft.server.rpc.request.timeout = 3000ms (default)
2020-07-19 12:59:03,444 [Listener at 127.0.0.1/43321] INFO  server.RaftServerConfigKeys (ConfUtils.java:logGet(44)) - raft.server.storage.dir = [/github/workspace/mnt/ozone/hadoop-ozone/integration-test/target/test-dir/MiniOzoneClusterImpl-8824b896-4141-4ae0-8a85-a38dd1836ba7/datanode-5/data/ratis] (custom)
2020-07-19 12:59:03,454 [Listener at 127.0.0.1/43321] INFO  http.BaseHttpServer (BaseHttpServer.java:newHttpServer2BuilderForOzone(207)) - Starting Web-server for hddsDatanode at: http://0.0.0.0:0
2020-07-19 12:59:03,454 [Listener at 127.0.0.1/43321] INFO  http.BaseHttpServer (BaseHttpServer.java:<init>(106)) - Hadoop Security Enabled: false Ozone Security Enabled: false Ozone HTTP Security Enabled: false 
2020-07-19 12:59:03,455 [Listener at 127.0.0.1/43321] INFO  server.AuthenticationFilter (AuthenticationFilter.java:constructSecretProvider(240)) - Unable to initialize FileSignerSecretProvider, falling back to use random secrets.
2020-07-19 12:59:03,456 [Listener at 127.0.0.1/43321] WARN  http.HttpRequestLog (HttpRequestLog.java:getRequestLog(103)) - Jetty request log can only be enabled using Log4j
2020-07-19 12:59:03,456 [Listener at 127.0.0.1/43321] INFO  http.HttpServer2 (HttpServer2.java:addGlobalFilter(998)) - Added global filter 'safety' (class=org.apache.hadoop.hdds.server.http.HttpServer2$QuotingInputFilter)
2020-07-19 12:59:03,457 [Listener at 127.0.0.1/43321] INFO  http.HttpServer2 (HttpServer2.java:addFilter(974)) - Added filter static_user_filter (class=org.apache.hadoop.http.lib.StaticUserWebFilter$StaticUserFilter) to context hddsDatanode
2020-07-19 12:59:03,457 [Listener at 127.0.0.1/43321] INFO  http.HttpServer2 (HttpServer2.java:addFilter(982)) - Added filter static_user_filter (class=org.apache.hadoop.http.lib.StaticUserWebFilter$StaticUserFilter) to context logs
2020-07-19 12:59:03,457 [Listener at 127.0.0.1/43321] INFO  http.HttpServer2 (HttpServer2.java:addFilter(982)) - Added filter static_user_filter (class=org.apache.hadoop.http.lib.StaticUserWebFilter$StaticUserFilter) to context static
2020-07-19 12:59:03,458 [Listener at 127.0.0.1/43321] INFO  http.HttpServer2 (HttpServer2.java:bindListener(1216)) - Jetty bound to port 46601
2020-07-19 12:59:03,458 [Listener at 127.0.0.1/43321] INFO  server.Server (Server.java:doStart(359)) - jetty-9.4.26.v20200117; built: 2020-01-17T12:35:33.676Z; git: 7b38981d25d14afb4a12ff1f2596756144edf695; jvm 1.8.0_232-b09
2020-07-19 12:59:03,459 [Listener at 127.0.0.1/43321] INFO  server.session (DefaultSessionIdManager.java:doStart(333)) - DefaultSessionIdManager workerName=node0
2020-07-19 12:59:03,460 [Listener at 127.0.0.1/43321] INFO  server.session (DefaultSessionIdManager.java:doStart(338)) - No SessionScavenger set, using defaults
2020-07-19 12:59:03,460 [Listener at 127.0.0.1/43321] INFO  server.session (HouseKeeper.java:startScavenging(140)) - node0 Scavenging every 660000ms
2020-07-19 12:59:03,460 [Listener at 127.0.0.1/43321] INFO  handler.ContextHandler (ContextHandler.java:doStart(825)) - Started o.e.j.s.ServletContextHandler@73ebfeaa{logs,/logs,file:///github/workspace/mnt/ozone/hadoop-ozone/integration-test/target/log,AVAILABLE}
2020-07-19 12:59:03,461 [Listener at 127.0.0.1/43321] INFO  handler.ContextHandler (ContextHandler.java:doStart(825)) - Started o.e.j.s.ServletContextHandler@d75755e{static,/static,jar:file:/home/user/.m2/repository/org/apache/hadoop/hadoop-hdds-container-service/0.6.0-SNAPSHOT/hadoop-hdds-container-service-0.6.0-SNAPSHOT.jar!/webapps/static,AVAILABLE}
2020-07-19 12:59:03,540 [Listener at 127.0.0.1/43321] INFO  handler.ContextHandler (ContextHandler.java:doStart(825)) - Started o.e.j.w.WebAppContext@371abe5d{hddsDatanode,/,file:///tmp/jetty-0_0_0_0-46601-hadoop-hdds-container-service-0_6_0-SNAPSHOT_jar-_-any-5365693475160290579.dir/webapp/,AVAILABLE}{jar:file:/home/user/.m2/repository/org/apache/hadoop/hadoop-hdds-container-service/0.6.0-SNAPSHOT/hadoop-hdds-container-service-0.6.0-SNAPSHOT.jar!/webapps/hddsDatanode}
2020-07-19 12:59:03,541 [Listener at 127.0.0.1/43321] INFO  server.AbstractConnector (AbstractConnector.java:doStart(330)) - Started ServerConnector@1fef5919{HTTP/1.1,[http/1.1]}{0.0.0.0:46601}
2020-07-19 12:59:03,541 [Listener at 127.0.0.1/43321] INFO  server.Server (Server.java:doStart(399)) - Started @41183ms
2020-07-19 12:59:03,541 [Listener at 127.0.0.1/43321] WARN  impl.MetricsSystemImpl (MetricsSystemImpl.java:register(276)) - Sink prometheus already exists!
2020-07-19 12:59:03,547 [Listener at 127.0.0.1/43321] INFO  http.BaseHttpServer (BaseHttpServer.java:updateConnectorAddress(327)) - HTTP server of hddsDatanode listening at http://0.0.0.0:46601
2020-07-19 12:59:03,547 [Listener at 127.0.0.1/43321] INFO  impl.MetricsSystemImpl (MetricsSystemImpl.java:init(158)) - HddsDatanode metrics system started (again)
2020-07-19 12:59:03,549 [Listener at 127.0.0.1/43321] INFO  ozone.HddsDatanodeService (HddsDatanodeService.java:start(214)) - HddsDatanodeService host:fe49c764e40f ip:172.17.0.2
2020-07-19 12:59:03,550 [Listener at 127.0.0.1/43321] INFO  volume.HddsVolume (HddsVolume.java:<init>(176)) - Creating Volume: /github/workspace/mnt/ozone/hadoop-ozone/integration-test/target/test-dir/MiniOzoneClusterImpl-8824b896-4141-4ae0-8a85-a38dd1836ba7/datanode-6/data-0/containers/hdds of storage type : DISK and capacity : 9223372036854775807
2020-07-19 12:59:03,550 [Listener at 127.0.0.1/43321] INFO  volume.MutableVolumeSet (MutableVolumeSet.java:initializeVolumeSet(179)) - Added Volume : /github/workspace/mnt/ozone/hadoop-ozone/integration-test/target/test-dir/MiniOzoneClusterImpl-8824b896-4141-4ae0-8a85-a38dd1836ba7/datanode-6/data-0/containers/hdds to VolumeSet
2020-07-19 12:59:03,550 [Listener at 127.0.0.1/43321] INFO  volume.ThrottledAsyncChecker (ThrottledAsyncChecker.java:schedule(141)) - Scheduling a check for /github/workspace/mnt/ozone/hadoop-ozone/integration-test/target/test-dir/MiniOzoneClusterImpl-8824b896-4141-4ae0-8a85-a38dd1836ba7/datanode-6/data-0/containers/hdds
2020-07-19 12:59:03,567 [org.apache.hadoop.util.JvmPauseMonitor$Monitor@30b557c7] INFO  util.JvmPauseMonitor (JvmPauseMonitor.java:run(188)) - Starting JVM pause monitor
2020-07-19 12:59:03,568 [Listener at 127.0.0.1/43321] INFO  volume.HddsVolumeChecker (HddsVolumeChecker.java:checkAllVolumes(200)) - Scheduled health check for volume /github/workspace/mnt/ozone/hadoop-ozone/integration-test/target/test-dir/MiniOzoneClusterImpl-8824b896-4141-4ae0-8a85-a38dd1836ba7/datanode-6/data-0/containers/hdds
2020-07-19 12:59:03,572 [Datanode State Machine Thread - 0] INFO  datanode.InitDatanodeState (InitDatanodeState.java:persistContainerDatanodeDetails(145)) - DatanodeDetails is persisted to /github/workspace/mnt/ozone/hadoop-ozone/integration-test/target/test-dir/MiniOzoneClusterImpl-8824b896-4141-4ae0-8a85-a38dd1836ba7/datanode-5/meta/datanode.id
2020-07-19 12:59:03,586 [Listener at 127.0.0.1/43321] INFO  impl.RaftServerProxy (ConfUtils.java:logGet(44)) - raft.rpc.type = GRPC (default)
2020-07-19 12:59:03,586 [Listener at 127.0.0.1/43321] INFO  grpc.GrpcFactory (GrpcFactory.java:checkPooledByteBufAllocatorUseCacheForAllThreads(45)) - PERFORMANCE WARNING: useCacheForAllThreads is true that may cause Netty to create a lot garbage objects and, as a result, trigger GC.
	It is recommended to disable useCacheForAllThreads by setting -Dorg.apache.ratis.thirdparty.io.netty.allocator.useCacheForAllThreads=false in command line.
2020-07-19 12:59:03,586 [Listener at 127.0.0.1/43321] INFO  grpc.GrpcConfigKeys (ConfUtils.java:logGet(44)) - raft.grpc.server.port = 0 (default)
2020-07-19 12:59:03,586 [Listener at 127.0.0.1/43321] INFO  server.GrpcService (ConfUtils.java:logGet(44)) - raft.grpc.message.size.max = 32MB (=33554432) (custom)
2020-07-19 12:59:03,586 [Listener at 127.0.0.1/43321] INFO  server.RaftServerConfigKeys (ConfUtils.java:logGet(44)) - raft.server.log.appender.buffer.byte-limit = 33554432 (custom)
2020-07-19 12:59:03,586 [Listener at 127.0.0.1/43321] INFO  server.GrpcService (ConfUtils.java:logGet(44)) - raft.grpc.flow.control.window = 5MB (=5242880) (custom)
2020-07-19 12:59:03,586 [Listener at 127.0.0.1/43321] INFO  server.RaftServerConfigKeys (ConfUtils.java:logGet(44)) - raft.server.rpc.request.timeout = 3000ms (default)
2020-07-19 12:59:03,590 [Listener at 127.0.0.1/43321] INFO  server.RaftServerConfigKeys (ConfUtils.java:logGet(44)) - raft.server.storage.dir = [/github/workspace/mnt/ozone/hadoop-ozone/integration-test/target/test-dir/MiniOzoneClusterImpl-8824b896-4141-4ae0-8a85-a38dd1836ba7/datanode-6/data/ratis] (custom)
2020-07-19 12:59:03,595 [Listener at 127.0.0.1/43321] INFO  http.BaseHttpServer (BaseHttpServer.java:newHttpServer2BuilderForOzone(207)) - Starting Web-server for hddsDatanode at: http://0.0.0.0:0
2020-07-19 12:59:03,595 [Listener at 127.0.0.1/43321] INFO  http.BaseHttpServer (BaseHttpServer.java:<init>(106)) - Hadoop Security Enabled: false Ozone Security Enabled: false Ozone HTTP Security Enabled: false 
2020-07-19 12:59:03,596 [Listener at 127.0.0.1/43321] INFO  server.AuthenticationFilter (AuthenticationFilter.java:constructSecretProvider(240)) - Unable to initialize FileSignerSecretProvider, falling back to use random secrets.
2020-07-19 12:59:03,597 [Listener at 127.0.0.1/43321] WARN  http.HttpRequestLog (HttpRequestLog.java:getRequestLog(103)) - Jetty request log can only be enabled using Log4j
2020-07-19 12:59:03,597 [Listener at 127.0.0.1/43321] INFO  http.HttpServer2 (HttpServer2.java:addGlobalFilter(998)) - Added global filter 'safety' (class=org.apache.hadoop.hdds.server.http.HttpServer2$QuotingInputFilter)
2020-07-19 12:59:03,598 [Listener at 127.0.0.1/43321] INFO  http.HttpServer2 (HttpServer2.java:addFilter(974)) - Added filter static_user_filter (class=org.apache.hadoop.http.lib.StaticUserWebFilter$StaticUserFilter) to context hddsDatanode
2020-07-19 12:59:03,598 [Listener at 127.0.0.1/43321] INFO  http.HttpServer2 (HttpServer2.java:addFilter(982)) - Added filter static_user_filter (class=org.apache.hadoop.http.lib.StaticUserWebFilter$StaticUserFilter) to context logs
2020-07-19 12:59:03,598 [Listener at 127.0.0.1/43321] INFO  http.HttpServer2 (HttpServer2.java:addFilter(982)) - Added filter static_user_filter (class=org.apache.hadoop.http.lib.StaticUserWebFilter$StaticUserFilter) to context static
2020-07-19 12:59:03,599 [Listener at 127.0.0.1/43321] INFO  http.HttpServer2 (HttpServer2.java:bindListener(1216)) - Jetty bound to port 40305
2020-07-19 12:59:03,599 [Listener at 127.0.0.1/43321] INFO  server.Server (Server.java:doStart(359)) - jetty-9.4.26.v20200117; built: 2020-01-17T12:35:33.676Z; git: 7b38981d25d14afb4a12ff1f2596756144edf695; jvm 1.8.0_232-b09
2020-07-19 12:59:03,600 [Listener at 127.0.0.1/43321] INFO  server.session (DefaultSessionIdManager.java:doStart(333)) - DefaultSessionIdManager workerName=node0
2020-07-19 12:59:03,600 [Listener at 127.0.0.1/43321] INFO  server.session (DefaultSessionIdManager.java:doStart(338)) - No SessionScavenger set, using defaults
2020-07-19 12:59:03,601 [Listener at 127.0.0.1/43321] INFO  server.session (HouseKeeper.java:startScavenging(140)) - node0 Scavenging every 660000ms
2020-07-19 12:59:03,604 [Listener at 127.0.0.1/43321] INFO  handler.ContextHandler (ContextHandler.java:doStart(825)) - Started o.e.j.s.ServletContextHandler@5529437{logs,/logs,file:///github/workspace/mnt/ozone/hadoop-ozone/integration-test/target/log,AVAILABLE}
2020-07-19 12:59:03,604 [Listener at 127.0.0.1/43321] INFO  handler.ContextHandler (ContextHandler.java:doStart(825)) - Started o.e.j.s.ServletContextHandler@1e04656e{static,/static,jar:file:/home/user/.m2/repository/org/apache/hadoop/hadoop-hdds-container-service/0.6.0-SNAPSHOT/hadoop-hdds-container-service-0.6.0-SNAPSHOT.jar!/webapps/static,AVAILABLE}
2020-07-19 12:59:03,686 [Listener at 127.0.0.1/43321] INFO  handler.ContextHandler (ContextHandler.java:doStart(825)) - Started o.e.j.w.WebAppContext@59612e7c{hddsDatanode,/,file:///tmp/jetty-0_0_0_0-40305-hadoop-hdds-container-service-0_6_0-SNAPSHOT_jar-_-any-5877392481395369283.dir/webapp/,AVAILABLE}{jar:file:/home/user/.m2/repository/org/apache/hadoop/hadoop-hdds-container-service/0.6.0-SNAPSHOT/hadoop-hdds-container-service-0.6.0-SNAPSHOT.jar!/webapps/hddsDatanode}
2020-07-19 12:59:03,687 [Listener at 127.0.0.1/43321] INFO  server.AbstractConnector (AbstractConnector.java:doStart(330)) - Started ServerConnector@361ebebf{HTTP/1.1,[http/1.1]}{0.0.0.0:40305}
2020-07-19 12:59:03,687 [Listener at 127.0.0.1/43321] INFO  server.Server (Server.java:doStart(399)) - Started @41329ms
2020-07-19 12:59:03,688 [Listener at 127.0.0.1/43321] WARN  impl.MetricsSystemImpl (MetricsSystemImpl.java:register(276)) - Sink prometheus already exists!
2020-07-19 12:59:03,694 [Listener at 127.0.0.1/43321] INFO  http.BaseHttpServer (BaseHttpServer.java:updateConnectorAddress(327)) - HTTP server of hddsDatanode listening at http://0.0.0.0:40305
2020-07-19 12:59:03,695 [Listener at 127.0.0.1/43321] INFO  ozone.MiniOzoneClusterImpl (MiniOzoneClusterImpl.java:lambda$waitForClusterToBeReady$0(177)) - Waiting for nodes to be ready. Got 0 of 7 DN Heartbeats.
2020-07-19 12:59:03,695 [Listener at 127.0.0.1/43321] INFO  ozone.MiniOzoneClusterImpl (MiniOzoneClusterImpl.java:lambda$waitForClusterToBeReady$0(180)) - Waiting for cluster to exit safe mode
2020-07-19 12:59:03,698 [Datanode State Machine Thread - 0] INFO  datanode.InitDatanodeState (InitDatanodeState.java:persistContainerDatanodeDetails(145)) - DatanodeDetails is persisted to /github/workspace/mnt/ozone/hadoop-ozone/integration-test/target/test-dir/MiniOzoneClusterImpl-8824b896-4141-4ae0-8a85-a38dd1836ba7/datanode-6/meta/datanode.id
2020-07-19 12:59:03,699 [org.apache.hadoop.util.JvmPauseMonitor$Monitor@6bf0b71d] INFO  util.JvmPauseMonitor (JvmPauseMonitor.java:run(188)) - Starting JVM pause monitor
2020-07-19 12:59:04,695 [Listener at 127.0.0.1/43321] INFO  ozone.MiniOzoneClusterImpl (MiniOzoneClusterImpl.java:lambda$waitForClusterToBeReady$0(177)) - Waiting for nodes to be ready. Got 0 of 7 DN Heartbeats.
2020-07-19 12:59:04,696 [Listener at 127.0.0.1/43321] INFO  ozone.MiniOzoneClusterImpl (MiniOzoneClusterImpl.java:lambda$waitForClusterToBeReady$0(180)) - Waiting for cluster to exit safe mode
2020-07-19 12:59:04,914 [Datanode State Machine Thread - 0] INFO  ozoneimpl.OzoneContainer (OzoneContainer.java:start(233)) - Attempting to start container services.
2020-07-19 12:59:04,914 [Datanode State Machine Thread - 0] INFO  ozoneimpl.OzoneContainer (OzoneContainer.java:startContainerScrub(197)) - Background container scanner has been disabled.
2020-07-19 12:59:04,915 [Datanode State Machine Thread - 0] INFO  ratis.XceiverServerRatis (XceiverServerRatis.java:start(438)) - Starting XceiverServerRatis 2b2d82e9-81b7-495a-ad91-4c9f861a0950 at port 0
2020-07-19 12:59:04,920 [Datanode State Machine Thread - 0] INFO  impl.RaftServerProxy (RaftServerProxy.java:lambda$start$3(304)) - 2b2d82e9-81b7-495a-ad91-4c9f861a0950: start RPC server
2020-07-19 12:59:04,921 [Datanode State Machine Thread - 0] INFO  server.GrpcService (GrpcService.java:startImpl(160)) - 2b2d82e9-81b7-495a-ad91-4c9f861a0950: GrpcService started, listening on 0.0.0.0/0.0.0.0:35891
2020-07-19 12:59:04,921 [Datanode State Machine Thread - 0] INFO  ratis.XceiverServerRatis (XceiverServerRatis.java:start(450)) - XceiverServerRatis 2b2d82e9-81b7-495a-ad91-4c9f861a0950 is started using port 35891
2020-07-19 12:59:04,922 [Datanode State Machine Thread - 0] INFO  server.XceiverServerGrpc (XceiverServerGrpc.java:start(145)) - XceiverServerGrpc 2b2d82e9-81b7-495a-ad91-4c9f861a0950 is started using port 37967
2020-07-19 12:59:05,040 [Datanode State Machine Thread - 0] INFO  ozoneimpl.OzoneContainer (OzoneContainer.java:start(233)) - Attempting to start container services.
[...]
2020-07-19 12:59:45,994 [7448be25-6ee6-481d-867e-081d62f0ad37@group-3183008B4F90-LeaderElection23] INFO  impl.LeaderElection (LogUtils.java:infoOrTrace(137)) - 7448be25-6ee6-481d-867e-081d62f0ad37@group-3183008B4F90-LeaderElection23 got exception when requesting votes: java.util.concurrent.ExecutionException: org.apache.ratis.thirdparty.io.grpc.StatusRuntimeException: UNAVAILABLE: io exception
2020-07-19 12:59:45,994 [7448be25-6ee6-481d-867e-081d62f0ad37@group-3183008B4F90-LeaderElection23] INFO  impl.LeaderElection (LeaderElection.java:logAndReturn(61)) - 7448be25-6ee6-481d-867e-081d62f0ad37@group-3183008B4F90-LeaderElection23: Election REJECTED; received 0 response(s) [] and 2 exception(s); 7448be25-6ee6-481d-867e-081d62f0ad37@group-3183008B4F90:t4, leader=null, voted=7448be25-6ee6-481d-867e-081d62f0ad37, raftlog=7448be25-6ee6-481d-867e-081d62f0ad37@group-3183008B4F90-SegmentedRaftLog:OPENED:c0,f0,i0, conf=0: [7448be25-6ee6-481d-867e-081d62f0ad37:172.17.0.2:39635, 60b4693a-24a9-4f9a-8d7e-763e228c0b97:172.17.0.2:45129, 45b92da7-6fd5-4e69-8c49-135295713f70:172.17.0.2:46823], old=null
2020-07-19 12:59:45,994 [7448be25-6ee6-481d-867e-081d62f0ad37@group-3183008B4F90-LeaderElection23] INFO  impl.LeaderElection (LogUtils.java:infoOrTrace(137)) -   Exception 0: java.util.concurrent.ExecutionException: org.apache.ratis.thirdparty.io.grpc.StatusRuntimeException: UNAVAILABLE: io exception
2020-07-19 12:59:45,994 [7448be25-6ee6-481d-867e-081d62f0ad37@group-3183008B4F90-LeaderElection23] INFO  impl.LeaderElection (LogUtils.java:infoOrTrace(137)) -   Exception 1: java.util.concurrent.ExecutionException: org.apache.ratis.thirdparty.io.grpc.StatusRuntimeException: UNAVAILABLE: io exception
2020-07-19 12:59:45,994 [7448be25-6ee6-481d-867e-081d62f0ad37@group-3183008B4F90-LeaderElection23] INFO  impl.RaftServerImpl (RaftServerImpl.java:setRole(175)) - 7448be25-6ee6-481d-867e-081d62f0ad37@group-3183008B4F90: changes role from CANDIDATE to FOLLOWER at term 4 for DISCOVERED_A_NEW_TERM
2020-07-19 12:59:45,994 [7448be25-6ee6-481d-867e-081d62f0ad37@group-3183008B4F90-LeaderElection23] INFO  impl.RoleInfo (RoleInfo.java:shutdownLeaderElection(134)) - 7448be25-6ee6-481d-867e-081d62f0ad37: shutdown LeaderElection
2020-07-19 12:59:45,994 [7448be25-6ee6-481d-867e-081d62f0ad37@group-3183008B4F90-LeaderElection23] INFO  impl.RoleInfo (RoleInfo.java:updateAndGet(143)) - 7448be25-6ee6-481d-867e-081d62f0ad37: start FollowerState
2020-07-19 12:59:47,224 [Listener at 127.0.0.1/43321] INFO  ozoneimpl.OzoneContainer (OzoneContainer.java:stop(247)) - Attempting to stop container services.
2020-07-19 12:59:47,226 [Listener at 127.0.0.1/43321] INFO  impl.RaftServerProxy (RaftServerProxy.java:lambda$close$4(319)) - 7448be25-6ee6-481d-867e-081d62f0ad37: close
2020-07-19 12:59:47,226 [Listener at 127.0.0.1/43321] INFO  impl.RaftServerImpl (RaftServerImpl.java:lambda$shutdown$3(252)) - 7448be25-6ee6-481d-867e-081d62f0ad37@group-3183008B4F90: shutdown
2020-07-19 12:59:47,227 [Listener at 127.0.0.1/43321] INFO  util.JmxRegister (JmxRegister.java:unregister(73)) - Successfully un-registered JMX Bean with object name Ratis:service=RaftServer,group=group-3183008B4F90,id=7448be25-6ee6-481d-867e-081d62f0ad37
2020-07-19 12:59:47,227 [Listener at 127.0.0.1/43321] INFO  impl.RoleInfo (RoleInfo.java:shutdownFollowerState(121)) - 7448be25-6ee6-481d-867e-081d62f0ad37: shutdown FollowerState
2020-07-19 12:59:47,227 [Listener at 127.0.0.1/43321] INFO  impl.StateMachineUpdater (StateMachineUpdater.java:stopAndJoin(142)) - 7448be25-6ee6-481d-867e-081d62f0ad37@group-3183008B4F90-StateMachineUpdater: set stopIndex = 0
2020-07-19 12:59:47,227 [Thread-716] INFO  impl.FollowerState (FollowerState.java:run(117)) - 7448be25-6ee6-481d-867e-081d62f0ad37@group-3183008B4F90-FollowerState was interrupted: java.lang.InterruptedException: sleep interrupted
2020-07-19 12:59:47,228 [7448be25-6ee6-481d-867e-081d62f0ad37@group-3183008B4F90-StateMachineUpdater] INFO  ratis.ContainerStateMachine (ContainerStateMachine.java:takeSnapshot(293)) - group-3183008B4F90: Taking a snapshot at:(t:3, i:0) file /github/workspace/mnt/ozone/hadoop-ozone/integration-test/target/test-dir/MiniOzoneClusterImpl-8824b896-4141-4ae0-8a85-a38dd1836ba7/datanode-5/data/ratis/20295e19-fc6c-450f-aa9f-3183008b4f90/sm/snapshot.3_0
2020-07-19 12:59:47,229 [7448be25-6ee6-481d-867e-081d62f0ad37@group-3183008B4F90-StateMachineUpdater] INFO  ratis.ContainerStateMachine (ContainerStateMachine.java:takeSnapshot(304)) - group-3183008B4F90: Finished taking a snapshot at:(t:3, i:0) file:/github/workspace/mnt/ozone/hadoop-ozone/integration-test/target/test-dir/MiniOzoneClusterImpl-8824b896-4141-4ae0-8a85-a38dd1836ba7/datanode-5/data/ratis/20295e19-fc6c-450f-aa9f-3183008b4f90/sm/snapshot.3_0 time:1
2020-07-19 12:59:47,230 [7448be25-6ee6-481d-867e-081d62f0ad37@group-3183008B4F90-StateMachineUpdater] INFO  impl.StateMachineUpdater (StateMachineUpdater.java:takeSnapshot(277)) - 7448be25-6ee6-481d-867e-081d62f0ad37@group-3183008B4F90-StateMachineUpdater: Took a snapshot at index 0
2020-07-19 12:59:47,230 [7448be25-6ee6-481d-867e-081d62f0ad37@group-3183008B4F90-StateMachineUpdater] INFO  impl.StateMachineUpdater (StateMachineUpdater.java:lambda$new$0(87)) - 7448be25-6ee6-481d-867e-081d62f0ad37@group-3183008B4F90-StateMachineUpdater: snapshotIndex: updateIncreasingly -1 -> 0
2020-07-19 12:59:47,230 [7448be25-6ee6-481d-867e-081d62f0ad37@group-3183008B4F90-StateMachineUpdater] INFO  metrics.RatisMetrics (RatisMetrics.java:unregister(43)) - Unregistering Metrics Registry : ratis.state_machine.7448be25-6ee6-481d-867e-081d62f0ad37@group-3183008B4F90
2020-07-19 12:59:47,230 [Listener at 127.0.0.1/43321] INFO  impl.RaftServerImpl (ServerState.java:close(387)) - 7448be25-6ee6-481d-867e-081d62f0ad37@group-3183008B4F90: closes. applyIndex: 0
2020-07-19 12:59:47,230 [7448be25-6ee6-481d-867e-081d62f0ad37@group-3183008B4F90-SegmentedRaftLogWorker] INFO  segmented.SegmentedRaftLogWorker (SegmentedRaftLogWorker.java:run(327)) - 7448be25-6ee6-481d-867e-081d62f0ad37@group-3183008B4F90-SegmentedRaftLogWorker was interrupted, exiting. There are 0 tasks remaining in the queue.
2020-07-19 12:59:47,231 [Listener at 127.0.0.1/43321] INFO  segmented.SegmentedRaftLogWorker (SegmentedRaftLogWorker.java:close(234)) - 7448be25-6ee6-481d-867e-081d62f0ad37@group-3183008B4F90-SegmentedRaftLogWorker close()
2020-07-19 12:59:47,232 [Listener at 127.0.0.1/43321] INFO  metrics.RatisMetrics (RatisMetrics.java:unregister(43)) - Unregistering Metrics Registry : ratis.log_worker.7448be25-6ee6-481d-867e-081d62f0ad37@group-3183008B4F90
2020-07-19 12:59:47,232 [Listener at 127.0.0.1/43321] INFO  metrics.RatisMetrics (RatisMetrics.java:unregister(43)) - Unregistering Metrics Registry : ratis.leader_election.7448be25-6ee6-481d-867e-081d62f0ad37@group-3183008B4F90
2020-07-19 12:59:47,232 [Listener at 127.0.0.1/43321] INFO  metrics.RatisMetrics (RatisMetrics.java:unregister(43)) - Unregistering Metrics Registry : ratis.server.7448be25-6ee6-481d-867e-081d62f0ad37@group-3183008B4F90
2020-07-19 12:59:47,233 [Listener at 127.0.0.1/43321] INFO  impl.RaftServerImpl (RaftServerImpl.java:lambda$shutdown$3(252)) - 7448be25-6ee6-481d-867e-081d62f0ad37@group-97E268FDA089: shutdown
2020-07-19 12:59:47,233 [Listener at 127.0.0.1/43321] INFO  util.JmxRegister (JmxRegister.java:unregister(73)) - Successfully un-registered JMX Bean with object name Ratis:service=RaftServer,group=group-97E268FDA089,id=7448be25-6ee6-481d-867e-081d62f0ad37
2020-07-19 12:59:47,233 [Listener at 127.0.0.1/43321] INFO  impl.RoleInfo (RoleInfo.java:shutdownLeaderState(104)) - 7448be25-6ee6-481d-867e-081d62f0ad37: shutdown LeaderState
2020-07-19 12:59:47,233 [Listener at 127.0.0.1/43321] INFO  impl.PendingRequests (PendingRequests.java:sendNotLeaderResponses(249)) - 7448be25-6ee6-481d-867e-081d62f0ad37@group-97E268FDA089-PendingRequests: sendNotLeaderResponses
2020-07-19 12:59:47,233 [Listener at 127.0.0.1/43321] INFO  metrics.RatisMetrics (RatisMetrics.java:unregister(43)) - Unregistering Metrics Registry : ratis.log_appender.7448be25-6ee6-481d-867e-081d62f0ad37@group-97E268FDA089
2020-07-19 12:59:47,234 [Listener at 127.0.0.1/43321] INFO  metrics.RatisMetrics (RatisMetrics.java:unregister(43)) - Unregistering Metrics Registry : ratis.server.7448be25-6ee6-481d-867e-081d62f0ad37@group-97E268FDA089
2020-07-19 12:59:47,234 [Listener at 127.0.0.1/43321] INFO  impl.StateMachineUpdater (StateMachineUpdater.java:stopAndJoin(142)) - 7448be25-6ee6-481d-867e-081d62f0ad37@group-97E268FDA089-StateMachineUpdater: set stopIndex = 0
2020-07-19 12:59:47,234 [7448be25-6ee6-481d-867e-081d62f0ad37@group-97E268FDA089-StateMachineUpdater] INFO  ratis.ContainerStateMachine (ContainerStateMachine.java:takeSnapshot(293)) - group-97E268FDA089: Taking a snapshot at:(t:1, i:0) file /github/workspace/mnt/ozone/hadoop-ozone/integration-test/target/test-dir/MiniOzoneClusterImpl-8824b896-4141-4ae0-8a85-a38dd1836ba7/datanode-5/data/ratis/4b63a041-6533-4abc-831e-97e268fda089/sm/snapshot.1_0
2020-07-19 12:59:47,235 [7448be25-6ee6-481d-867e-081d62f0ad37@group-97E268FDA089-StateMachineUpdater] INFO  ratis.ContainerStateMachine (ContainerStateMachine.java:takeSnapshot(304)) - group-97E268FDA089: Finished taking a snapshot at:(t:1, i:0) file:/github/workspace/mnt/ozone/hadoop-ozone/integration-test/target/test-dir/MiniOzoneClusterImpl-8824b896-4141-4ae0-8a85-a38dd1836ba7/datanode-5/data/ratis/4b63a041-6533-4abc-831e-97e268fda089/sm/snapshot.1_0 time:1
2020-07-19 12:59:47,235 [7448be25-6ee6-481d-867e-081d62f0ad37@group-97E268FDA089-StateMachineUpdater] INFO  impl.StateMachineUpdater (StateMachineUpdater.java:takeSnapshot(277)) - 7448be25-6ee6-481d-867e-081d62f0ad37@group-97E268FDA089-StateMachineUpdater: Took a snapshot at index 0
2020-07-19 12:59:47,235 [7448be25-6ee6-481d-867e-081d62f0ad37@group-97E268FDA089-StateMachineUpdater] INFO  impl.StateMachineUpdater (StateMachineUpdater.java:lambda$new$0(87)) - 7448be25-6ee6-481d-867e-081d62f0ad37@group-97E268FDA089-StateMachineUpdater: snapshotIndex: updateIncreasingly -1 -> 0
2020-07-19 12:59:47,235 [7448be25-6ee6-481d-867e-081d62f0ad37@group-97E268FDA089-StateMachineUpdater] INFO  metrics.RatisMetrics (RatisMetrics.java:unregister(43)) - Unregistering Metrics Registry : ratis.state_machine.7448be25-6ee6-481d-867e-081d62f0ad37@group-97E268FDA089
2020-07-19 12:59:47,236 [Listener at 127.0.0.1/43321] INFO  impl.RaftServerImpl (ServerState.java:close(387)) - 7448be25-6ee6-481d-867e-081d62f0ad37@group-97E268FDA089: closes. applyIndex: 0
2020-07-19 12:59:47,236 [7448be25-6ee6-481d-867e-081d62f0ad37@group-97E268FDA089-SegmentedRaftLogWorker] INFO  segmented.SegmentedRaftLogWorker (SegmentedRaftLogWorker.java:run(327)) - 7448be25-6ee6-481d-867e-081d62f0ad37@group-97E268FDA089-SegmentedRaftLogWorker was interrupted, exiting. There are 0 tasks remaining in the queue.
2020-07-19 12:59:47,236 [Listener at 127.0.0.1/43321] INFO  segmented.SegmentedRaftLogWorker (SegmentedRaftLogWorker.java:close(234)) - 7448be25-6ee6-481d-867e-081d62f0ad37@group-97E268FDA089-SegmentedRaftLogWorker close()
2020-07-19 12:59:47,236 [Listener at 127.0.0.1/43321] INFO  metrics.RatisMetrics (RatisMetrics.java:unregister(43)) - Unregistering Metrics Registry : ratis.log_worker.7448be25-6ee6-481d-867e-081d62f0ad37@group-97E268FDA089
2020-07-19 12:59:47,236 [Listener at 127.0.0.1/43321] INFO  metrics.RatisMetrics (RatisMetrics.java:unregister(43)) - Unregistering Metrics Registry : ratis.leader_election.7448be25-6ee6-481d-867e-081d62f0ad37@group-97E268FDA089
2020-07-19 12:59:47,237 [Listener at 127.0.0.1/43321] INFO  metrics.RatisMetrics (RatisMetrics.java:unregister(43)) - Unregistering Metrics Registry : ratis.server.7448be25-6ee6-481d-867e-081d62f0ad37@group-97E268FDA089
2020-07-19 12:59:47,237 [Listener at 127.0.0.1/43321] INFO  server.GrpcService (GrpcService.java:closeImpl(166)) - 7448be25-6ee6-481d-867e-081d62f0ad37: shutdown server with port 39635 now
2020-07-19 12:59:47,240 [Listener at 127.0.0.1/43321] INFO  server.GrpcService (GrpcService.java:closeImpl(174)) - 7448be25-6ee6-481d-867e-081d62f0ad37: shutdown server with port 39635 successfully
2020-07-19 12:59:47,241 [Listener at 127.0.0.1/43321] INFO  utils.BackgroundService (BackgroundService.java:shutdown(157)) - Shutting down service BlockDeletingService
2020-07-19 12:59:47,242 [Listener at 127.0.0.1/43321] INFO  statemachine.DatanodeStateMachine (DatanodeStateMachine.java:stopDaemon(428)) - Ozone container server stopped.
2020-07-19 12:59:47,248 [Listener at 127.0.0.1/43321] INFO  handler.ContextHandler (ContextHandler.java:doStop(1016)) - Stopped o.e.j.w.WebAppContext@371abe5d{hddsDatanode,/,null,UNAVAILABLE}{jar:file:/home/user/.m2/repository/org/apache/hadoop/hadoop-hdds-container-service/0.6.0-SNAPSHOT/hadoop-hdds-container-service-0.6.0-SNAPSHOT.jar!/webapps/hddsDatanode}
2020-07-19 12:59:47,249 [Listener at 127.0.0.1/43321] INFO  server.AbstractConnector (AbstractConnector.java:doStop(380)) - Stopped ServerConnector@1fef5919{HTTP/1.1,[http/1.1]}{0.0.0.0:0}
2020-07-19 12:59:47,249 [Listener at 127.0.0.1/43321] INFO  server.session (HouseKeeper.java:stopScavenging(158)) - node0 Stopped scavenging
2020-07-19 12:59:47,249 [Listener at 127.0.0.1/43321] INFO  handler.ContextHandler (ContextHandler.java:doStop(1016)) - Stopped o.e.j.s.ServletContextHandler@d75755e{static,/static,jar:file:/home/user/.m2/repository/org/apache/hadoop/hadoop-hdds-container-service/0.6.0-SNAPSHOT/hadoop-hdds-container-service-0.6.0-SNAPSHOT.jar!/webapps/static,UNAVAILABLE}
2020-07-19 12:59:47,249 [Listener at 127.0.0.1/43321] INFO  handler.ContextHandler (ContextHandler.java:doStop(1016)) - Stopped o.e.j.s.ServletContextHandler@73ebfeaa{logs,/logs,file:///github/workspace/mnt/ozone/hadoop-ozone/integration-test/target/log,UNAVAILABLE}
2020-07-19 12:59:47,250 [Listener at 127.0.0.1/43321] INFO  ozone.MiniOzoneClusterImpl (MiniOzoneClusterImpl.java:stopSCM(476)) - Stopping the StorageContainerManager
2020-07-19 12:59:47,250 [Listener at 127.0.0.1/43321] INFO  server.StorageContainerManager (StorageContainerManager.java:stop(827)) - Stopping Replication Manager Service.
2020-07-19 12:59:47,250 [Listener at 127.0.0.1/43321] INFO  container.ReplicationManager (ReplicationManager.java:stop(218)) - Stopping Replication Monitor Thread.
2020-07-19 12:59:47,251 [Listener at 127.0.0.1/43321] INFO  server.StorageContainerManager (StorageContainerManager.java:stop(834)) - Stopping Lease Manager of the command watchers
2020-07-19 12:59:47,251 [Listener at 127.0.0.1/43321] INFO  server.StorageContainerManager (StorageContainerManager.java:stop(841)) - Stopping datanode service RPC server
2020-07-19 12:59:47,251 [Listener at 127.0.0.1/43321] INFO  server.SCMDatanodeProtocolServer (SCMDatanodeProtocolServer.java:stop(361)) - Stopping the RPC server for DataNodes
2020-07-19 12:59:47,251 [Listener at 127.0.0.1/43321] INFO  ipc.Server (Server.java:stop(3359)) - Stopping server on 43203
2020-07-19 12:59:47,251 [CommandWatcher-LeaseManager#LeaseMonitor] ERROR lease.LeaseManager (LeaseManager.java:run(238)) - Execution was interrupted 
java.lang.InterruptedException: sleep interrupted
	at java.lang.Thread.sleep(Native Method)
	at org.apache.hadoop.ozone.lease.LeaseManager$LeaseMonitor.run(LeaseManager.java:234)
	at java.lang.Thread.run(Thread.java:748)
2020-07-19 12:59:47,253 [IPC Server listener on 0] INFO  ipc.Server (Server.java:run(1330)) - Stopping IPC Server listener on 0
2020-07-19 12:59:47,254 [IPC Server Responder] INFO  ipc.Server (Server.java:run(1465)) - Stopping IPC Server Responder
2020-07-19 12:59:47,323 [SCM Heartbeat Processing Thread - 0] WARN  node.NodeStateManager (NodeStateManager.java:scheduleNextHealthCheck(661)) - Current Thread is interrupted, shutting down HB processing thread for Node Manager.
2020-07-19 12:59:47,324 [Listener at 127.0.0.1/43321] INFO  server.StorageContainerManager (StorageContainerManager.java:stop(849)) - Stopping block service RPC server
2020-07-19 12:59:47,324 [Listener at 127.0.0.1/43321] INFO  server.SCMBlockProtocolServer (SCMBlockProtocolServer.java:stop(158)) - Stopping the RPC server for Block Protocol
2020-07-19 12:59:47,324 [Listener at 127.0.0.1/43321] INFO  ipc.Server (Server.java:stop(3359)) - Stopping server on 36471
2020-07-19 12:59:47,327 [IPC Server listener on 0] INFO  ipc.Server (Server.java:run(1330)) - Stopping IPC Server listener on 0
2020-07-19 12:59:47,327 [IPC Server Responder] INFO  ipc.Server (Server.java:run(1465)) - Stopping IPC Server Responder
2020-07-19 12:59:47,328 [Listener at 127.0.0.1/43321] INFO  server.StorageContainerManager (StorageContainerManager.java:stop(856)) - Stopping the StorageContainerLocationProtocol RPC server
2020-07-19 12:59:47,328 [Listener at 127.0.0.1/43321] INFO  server.SCMClientProtocolServer (SCMClientProtocolServer.java:stop(165)) - Stopping the RPC server for Client Protocol
2020-07-19 12:59:47,328 [Listener at 127.0.0.1/43321] INFO  ipc.Server (Server.java:stop(3359)) - Stopping server on 42889
2020-07-19 12:59:47,328 [IPC Server listener on 0] INFO  ipc.Server (Server.java:run(1330)) - Stopping IPC Server listener on 0
2020-07-19 12:59:47,329 [IPC Server Responder] INFO  ipc.Server (Server.java:run(1465)) - Stopping IPC Server Responder
2020-07-19 12:59:47,329 [Listener at 127.0.0.1/43321] INFO  server.StorageContainerManager (StorageContainerManager.java:stop(863)) - Stopping Storage Container Manager HTTP server.
2020-07-19 12:59:47,330 [Listener at 127.0.0.1/43321] INFO  handler.ContextHandler (ContextHandler.java:doStop(1016)) - Stopped o.e.j.w.WebAppContext@6b100fc{scm,/,null,UNAVAILABLE}{file:/github/workspace/mnt/ozone/hadoop-ozone/integration-test/target/test-classes/webapps/scm}
2020-07-19 12:59:47,333 [Listener at 127.0.0.1/43321] INFO  server.AbstractConnector (AbstractConnector.java:doStop(380)) - Stopped ServerConnector@7d0034cf{HTTP/1.1,[http/1.1]}{0.0.0.0:0}
2020-07-19 12:59:47,333 [Listener at 127.0.0.1/43321] INFO  server.session (HouseKeeper.java:stopScavenging(158)) - node0 Stopped scavenging
2020-07-19 12:59:47,334 [Listener at 127.0.0.1/43321] INFO  handler.ContextHandler (ContextHandler.java:doStop(1016)) - Stopped o.e.j.s.ServletContextHandler@85951ea{static,/static,file:///github/workspace/mnt/ozone/hadoop-ozone/integration-test/target/test-classes/webapps/static,UNAVAILABLE}
2020-07-19 12:59:47,334 [Listener at 127.0.0.1/43321] INFO  handler.ContextHandler (ContextHandler.java:doStop(1016)) - Stopped o.e.j.s.ServletContextHandler@567e0a02{logs,/logs,file:///github/workspace/mnt/ozone/hadoop-ozone/integration-test/target/log,UNAVAILABLE}
2020-07-19 12:59:47,335 [Listener at 127.0.0.1/43321] INFO  server.StorageContainerManager (StorageContainerManager.java:stop(874)) - Stopping Block Manager Service.
2020-07-19 12:59:47,335 [Listener at 127.0.0.1/43321] INFO  utils.BackgroundService (BackgroundService.java:shutdown(157)) - Shutting down service SCMBlockDeletingService
2020-07-19 12:59:47,335 [Listener at 127.0.0.1/43321] INFO  utils.BackgroundService (BackgroundService.java:shutdown(157)) - Shutting down service SCMBlockDeletingService
2020-07-19 12:59:47,335 [Listener at 127.0.0.1/43321] INFO  server.StorageContainerManager (StorageContainerManager.java:stop(899)) - Stopping SCM Event Queue.
2020-07-19 12:59:47,337 [Listener at 127.0.0.1/43321] INFO  impl.MetricsSystemImpl (MetricsSystemImpl.java:stop(210)) - Stopping HddsDatanode metrics system...
2020-07-19 12:59:47,346 [Listener at 127.0.0.1/43321] INFO  impl.MetricsSystemImpl (MetricsSystemImpl.java:stop(216)) - HddsDatanode metrics system stopped.
]]></system-out>
  </testcase>
</testsuite>