-------------------------------------------------------------------------------
Test set: org.apache.hadoop.fs.ozone.TestOzoneFileSystemWithFSO
-------------------------------------------------------------------------------
Tests run: 86, Failures: 1, Errors: 0, Skipped: 10, Time elapsed: 85.74 s <<< FAILURE! - in org.apache.hadoop.fs.ozone.TestOzoneFileSystemWithFSO
TestOzoneFileSystemWithFSO.testListStatusIteratorOnPageSize  Time elapsed: 16.321 s  <<< FAILURE!
java.lang.AssertionError: Delete root failed! expected:<0> but was:<1>
	at org.junit.Assert.fail(Assert.java:89)
	at org.junit.Assert.failNotEquals(Assert.java:835)
	at org.junit.Assert.assertEquals(Assert.java:647)
	at org.apache.hadoop.fs.ozone.TestOzoneFileSystem.deleteRootDir(TestOzoneFileSystem.java:749)
	at org.apache.hadoop.fs.ozone.TestOzoneFileSystemWithFSO.cleanup(TestOzoneFileSystemWithFSO.java:84)
	at sun.reflect.GeneratedMethodAccessor44.invoke(Unknown Source)
	at sun.reflect.DelegatingMethodAccessorImpl.invoke(DelegatingMethodAccessorImpl.java:43)
	at java.lang.reflect.Method.invoke(Method.java:498)
	at org.junit.runners.model.FrameworkMethod$1.runReflectiveCall(FrameworkMethod.java:59)
	at org.junit.internal.runners.model.ReflectiveCallable.run(ReflectiveCallable.java:12)
	at org.junit.runners.model.FrameworkMethod.invokeExplosively(FrameworkMethod.java:56)
	at org.junit.internal.runners.statements.RunAfters.invokeMethod(RunAfters.java:46)
	at org.junit.internal.runners.statements.RunAfters.evaluate(RunAfters.java:33)
	at org.junit.internal.runners.statements.FailOnTimeout$CallableStatement.call(FailOnTimeout.java:288)
	at org.junit.internal.runners.statements.FailOnTimeout$CallableStatement.call(FailOnTimeout.java:282)
	at java.util.concurrent.FutureTask.run(FutureTask.java:266)
	at java.lang.Thread.run(Thread.java:750)

