# JRE version: OpenJDK Runtime Environment (8.0_232-b09) (build 1.8.0_232-b09)
# Java VM: OpenJDK 64-Bit Server VM (25.232-b09 mixed mode linux-amd64 compressed oops)
Heap:
 PSYoungGen      total 623616K, used 69529K [0x00000000d5580000, 0x0000000100000000, 0x0000000100000000)
  eden space 561152K, 12% used [0x00000000d5580000,0x00000000d97de650,0x00000000f7980000)
  from space 62464K, 2% used [0x00000000f7980000,0x00000000f7b08000,0x00000000fb680000)
  to   space 58880K, 0% used [0x00000000fc680000,0x00000000fc680000,0x0000000100000000)
 ParOldGen       total 499712K, used 263563K [0x0000000080000000, 0x000000009e800000, 0x00000000d5580000)
  object space 499712K, 52% used [0x0000000080000000,0x0000000090162ce0,0x000000009e800000)
 Metaspace       used 78081K, capacity 82406K, committed 82648K, reserved 1122304K
  class space    used 8497K, capacity 9192K, committed 9216K, reserved 1048576K
GC Heap History (88 events):
Event: 0.426 GC heap before
{Heap before GC invocations=1 (full 0):
 PSYoungGen      total 32768K, used 28160K [0x00000000d5580000, 0x00000000d7a00000, 0x0000000100000000)
  eden space 28160K, 100% used [0x00000000d5580000,0x00000000d7100000,0x00000000d7100000)
  from space 4608K, 0% used [0x00000000d7580000,0x00000000d7580000,0x00000000d7a00000)
  to   space 4608K, 0% used [0x00000000d7100000,0x00000000d7100000,0x00000000d7580000)
 ParOldGen       total 75264K, used 0K [0x0000000080000000, 0x0000000084980000, 0x00000000d5580000)
  object space 75264K, 0% used [0x0000000080000000,0x0000000080000000,0x0000000084980000)
 Metaspace       used 4185K, capacity 4856K, committed 5120K, reserved 1056768K
  class space    used 406K, capacity 424K, committed 512K, reserved 1048576K
Event: 0.429 GC heap after
Heap after GC invocations=1 (full 0):
 PSYoungGen      total 32768K, used 2293K [0x00000000d5580000, 0x00000000d7a00000, 0x0000000100000000)
  eden space 28160K, 0% used [0x00000000d5580000,0x00000000d5580000,0x00000000d7100000)
  from space 4608K, 49% used [0x00000000d7100000,0x00000000d733d658,0x00000000d7580000)
  to   space 4608K, 0% used [0x00000000d7580000,0x00000000d7580000,0x00000000d7a00000)
 ParOldGen       total 75264K, used 0K [0x0000000080000000, 0x0000000084980000, 0x00000000d5580000)
  object space 75264K, 0% used [0x0000000080000000,0x0000000080000000,0x0000000084980000)
 Metaspace       used 4185K, capacity 4856K, committed 5120K, reserved 1056768K
  class space    used 406K, capacity 424K, committed 512K, reserved 1048576K
}
Event: 0.676 GC heap before
{Heap before GC invocations=2 (full 0):
 PSYoungGen      total 32768K, used 30453K [0x00000000d5580000, 0x00000000d7a00000, 0x0000000100000000)
  eden space 28160K, 100% used [0x00000000d5580000,0x00000000d7100000,0x00000000d7100000)
  from space 4608K, 49% used [0x00000000d7100000,0x00000000d733d658,0x00000000d7580000)
  to   space 4608K, 0% used [0x00000000d7580000,0x00000000d7580000,0x00000000d7a00000)
 ParOldGen       total 75264K, used 0K [0x0000000080000000, 0x0000000084980000, 0x00000000d5580000)
  object space 75264K, 0% used [0x0000000080000000,0x0000000080000000,0x0000000084980000)
 Metaspace       used 7638K, capacity 7780K, committed 8064K, reserved 1056768K
  class space    used 784K, capacity 840K, committed 896K, reserved 1048576K
Event: 0.681 GC heap after
Heap after GC invocations=2 (full 0):
 PSYoungGen      total 32768K, used 2944K [0x00000000d5580000, 0x00000000d9580000, 0x0000000100000000)
  eden space 28160K, 0% used [0x00000000d5580000,0x00000000d5580000,0x00000000d7100000)
  from space 4608K, 63% used [0x00000000d7580000,0x00000000d78601e0,0x00000000d7a00000)
  to   space 4608K, 0% used [0x00000000d7100000,0x00000000d7100000,0x00000000d7580000)
 ParOldGen       total 75264K, used 8K [0x0000000080000000, 0x0000000084980000, 0x00000000d5580000)
  object space 75264K, 0% used [0x0000000080000000,0x0000000080002000,0x0000000084980000)
 Metaspace       used 7638K, capacity 7780K, committed 8064K, reserved 1056768K
  class space    used 784K, capacity 840K, committed 896K, reserved 1048576K
}
Event: 0.921 GC heap before
{Heap before GC invocations=3 (full 0):
 PSYoungGen      total 32768K, used 31104K [0x00000000d5580000, 0x00000000d9580000, 0x0000000100000000)
  eden space 28160K, 100% used [0x00000000d5580000,0x00000000d7100000,0x00000000d7100000)
  from space 4608K, 63% used [0x00000000d7580000,0x00000000d78601e0,0x00000000d7a00000)
  to   space 4608K, 0% used [0x00000000d7100000,0x00000000d7100000,0x00000000d7580000)
 ParOldGen       total 75264K, used 8K [0x0000000080000000, 0x0000000084980000, 0x00000000d5580000)
  object space 75264K, 0% used [0x0000000080000000,0x0000000080002000,0x0000000084980000)
 Metaspace       used 9772K, capacity 10110K, committed 10240K, reserved 1058816K
  class space    used 1078K, capacity 1181K, committed 1280K, reserved 1048576K
Event: 0.926 GC heap after
Heap after GC invocations=3 (full 0):
 PSYoungGen      total 32768K, used 3607K [0x00000000d5580000, 0x00000000d9580000, 0x0000000100000000)
  eden space 28160K, 0% used [0x00000000d5580000,0x00000000d5580000,0x00000000d7100000)
  from space 4608K, 78% used [0x00000000d7100000,0x00000000d7485e50,0x00000000d7580000)
  to   space 4608K, 0% used [0x00000000d9100000,0x00000000d9100000,0x00000000d9580000)
 ParOldGen       total 75264K, used 16K [0x0000000080000000, 0x0000000084980000, 0x00000000d5580000)
  object space 75264K, 0% used [0x0000000080000000,0x0000000080004000,0x0000000084980000)
 Metaspace       used 9772K, capacity 10110K, committed 10240K, reserved 1058816K
  class space    used 1078K, capacity 1181K, committed 1280K, reserved 1048576K
}
Event: 1.151 GC heap before
{Heap before GC invocations=4 (full 0):
 PSYoungGen      total 32768K, used 31767K [0x00000000d5580000, 0x00000000d9580000, 0x0000000100000000)
  eden space 28160K, 100% used [0x00000000d5580000,0x00000000d7100000,0x00000000d7100000)
  from space 4608K, 78% used [0x00000000d7100000,0x00000000d7485e50,0x00000000d7580000)
  to   space 4608K, 0% used [0x00000000d9100000,0x00000000d9100000,0x00000000d9580000)
 ParOldGen       total 75264K, used 16K [0x0000000080000000, 0x0000000084980000, 0x00000000d5580000)
  object space 75264K, 0% used [0x0000000080000000,0x0000000080004000,0x0000000084980000)
 Metaspace       used 12543K, capacity 13296K, committed 13440K, reserved 1060864K
  class space    used 1440K, capacity 1618K, committed 1664K, reserved 1048576K
Event: 1.158 GC heap after
Heap after GC invocations=4 (full 0):
 PSYoungGen      total 60928K, used 4185K [0x00000000d5580000, 0x00000000d9580000, 0x0000000100000000)
  eden space 56320K, 0% used [0x00000000d5580000,0x00000000d5580000,0x00000000d8c80000)
  from space 4608K, 90% used [0x00000000d9100000,0x00000000d95165b8,0x00000000d9580000)
  to   space 4608K, 0% used [0x00000000d8c80000,0x00000000d8c80000,0x00000000d9100000)
 ParOldGen       total 75264K, used 24K [0x0000000080000000, 0x0000000084980000, 0x00000000d5580000)
  object space 75264K, 0% used [0x0000000080000000,0x0000000080006000,0x0000000084980000)
 Metaspace       used 12543K, capacity 13296K, committed 13440K, reserved 1060864K
  class space    used 1440K, capacity 1618K, committed 1664K, reserved 1048576K
}
Event: 1.810 GC heap before
{Heap before GC invocations=5 (full 0):
 PSYoungGen      total 60928K, used 60505K [0x00000000d5580000, 0x00000000d9580000, 0x0000000100000000)
  eden space 56320K, 100% used [0x00000000d5580000,0x00000000d8c80000,0x00000000d8c80000)
  from space 4608K, 90% used [0x00000000d9100000,0x00000000d95165b8,0x00000000d9580000)
  to   space 4608K, 0% used [0x00000000d8c80000,0x00000000d8c80000,0x00000000d9100000)
 ParOldGen       total 75264K, used 24K [0x0000000080000000, 0x0000000084980000, 0x00000000d5580000)
  object space 75264K, 0% used [0x0000000080000000,0x0000000080006000,0x0000000084980000)
 Metaspace       used 16807K, capacity 17518K, committed 17664K, reserved 1064960K
  class space    used 1874K, capacity 2039K, committed 2048K, reserved 1048576K
Event: 1.825 GC heap after
Heap after GC invocations=5 (full 0):
 PSYoungGen      total 60928K, used 4602K [0x00000000d5580000, 0x00000000dd180000, 0x0000000100000000)
  eden space 56320K, 0% used [0x00000000d5580000,0x00000000d5580000,0x00000000d8c80000)
  from space 4608K, 99% used [0x00000000d8c80000,0x00000000d90fe9b0,0x00000000d9100000)
  to   space 7168K, 0% used [0x00000000dca80000,0x00000000dca80000,0x00000000dd180000)
 ParOldGen       total 75264K, used 2386K [0x0000000080000000, 0x0000000084980000, 0x00000000d5580000)
  object space 75264K, 3% used [0x0000000080000000,0x0000000080254af8,0x0000000084980000)
 Metaspace       used 16807K, capacity 17518K, committed 17664K, reserved 1064960K
  class space    used 1874K, capacity 2039K, committed 2048K, reserved 1048576K
}
Event: 2.113 GC heap before
{Heap before GC invocations=6 (full 0):
 PSYoungGen      total 60928K, used 33490K [0x00000000d5580000, 0x00000000dd180000, 0x0000000100000000)
  eden space 56320K, 51% used [0x00000000d5580000,0x00000000d71b5ee0,0x00000000d8c80000)
  from space 4608K, 99% used [0x00000000d8c80000,0x00000000d90fe9b0,0x00000000d9100000)
  to   space 7168K, 0% used [0x00000000dca80000,0x00000000dca80000,0x00000000dd180000)
 ParOldGen       total 75264K, used 2386K [0x0000000080000000, 0x0000000084980000, 0x00000000d5580000)
  object space 75264K, 3% used [0x0000000080000000,0x0000000080254af8,0x0000000084980000)
 Metaspace       used 20371K, capacity 21116K, committed 21296K, reserved 1069056K
  class space    used 2269K, capacity 2426K, committed 2432K, reserved 1048576K
Event: 2.127 GC heap after
Heap after GC invocations=6 (full 0):
 PSYoungGen      total 119296K, used 5858K [0x00000000d5580000, 0x00000000dd280000, 0x0000000100000000)
  eden space 112128K, 0% used [0x00000000d5580000,0x00000000d5580000,0x00000000dc300000)
  from space 7168K, 81% used [0x00000000dca80000,0x00000000dd038bf0,0x00000000dd180000)
  to   space 7680K, 0% used [0x00000000dc300000,0x00000000dc300000,0x00000000dca80000)
 ParOldGen       total 75264K, used 2394K [0x0000000080000000, 0x0000000084980000, 0x00000000d5580000)
  object space 75264K, 3% used [0x0000000080000000,0x0000000080256af8,0x0000000084980000)
 Metaspace       used 20371K, capacity 21116K, committed 21296K, reserved 1069056K
  class space    used 2269K, capacity 2426K, committed 2432K, reserved 1048576K
}
Event: 2.127 GC heap before
{Heap before GC invocations=7 (full 1):
 PSYoungGen      total 119296K, used 5858K [0x00000000d5580000, 0x00000000dd280000, 0x0000000100000000)
  eden space 112128K, 0% used [0x00000000d5580000,0x00000000d5580000,0x00000000dc300000)
  from space 7168K, 81% used [0x00000000dca80000,0x00000000dd038bf0,0x00000000dd180000)
  to   space 7680K, 0% used [0x00000000dc300000,0x00000000dc300000,0x00000000dca80000)
 ParOldGen       total 75264K, used 2394K [0x0000000080000000, 0x0000000084980000, 0x00000000d5580000)
  object space 75264K, 3% used [0x0000000080000000,0x0000000080256af8,0x0000000084980000)
 Metaspace       used 20371K, capacity 21116K, committed 21296K, reserved 1069056K
  class space    used 2269K, capacity 2426K, committed 2432K, reserved 1048576K
Event: 2.174 GC heap after
Heap after GC invocations=7 (full 1):
 PSYoungGen      total 119296K, used 0K [0x00000000d5580000, 0x00000000dd280000, 0x0000000100000000)
  eden space 112128K, 0% used [0x00000000d5580000,0x00000000d5580000,0x00000000dc300000)
  from space 7168K, 0% used [0x00000000dca80000,0x00000000dca80000,0x00000000dd180000)
  to   space 7680K, 0% used [0x00000000dc300000,0x00000000dc300000,0x00000000dca80000)
 ParOldGen       total 48640K, used 5719K [0x0000000080000000, 0x0000000082f80000, 0x00000000d5580000)
  object space 48640K, 11% used [0x0000000080000000,0x0000000080595ee8,0x0000000082f80000)
 Metaspace       used 20371K, capacity 21116K, committed 21296K, reserved 1069056K
  class space    used 2269K, capacity 2426K, committed 2432K, reserved 1048576K
}
Event: 2.787 GC heap before
{Heap before GC invocations=8 (full 1):
 PSYoungGen      total 119296K, used 112128K [0x00000000d5580000, 0x00000000dd280000, 0x0000000100000000)
  eden space 112128K, 100% used [0x00000000d5580000,0x00000000dc300000,0x00000000dc300000)
  from space 7168K, 0% used [0x00000000dca80000,0x00000000dca80000,0x00000000dd180000)
  to   space 7680K, 0% used [0x00000000dc300000,0x00000000dc300000,0x00000000dca80000)
 ParOldGen       total 48640K, used 5719K [0x0000000080000000, 0x0000000082f80000, 0x00000000d5580000)
  object space 48640K, 11% used [0x0000000080000000,0x0000000080595ee8,0x0000000082f80000)
 Metaspace       used 24876K, capacity 25708K, committed 26112K, reserved 1073152K
  class space    used 2849K, capacity 3044K, committed 3072K, reserved 1048576K
Event: 2.794 GC heap after
Heap after GC invocations=8 (full 1):
 PSYoungGen      total 119808K, used 5673K [0x00000000d5580000, 0x00000000e0a80000, 0x0000000100000000)
  eden space 112128K, 0% used [0x00000000d5580000,0x00000000d5580000,0x00000000dc300000)
  from space 7680K, 73% used [0x00000000dc300000,0x00000000dc88a650,0x00000000dca80000)
  to   space 8192K, 0% used [0x00000000e0280000,0x00000000e0280000,0x00000000e0a80000)
 ParOldGen       total 48640K, used 5719K [0x0000000080000000, 0x0000000082f80000, 0x00000000d5580000)
  object space 48640K, 11% used [0x0000000080000000,0x0000000080595ee8,0x0000000082f80000)
 Metaspace       used 24876K, capacity 25708K, committed 26112K, reserved 1073152K
  class space    used 2849K, capacity 3044K, committed 3072K, reserved 1048576K
}
Event: 3.302 GC heap before
{Heap before GC invocations=9 (full 1):
 PSYoungGen      total 119808K, used 117801K [0x00000000d5580000, 0x00000000e0a80000, 0x0000000100000000)
  eden space 112128K, 100% used [0x00000000d5580000,0x00000000dc300000,0x00000000dc300000)
  from space 7680K, 73% used [0x00000000dc300000,0x00000000dc88a650,0x00000000dca80000)
  to   space 8192K, 0% used [0x00000000e0280000,0x00000000e0280000,0x00000000e0a80000)
 ParOldGen       total 48640K, used 5719K [0x0000000080000000, 0x0000000082f80000, 0x00000000d5580000)
  object space 48640K, 11% used [0x0000000080000000,0x0000000080595ee8,0x0000000082f80000)
 Metaspace       used 30118K, capacity 31010K, committed 31360K, reserved 1077248K
  class space    used 3454K, capacity 3630K, committed 3712K, reserved 1048576K
Event: 3.312 GC heap after
Heap after GC invocations=9 (full 1):
 PSYoungGen      total 176128K, used 8160K [0x00000000d5580000, 0x00000000e0c00000, 0x0000000100000000)
  eden space 167936K, 0% used [0x00000000d5580000,0x00000000d5580000,0x00000000df980000)
  from space 8192K, 99% used [0x00000000e0280000,0x00000000e0a78010,0x00000000e0a80000)
  to   space 9216K, 0% used [0x00000000df980000,0x00000000df980000,0x00000000e0280000)
 ParOldGen       total 48640K, used 5818K [0x0000000080000000, 0x0000000082f80000, 0x00000000d5580000)
  object space 48640K, 11% used [0x0000000080000000,0x00000000805aeb18,0x0000000082f80000)
 Metaspace       used 30118K, capacity 31010K, committed 31360K, reserved 1077248K
  class space    used 3454K, capacity 3630K, committed 3712K, reserved 1048576K
}
Event: 3.815 GC heap before
{Heap before GC invocations=10 (full 1):
 PSYoungGen      total 176128K, used 121917K [0x00000000d5580000, 0x00000000e0c00000, 0x0000000100000000)
  eden space 167936K, 67% used [0x00000000d5580000,0x00000000dc497790,0x00000000df980000)
  from space 8192K, 99% used [0x00000000e0280000,0x00000000e0a78010,0x00000000e0a80000)
  to   space 9216K, 0% used [0x00000000df980000,0x00000000df980000,0x00000000e0280000)
 ParOldGen       total 48640K, used 5818K [0x0000000080000000, 0x0000000082f80000, 0x00000000d5580000)
  object space 48640K, 11% used [0x0000000080000000,0x00000000805aeb18,0x0000000082f80000)
 Metaspace       used 34244K, capacity 35208K, committed 35456K, reserved 1081344K
  class space    used 3946K, capacity 4159K, committed 4224K, reserved 1048576K
Event: 3.831 GC heap after
Heap after GC invocations=10 (full 1):
 PSYoungGen      total 177152K, used 7467K [0x00000000d5580000, 0x00000000e4080000, 0x0000000100000000)
  eden space 167936K, 0% used [0x00000000d5580000,0x00000000d5580000,0x00000000df980000)
  from space 9216K, 81% used [0x00000000df980000,0x00000000e00cacb0,0x00000000e0280000)
  to   space 9728K, 0% used [0x00000000e3700000,0x00000000e3700000,0x00000000e4080000)
 ParOldGen       total 48640K, used 5818K [0x0000000080000000, 0x0000000082f80000, 0x00000000d5580000)
  object space 48640K, 11% used [0x0000000080000000,0x00000000805aeb18,0x0000000082f80000)
 Metaspace       used 34244K, capacity 35208K, committed 35456K, reserved 1081344K
  class space    used 3946K, capacity 4159K, committed 4224K, reserved 1048576K
}
Event: 3.831 GC heap before
{Heap before GC invocations=11 (full 2):
 PSYoungGen      total 177152K, used 7467K [0x00000000d5580000, 0x00000000e4080000, 0x0000000100000000)
  eden space 167936K, 0% used [0x00000000d5580000,0x00000000d5580000,0x00000000df980000)
  from space 9216K, 81% used [0x00000000df980000,0x00000000e00cacb0,0x00000000e0280000)
  to   space 9728K, 0% used [0x00000000e3700000,0x00000000e3700000,0x00000000e4080000)
 ParOldGen       total 48640K, used 5818K [0x0000000080000000, 0x0000000082f80000, 0x00000000d5580000)
  object space 48640K, 11% used [0x0000000080000000,0x00000000805aeb18,0x0000000082f80000)
 Metaspace       used 34244K, capacity 35208K, committed 35456K, reserved 1081344K
  class space    used 3946K, capacity 4159K, committed 4224K, reserved 1048576K
Event: 3.882 GC heap after
Heap after GC invocations=11 (full 2):
 PSYoungGen      total 177152K, used 0K [0x00000000d5580000, 0x00000000e4080000, 0x0000000100000000)
  eden space 167936K, 0% used [0x00000000d5580000,0x00000000d5580000,0x00000000df980000)
  from space 9216K, 0% used [0x00000000df980000,0x00000000df980000,0x00000000e0280000)
  to   space 9728K, 0% used [0x00000000e3700000,0x00000000e3700000,0x00000000e4080000)
 ParOldGen       total 75776K, used 11849K [0x0000000080000000, 0x0000000084a00000, 0x00000000d5580000)
  object space 75776K, 15% used [0x0000000080000000,0x0000000080b925c0,0x0000000084a00000)
 Metaspace       used 34244K, capacity 35208K, committed 35456K, reserved 1081344K
  class space    used 3946K, capacity 4159K, committed 4224K, reserved 1048576K
}
Event: 4.924 GC heap before
{Heap before GC invocations=12 (full 2):
 PSYoungGen      total 177152K, used 167936K [0x00000000d5580000, 0x00000000e4080000, 0x0000000100000000)
  eden space 167936K, 100% used [0x00000000d5580000,0x00000000df980000,0x00000000df980000)
  from space 9216K, 0% used [0x00000000df980000,0x00000000df980000,0x00000000e0280000)
  to   space 9728K, 0% used [0x00000000e3700000,0x00000000e3700000,0x00000000e4080000)
 ParOldGen       total 75776K, used 11849K [0x0000000080000000, 0x0000000084a00000, 0x00000000d5580000)
  object space 75776K, 15% used [0x0000000080000000,0x0000000080b925c0,0x0000000084a00000)
 Metaspace       used 40953K, capacity 42068K, committed 42624K, reserved 1087488K
  class space    used 4688K, capacity 4909K, committed 4992K, reserved 1048576K
Event: 4.939 GC heap after
Heap after GC invocations=12 (full 2):
 PSYoungGen      total 223232K, used 9717K [0x00000000d5580000, 0x00000000e4080000, 0x0000000100000000)
  eden space 213504K, 0% used [0x00000000d5580000,0x00000000d5580000,0x00000000e2600000)
  from space 9728K, 99% used [0x00000000e3700000,0x00000000e407d470,0x00000000e4080000)
  to   space 11264K, 0% used [0x00000000e2a80000,0x00000000e2a80000,0x00000000e3580000)
 ParOldGen       total 75776K, used 12606K [0x0000000080000000, 0x0000000084a00000, 0x00000000d5580000)
  object space 75776K, 16% used [0x0000000080000000,0x0000000080c4f870,0x0000000084a00000)
 Metaspace       used 40953K, capacity 42068K, committed 42624K, reserved 1087488K
  class space    used 4688K, capacity 4909K, committed 4992K, reserved 1048576K
}
Event: 6.336 GC heap before
{Heap before GC invocations=13 (full 2):
 PSYoungGen      total 223232K, used 223221K [0x00000000d5580000, 0x00000000e4080000, 0x0000000100000000)
  eden space 213504K, 100% used [0x00000000d5580000,0x00000000e2600000,0x00000000e2600000)
  from space 9728K, 99% used [0x00000000e3700000,0x00000000e407d470,0x00000000e4080000)
  to   space 11264K, 0% used [0x00000000e2a80000,0x00000000e2a80000,0x00000000e3580000)
 ParOldGen       total 75776K, used 12606K [0x0000000080000000, 0x0000000084a00000, 0x00000000d5580000)
  object space 75776K, 16% used [0x0000000080000000,0x0000000080c4f870,0x0000000084a00000)
 Metaspace       used 52002K, capacity 54046K, committed 54272K, reserved 1097728K
  class space    used 6013K, capacity 6360K, committed 6400K, reserved 1048576K
Event: 6.379 GC heap after
Heap after GC invocations=13 (full 2):
 PSYoungGen      total 229376K, used 11260K [0x00000000d5580000, 0x00000000e8200000, 0x0000000100000000)
  eden space 218112K, 0% used [0x00000000d5580000,0x00000000d5580000,0x00000000e2a80000)
  from space 11264K, 99% used [0x00000000e2a80000,0x00000000e357f2a8,0x00000000e3580000)
  to   space 16384K, 0% used [0x00000000e7200000,0x00000000e7200000,0x00000000e8200000)
 ParOldGen       total 75776K, used 21860K [0x0000000080000000, 0x0000000084a00000, 0x00000000d5580000)
  object space 75776K, 28% used [0x0000000080000000,0x00000000815593f8,0x0000000084a00000)
 Metaspace       used 52002K, capacity 54046K, committed 54272K, reserved 1097728K
  class space    used 6013K, capacity 6360K, committed 6400K, reserved 1048576K
}
Event: 8.237 GC heap before
{Heap before GC invocations=14 (full 2):
 PSYoungGen      total 229376K, used 229372K [0x00000000d5580000, 0x00000000e8200000, 0x0000000100000000)
  eden space 218112K, 100% used [0x00000000d5580000,0x00000000e2a80000,0x00000000e2a80000)
  from space 11264K, 99% used [0x00000000e2a80000,0x00000000e357f2a8,0x00000000e3580000)
  to   space 16384K, 0% used [0x00000000e7200000,0x00000000e7200000,0x00000000e8200000)
 ParOldGen       total 75776K, used 21860K [0x0000000080000000, 0x0000000084a00000, 0x00000000d5580000)
  object space 75776K, 28% used [0x0000000080000000,0x00000000815593f8,0x0000000084a00000)
 Metaspace       used 54260K, capacity 56632K, committed 56960K, reserved 1099776K
  class space    used 6266K, capacity 6695K, committed 6784K, reserved 1048576K
Event: 8.259 GC heap after
Heap after GC invocations=14 (full 2):
 PSYoungGen      total 290816K, used 11297K [0x00000000d5580000, 0x00000000e8480000, 0x0000000100000000)
  eden space 274432K, 0% used [0x00000000d5580000,0x00000000d5580000,0x00000000e6180000)
  from space 16384K, 68% used [0x00000000e7200000,0x00000000e7d085b0,0x00000000e8200000)
  to   space 16896K, 0% used [0x00000000e6180000,0x00000000e6180000,0x00000000e7200000)
 ParOldGen       total 75776K, used 27129K [0x0000000080000000, 0x0000000084a00000, 0x00000000d5580000)
  object space 75776K, 35% used [0x0000000080000000,0x0000000081a7e5a0,0x0000000084a00000)
 Metaspace       used 54260K, capacity 56632K, committed 56960K, reserved 1099776K
  class space    used 6266K, capacity 6695K, committed 6784K, reserved 1048576K
}
Event: 13.517 GC heap before
{Heap before GC invocations=15 (full 2):
 PSYoungGen      total 290816K, used 184246K [0x00000000d5580000, 0x00000000e8480000, 0x0000000100000000)
  eden space 274432K, 63% used [0x00000000d5580000,0x00000000dfe654c8,0x00000000e6180000)
  from space 16384K, 68% used [0x00000000e7200000,0x00000000e7d085b0,0x00000000e8200000)
  to   space 16896K, 0% used [0x00000000e6180000,0x00000000e6180000,0x00000000e7200000)
 ParOldGen       total 75776K, used 27129K [0x0000000080000000, 0x0000000084a00000, 0x00000000d5580000)
  object space 75776K, 35% used [0x0000000080000000,0x0000000081a7e5a0,0x0000000084a00000)
 Metaspace       used 56484K, capacity 59032K, committed 59096K, reserved 1101824K
  class space    used 6468K, capacity 6901K, committed 6912K, reserved 1048576K
Event: 13.536 GC heap after
Heap after GC invocations=15 (full 2):
 PSYoungGen      total 291328K, used 12954K [0x00000000d5580000, 0x00000000ec300000, 0x0000000100000000)
  eden space 274432K, 0% used [0x00000000d5580000,0x00000000d5580000,0x00000000e6180000)
  from space 16896K, 76% used [0x00000000e6180000,0x00000000e6e268a8,0x00000000e7200000)
  to   space 17920K, 0% used [0x00000000eb180000,0x00000000eb180000,0x00000000ec300000)
 ParOldGen       total 75776K, used 27137K [0x0000000080000000, 0x0000000084a00000, 0x00000000d5580000)
  object space 75776K, 35% used [0x0000000080000000,0x0000000081a805a0,0x0000000084a00000)
 Metaspace       used 56484K, capacity 59032K, committed 59096K, reserved 1101824K
  class space    used 6468K, capacity 6901K, committed 6912K, reserved 1048576K
}
Event: 13.536 GC heap before
{Heap before GC invocations=16 (full 3):
 PSYoungGen      total 291328K, used 12954K [0x00000000d5580000, 0x00000000ec300000, 0x0000000100000000)
  eden space 274432K, 0% used [0x00000000d5580000,0x00000000d5580000,0x00000000e6180000)
  from space 16896K, 76% used [0x00000000e6180000,0x00000000e6e268a8,0x00000000e7200000)
  to   space 17920K, 0% used [0x00000000eb180000,0x00000000eb180000,0x00000000ec300000)
 ParOldGen       total 75776K, used 27137K [0x0000000080000000, 0x0000000084a00000, 0x00000000d5580000)
  object space 75776K, 35% used [0x0000000080000000,0x0000000081a805a0,0x0000000084a00000)
 Metaspace       used 56484K, capacity 59032K, committed 59096K, reserved 1101824K
  class space    used 6468K, capacity 6901K, committed 6912K, reserved 1048576K
Event: 13.679 GC heap after
Heap after GC invocations=16 (full 3):
 PSYoungGen      total 291328K, used 0K [0x00000000d5580000, 0x00000000ec300000, 0x0000000100000000)
  eden space 274432K, 0% used [0x00000000d5580000,0x00000000d5580000,0x00000000e6180000)
  from space 16896K, 0% used [0x00000000e6180000,0x00000000e6180000,0x00000000e7200000)
  to   space 17920K, 0% used [0x00000000eb180000,0x00000000eb180000,0x00000000ec300000)
 ParOldGen       total 117248K, used 26969K [0x0000000080000000, 0x0000000087280000, 0x00000000d5580000)
  object space 117248K, 23% used [0x0000000080000000,0x0000000081a56748,0x0000000087280000)
 Metaspace       used 56484K, capacity 59032K, committed 59096K, reserved 1101824K
  class space    used 6468K, capacity 6901K, committed 6912K, reserved 1048576K
}
Event: 16.448 GC heap before
{Heap before GC invocations=17 (full 3):
 PSYoungGen      total 291328K, used 274432K [0x00000000d5580000, 0x00000000ec300000, 0x0000000100000000)
  eden space 274432K, 100% used [0x00000000d5580000,0x00000000e6180000,0x00000000e6180000)
  from space 16896K, 0% used [0x00000000e6180000,0x00000000e6180000,0x00000000e7200000)
  to   space 17920K, 0% used [0x00000000eb180000,0x00000000eb180000,0x00000000ec300000)
 ParOldGen       total 117248K, used 26969K [0x0000000080000000, 0x0000000087280000, 0x00000000d5580000)
  object space 117248K, 23% used [0x0000000080000000,0x0000000081a56748,0x0000000087280000)
 Metaspace       used 65521K, capacity 68790K, committed 69080K, reserved 1110016K
  class space    used 7497K, capacity 8072K, committed 8192K, reserved 1048576K
Event: 16.482 GC heap after
Heap after GC invocations=17 (full 3):
 PSYoungGen      total 349184K, used 17892K [0x00000000d5580000, 0x00000000ed400000, 0x0000000100000000)
  eden space 331264K, 0% used [0x00000000d5580000,0x00000000d5580000,0x00000000e9900000)
  from space 17920K, 99% used [0x00000000eb180000,0x00000000ec2f9180,0x00000000ec300000)
  to   space 25088K, 0% used [0x00000000e9900000,0x00000000e9900000,0x00000000eb180000)
 ParOldGen       total 117248K, used 38649K [0x0000000080000000, 0x0000000087280000, 0x00000000d5580000)
  object space 117248K, 32% used [0x0000000080000000,0x00000000825be4d0,0x0000000087280000)
 Metaspace       used 65521K, capacity 68790K, committed 69080K, reserved 1110016K
  class space    used 7497K, capacity 8072K, committed 8192K, reserved 1048576K
}
Event: 17.867 GC heap before
{Heap before GC invocations=18 (full 3):
 PSYoungGen      total 349184K, used 349156K [0x00000000d5580000, 0x00000000ed400000, 0x0000000100000000)
  eden space 331264K, 100% used [0x00000000d5580000,0x00000000e9900000,0x00000000e9900000)
  from space 17920K, 99% used [0x00000000eb180000,0x00000000ec2f9180,0x00000000ec300000)
  to   space 25088K, 0% used [0x00000000e9900000,0x00000000e9900000,0x00000000eb180000)
 ParOldGen       total 117248K, used 38649K [0x0000000080000000, 0x0000000087280000, 0x00000000d5580000)
  object space 117248K, 32% used [0x0000000080000000,0x00000000825be4d0,0x0000000087280000)
 Metaspace       used 72840K, capacity 76674K, committed 76888K, reserved 1118208K
  class space    used 8167K, capacity 8812K, committed 8832K, reserved 1048576K
Event: 17.902 GC heap after
Heap after GC invocations=18 (full 3):
 PSYoungGen      total 356352K, used 25058K [0x00000000d5580000, 0x00000000f3e00000, 0x0000000100000000)
  eden space 331264K, 0% used [0x00000000d5580000,0x00000000d5580000,0x00000000e9900000)
  from space 25088K, 99% used [0x00000000e9900000,0x00000000eb178b18,0x00000000eb180000)
  to   space 40448K, 0% used [0x00000000f1680000,0x00000000f1680000,0x00000000f3e00000)
 ParOldGen       total 117248K, used 69676K [0x0000000080000000, 0x0000000087280000, 0x00000000d5580000)
  object space 117248K, 59% used [0x0000000080000000,0x000000008440b180,0x0000000087280000)
 Metaspace       used 72840K, capacity 76674K, committed 76888K, reserved 1118208K
  class space    used 8167K, capacity 8812K, committed 8832K, reserved 1048576K
}
Event: 24.990 GC heap before
{Heap before GC invocations=19 (full 3):
 PSYoungGen      total 356352K, used 356322K [0x00000000d5580000, 0x00000000f3e00000, 0x0000000100000000)
  eden space 331264K, 100% used [0x00000000d5580000,0x00000000e9900000,0x00000000e9900000)
  from space 25088K, 99% used [0x00000000e9900000,0x00000000eb178b18,0x00000000eb180000)
  to   space 40448K, 0% used [0x00000000f1680000,0x00000000f1680000,0x00000000f3e00000)
 ParOldGen       total 117248K, used 69676K [0x0000000080000000, 0x0000000087280000, 0x00000000d5580000)
  object space 117248K, 59% used [0x0000000080000000,0x000000008440b180,0x0000000087280000)
 Metaspace       used 75107K, capacity 79258K, committed 79448K, reserved 1120256K
  class space    used 8351K, capacity 9020K, committed 9088K, reserved 1048576K
Event: 25.064 GC heap after
Heap after GC invocations=19 (full 3):
 PSYoungGen      total 435200K, used 40438K [0x00000000d5580000, 0x00000000f6900000, 0x0000000100000000)
  eden space 394752K, 0% used [0x00000000d5580000,0x00000000d5580000,0x00000000ed700000)
  from space 40448K, 99% used [0x00000000f1680000,0x00000000f3dfdbe0,0x00000000f3e00000)
  to   space 65024K, 0% used [0x00000000ed700000,0x00000000ed700000,0x00000000f1680000)
 ParOldGen       total 117760K, used 117421K [0x0000000080000000, 0x0000000087300000, 0x00000000d5580000)
  object space 117760K, 99% used [0x0000000080000000,0x00000000872ab570,0x0000000087300000)
 Metaspace       used 75107K, capacity 79258K, committed 79448K, reserved 1120256K
  class space    used 8351K, capacity 9020K, committed 9088K, reserved 1048576K
}
Event: 25.064 GC heap before
{Heap before GC invocations=20 (full 4):
 PSYoungGen      total 435200K, used 40438K [0x00000000d5580000, 0x00000000f6900000, 0x0000000100000000)
  eden space 394752K, 0% used [0x00000000d5580000,0x00000000d5580000,0x00000000ed700000)
  from space 40448K, 99% used [0x00000000f1680000,0x00000000f3dfdbe0,0x00000000f3e00000)
  to   space 65024K, 0% used [0x00000000ed700000,0x00000000ed700000,0x00000000f1680000)
 ParOldGen       total 117760K, used 117421K [0x0000000080000000, 0x0000000087300000, 0x00000000d5580000)
  object space 117760K, 99% used [0x0000000080000000,0x00000000872ab570,0x0000000087300000)
 Metaspace       used 75107K, capacity 79258K, committed 79448K, reserved 1120256K
  class space    used 8351K, capacity 9020K, committed 9088K, reserved 1048576K
Event: 25.313 GC heap after
Heap after GC invocations=20 (full 4):
 PSYoungGen      total 435200K, used 11919K [0x00000000d5580000, 0x00000000f6900000, 0x0000000100000000)
  eden space 394752K, 0% used [0x00000000d5580000,0x00000000d5580000,0x00000000ed700000)
  from space 40448K, 29% used [0x00000000f1680000,0x00000000f2223f18,0x00000000f3e00000)
  to   space 65024K, 0% used [0x00000000ed700000,0x00000000ed700000,0x00000000f1680000)
 ParOldGen       total 265216K, used 117756K [0x0000000080000000, 0x0000000090300000, 0x00000000d5580000)
  object space 265216K, 44% used [0x0000000080000000,0x00000000872ff0f8,0x0000000090300000)
 Metaspace       used 75085K, capacity 79210K, committed 79448K, reserved 1120256K
  class space    used 8343K, capacity 9006K, committed 9088K, reserved 1048576K
}
Event: 26.067 GC heap before
{Heap before GC invocations=21 (full 4):
 PSYoungGen      total 435200K, used 406671K [0x00000000d5580000, 0x00000000f6900000, 0x0000000100000000)
  eden space 394752K, 100% used [0x00000000d5580000,0x00000000ed700000,0x00000000ed700000)
  from space 40448K, 29% used [0x00000000f1680000,0x00000000f2223f18,0x00000000f3e00000)
  to   space 65024K, 0% used [0x00000000ed700000,0x00000000ed700000,0x00000000f1680000)
 ParOldGen       total 265216K, used 117756K [0x0000000080000000, 0x0000000090300000, 0x00000000d5580000)
  object space 265216K, 44% used [0x0000000080000000,0x00000000872ff0f8,0x0000000090300000)
 Metaspace       used 75104K, capacity 79222K, committed 79448K, reserved 1120256K
  class space    used 8343K, capacity 9006K, committed 9088K, reserved 1048576K
Event: 26.114 GC heap after
Heap after GC invocations=21 (full 4):
 PSYoungGen      total 459776K, used 4032K [0x00000000d5580000, 0x00000000fa300000, 0x0000000100000000)
  eden space 394752K, 0% used [0x00000000d5580000,0x00000000d5580000,0x00000000ed700000)
  from space 65024K, 6% used [0x00000000ed700000,0x00000000edaf0000,0x00000000f1680000)
  to   space 64000K, 0% used [0x00000000f6480000,0x00000000f6480000,0x00000000fa300000)
 ParOldGen       total 265216K, used 131665K [0x0000000080000000, 0x0000000090300000, 0x00000000d5580000)
  object space 265216K, 49% used [0x0000000080000000,0x0000000088094698,0x0000000090300000)
 Metaspace       used 75104K, capacity 79222K, committed 79448K, reserved 1120256K
  class space    used 8343K, capacity 9006K, committed 9088K, reserved 1048576K
}
Event: 26.875 GC heap before
{Heap before GC invocations=22 (full 4):
 PSYoungGen      total 459776K, used 398784K [0x00000000d5580000, 0x00000000fa300000, 0x0000000100000000)
  eden space 394752K, 100% used [0x00000000d5580000,0x00000000ed700000,0x00000000ed700000)
  from space 65024K, 6% used [0x00000000ed700000,0x00000000edaf0000,0x00000000f1680000)
  to   space 64000K, 0% used [0x00000000f6480000,0x00000000f6480000,0x00000000fa300000)
 ParOldGen       total 265216K, used 131665K [0x0000000080000000, 0x0000000090300000, 0x00000000d5580000)
  object space 265216K, 49% used [0x0000000080000000,0x0000000088094698,0x0000000090300000)
 Metaspace       used 75120K, capacity 79226K, committed 79448K, reserved 1120256K
  class space    used 8343K, capacity 9006K, committed 9088K, reserved 1048576K
Event: 26.883 GC heap after
Heap after GC invocations=22 (full 4):
 PSYoungGen      total 525312K, used 2848K [0x00000000d5580000, 0x00000000f9a80000, 0x0000000100000000)
  eden space 470016K, 0% used [0x00000000d5580000,0x00000000d5580000,0x00000000f2080000)
  from space 55296K, 5% used [0x00000000f6480000,0x00000000f6748000,0x00000000f9a80000)
  to   space 62464K, 0% used [0x00000000f2080000,0x00000000f2080000,0x00000000f5d80000)
 ParOldGen       total 265216K, used 131705K [0x0000000080000000, 0x0000000090300000, 0x00000000d5580000)
  object space 265216K, 49% used [0x0000000080000000,0x000000008809e6a8,0x0000000090300000)
 Metaspace       used 75120K, capacity 79226K, committed 79448K, reserved 1120256K
  class space    used 8343K, capacity 9006K, committed 9088K, reserved 1048576K
}
Event: 27.790 GC heap before
{Heap before GC invocations=23 (full 4):
 PSYoungGen      total 525312K, used 472864K [0x00000000d5580000, 0x00000000f9a80000, 0x0000000100000000)
  eden space 470016K, 100% used [0x00000000d5580000,0x00000000f2080000,0x00000000f2080000)
  from space 55296K, 5% used [0x00000000f6480000,0x00000000f6748000,0x00000000f9a80000)
  to   space 62464K, 0% used [0x00000000f2080000,0x00000000f2080000,0x00000000f5d80000)
 ParOldGen       total 265216K, used 131705K [0x0000000080000000, 0x0000000090300000, 0x00000000d5580000)
  object space 265216K, 49% used [0x0000000080000000,0x000000008809e6a8,0x0000000090300000)
 Metaspace       used 75142K, capacity 79290K, committed 79448K, reserved 1120256K
  class space    used 8343K, capacity 9006K, committed 9088K, reserved 1048576K
Event: 27.798 GC heap after
Heap after GC invocations=23 (full 4):
 PSYoungGen      total 532480K, used 3264K [0x00000000d5580000, 0x00000000fe800000, 0x0000000100000000)
  eden space 470016K, 0% used [0x00000000d5580000,0x00000000d5580000,0x00000000f2080000)
  from space 62464K, 5% used [0x00000000f2080000,0x00000000f23b0000,0x00000000f5d80000)
  to   space 60928K, 0% used [0x00000000fac80000,0x00000000fac80000,0x00000000fe800000)
 ParOldGen       total 265216K, used 131705K [0x0000000080000000, 0x0000000090300000, 0x00000000d5580000)
  object space 265216K, 49% used [0x0000000080000000,0x000000008809e6a8,0x0000000090300000)
 Metaspace       used 75142K, capacity 79290K, committed 79448K, reserved 1120256K
  class space    used 8343K, capacity 9006K, committed 9088K, reserved 1048576K
}
Event: 28.695 GC heap before
{Heap before GC invocations=24 (full 4):
 PSYoungGen      total 532480K, used 473280K [0x00000000d5580000, 0x00000000fe800000, 0x0000000100000000)
  eden space 470016K, 100% used [0x00000000d5580000,0x00000000f2080000,0x00000000f2080000)
  from space 62464K, 5% used [0x00000000f2080000,0x00000000f23b0000,0x00000000f5d80000)
  to   space 60928K, 0% used [0x00000000fac80000,0x00000000fac80000,0x00000000fe800000)
 ParOldGen       total 265216K, used 131705K [0x0000000080000000, 0x0000000090300000, 0x00000000d5580000)
  object space 265216K, 49% used [0x0000000080000000,0x000000008809e6a8,0x0000000090300000)
 Metaspace       used 75195K, capacity 79310K, committed 79448K, reserved 1120256K
  class space    used 8343K, capacity 9006K, committed 9088K, reserved 1048576K
Event: 28.704 GC heap after
Heap after GC invocations=24 (full 4):
 PSYoungGen      total 599040K, used 4064K [0x00000000d5580000, 0x00000000fdf00000, 0x0000000100000000)
  eden space 547328K, 0% used [0x00000000d5580000,0x00000000d5580000,0x00000000f6c00000)
  from space 51712K, 7% used [0x00000000fac80000,0x00000000fb078000,0x00000000fdf00000)
  to   space 58880K, 0% used [0x00000000f6c00000,0x00000000f6c00000,0x00000000fa580000)
 ParOldGen       total 265216K, used 131713K [0x0000000080000000, 0x0000000090300000, 0x00000000d5580000)
  object space 265216K, 49% used [0x0000000080000000,0x00000000880a06a8,0x0000000090300000)
 Metaspace       used 75195K, capacity 79310K, committed 79448K, reserved 1120256K
  class space    used 8343K, capacity 9006K, committed 9088K, reserved 1048576K
}
Event: 29.753 GC heap before
{Heap before GC invocations=25 (full 4):
 PSYoungGen      total 599040K, used 551392K [0x00000000d5580000, 0x00000000fdf00000, 0x0000000100000000)
  eden space 547328K, 100% used [0x00000000d5580000,0x00000000f6c00000,0x00000000f6c00000)
  from space 51712K, 7% used [0x00000000fac80000,0x00000000fb078000,0x00000000fdf00000)
  to   space 58880K, 0% used [0x00000000f6c00000,0x00000000f6c00000,0x00000000fa580000)
 ParOldGen       total 265216K, used 131713K [0x0000000080000000, 0x0000000090300000, 0x00000000d5580000)
  object space 265216K, 49% used [0x0000000080000000,0x00000000880a06a8,0x0000000090300000)
 Metaspace       used 75306K, capacity 79440K, committed 79704K, reserved 1120256K
  class space    used 8349K, capacity 9015K, committed 9088K, reserved 1048576K
Event: 29.765 GC heap after
Heap after GC invocations=25 (full 4):
 PSYoungGen      total 606208K, used 11552K [0x00000000d5580000, 0x0000000100000000, 0x0000000100000000)
  eden space 547328K, 0% used [0x00000000d5580000,0x00000000d5580000,0x00000000f6c00000)
  from space 58880K, 19% used [0x00000000f6c00000,0x00000000f7748020,0x00000000fa580000)
  to   space 55296K, 0% used [0x00000000fca00000,0x00000000fca00000,0x0000000100000000)
 ParOldGen       total 265216K, used 131721K [0x0000000080000000, 0x0000000090300000, 0x00000000d5580000)
  object space 265216K, 49% used [0x0000000080000000,0x00000000880a26a8,0x0000000090300000)
 Metaspace       used 75306K, capacity 79440K, committed 79704K, reserved 1120256K
  class space    used 8349K, capacity 9015K, committed 9088K, reserved 1048576K
}
Event: 31.436 GC heap before
{Heap before GC invocations=26 (full 4):
 PSYoungGen      total 606208K, used 558880K [0x00000000d5580000, 0x0000000100000000, 0x0000000100000000)
  eden space 547328K, 100% used [0x00000000d5580000,0x00000000f6c00000,0x00000000f6c00000)
  from space 58880K, 19% used [0x00000000f6c00000,0x00000000f7748020,0x00000000fa580000)
  to   space 55296K, 0% used [0x00000000fca00000,0x00000000fca00000,0x0000000100000000)
 ParOldGen       total 265216K, used 131721K [0x0000000080000000, 0x0000000090300000, 0x00000000d5580000)
  object space 265216K, 49% used [0x0000000080000000,0x00000000880a26a8,0x0000000090300000)
 Metaspace       used 75384K, capacity 79514K, committed 79704K, reserved 1120256K
  class space    used 8350K, capacity 9018K, committed 9088K, reserved 1048576K
Event: 31.449 GC heap after
Heap after GC invocations=26 (full 4):
 PSYoungGen      total 629248K, used 11136K [0x00000000d5580000, 0x00000000ff580000, 0x0000000100000000)
  eden space 584704K, 0% used [0x00000000d5580000,0x00000000d5580000,0x00000000f9080000)
  from space 44544K, 25% used [0x00000000fca00000,0x00000000fd4e0010,0x00000000ff580000)
  to   space 51712K, 0% used [0x00000000f9080000,0x00000000f9080000,0x00000000fc300000)
 ParOldGen       total 265216K, used 131721K [0x0000000080000000, 0x0000000090300000, 0x00000000d5580000)
  object space 265216K, 49% used [0x0000000080000000,0x00000000880a26a8,0x0000000090300000)
 Metaspace       used 75384K, capacity 79514K, committed 79704K, reserved 1120256K
  class space    used 8350K, capacity 9018K, committed 9088K, reserved 1048576K
}
Event: 96.640 GC heap before
{Heap before GC invocations=27 (full 4):
 PSYoungGen      total 629248K, used 595840K [0x00000000d5580000, 0x00000000ff580000, 0x0000000100000000)
  eden space 584704K, 100% used [0x00000000d5580000,0x00000000f9080000,0x00000000f9080000)
  from space 44544K, 25% used [0x00000000fca00000,0x00000000fd4e0010,0x00000000ff580000)
  to   space 51712K, 0% used [0x00000000f9080000,0x00000000f9080000,0x00000000fc300000)
 ParOldGen       total 265216K, used 131721K [0x0000000080000000, 0x0000000090300000, 0x00000000d5580000)
  object space 265216K, 49% used [0x0000000080000000,0x00000000880a26a8,0x0000000090300000)
 Metaspace       used 76714K, capacity 80978K, committed 81240K, reserved 1122304K
  class space    used 8388K, capacity 9074K, committed 9088K, reserved 1048576K
Event: 96.828 GC heap after
Heap after GC invocations=27 (full 4):
 PSYoungGen      total 636416K, used 51680K [0x00000000d5580000, 0x0000000100000000, 0x0000000100000000)
  eden space 584704K, 0% used [0x00000000d5580000,0x00000000d5580000,0x00000000f9080000)
  from space 51712K, 99% used [0x00000000f9080000,0x00000000fc2f8020,0x00000000fc300000)
  to   space 62464K, 0% used [0x00000000fc300000,0x00000000fc300000,0x0000000100000000)
 ParOldGen       total 318464K, used 318255K [0x0000000080000000, 0x0000000093700000, 0x00000000d5580000)
  object space 318464K, 99% used [0x0000000080000000,0x00000000936cbe38,0x0000000093700000)
 Metaspace       used 76714K, capacity 80978K, committed 81240K, reserved 1122304K
  class space    used 8388K, capacity 9074K, committed 9088K, reserved 1048576K
}
Event: 96.828 GC heap before
{Heap before GC invocations=28 (full 5):
 PSYoungGen      total 636416K, used 51680K [0x00000000d5580000, 0x0000000100000000, 0x0000000100000000)
  eden space 584704K, 0% used [0x00000000d5580000,0x00000000d5580000,0x00000000f9080000)
  from space 51712K, 99% used [0x00000000f9080000,0x00000000fc2f8020,0x00000000fc300000)
  to   space 62464K, 0% used [0x00000000fc300000,0x00000000fc300000,0x0000000100000000)
 ParOldGen       total 318464K, used 318255K [0x0000000080000000, 0x0000000093700000, 0x00000000d5580000)
  object space 318464K, 99% used [0x0000000080000000,0x00000000936cbe38,0x0000000093700000)
 Metaspace       used 76714K, capacity 80978K, committed 81240K, reserved 1122304K
  class space    used 8388K, capacity 9074K, committed 9088K, reserved 1048576K
Event: 97.053 GC heap after
Heap after GC invocations=28 (full 5):
 PSYoungGen      total 636416K, used 0K [0x00000000d5580000, 0x0000000100000000, 0x0000000100000000)
  eden space 584704K, 0% used [0x00000000d5580000,0x00000000d5580000,0x00000000f9080000)
  from space 51712K, 0% used [0x00000000f9080000,0x00000000f9080000,0x00000000fc300000)
  to   space 62464K, 0% used [0x00000000fc300000,0x00000000fc300000,0x0000000100000000)
 ParOldGen       total 499712K, used 262923K [0x0000000080000000, 0x000000009e800000, 0x00000000d5580000)
  object space 499712K, 52% used [0x0000000080000000,0x00000000900c2cb0,0x000000009e800000)
 Metaspace       used 76714K, capacity 80978K, committed 81240K, reserved 1122304K
  class space    used 8388K, capacity 9074K, committed 9088K, reserved 1048576K
}
Event: 103.293 GC heap before
{Heap before GC invocations=29 (full 5):
 PSYoungGen      total 636416K, used 584704K [0x00000000d5580000, 0x0000000100000000, 0x0000000100000000)
  eden space 584704K, 100% used [0x00000000d5580000,0x00000000f9080000,0x00000000f9080000)
  from space 51712K, 0% used [0x00000000f9080000,0x00000000f9080000,0x00000000fc300000)
  to   space 62464K, 0% used [0x00000000fc300000,0x00000000fc300000,0x0000000100000000)
 ParOldGen       total 499712K, used 262923K [0x0000000080000000, 0x000000009e800000, 0x00000000d5580000)
  object space 499712K, 52% used [0x0000000080000000,0x00000000900c2cb0,0x000000009e800000)
 Metaspace       used 77891K, capacity 82214K, committed 82392K, reserved 1122304K
  class space    used 8489K, capacity 9180K, committed 9216K, reserved 1048576K
Event: 103.313 GC heap after
Heap after GC invocations=29 (full 5):
 PSYoungGen      total 512512K, used 21001K [0x00000000d5580000, 0x0000000100000000, 0x0000000100000000)
  eden space 450048K, 0% used [0x00000000d5580000,0x00000000d5580000,0x00000000f0d00000)
  from space 62464K, 33% used [0x00000000fc300000,0x00000000fd7826a0,0x0000000100000000)
  to   space 124416K, 0% used [0x00000000f0d00000,0x00000000f0d00000,0x00000000f8680000)
 ParOldGen       total 499712K, used 262931K [0x0000000080000000, 0x000000009e800000, 0x00000000d5580000)
  object space 499712K, 52% used [0x0000000080000000,0x00000000900c4cb0,0x000000009e800000)
 Metaspace       used 77891K, capacity 82214K, committed 82392K, reserved 1122304K
  class space    used 8489K, capacity 9180K, committed 9216K, reserved 1048576K
}
Event: 104.177 GC heap before
{Heap before GC invocations=30 (full 5):
 PSYoungGen      total 512512K, used 471049K [0x00000000d5580000, 0x0000000100000000, 0x0000000100000000)
  eden space 450048K, 100% used [0x00000000d5580000,0x00000000f0d00000,0x00000000f0d00000)
  from space 62464K, 33% used [0x00000000fc300000,0x00000000fd7826a0,0x0000000100000000)
  to   space 124416K, 0% used [0x00000000f0d00000,0x00000000f0d00000,0x00000000f8680000)
 ParOldGen       total 499712K, used 262931K [0x0000000080000000, 0x000000009e800000, 0x00000000d5580000)
  object space 499712K, 52% used [0x0000000080000000,0x00000000900c4cb0,0x000000009e800000)
 Metaspace       used 77924K, capacity 82218K, committed 82392K, reserved 1122304K
  class space    used 8489K, capacity 9180K, committed 9216K, reserved 1048576K
Event: 104.185 GC heap after
Heap after GC invocations=30 (full 5):
 PSYoungGen      total 574464K, used 3664K [0x00000000d5580000, 0x0000000100000000, 0x0000000100000000)
  eden space 450048K, 0% used [0x00000000d5580000,0x00000000d5580000,0x00000000f0d00000)
  from space 124416K, 2% used [0x00000000f0d00000,0x00000000f1094010,0x00000000f8680000)
  to   space 120832K, 0% used [0x00000000f8a00000,0x00000000f8a00000,0x0000000100000000)
 ParOldGen       total 499712K, used 262931K [0x0000000080000000, 0x000000009e800000, 0x00000000d5580000)
  object space 499712K, 52% used [0x0000000080000000,0x00000000900c4cb0,0x000000009e800000)
 Metaspace       used 77924K, capacity 82218K, committed 82392K, reserved 1122304K
  class space    used 8489K, capacity 9180K, committed 9216K, reserved 1048576K
}
Event: 104.633 GC heap before
{Heap before GC invocations=31 (full 5):
 PSYoungGen      total 574464K, used 453712K [0x00000000d5580000, 0x0000000100000000, 0x0000000100000000)
  eden space 450048K, 100% used [0x00000000d5580000,0x00000000f0d00000,0x00000000f0d00000)
  from space 124416K, 2% used [0x00000000f0d00000,0x00000000f1094010,0x00000000f8680000)
  to   space 120832K, 0% used [0x00000000f8a00000,0x00000000f8a00000,0x0000000100000000)
 ParOldGen       total 499712K, used 262931K [0x0000000080000000, 0x000000009e800000, 0x00000000d5580000)
  object space 499712K, 52% used [0x0000000080000000,0x00000000900c4cb0,0x000000009e800000)
 Metaspace       used 77928K, capacity 82286K, committed 82392K, reserved 1122304K
  class space    used 8489K, capacity 9180K, committed 9216K, reserved 1048576K
Event: 104.640 GC heap after
Heap after GC invocations=31 (full 5):
 PSYoungGen      total 563712K, used 2112K [0x00000000d5580000, 0x00000000ff580000, 0x0000000100000000)
  eden space 453632K, 0% used [0x00000000d5580000,0x00000000d5580000,0x00000000f1080000)
  from space 110080K, 1% used [0x00000000f8a00000,0x00000000f8c10020,0x00000000ff580000)
  to   space 117248K, 0% used [0x00000000f1080000,0x00000000f1080000,0x00000000f8300000)
 ParOldGen       total 499712K, used 262931K [0x0000000080000000, 0x000000009e800000, 0x00000000d5580000)
  object space 499712K, 52% used [0x0000000080000000,0x00000000900c4cb0,0x000000009e800000)
 Metaspace       used 77928K, capacity 82286K, committed 82392K, reserved 1122304K
  class space    used 8489K, capacity 9180K, committed 9216K, reserved 1048576K
}
Event: 105.088 GC heap before
{Heap before GC invocations=32 (full 5):
 PSYoungGen      total 563712K, used 455744K [0x00000000d5580000, 0x00000000ff580000, 0x0000000100000000)
  eden space 453632K, 100% used [0x00000000d5580000,0x00000000f1080000,0x00000000f1080000)
  from space 110080K, 1% used [0x00000000f8a00000,0x00000000f8c10020,0x00000000ff580000)
  to   space 117248K, 0% used [0x00000000f1080000,0x00000000f1080000,0x00000000f8300000)
 ParOldGen       total 499712K, used 262931K [0x0000000080000000, 0x000000009e800000, 0x00000000d5580000)
  object space 499712K, 52% used [0x0000000080000000,0x00000000900c4cb0,0x000000009e800000)
 Metaspace       used 77929K, capacity 82286K, committed 82392K, reserved 1122304K
  class space    used 8489K, capacity 9180K, committed 9216K, reserved 1048576K
Event: 105.094 GC heap after
Heap after GC invocations=32 (full 5):
 PSYoungGen      total 570880K, used 2480K [0x00000000d5580000, 0x00000000fff00000, 0x0000000100000000)
  eden space 453632K, 0% used [0x00000000d5580000,0x00000000d5580000,0x00000000f1080000)
  from space 117248K, 2% used [0x00000000f1080000,0x00000000f12ec010,0x00000000f8300000)
  to   space 113152K, 0% used [0x00000000f9080000,0x00000000f9080000,0x00000000fff00000)
 ParOldGen       total 499712K, used 262931K [0x0000000080000000, 0x000000009e800000, 0x00000000d5580000)
  object space 499712K, 52% used [0x0000000080000000,0x00000000900c4cb0,0x000000009e800000)
 Metaspace       used 77929K, capacity 82286K, committed 82392K, reserved 1122304K
  class space    used 8489K, capacity 9180K, committed 9216K, reserved 1048576K
}
Event: 105.541 GC heap before
{Heap before GC invocations=33 (full 5):
 PSYoungGen      total 570880K, used 456112K [0x00000000d5580000, 0x00000000fff00000, 0x0000000100000000)
  eden space 453632K, 100% used [0x00000000d5580000,0x00000000f1080000,0x00000000f1080000)
  from space 117248K, 2% used [0x00000000f1080000,0x00000000f12ec010,0x00000000f8300000)
  to   space 113152K, 0% used [0x00000000f9080000,0x00000000f9080000,0x00000000fff00000)
 ParOldGen       total 499712K, used 262931K [0x0000000080000000, 0x000000009e800000, 0x00000000d5580000)
  object space 499712K, 52% used [0x0000000080000000,0x00000000900c4cb0,0x000000009e800000)
 Metaspace       used 77937K, capacity 82286K, committed 82392K, reserved 1122304K
  class space    used 8489K, capacity 9180K, committed 9216K, reserved 1048576K
Event: 105.549 GC heap after
Heap after GC invocations=33 (full 5):
 PSYoungGen      total 569344K, used 2512K [0x00000000d5580000, 0x00000000ff300000, 0x0000000100000000)
  eden space 468480K, 0% used [0x00000000d5580000,0x00000000d5580000,0x00000000f1f00000)
  from space 100864K, 2% used [0x00000000f9080000,0x00000000f92f4010,0x00000000ff300000)
  to   space 108544K, 0% used [0x00000000f1f00000,0x00000000f1f00000,0x00000000f8900000)
 ParOldGen       total 499712K, used 262931K [0x0000000080000000, 0x000000009e800000, 0x00000000d5580000)
  object space 499712K, 52% used [0x0000000080000000,0x00000000900c4cb0,0x000000009e800000)
 Metaspace       used 77937K, capacity 82286K, committed 82392K, reserved 1122304K
  class space    used 8489K, capacity 9180K, committed 9216K, reserved 1048576K
}
Event: 105.997 GC heap before
{Heap before GC invocations=34 (full 5):
 PSYoungGen      total 569344K, used 470992K [0x00000000d5580000, 0x00000000ff300000, 0x0000000100000000)
  eden space 468480K, 100% used [0x00000000d5580000,0x00000000f1f00000,0x00000000f1f00000)
  from space 100864K, 2% used [0x00000000f9080000,0x00000000f92f4010,0x00000000ff300000)
  to   space 108544K, 0% used [0x00000000f1f00000,0x00000000f1f00000,0x00000000f8900000)
 ParOldGen       total 499712K, used 262931K [0x0000000080000000, 0x000000009e800000, 0x00000000d5580000)
  object space 499712K, 52% used [0x0000000080000000,0x00000000900c4cb0,0x000000009e800000)
 Metaspace       used 77938K, capacity 82286K, committed 82392K, reserved 1122304K
  class space    used 8489K, capacity 9180K, committed 9216K, reserved 1048576K
Event: 106.004 GC heap after
Heap after GC invocations=34 (full 5):
 PSYoungGen      total 577024K, used 2496K [0x00000000d5580000, 0x00000000ffe80000, 0x0000000100000000)
  eden space 468480K, 0% used [0x00000000d5580000,0x00000000d5580000,0x00000000f1f00000)
  from space 108544K, 2% used [0x00000000f1f00000,0x00000000f2170020,0x00000000f8900000)
  to   space 103936K, 0% used [0x00000000f9900000,0x00000000f9900000,0x00000000ffe80000)
 ParOldGen       total 499712K, used 262931K [0x0000000080000000, 0x000000009e800000, 0x00000000d5580000)
  object space 499712K, 52% used [0x0000000080000000,0x00000000900c4cb0,0x000000009e800000)
 Metaspace       used 77938K, capacity 82286K, committed 82392K, reserved 1122304K
  class space    used 8489K, capacity 9180K, committed 9216K, reserved 1048576K
}
Event: 106.452 GC heap before
{Heap before GC invocations=35 (full 5):
 PSYoungGen      total 577024K, used 470976K [0x00000000d5580000, 0x00000000ffe80000, 0x0000000100000000)
  eden space 468480K, 100% used [0x00000000d5580000,0x00000000f1f00000,0x00000000f1f00000)
  from space 108544K, 2% used [0x00000000f1f00000,0x00000000f2170020,0x00000000f8900000)
  to   space 103936K, 0% used [0x00000000f9900000,0x00000000f9900000,0x00000000ffe80000)
 ParOldGen       total 499712K, used 262931K [0x0000000080000000, 0x000000009e800000, 0x00000000d5580000)
  object space 499712K, 52% used [0x0000000080000000,0x00000000900c4cb0,0x000000009e800000)
 Metaspace       used 77948K, capacity 82286K, committed 82392K, reserved 1122304K
  class space    used 8489K, capacity 9180K, committed 9216K, reserved 1048576K
Event: 106.459 GC heap after
Heap after GC invocations=35 (full 5):
 PSYoungGen      total 577024K, used 2496K [0x00000000d5580000, 0x00000000ff180000, 0x0000000100000000)
  eden space 486400K, 0% used [0x00000000d5580000,0x00000000d5580000,0x00000000f3080000)
  from space 90624K, 2% used [0x00000000f9900000,0x00000000f9b70000,0x00000000ff180000)
  to   space 98816K, 0% used [0x00000000f3080000,0x00000000f3080000,0x00000000f9100000)
 ParOldGen       total 499712K, used 262931K [0x0000000080000000, 0x000000009e800000, 0x00000000d5580000)
  object space 499712K, 52% used [0x0000000080000000,0x00000000900c4cb0,0x000000009e800000)
 Metaspace       used 77948K, capacity 82286K, committed 82392K, reserved 1122304K
  class space    used 8489K, capacity 9180K, committed 9216K, reserved 1048576K
}
Event: 106.917 GC heap before
{Heap before GC invocations=36 (full 5):
 PSYoungGen      total 577024K, used 488896K [0x00000000d5580000, 0x00000000ff180000, 0x0000000100000000)
  eden space 486400K, 100% used [0x00000000d5580000,0x00000000f3080000,0x00000000f3080000)
  from space 90624K, 2% used [0x00000000f9900000,0x00000000f9b70000,0x00000000ff180000)
  to   space 98816K, 0% used [0x00000000f3080000,0x00000000f3080000,0x00000000f9100000)
 ParOldGen       total 499712K, used 262931K [0x0000000080000000, 0x000000009e800000, 0x00000000d5580000)
  object space 499712K, 52% used [0x0000000080000000,0x00000000900c4cb0,0x000000009e800000)
 Metaspace       used 77949K, capacity 82286K, committed 82392K, reserved 1122304K
  class space    used 8489K, capacity 9180K, committed 9216K, reserved 1048576K
Event: 106.923 GC heap after
Heap after GC invocations=36 (full 5):
 PSYoungGen      total 585216K, used 2464K [0x00000000d5580000, 0x00000000fff00000, 0x0000000100000000)
  eden space 486400K, 0% used [0x00000000d5580000,0x00000000d5580000,0x00000000f3080000)
  from space 98816K, 2% used [0x00000000f3080000,0x00000000f32e8020,0x00000000f9100000)
  to   space 94208K, 0% used [0x00000000fa300000,0x00000000fa300000,0x00000000fff00000)
 ParOldGen       total 499712K, used 262931K [0x0000000080000000, 0x000000009e800000, 0x00000000d5580000)
  object space 499712K, 52% used [0x0000000080000000,0x00000000900c4cb0,0x000000009e800000)
 Metaspace       used 77949K, capacity 82286K, committed 82392K, reserved 1122304K
  class space    used 8489K, capacity 9180K, committed 9216K, reserved 1048576K
}
Event: 107.400 GC heap before
{Heap before GC invocations=37 (full 5):
 PSYoungGen      total 585216K, used 488864K [0x00000000d5580000, 0x00000000fff00000, 0x0000000100000000)
  eden space 486400K, 100% used [0x00000000d5580000,0x00000000f3080000,0x00000000f3080000)
  from space 98816K, 2% used [0x00000000f3080000,0x00000000f32e8020,0x00000000f9100000)
  to   space 94208K, 0% used [0x00000000fa300000,0x00000000fa300000,0x00000000fff00000)
 ParOldGen       total 499712K, used 262931K [0x0000000080000000, 0x000000009e800000, 0x00000000d5580000)
  object space 499712K, 52% used [0x0000000080000000,0x00000000900c4cb0,0x000000009e800000)
 Metaspace       used 77952K, capacity 82286K, committed 82392K, reserved 1122304K
  class space    used 8489K, capacity 9180K, committed 9216K, reserved 1048576K
Event: 107.407 GC heap after
Heap after GC invocations=37 (full 5):
 PSYoungGen      total 586240K, used 2464K [0x00000000d5580000, 0x00000000ff180000, 0x0000000100000000)
  eden space 505856K, 0% used [0x00000000d5580000,0x00000000d5580000,0x00000000f4380000)
  from space 80384K, 3% used [0x00000000fa300000,0x00000000fa568020,0x00000000ff180000)
  to   space 89088K, 0% used [0x00000000f4380000,0x00000000f4380000,0x00000000f9a80000)
 ParOldGen       total 499712K, used 262931K [0x0000000080000000, 0x000000009e800000, 0x00000000d5580000)
  object space 499712K, 52% used [0x0000000080000000,0x00000000900c4cb0,0x000000009e800000)
 Metaspace       used 77952K, capacity 82286K, committed 82392K, reserved 1122304K
  class space    used 8489K, capacity 9180K, committed 9216K, reserved 1048576K
}
Event: 107.895 GC heap before
{Heap before GC invocations=38 (full 5):
 PSYoungGen      total 586240K, used 508320K [0x00000000d5580000, 0x00000000ff180000, 0x0000000100000000)
  eden space 505856K, 100% used [0x00000000d5580000,0x00000000f4380000,0x00000000f4380000)
  from space 80384K, 3% used [0x00000000fa300000,0x00000000fa568020,0x00000000ff180000)
  to   space 89088K, 0% used [0x00000000f4380000,0x00000000f4380000,0x00000000f9a80000)
 ParOldGen       total 499712K, used 262931K [0x0000000080000000, 0x000000009e800000, 0x00000000d5580000)
  object space 499712K, 52% used [0x0000000080000000,0x00000000900c4cb0,0x000000009e800000)
 Metaspace       used 77954K, capacity 82286K, committed 82392K, reserved 1122304K
  class space    used 8489K, capacity 9180K, committed 9216K, reserved 1048576K
Event: 107.902 GC heap after
Heap after GC invocations=38 (full 5):
 PSYoungGen      total 594944K, used 2496K [0x00000000d5580000, 0x00000000fff80000, 0x0000000100000000)
  eden space 505856K, 0% used [0x00000000d5580000,0x00000000d5580000,0x00000000f4380000)
  from space 89088K, 2% used [0x00000000f4380000,0x00000000f45f0020,0x00000000f9a80000)
  to   space 84480K, 0% used [0x00000000fad00000,0x00000000fad00000,0x00000000fff80000)
 ParOldGen       total 499712K, used 262931K [0x0000000080000000, 0x000000009e800000, 0x00000000d5580000)
  object space 499712K, 52% used [0x0000000080000000,0x00000000900c4cb0,0x000000009e800000)
 Metaspace       used 77954K, capacity 82286K, committed 82392K, reserved 1122304K
  class space    used 8489K, capacity 9180K, committed 9216K, reserved 1048576K
}
Event: 108.586 GC heap before
{Heap before GC invocations=39 (full 5):
 PSYoungGen      total 594944K, used 508352K [0x00000000d5580000, 0x00000000fff80000, 0x0000000100000000)
  eden space 505856K, 100% used [0x00000000d5580000,0x00000000f4380000,0x00000000f4380000)
  from space 89088K, 2% used [0x00000000f4380000,0x00000000f45f0020,0x00000000f9a80000)
  to   space 84480K, 0% used [0x00000000fad00000,0x00000000fad00000,0x00000000fff80000)
 ParOldGen       total 499712K, used 262931K [0x0000000080000000, 0x000000009e800000, 0x00000000d5580000)
  object space 499712K, 52% used [0x0000000080000000,0x00000000900c4cb0,0x000000009e800000)
 Metaspace       used 77987K, capacity 82290K, committed 82392K, reserved 1122304K
  class space    used 8489K, capacity 9180K, committed 9216K, reserved 1048576K
Event: 108.594 GC heap after
Heap after GC invocations=39 (full 5):
 PSYoungGen      total 596480K, used 2096K [0x00000000d5580000, 0x00000000ff280000, 0x0000000100000000)
  eden space 525312K, 0% used [0x00000000d5580000,0x00000000d5580000,0x00000000f5680000)
  from space 71168K, 2% used [0x00000000fad00000,0x00000000faf0c010,0x00000000ff280000)
  to   space 79872K, 0% used [0x00000000f5680000,0x00000000f5680000,0x00000000fa480000)
 ParOldGen       total 499712K, used 262931K [0x0000000080000000, 0x000000009e800000, 0x00000000d5580000)
  object space 499712K, 52% used [0x0000000080000000,0x00000000900c4cb0,0x000000009e800000)
 Metaspace       used 77987K, capacity 82290K, committed 82392K, reserved 1122304K
  class space    used 8489K, capacity 9180K, committed 9216K, reserved 1048576K
}
Event: 109.189 GC heap before
{Heap before GC invocations=40 (full 5):
 PSYoungGen      total 596480K, used 527408K [0x00000000d5580000, 0x00000000ff280000, 0x0000000100000000)
  eden space 525312K, 100% used [0x00000000d5580000,0x00000000f5680000,0x00000000f5680000)
  from space 71168K, 2% used [0x00000000fad00000,0x00000000faf0c010,0x00000000ff280000)
  to   space 79872K, 0% used [0x00000000f5680000,0x00000000f5680000,0x00000000fa480000)
 ParOldGen       total 499712K, used 262931K [0x0000000080000000, 0x000000009e800000, 0x00000000d5580000)
  object space 499712K, 52% used [0x0000000080000000,0x00000000900c4cb0,0x000000009e800000)
 Metaspace       used 77991K, capacity 82290K, committed 82392K, reserved 1122304K
  class space    used 8489K, capacity 9180K, committed 9216K, reserved 1048576K
Event: 109.195 GC heap after
Heap after GC invocations=40 (full 5):
 PSYoungGen      total 605184K, used 2016K [0x00000000d5580000, 0x00000000fff80000, 0x0000000100000000)
  eden space 525312K, 0% used [0x00000000d5580000,0x00000000d5580000,0x00000000f5680000)
  from space 79872K, 2% used [0x00000000f5680000,0x00000000f5878020,0x00000000fa480000)
  to   space 75264K, 0% used [0x00000000fb600000,0x00000000fb600000,0x00000000fff80000)
 ParOldGen       total 499712K, used 262931K [0x0000000080000000, 0x000000009e800000, 0x00000000d5580000)
  object space 499712K, 52% used [0x0000000080000000,0x00000000900c4cb0,0x000000009e800000)
 Metaspace       used 77991K, capacity 82290K, committed 82392K, reserved 1122304K
  class space    used 8489K, capacity 9180K, committed 9216K, reserved 1048576K
}
Event: 109.920 GC heap before
{Heap before GC invocations=41 (full 5):
 PSYoungGen      total 605184K, used 527328K [0x00000000d5580000, 0x00000000fff80000, 0x0000000100000000)
  eden space 525312K, 100% used [0x00000000d5580000,0x00000000f5680000,0x00000000f5680000)
  from space 79872K, 2% used [0x00000000f5680000,0x00000000f5878020,0x00000000fa480000)
  to   space 75264K, 0% used [0x00000000fb600000,0x00000000fb600000,0x00000000fff80000)
 ParOldGen       total 499712K, used 262931K [0x0000000080000000, 0x000000009e800000, 0x00000000d5580000)
  object space 499712K, 52% used [0x0000000080000000,0x00000000900c4cb0,0x000000009e800000)
 Metaspace       used 77998K, capacity 82290K, committed 82392K, reserved 1122304K
  class space    used 8489K, capacity 9180K, committed 9216K, reserved 1048576K
Event: 109.929 GC heap after
Heap after GC invocations=41 (full 5):
 PSYoungGen      total 606720K, used 2224K [0x00000000d5580000, 0x00000000ff380000, 0x0000000100000000)
  eden space 543744K, 0% used [0x00000000d5580000,0x00000000d5580000,0x00000000f6880000)
  from space 62976K, 3% used [0x00000000fb600000,0x00000000fb82c010,0x00000000ff380000)
  to   space 71168K, 0% used [0x00000000f6880000,0x00000000f6880000,0x00000000fae00000)
 ParOldGen       total 499712K, used 262931K [0x0000000080000000, 0x000000009e800000, 0x00000000d5580000)
  object space 499712K, 52% used [0x0000000080000000,0x00000000900c4cb0,0x000000009e800000)
 Metaspace       used 77998K, capacity 82290K, committed 82392K, reserved 1122304K
  class space    used 8489K, capacity 9180K, committed 9216K, reserved 1048576K
}
Event: 110.966 GC heap before
{Heap before GC invocations=42 (full 5):
 PSYoungGen      total 606720K, used 545968K [0x00000000d5580000, 0x00000000ff380000, 0x0000000100000000)
  eden space 543744K, 100% used [0x00000000d5580000,0x00000000f6880000,0x00000000f6880000)
  from space 62976K, 3% used [0x00000000fb600000,0x00000000fb82c010,0x00000000ff380000)
  to   space 71168K, 0% used [0x00000000f6880000,0x00000000f6880000,0x00000000fae00000)
 ParOldGen       total 499712K, used 262931K [0x0000000080000000, 0x000000009e800000, 0x00000000d5580000)
  object space 499712K, 52% used [0x0000000080000000,0x00000000900c4cb0,0x000000009e800000)
 Metaspace       used 78000K, capacity 82290K, committed 82392K, reserved 1122304K
  class space    used 8489K, capacity 9180K, committed 9216K, reserved 1048576K
Event: 110.973 GC heap after
Heap after GC invocations=42 (full 5):
 PSYoungGen      total 614912K, used 2208K [0x00000000d5580000, 0x00000000fff00000, 0x0000000100000000)
  eden space 543744K, 0% used [0x00000000d5580000,0x00000000d5580000,0x00000000f6880000)
  from space 71168K, 3% used [0x00000000f6880000,0x00000000f6aa8000,0x00000000fae00000)
  to   space 66560K, 0% used [0x00000000fbe00000,0x00000000fbe00000,0x00000000fff00000)
 ParOldGen       total 499712K, used 262931K [0x0000000080000000, 0x000000009e800000, 0x00000000d5580000)
  object space 499712K, 52% used [0x0000000080000000,0x00000000900c4cb0,0x000000009e800000)
 Metaspace       used 78000K, capacity 82290K, committed 82392K, reserved 1122304K
  class space    used 8489K, capacity 9180K, committed 9216K, reserved 1048576K
}
Event: 112.002 GC heap before
{Heap before GC invocations=43 (full 5):
 PSYoungGen      total 614912K, used 545952K [0x00000000d5580000, 0x00000000fff00000, 0x0000000100000000)
  eden space 543744K, 100% used [0x00000000d5580000,0x00000000f6880000,0x00000000f6880000)
  from space 71168K, 3% used [0x00000000f6880000,0x00000000f6aa8000,0x00000000fae00000)
  to   space 66560K, 0% used [0x00000000fbe00000,0x00000000fbe00000,0x00000000fff00000)
 ParOldGen       total 499712K, used 262931K [0x0000000080000000, 0x000000009e800000, 0x00000000d5580000)
  object space 499712K, 52% used [0x0000000080000000,0x00000000900c4cb0,0x000000009e800000)
 Metaspace       used 78003K, capacity 82290K, committed 82392K, reserved 1122304K
  class space    used 8489K, capacity 9180K, committed 9216K, reserved 1048576K
Event: 112.009 GC heap after
Heap after GC invocations=43 (full 5):
 PSYoungGen      total 615936K, used 2176K [0x00000000d5580000, 0x00000000ff380000, 0x0000000100000000)
  eden space 561152K, 0% used [0x00000000d5580000,0x00000000d5580000,0x00000000f7980000)
  from space 54784K, 3% used [0x00000000fbe00000,0x00000000fc020000,0x00000000ff380000)
  to   space 62464K, 0% used [0x00000000f7980000,0x00000000f7980000,0x00000000fb680000)
 ParOldGen       total 499712K, used 262931K [0x0000000080000000, 0x000000009e800000, 0x00000000d5580000)
  object space 499712K, 52% used [0x0000000080000000,0x00000000900c4cb0,0x000000009e800000)
 Metaspace       used 78003K, capacity 82290K, committed 82392K, reserved 1122304K
  class space    used 8489K, capacity 9180K, committed 9216K, reserved 1048576K
}
Event: 113.063 GC heap before
{Heap before GC invocations=44 (full 5):
 PSYoungGen      total 615936K, used 563328K [0x00000000d5580000, 0x00000000ff380000, 0x0000000100000000)
  eden space 561152K, 100% used [0x00000000d5580000,0x00000000f7980000,0x00000000f7980000)
  from space 54784K, 3% used [0x00000000fbe00000,0x00000000fc020000,0x00000000ff380000)
  to   space 62464K, 0% used [0x00000000f7980000,0x00000000f7980000,0x00000000fb680000)
 ParOldGen       total 499712K, used 262931K [0x0000000080000000, 0x000000009e800000, 0x00000000d5580000)
  object space 499712K, 52% used [0x0000000080000000,0x00000000900c4cb0,0x000000009e800000)
 Metaspace       used 78008K, capacity 82290K, committed 82392K, reserved 1122304K
  class space    used 8489K, capacity 9180K, committed 9216K, reserved 1048576K
Event: 113.069 GC heap after
Heap after GC invocations=44 (full 5):
 PSYoungGen      total 623616K, used 1568K [0x00000000d5580000, 0x0000000100000000, 0x0000000100000000)
  eden space 561152K, 0% used [0x00000000d5580000,0x00000000d5580000,0x00000000f7980000)
  from space 62464K, 2% used [0x00000000f7980000,0x00000000f7b08000,0x00000000fb680000)
  to   space 58880K, 0% used [0x00000000fc680000,0x00000000fc680000,0x0000000100000000)
 ParOldGen       total 499712K, used 263563K [0x0000000080000000, 0x000000009e800000, 0x00000000d5580000)
  object space 499712K, 52% used [0x0000000080000000,0x0000000090162ce0,0x000000009e800000)
 Metaspace       used 78008K, capacity 82290K, committed 82392K, reserved 1122304K
  class space    used 8489K, capacity 9180K, committed 9216K, reserved 1048576K
}

