# JRE version: OpenJDK Runtime Environment (8.0_292-b10) (build 1.8.0_292-b10)
# Java VM: OpenJDK 64-Bit Server VM (25.292-b10 mixed mode linux-amd64 compressed oops)
Heap:
 PSYoungGen      total 680448K, used 253745K [0x00000000d5580000, 0x00000000fff00000, 0x0000000100000000)
  eden space 663552K, 37% used [0x00000000d5580000,0x00000000e4b94628,0x00000000fdd80000)
  from space 16896K, 10% used [0x00000000fdd80000,0x00000000fdf38010,0x00000000fee00000)
  to   space 16384K, 0% used [0x00000000fef00000,0x00000000fef00000,0x00000000fff00000)
 ParOldGen       total 211456K, used 104534K [0x0000000080000000, 0x000000008ce80000, 0x00000000d5580000)
  object space 211456K, 49% used [0x0000000080000000,0x00000000866158e8,0x000000008ce80000)
 Metaspace       used 82719K, capacity 87152K, committed 87384K, reserved 1126400K
  class space    used 9282K, capacity 10011K, committed 10112K, reserved 1048576K
GC Heap History (10 events):
Event: 106.682 GC heap before
{Heap before GC invocations=71 (full 4):
 PSYoungGen      total 679424K, used 663104K [0x00000000d5580000, 0x0000000100000000, 0x0000000100000000)
  eden space 660480K, 100% used [0x00000000d5580000,0x00000000fda80000,0x00000000fda80000)
  from space 18944K, 13% used [0x00000000fec80000,0x00000000fef10010,0x00000000fff00000)
  to   space 18432K, 0% used [0x00000000fda80000,0x00000000fda80000,0x00000000fec80000)
 ParOldGen       total 211456K, used 104390K [0x0000000080000000, 0x000000008ce80000, 0x00000000d5580000)
  object space 211456K, 49% used [0x0000000080000000,0x00000000865f18e8,0x000000008ce80000)
 Metaspace       used 82628K, capacity 87076K, committed 87256K, reserved 1126400K
  class space    used 9267K, capacity 9969K, committed 9984K, reserved 1048576K
Event: 106.691 GC heap after
Heap after GC invocations=71 (full 4):
 PSYoungGen      total 678912K, used 2560K [0x00000000d5580000, 0x00000000ffe80000, 0x0000000100000000)
  eden space 660480K, 0% used [0x00000000d5580000,0x00000000d5580000,0x00000000fda80000)
  from space 18432K, 13% used [0x00000000fda80000,0x00000000fdd00010,0x00000000fec80000)
  to   space 17920K, 0% used [0x00000000fed00000,0x00000000fed00000,0x00000000ffe80000)
 ParOldGen       total 211456K, used 104462K [0x0000000080000000, 0x000000008ce80000, 0x00000000d5580000)
  object space 211456K, 49% used [0x0000000080000000,0x00000000866038e8,0x000000008ce80000)
 Metaspace       used 82628K, capacity 87076K, committed 87256K, reserved 1126400K
  class space    used 9267K, capacity 9969K, committed 9984K, reserved 1048576K
}
Event: 108.306 GC heap before
{Heap before GC invocations=72 (full 4):
 PSYoungGen      total 678912K, used 663040K [0x00000000d5580000, 0x00000000ffe80000, 0x0000000100000000)
  eden space 660480K, 100% used [0x00000000d5580000,0x00000000fda80000,0x00000000fda80000)
  from space 18432K, 13% used [0x00000000fda80000,0x00000000fdd00010,0x00000000fec80000)
  to   space 17920K, 0% used [0x00000000fed00000,0x00000000fed00000,0x00000000ffe80000)
 ParOldGen       total 211456K, used 104462K [0x0000000080000000, 0x000000008ce80000, 0x00000000d5580000)
  object space 211456K, 49% used [0x0000000080000000,0x00000000866038e8,0x000000008ce80000)
 Metaspace       used 82652K, capacity 87082K, committed 87256K, reserved 1126400K
  class space    used 9268K, capacity 9970K, committed 9984K, reserved 1048576K
Event: 108.314 GC heap after
Heap after GC invocations=72 (full 4):
 PSYoungGen      total 679424K, used 2016K [0x00000000d5580000, 0x00000000fff80000, 0x0000000100000000)
  eden space 661504K, 0% used [0x00000000d5580000,0x00000000d5580000,0x00000000fdb80000)
  from space 17920K, 11% used [0x00000000fed00000,0x00000000feef8010,0x00000000ffe80000)
  to   space 17920K, 0% used [0x00000000fdb80000,0x00000000fdb80000,0x00000000fed00000)
 ParOldGen       total 211456K, used 104486K [0x0000000080000000, 0x000000008ce80000, 0x00000000d5580000)
  object space 211456K, 49% used [0x0000000080000000,0x00000000866098e8,0x000000008ce80000)
 Metaspace       used 82652K, capacity 87082K, committed 87256K, reserved 1126400K
  class space    used 9268K, capacity 9970K, committed 9984K, reserved 1048576K
}
Event: 111.409 GC heap before
{Heap before GC invocations=73 (full 4):
 PSYoungGen      total 679424K, used 663520K [0x00000000d5580000, 0x00000000fff80000, 0x0000000100000000)
  eden space 661504K, 100% used [0x00000000d5580000,0x00000000fdb80000,0x00000000fdb80000)
  from space 17920K, 11% used [0x00000000fed00000,0x00000000feef8010,0x00000000ffe80000)
  to   space 17920K, 0% used [0x00000000fdb80000,0x00000000fdb80000,0x00000000fed00000)
 ParOldGen       total 211456K, used 104486K [0x0000000080000000, 0x000000008ce80000, 0x00000000d5580000)
  object space 211456K, 49% used [0x0000000080000000,0x00000000866098e8,0x000000008ce80000)
 Metaspace       used 82675K, capacity 87096K, committed 87256K, reserved 1126400K
  class space    used 9270K, capacity 9973K, committed 9984K, reserved 1048576K
Event: 111.417 GC heap after
Heap after GC invocations=73 (full 4):
 PSYoungGen      total 679424K, used 1760K [0x00000000d5580000, 0x00000000fff00000, 0x0000000100000000)
  eden space 661504K, 0% used [0x00000000d5580000,0x00000000d5580000,0x00000000fdb80000)
  from space 17920K, 9% used [0x00000000fdb80000,0x00000000fdd38010,0x00000000fed00000)
  to   space 17408K, 0% used [0x00000000fee00000,0x00000000fee00000,0x00000000fff00000)
 ParOldGen       total 211456K, used 104502K [0x0000000080000000, 0x000000008ce80000, 0x00000000d5580000)
  object space 211456K, 49% used [0x0000000080000000,0x000000008660d8e8,0x000000008ce80000)
 Metaspace       used 82675K, capacity 87096K, committed 87256K, reserved 1126400K
  class space    used 9270K, capacity 9973K, committed 9984K, reserved 1048576K
}
Event: 114.428 GC heap before
{Heap before GC invocations=74 (full 4):
 PSYoungGen      total 679424K, used 663264K [0x00000000d5580000, 0x00000000fff00000, 0x0000000100000000)
  eden space 661504K, 100% used [0x00000000d5580000,0x00000000fdb80000,0x00000000fdb80000)
  from space 17920K, 9% used [0x00000000fdb80000,0x00000000fdd38010,0x00000000fed00000)
  to   space 17408K, 0% used [0x00000000fee00000,0x00000000fee00000,0x00000000fff00000)
 ParOldGen       total 211456K, used 104502K [0x0000000080000000, 0x000000008ce80000, 0x00000000d5580000)
  object space 211456K, 49% used [0x0000000080000000,0x000000008660d8e8,0x000000008ce80000)
 Metaspace       used 82676K, capacity 87096K, committed 87256K, reserved 1126400K
  class space    used 9270K, capacity 9973K, committed 9984K, reserved 1048576K
Event: 114.435 GC heap after
Heap after GC invocations=74 (full 4):
 PSYoungGen      total 680448K, used 1792K [0x00000000d5580000, 0x00000000ffe80000, 0x0000000100000000)
  eden space 663552K, 0% used [0x00000000d5580000,0x00000000d5580000,0x00000000fdd80000)
  from space 16896K, 10% used [0x00000000fee00000,0x00000000fefc0010,0x00000000ffe80000)
  to   space 16896K, 0% used [0x00000000fdd80000,0x00000000fdd80000,0x00000000fee00000)
 ParOldGen       total 211456K, used 104518K [0x0000000080000000, 0x000000008ce80000, 0x00000000d5580000)
  object space 211456K, 49% used [0x0000000080000000,0x00000000866118e8,0x000000008ce80000)
 Metaspace       used 82676K, capacity 87096K, committed 87256K, reserved 1126400K
  class space    used 9270K, capacity 9973K, committed 9984K, reserved 1048576K
}
Event: 117.605 GC heap before
{Heap before GC invocations=75 (full 4):
 PSYoungGen      total 680448K, used 665344K [0x00000000d5580000, 0x00000000ffe80000, 0x0000000100000000)
  eden space 663552K, 100% used [0x00000000d5580000,0x00000000fdd80000,0x00000000fdd80000)
  from space 16896K, 10% used [0x00000000fee00000,0x00000000fefc0010,0x00000000ffe80000)
  to   space 16896K, 0% used [0x00000000fdd80000,0x00000000fdd80000,0x00000000fee00000)
 ParOldGen       total 211456K, used 104518K [0x0000000080000000, 0x000000008ce80000, 0x00000000d5580000)
  object space 211456K, 49% used [0x0000000080000000,0x00000000866118e8,0x000000008ce80000)
 Metaspace       used 82698K, capacity 87128K, committed 87384K, reserved 1126400K
  class space    used 9278K, capacity 10005K, committed 10112K, reserved 1048576K
Event: 117.612 GC heap after
Heap after GC invocations=75 (full 4):
 PSYoungGen      total 680448K, used 1760K [0x00000000d5580000, 0x00000000fff00000, 0x0000000100000000)
  eden space 663552K, 0% used [0x00000000d5580000,0x00000000d5580000,0x00000000fdd80000)
  from space 16896K, 10% used [0x00000000fdd80000,0x00000000fdf38010,0x00000000fee00000)
  to   space 16384K, 0% used [0x00000000fef00000,0x00000000fef00000,0x00000000fff00000)
 ParOldGen       total 211456K, used 104534K [0x0000000080000000, 0x000000008ce80000, 0x00000000d5580000)
  object space 211456K, 49% used [0x0000000080000000,0x00000000866158e8,0x000000008ce80000)
 Metaspace       used 82698K, capacity 87128K, committed 87384K, reserved 1126400K
  class space    used 9278K, capacity 10005K, committed 10112K, reserved 1048576K
}

