# JRE version: OpenJDK Runtime Environment (8.0_292-b10) (build 1.8.0_292-b10)
# Java VM: OpenJDK 64-Bit Server VM (25.292-b10 mixed mode linux-amd64 compressed oops)
Heap:
 PSYoungGen      total 407552K, used 288753K [0x00000000d5580000, 0x00000000efd80000, 0x0000000100000000)
  eden space 392704K, 69% used [0x00000000d5580000,0x00000000e614b1d8,0x00000000ed500000)
  from space 14848K, 97% used [0x00000000eef00000,0x00000000efd315c8,0x00000000efd80000)
  to   space 18432K, 0% used [0x00000000ed980000,0x00000000ed980000,0x00000000eeb80000)
 ParOldGen       total 96768K, used 21759K [0x0000000080000000, 0x0000000085e80000, 0x00000000d5580000)
  object space 96768K, 22% used [0x0000000080000000,0x000000008153fcf8,0x0000000085e80000)
 Metaspace       used 69064K, capacity 72542K, committed 72832K, reserved 1114112K
  class space    used 8256K, capacity 8814K, committed 8832K, reserved 1048576K
GC Heap History (10 events):
Event: 11.169 GC heap before
{Heap before GC invocations=13 (full 2):
 PSYoungGen      total 227840K, used 227831K [0x00000000d5580000, 0x00000000e8b00000, 0x0000000100000000)
  eden space 216576K, 100% used [0x00000000d5580000,0x00000000e2900000,0x00000000e2900000)
  from space 11264K, 99% used [0x00000000e3580000,0x00000000e407dff8,0x00000000e4080000)
  to   space 12800K, 0% used [0x00000000e2900000,0x00000000e2900000,0x00000000e3580000)
 ParOldGen       total 80384K, used 18779K [0x0000000080000000, 0x0000000084e80000, 0x00000000d5580000)
  object space 80384K, 23% used [0x0000000080000000,0x0000000081256e08,0x0000000084e80000)
 Metaspace       used 48962K, capacity 51340K, committed 51584K, reserved 1093632K
  class space    used 6068K, capacity 6485K, committed 6528K, reserved 1048576K
Event: 11.186 GC heap after
Heap after GC invocations=13 (full 2):
 PSYoungGen      total 229376K, used 12786K [0x00000000d5580000, 0x00000000e9180000, 0x0000000100000000)
  eden space 216576K, 0% used [0x00000000d5580000,0x00000000d5580000,0x00000000e2900000)
  from space 12800K, 99% used [0x00000000e2900000,0x00000000e357c9f0,0x00000000e3580000)
  to   space 15872K, 0% used [0x00000000e8200000,0x00000000e8200000,0x00000000e9180000)
 ParOldGen       total 80384K, used 21679K [0x0000000080000000, 0x0000000084e80000, 0x00000000d5580000)
  object space 80384K, 26% used [0x0000000080000000,0x000000008152bd48,0x0000000084e80000)
 Metaspace       used 48962K, capacity 51340K, committed 51584K, reserved 1093632K
  class space    used 6068K, capacity 6485K, committed 6528K, reserved 1048576K
}
Event: 16.088 GC heap before
{Heap before GC invocations=14 (full 2):
 PSYoungGen      total 229376K, used 229362K [0x00000000d5580000, 0x00000000e9180000, 0x0000000100000000)
  eden space 216576K, 100% used [0x00000000d5580000,0x00000000e2900000,0x00000000e2900000)
  from space 12800K, 99% used [0x00000000e2900000,0x00000000e357c9f0,0x00000000e3580000)
  to   space 15872K, 0% used [0x00000000e8200000,0x00000000e8200000,0x00000000e9180000)
 ParOldGen       total 80384K, used 21679K [0x0000000080000000, 0x0000000084e80000, 0x00000000d5580000)
  object space 80384K, 26% used [0x0000000080000000,0x000000008152bd48,0x0000000084e80000)
 Metaspace       used 55765K, capacity 58218K, committed 58624K, reserved 1101824K
  class space    used 6717K, capacity 7136K, committed 7168K, reserved 1048576K
Event: 16.113 GC heap after
Heap after GC invocations=14 (full 2):
 PSYoungGen      total 296960K, used 11668K [0x00000000d5580000, 0x00000000e8d80000, 0x0000000100000000)
  eden space 285184K, 0% used [0x00000000d5580000,0x00000000d5580000,0x00000000e6c00000)
  from space 11776K, 99% used [0x00000000e8200000,0x00000000e8d65378,0x00000000e8d80000)
  to   space 16384K, 0% used [0x00000000e6d80000,0x00000000e6d80000,0x00000000e7d80000)
 ParOldGen       total 80384K, used 26596K [0x0000000080000000, 0x0000000084e80000, 0x00000000d5580000)
  object space 80384K, 33% used [0x0000000080000000,0x00000000819f9180,0x0000000084e80000)
 Metaspace       used 55765K, capacity 58218K, committed 58624K, reserved 1101824K
  class space    used 6717K, capacity 7136K, committed 7168K, reserved 1048576K
}
Event: 16.221 GC heap before
{Heap before GC invocations=15 (full 2):
 PSYoungGen      total 296960K, used 39376K [0x00000000d5580000, 0x00000000e8d80000, 0x0000000100000000)
  eden space 285184K, 9% used [0x00000000d5580000,0x00000000d708ed28,0x00000000e6c00000)
  from space 11776K, 99% used [0x00000000e8200000,0x00000000e8d65378,0x00000000e8d80000)
  to   space 16384K, 0% used [0x00000000e6d80000,0x00000000e6d80000,0x00000000e7d80000)
 ParOldGen       total 80384K, used 26596K [0x0000000080000000, 0x0000000084e80000, 0x00000000d5580000)
  object space 80384K, 33% used [0x0000000080000000,0x00000000819f9180,0x0000000084e80000)
 Metaspace       used 56368K, capacity 58816K, committed 59160K, reserved 1101824K
  class space    used 6774K, capacity 7205K, committed 7296K, reserved 1048576K
Event: 16.229 GC heap after
Heap after GC invocations=15 (full 2):
 PSYoungGen      total 303104K, used 2020K [0x00000000d5580000, 0x00000000eff80000, 0x0000000100000000)
  eden space 286720K, 0% used [0x00000000d5580000,0x00000000d5580000,0x00000000e6d80000)
  from space 16384K, 12% used [0x00000000e6d80000,0x00000000e6f790d0,0x00000000e7d80000)
  to   space 16896K, 0% used [0x00000000eef00000,0x00000000eef00000,0x00000000eff80000)
 ParOldGen       total 80384K, used 30196K [0x0000000080000000, 0x0000000084e80000, 0x00000000d5580000)
  object space 80384K, 37% used [0x0000000080000000,0x0000000081d7d258,0x0000000084e80000)
 Metaspace       used 56368K, capacity 58816K, committed 59160K, reserved 1101824K
  class space    used 6774K, capacity 7205K, committed 7296K, reserved 1048576K
}
Event: 16.229 GC heap before
{Heap before GC invocations=16 (full 3):
 PSYoungGen      total 303104K, used 2020K [0x00000000d5580000, 0x00000000eff80000, 0x0000000100000000)
  eden space 286720K, 0% used [0x00000000d5580000,0x00000000d5580000,0x00000000e6d80000)
  from space 16384K, 12% used [0x00000000e6d80000,0x00000000e6f790d0,0x00000000e7d80000)
  to   space 16896K, 0% used [0x00000000eef00000,0x00000000eef00000,0x00000000eff80000)
 ParOldGen       total 80384K, used 30196K [0x0000000080000000, 0x0000000084e80000, 0x00000000d5580000)
  object space 80384K, 37% used [0x0000000080000000,0x0000000081d7d258,0x0000000084e80000)
 Metaspace       used 56368K, capacity 58816K, committed 59160K, reserved 1101824K
  class space    used 6774K, capacity 7205K, committed 7296K, reserved 1048576K
Event: 16.329 GC heap after
Heap after GC invocations=16 (full 3):
 PSYoungGen      total 303104K, used 0K [0x00000000d5580000, 0x00000000eff80000, 0x0000000100000000)
  eden space 286720K, 0% used [0x00000000d5580000,0x00000000d5580000,0x00000000e6d80000)
  from space 16384K, 0% used [0x00000000e6d80000,0x00000000e6d80000,0x00000000e7d80000)
  to   space 16896K, 0% used [0x00000000eef00000,0x00000000eef00000,0x00000000eff80000)
 ParOldGen       total 96768K, used 21751K [0x0000000080000000, 0x0000000085e80000, 0x00000000d5580000)
  object space 96768K, 22% used [0x0000000080000000,0x000000008153dcf8,0x0000000085e80000)
 Metaspace       used 56368K, capacity 58816K, committed 59160K, reserved 1101824K
  class space    used 6774K, capacity 7205K, committed 7296K, reserved 1048576K
}
Event: 22.651 GC heap before
{Heap before GC invocations=17 (full 3):
 PSYoungGen      total 303104K, used 286720K [0x00000000d5580000, 0x00000000eff80000, 0x0000000100000000)
  eden space 286720K, 100% used [0x00000000d5580000,0x00000000e6d80000,0x00000000e6d80000)
  from space 16384K, 0% used [0x00000000e6d80000,0x00000000e6d80000,0x00000000e7d80000)
  to   space 16896K, 0% used [0x00000000eef00000,0x00000000eef00000,0x00000000eff80000)
 ParOldGen       total 96768K, used 21751K [0x0000000080000000, 0x0000000085e80000, 0x00000000d5580000)
  object space 96768K, 22% used [0x0000000080000000,0x000000008153dcf8,0x0000000085e80000)
 Metaspace       used 61720K, capacity 64574K, committed 64768K, reserved 1105920K
  class space    used 7354K, capacity 7840K, committed 7936K, reserved 1048576K
Event: 22.665 GC heap after
Heap after GC invocations=17 (full 3):
 PSYoungGen      total 407552K, used 14533K [0x00000000d5580000, 0x00000000efd80000, 0x0000000100000000)
  eden space 392704K, 0% used [0x00000000d5580000,0x00000000d5580000,0x00000000ed500000)
  from space 14848K, 97% used [0x00000000eef00000,0x00000000efd315c8,0x00000000efd80000)
  to   space 18432K, 0% used [0x00000000ed980000,0x00000000ed980000,0x00000000eeb80000)
 ParOldGen       total 96768K, used 21759K [0x0000000080000000, 0x0000000085e80000, 0x00000000d5580000)
  object space 96768K, 22% used [0x0000000080000000,0x000000008153fcf8,0x0000000085e80000)
 Metaspace       used 61720K, capacity 64574K, committed 64768K, reserved 1105920K
  class space    used 7354K, capacity 7840K, committed 7936K, reserved 1048576K
}

