# JRE version: OpenJDK Runtime Environment (8.0_332-b09) (build 1.8.0_332-b09)
# Java VM: OpenJDK 64-Bit Server VM (25.332-b09 mixed mode linux-amd64 compressed oops)
Heap:
 PSYoungGen      total 665600K, used 207461K [0x00000000d5580000, 0x00000000fff80000, 0x0000000100000000)
  eden space 636928K, 32% used [0x00000000d5580000,0x00000000e1fc15c8,0x00000000fc380000)
  from space 28672K, 1% used [0x00000000fc380000,0x00000000fc3d8000,0x00000000fdf80000)
  to   space 27136K, 0% used [0x00000000fe500000,0x00000000fe500000,0x00000000fff80000)
 ParOldGen       total 205312K, used 70548K [0x0000000080000000, 0x000000008c880000, 0x00000000d5580000)
  object space 205312K, 34% used [0x0000000080000000,0x00000000844e5138,0x000000008c880000)
 Metaspace       used 87032K, capacity 91836K, committed 91864K, reserved 1130496K
  class space    used 9734K, capacity 10469K, committed 10496K, reserved 1048576K
GC Heap History (10 events):
Event: 107.962 GC heap before
{Heap before GC invocations=63 (full 4):
 PSYoungGen      total 656384K, used 626976K [0x00000000d5580000, 0x00000000ffb00000, 0x0000000100000000)
  eden space 625152K, 100% used [0x00000000d5580000,0x00000000fb800000,0x00000000fb800000)
  from space 31232K, 5% used [0x00000000fdc80000,0x00000000fde48030,0x00000000ffb00000)
  to   space 34304K, 0% used [0x00000000fb800000,0x00000000fb800000,0x00000000fd980000)
 ParOldGen       total 205312K, used 69186K [0x0000000080000000, 0x000000008c880000, 0x00000000d5580000)
  object space 205312K, 33% used [0x0000000080000000,0x0000000084390880,0x000000008c880000)
 Metaspace       used 86984K, capacity 91748K, committed 91864K, reserved 1130496K
  class space    used 9729K, capacity 10463K, committed 10496K, reserved 1048576K
Event: 107.969 GC heap after
Heap after GC invocations=63 (full 4):
 PSYoungGen      total 659456K, used 512K [0x00000000d5580000, 0x0000000100000000, 0x0000000100000000)
  eden space 625152K, 0% used [0x00000000d5580000,0x00000000d5580000,0x00000000fb800000)
  from space 34304K, 1% used [0x00000000fb800000,0x00000000fb880000,0x00000000fd980000)
  to   space 32768K, 0% used [0x00000000fe000000,0x00000000fe000000,0x0000000100000000)
 ParOldGen       total 205312K, used 70340K [0x0000000080000000, 0x000000008c880000, 0x00000000d5580000)
  object space 205312K, 34% used [0x0000000080000000,0x00000000844b1138,0x000000008c880000)
 Metaspace       used 86984K, capacity 91748K, committed 91864K, reserved 1130496K
  class space    used 9729K, capacity 10463K, committed 10496K, reserved 1048576K
}
Event: 110.468 GC heap before
{Heap before GC invocations=64 (full 4):
 PSYoungGen      total 659456K, used 625664K [0x00000000d5580000, 0x0000000100000000, 0x0000000100000000)
  eden space 625152K, 100% used [0x00000000d5580000,0x00000000fb800000,0x00000000fb800000)
  from space 34304K, 1% used [0x00000000fb800000,0x00000000fb880000,0x00000000fd980000)
  to   space 32768K, 0% used [0x00000000fe000000,0x00000000fe000000,0x0000000100000000)
 ParOldGen       total 205312K, used 70340K [0x0000000080000000, 0x000000008c880000, 0x00000000d5580000)
  object space 205312K, 34% used [0x0000000080000000,0x00000000844b1138,0x000000008c880000)
 Metaspace       used 86986K, capacity 91748K, committed 91864K, reserved 1130496K
  class space    used 9729K, capacity 10463K, committed 10496K, reserved 1048576K
Event: 110.472 GC heap after
Heap after GC invocations=64 (full 4):
 PSYoungGen      total 660992K, used 480K [0x00000000d5580000, 0x00000000ffc80000, 0x0000000100000000)
  eden space 631808K, 0% used [0x00000000d5580000,0x00000000d5580000,0x00000000fbe80000)
  from space 29184K, 1% used [0x00000000fe000000,0x00000000fe078000,0x00000000ffc80000)
  to   space 31744K, 0% used [0x00000000fbe80000,0x00000000fbe80000,0x00000000fdd80000)
 ParOldGen       total 205312K, used 70404K [0x0000000080000000, 0x000000008c880000, 0x00000000d5580000)
  object space 205312K, 34% used [0x0000000080000000,0x00000000844c1138,0x000000008c880000)
 Metaspace       used 86986K, capacity 91748K, committed 91864K, reserved 1130496K
  class space    used 9729K, capacity 10463K, committed 10496K, reserved 1048576K
}
Event: 112.978 GC heap before
{Heap before GC invocations=65 (full 4):
 PSYoungGen      total 660992K, used 632288K [0x00000000d5580000, 0x00000000ffc80000, 0x0000000100000000)
  eden space 631808K, 100% used [0x00000000d5580000,0x00000000fbe80000,0x00000000fbe80000)
  from space 29184K, 1% used [0x00000000fe000000,0x00000000fe078000,0x00000000ffc80000)
  to   space 31744K, 0% used [0x00000000fbe80000,0x00000000fbe80000,0x00000000fdd80000)
 ParOldGen       total 205312K, used 70404K [0x0000000080000000, 0x000000008c880000, 0x00000000d5580000)
  object space 205312K, 34% used [0x0000000080000000,0x00000000844c1138,0x000000008c880000)
 Metaspace       used 86992K, capacity 91748K, committed 91864K, reserved 1130496K
  class space    used 9729K, capacity 10463K, committed 10496K, reserved 1048576K
Event: 112.984 GC heap after
Heap after GC invocations=65 (full 4):
 PSYoungGen      total 663552K, used 448K [0x00000000d5580000, 0x00000000fff80000, 0x0000000100000000)
  eden space 631808K, 0% used [0x00000000d5580000,0x00000000d5580000,0x00000000fbe80000)
  from space 31744K, 1% used [0x00000000fbe80000,0x00000000fbef0000,0x00000000fdd80000)
  to   space 30208K, 0% used [0x00000000fe200000,0x00000000fe200000,0x00000000fff80000)
 ParOldGen       total 205312K, used 70412K [0x0000000080000000, 0x000000008c880000, 0x00000000d5580000)
  object space 205312K, 34% used [0x0000000080000000,0x00000000844c3138,0x000000008c880000)
 Metaspace       used 86992K, capacity 91748K, committed 91864K, reserved 1130496K
  class space    used 9729K, capacity 10463K, committed 10496K, reserved 1048576K
}
Event: 115.486 GC heap before
{Heap before GC invocations=66 (full 4):
 PSYoungGen      total 663552K, used 632256K [0x00000000d5580000, 0x00000000fff80000, 0x0000000100000000)
  eden space 631808K, 100% used [0x00000000d5580000,0x00000000fbe80000,0x00000000fbe80000)
  from space 31744K, 1% used [0x00000000fbe80000,0x00000000fbef0000,0x00000000fdd80000)
  to   space 30208K, 0% used [0x00000000fe200000,0x00000000fe200000,0x00000000fff80000)
 ParOldGen       total 205312K, used 70412K [0x0000000080000000, 0x000000008c880000, 0x00000000d5580000)
  object space 205312K, 34% used [0x0000000080000000,0x00000000844c3138,0x000000008c880000)
 Metaspace       used 86997K, capacity 91748K, committed 91864K, reserved 1130496K
  class space    used 9729K, capacity 10463K, committed 10496K, reserved 1048576K
Event: 115.492 GC heap after
Heap after GC invocations=66 (full 4):
 PSYoungGen      total 663040K, used 448K [0x00000000d5580000, 0x00000000ffb80000, 0x0000000100000000)
  eden space 636928K, 0% used [0x00000000d5580000,0x00000000d5580000,0x00000000fc380000)
  from space 26112K, 1% used [0x00000000fe200000,0x00000000fe270000,0x00000000ffb80000)
  to   space 28672K, 0% used [0x00000000fc380000,0x00000000fc380000,0x00000000fdf80000)
 ParOldGen       total 205312K, used 70476K [0x0000000080000000, 0x000000008c880000, 0x00000000d5580000)
  object space 205312K, 34% used [0x0000000080000000,0x00000000844d3138,0x000000008c880000)
 Metaspace       used 86997K, capacity 91748K, committed 91864K, reserved 1130496K
  class space    used 9729K, capacity 10463K, committed 10496K, reserved 1048576K
}
Event: 118.013 GC heap before
{Heap before GC invocations=67 (full 4):
 PSYoungGen      total 663040K, used 637376K [0x00000000d5580000, 0x00000000ffb80000, 0x0000000100000000)
  eden space 636928K, 100% used [0x00000000d5580000,0x00000000fc380000,0x00000000fc380000)
  from space 26112K, 1% used [0x00000000fe200000,0x00000000fe270000,0x00000000ffb80000)
  to   space 28672K, 0% used [0x00000000fc380000,0x00000000fc380000,0x00000000fdf80000)
 ParOldGen       total 205312K, used 70476K [0x0000000080000000, 0x000000008c880000, 0x00000000d5580000)
  object space 205312K, 34% used [0x0000000080000000,0x00000000844d3138,0x000000008c880000)
 Metaspace       used 86997K, capacity 91748K, committed 91864K, reserved 1130496K
  class space    used 9729K, capacity 10463K, committed 10496K, reserved 1048576K
Event: 118.016 GC heap after
Heap after GC invocations=67 (full 4):
 PSYoungGen      total 665600K, used 352K [0x00000000d5580000, 0x00000000fff80000, 0x0000000100000000)
  eden space 636928K, 0% used [0x00000000d5580000,0x00000000d5580000,0x00000000fc380000)
  from space 28672K, 1% used [0x00000000fc380000,0x00000000fc3d8000,0x00000000fdf80000)
  to   space 27136K, 0% used [0x00000000fe500000,0x00000000fe500000,0x00000000fff80000)
 ParOldGen       total 205312K, used 70548K [0x0000000080000000, 0x000000008c880000, 0x00000000d5580000)
  object space 205312K, 34% used [0x0000000080000000,0x00000000844e5138,0x000000008c880000)
 Metaspace       used 86997K, capacity 91748K, committed 91864K, reserved 1130496K
  class space    used 9729K, capacity 10463K, committed 10496K, reserved 1048576K
}

