# JRE version: OpenJDK Runtime Environment (8.0_332-b09) (build 1.8.0_332-b09)
# Java VM: OpenJDK 64-Bit Server VM (25.332-b09 mixed mode linux-amd64 compressed oops)
Heap:
 PSYoungGen      total 675328K, used 298626K [0x00000000d5580000, 0x00000000ffe80000, 0x0000000100000000)
  eden space 654336K, 45% used [0x00000000d5580000,0x00000000e78acaf8,0x00000000fd480000)
  from space 20992K, 2% used [0x00000000fea00000,0x00000000fea74010,0x00000000ffe80000)
  to   space 21504K, 0% used [0x00000000fd480000,0x00000000fd480000,0x00000000fe980000)
 ParOldGen       total 188928K, used 72495K [0x0000000080000000, 0x000000008b880000, 0x00000000d5580000)
  object space 188928K, 38% used [0x0000000080000000,0x00000000846cbc50,0x000000008b880000)
 Metaspace       used 87451K, capacity 92228K, committed 92416K, reserved 1130496K
  class space    used 9736K, capacity 10479K, committed 10496K, reserved 1048576K
GC Heap History (10 events):
Event: 107.124 GC heap before
{Heap before GC invocations=56 (full 4):
 PSYoungGen      total 672256K, used 652704K [0x00000000d5580000, 0x00000000fff80000, 0x0000000100000000)
  eden space 647680K, 100% used [0x00000000d5580000,0x00000000fce00000,0x00000000fce00000)
  from space 24576K, 20% used [0x00000000fce00000,0x00000000fd2e8010,0x00000000fe600000)
  to   space 24064K, 0% used [0x00000000fe800000,0x00000000fe800000,0x00000000fff80000)
 ParOldGen       total 188928K, used 70907K [0x0000000080000000, 0x000000008b880000, 0x00000000d5580000)
  object space 188928K, 37% used [0x0000000080000000,0x000000008453ec00,0x000000008b880000)
 Metaspace       used 87324K, capacity 92046K, committed 92160K, reserved 1130496K
  class space    used 9725K, capacity 10468K, committed 10496K, reserved 1048576K
Event: 107.131 GC heap after
Heap after GC invocations=56 (full 4):
 PSYoungGen      total 673280K, used 3200K [0x00000000d5580000, 0x00000000ffe80000, 0x0000000100000000)
  eden space 650240K, 0% used [0x00000000d5580000,0x00000000d5580000,0x00000000fd080000)
  from space 23040K, 13% used [0x00000000fe800000,0x00000000feb20010,0x00000000ffe80000)
  to   space 23552K, 0% used [0x00000000fd080000,0x00000000fd080000,0x00000000fe780000)
 ParOldGen       total 188928K, used 70979K [0x0000000080000000, 0x000000008b880000, 0x00000000d5580000)
  object space 188928K, 37% used [0x0000000080000000,0x0000000084550c00,0x000000008b880000)
 Metaspace       used 87324K, capacity 92046K, committed 92160K, reserved 1130496K
  class space    used 9725K, capacity 10468K, committed 10496K, reserved 1048576K
}
Event: 109.988 GC heap before
{Heap before GC invocations=57 (full 4):
 PSYoungGen      total 673280K, used 653440K [0x00000000d5580000, 0x00000000ffe80000, 0x0000000100000000)
  eden space 650240K, 100% used [0x00000000d5580000,0x00000000fd080000,0x00000000fd080000)
  from space 23040K, 13% used [0x00000000fe800000,0x00000000feb20010,0x00000000ffe80000)
  to   space 23552K, 0% used [0x00000000fd080000,0x00000000fd080000,0x00000000fe780000)
 ParOldGen       total 188928K, used 70979K [0x0000000080000000, 0x000000008b880000, 0x00000000d5580000)
  object space 188928K, 37% used [0x0000000080000000,0x0000000084550c00,0x000000008b880000)
 Metaspace       used 87334K, capacity 92060K, committed 92160K, reserved 1130496K
  class space    used 9727K, capacity 10471K, committed 10496K, reserved 1048576K
Event: 109.995 GC heap after
Heap after GC invocations=57 (full 4):
 PSYoungGen      total 673792K, used 2528K [0x00000000d5580000, 0x00000000fff80000, 0x0000000100000000)
  eden space 650240K, 0% used [0x00000000d5580000,0x00000000d5580000,0x00000000fd080000)
  from space 23552K, 10% used [0x00000000fd080000,0x00000000fd2f8010,0x00000000fe780000)
  to   space 23040K, 0% used [0x00000000fe900000,0x00000000fe900000,0x00000000fff80000)
 ParOldGen       total 188928K, used 71011K [0x0000000080000000, 0x000000008b880000, 0x00000000d5580000)
  object space 188928K, 37% used [0x0000000080000000,0x0000000084558c00,0x000000008b880000)
 Metaspace       used 87334K, capacity 92060K, committed 92160K, reserved 1130496K
  class space    used 9727K, capacity 10471K, committed 10496K, reserved 1048576K
}
Event: 112.851 GC heap before
{Heap before GC invocations=58 (full 4):
 PSYoungGen      total 673792K, used 652768K [0x00000000d5580000, 0x00000000fff80000, 0x0000000100000000)
  eden space 650240K, 100% used [0x00000000d5580000,0x00000000fd080000,0x00000000fd080000)
  from space 23552K, 10% used [0x00000000fd080000,0x00000000fd2f8010,0x00000000fe780000)
  to   space 23040K, 0% used [0x00000000fe900000,0x00000000fe900000,0x00000000fff80000)
 ParOldGen       total 188928K, used 71011K [0x0000000080000000, 0x000000008b880000, 0x00000000d5580000)
  object space 188928K, 37% used [0x0000000080000000,0x0000000084558c00,0x000000008b880000)
 Metaspace       used 87337K, capacity 92060K, committed 92160K, reserved 1130496K
  class space    used 9727K, capacity 10471K, committed 10496K, reserved 1048576K
Event: 112.857 GC heap after
Heap after GC invocations=58 (full 4):
 PSYoungGen      total 674304K, used 2432K [0x00000000d5580000, 0x00000000ffe80000, 0x0000000100000000)
  eden space 652288K, 0% used [0x00000000d5580000,0x00000000d5580000,0x00000000fd280000)
  from space 22016K, 11% used [0x00000000fe900000,0x00000000feb60010,0x00000000ffe80000)
  to   space 22528K, 0% used [0x00000000fd280000,0x00000000fd280000,0x00000000fe880000)
 ParOldGen       total 188928K, used 71043K [0x0000000080000000, 0x000000008b880000, 0x00000000d5580000)
  object space 188928K, 37% used [0x0000000080000000,0x0000000084560c00,0x000000008b880000)
 Metaspace       used 87337K, capacity 92060K, committed 92160K, reserved 1130496K
  class space    used 9727K, capacity 10471K, committed 10496K, reserved 1048576K
}
Event: 115.679 GC heap before
{Heap before GC invocations=59 (full 4):
 PSYoungGen      total 674304K, used 654720K [0x00000000d5580000, 0x00000000ffe80000, 0x0000000100000000)
  eden space 652288K, 100% used [0x00000000d5580000,0x00000000fd280000,0x00000000fd280000)
  from space 22016K, 11% used [0x00000000fe900000,0x00000000feb60010,0x00000000ffe80000)
  to   space 22528K, 0% used [0x00000000fd280000,0x00000000fd280000,0x00000000fe880000)
 ParOldGen       total 188928K, used 71043K [0x0000000080000000, 0x000000008b880000, 0x00000000d5580000)
  object space 188928K, 37% used [0x0000000080000000,0x0000000084560c00,0x000000008b880000)
 Metaspace       used 87347K, capacity 92064K, committed 92160K, reserved 1130496K
  class space    used 9728K, capacity 10471K, committed 10496K, reserved 1048576K
Event: 115.686 GC heap after
Heap after GC invocations=59 (full 4):
 PSYoungGen      total 674816K, used 1488K [0x00000000d5580000, 0x00000000fff80000, 0x0000000100000000)
  eden space 652288K, 0% used [0x00000000d5580000,0x00000000d5580000,0x00000000fd280000)
  from space 22528K, 6% used [0x00000000fd280000,0x00000000fd3f4010,0x00000000fe880000)
  to   space 22016K, 0% used [0x00000000fea00000,0x00000000fea00000,0x00000000fff80000)
 ParOldGen       total 188928K, used 72021K [0x0000000080000000, 0x000000008b880000, 0x00000000d5580000)
  object space 188928K, 38% used [0x0000000080000000,0x0000000084655438,0x000000008b880000)
 Metaspace       used 87347K, capacity 92064K, committed 92160K, reserved 1130496K
  class space    used 9728K, capacity 10471K, committed 10496K, reserved 1048576K
}
Event: 118.479 GC heap before
{Heap before GC invocations=60 (full 4):
 PSYoungGen      total 674816K, used 653776K [0x00000000d5580000, 0x00000000fff80000, 0x0000000100000000)
  eden space 652288K, 100% used [0x00000000d5580000,0x00000000fd280000,0x00000000fd280000)
  from space 22528K, 6% used [0x00000000fd280000,0x00000000fd3f4010,0x00000000fe880000)
  to   space 22016K, 0% used [0x00000000fea00000,0x00000000fea00000,0x00000000fff80000)
 ParOldGen       total 188928K, used 72021K [0x0000000080000000, 0x000000008b880000, 0x00000000d5580000)
  object space 188928K, 38% used [0x0000000080000000,0x0000000084655438,0x000000008b880000)
 Metaspace       used 87347K, capacity 92064K, committed 92160K, reserved 1130496K
  class space    used 9728K, capacity 10471K, committed 10496K, reserved 1048576K
Event: 118.485 GC heap after
Heap after GC invocations=60 (full 4):
 PSYoungGen      total 675328K, used 464K [0x00000000d5580000, 0x00000000ffe80000, 0x0000000100000000)
  eden space 654336K, 0% used [0x00000000d5580000,0x00000000d5580000,0x00000000fd480000)
  from space 20992K, 2% used [0x00000000fea00000,0x00000000fea74010,0x00000000ffe80000)
  to   space 21504K, 0% used [0x00000000fd480000,0x00000000fd480000,0x00000000fe980000)
 ParOldGen       total 188928K, used 72495K [0x0000000080000000, 0x000000008b880000, 0x00000000d5580000)
  object space 188928K, 38% used [0x0000000080000000,0x00000000846cbc50,0x000000008b880000)
 Metaspace       used 87347K, capacity 92064K, committed 92160K, reserved 1130496K
  class space    used 9728K, capacity 10471K, committed 10496K, reserved 1048576K
}

