<?xml version="1.0" encoding="UTF-8"?>
<testsuite xmlns:xsi="http://www.w3.org/2001/XMLSchema-instance" xsi:noNamespaceSchemaLocation="https://maven.apache.org/surefire/maven-surefire-plugin/xsd/surefire-test-report.xsd" name="org.apache.hadoop.ozone.client.rpc.TestWatchForCommit" time="215.809" tests="4" errors="0" skipped="0" failures="1">
  <properties>
[...]
</properties>
  <testcase name="testWatchForCommitWithKeyWrite" classname="org.apache.hadoop.ozone.client.rpc.TestWatchForCommit" time="63.701">
    <failure message="expected:&lt;450&gt; but was:&lt;400&gt;" type="java.lang.AssertionError"><![CDATA[java.lang.AssertionError: expected:<450> but was:<400>
	at org.junit.Assert.fail(Assert.java:89)
	at org.junit.Assert.failNotEquals(Assert.java:835)
	at org.junit.Assert.assertEquals(Assert.java:647)
	at org.junit.Assert.assertEquals(Assert.java:633)
	at org.apache.hadoop.ozone.client.rpc.TestWatchForCommit.testWatchForCommitWithKeyWrite(TestWatchForCommit.java:190)
	at sun.reflect.NativeMethodAccessorImpl.invoke0(Native Method)
	at sun.reflect.NativeMethodAccessorImpl.invoke(NativeMethodAccessorImpl.java:62)
	at sun.reflect.DelegatingMethodAccessorImpl.invoke(DelegatingMethodAccessorImpl.java:43)
	at java.lang.reflect.Method.invoke(Method.java:498)
	at org.junit.runners.model.FrameworkMethod$1.runReflectiveCall(FrameworkMethod.java:59)
	at org.junit.internal.runners.model.ReflectiveCallable.run(ReflectiveCallable.java:12)
	at org.junit.runners.model.FrameworkMethod.invokeExplosively(FrameworkMethod.java:56)
	at org.junit.internal.runners.statements.InvokeMethod.evaluate(InvokeMethod.java:17)
	at org.junit.internal.runners.statements.RunBefores.evaluate(RunBefores.java:26)
	at org.junit.internal.runners.statements.RunAfters.evaluate(RunAfters.java:27)
	at org.junit.runners.ParentRunner$3.evaluate(ParentRunner.java:306)
	at org.junit.runners.BlockJUnit4ClassRunner$1.evaluate(BlockJUnit4ClassRunner.java:100)
	at org.junit.runners.ParentRunner.runLeaf(ParentRunner.java:366)
	at org.junit.runners.BlockJUnit4ClassRunner.runChild(BlockJUnit4ClassRunner.java:103)
	at org.junit.runners.BlockJUnit4ClassRunner.runChild(BlockJUnit4ClassRunner.java:63)
	at org.junit.runners.ParentRunner$4.run(ParentRunner.java:331)
	at org.junit.runners.ParentRunner$1.schedule(ParentRunner.java:79)
	at org.junit.runners.ParentRunner.runChildren(ParentRunner.java:329)
	at org.junit.runners.ParentRunner.access$100(ParentRunner.java:66)
	at org.junit.runners.ParentRunner$2.evaluate(ParentRunner.java:293)
	at org.junit.runners.ParentRunner$3.evaluate(ParentRunner.java:306)
	at org.junit.runners.ParentRunner.run(ParentRunner.java:413)
	at org.junit.runner.JUnitCore.run(JUnitCore.java:137)
	at org.junit.runner.JUnitCore.run(JUnitCore.java:115)
	at org.junit.vintage.engine.execution.RunnerExecutor.execute(RunnerExecutor.java:43)
	at java.util.stream.ForEachOps$ForEachOp$OfRef.accept(ForEachOps.java:183)
	at java.util.stream.ReferencePipeline$3$1.accept(ReferencePipeline.java:193)
	at java.util.Iterator.forEachRemaining(Iterator.java:116)
	at java.util.Spliterators$IteratorSpliterator.forEachRemaining(Spliterators.java:1801)
	at java.util.stream.AbstractPipeline.copyInto(AbstractPipeline.java:482)
	at java.util.stream.AbstractPipeline.wrapAndCopyInto(AbstractPipeline.java:472)
	at java.util.stream.ForEachOps$ForEachOp.evaluateSequential(ForEachOps.java:150)
	at java.util.stream.ForEachOps$ForEachOp$OfRef.evaluateSequential(ForEachOps.java:173)
	at java.util.stream.AbstractPipeline.evaluate(AbstractPipeline.java:234)
	at java.util.stream.ReferencePipeline.forEach(ReferencePipeline.java:485)
	at org.junit.vintage.engine.VintageTestEngine.executeAllChildren(VintageTestEngine.java:82)
	at org.junit.vintage.engine.VintageTestEngine.execute(VintageTestEngine.java:73)
	at org.junit.platform.launcher.core.EngineExecutionOrchestrator.execute(EngineExecutionOrchestrator.java:108)
	at org.junit.platform.launcher.core.EngineExecutionOrchestrator.execute(EngineExecutionOrchestrator.java:88)
	at org.junit.platform.launcher.core.EngineExecutionOrchestrator.lambda$execute$0(EngineExecutionOrchestrator.java:54)
	at org.junit.platform.launcher.core.EngineExecutionOrchestrator.withInterceptedStreams(EngineExecutionOrchestrator.java:67)
	at org.junit.platform.launcher.core.EngineExecutionOrchestrator.execute(EngineExecutionOrchestrator.java:52)
	at org.junit.platform.launcher.core.DefaultLauncher.execute(DefaultLauncher.java:96)
	at org.junit.platform.launcher.core.DefaultLauncher.execute(DefaultLauncher.java:75)
	at org.apache.maven.surefire.junitplatform.JUnitPlatformProvider.invokeAllTests(JUnitPlatformProvider.java:142)
	at org.apache.maven.surefire.junitplatform.JUnitPlatformProvider.invoke(JUnitPlatformProvider.java:113)
	at org.apache.maven.surefire.booter.ForkedBooter.invokeProviderInSameClassLoader(ForkedBooter.java:384)
	at org.apache.maven.surefire.booter.ForkedBooter.runSuitesInProcess(ForkedBooter.java:345)
	at org.apache.maven.surefire.booter.ForkedBooter.execute(ForkedBooter.java:126)
	at org.apache.maven.surefire.booter.ForkedBooter.main(ForkedBooter.java:418)
]]></failure>
    <system-out><![CDATA[2021-04-29 10:57:08,902 [main] WARN  server.ServerUtils (ServerUtils.java:getScmDbDir(148)) - ozone.scm.db.dirs is not configured. We recommend adding this setting. Falling back to ozone.metadata.dirs instead.
2021-04-29 10:57:08,986 [main] INFO  ha.SCMHANodeDetails (SCMHANodeDetails.java:loadSCMHAConfig(149)) - ServiceID for StorageContainerManager is null
2021-04-29 10:57:08,986 [main] INFO  ha.SCMHANodeDetails (SCMHANodeDetails.java:loadSCMHAConfig(154)) - ozone.scm.default.service.id is not defined, falling back to ozone.scm.service.ids to find serviceID for StorageContainerManager if it is HA enabled cluster
2021-04-29 10:57:09,080 [main] WARN  server.ServerUtils (ServerUtils.java:getScmDbDir(148)) - ozone.scm.db.dirs is not configured. We recommend adding this setting. Falling back to ozone.metadata.dirs instead.
2021-04-29 10:57:09,139 [main] WARN  utils.HAUtils (HAUtils.java:getMetaDir(326)) - ozone.scm.db.dirs is not configured. We recommend adding this setting. Falling back to ozone.metadata.dirs instead.
2021-04-29 10:57:09,268 [main] WARN  db.DBStoreBuilder (DBStoreBuilder.java:applyDBDefinition(145)) - ozone.scm.db.dirs is not configured. We recommend adding this setting. Falling back to ozone.metadata.dirs instead.
2021-04-29 10:57:09,458 [main] INFO  net.NodeSchemaLoader (NodeSchemaLoader.java:loadSchemaFromFile(129)) - Loading schema from [jar:file:/home/user/.m2/repository/org/apache/hadoop/hadoop-hdds-common/1.2.0-SNAPSHOT/hadoop-hdds-common-1.2.0-SNAPSHOT.jar!/network-topology-default.xml, jar:file:/home/user/.m2/repository/org/apache/hadoop/hadoop-ozone-ozone-manager/1.2.0-SNAPSHOT/hadoop-ozone-ozone-manager-1.2.0-SNAPSHOT-tests.jar!/network-topology-default.xml, jar:file:/home/user/.m2/repository/org/apache/hadoop/hadoop-hdds-server-scm/1.2.0-SNAPSHOT/hadoop-hdds-server-scm-1.2.0-SNAPSHOT-tests.jar!/network-topology-default.xml]
2021-04-29 10:57:09,460 [main] INFO  net.NodeSchemaLoader (NodeSchemaLoader.java:loadSchema(176)) - Loading network topology layer schema file
2021-04-29 10:57:09,518 [main] INFO  ha.SequenceIdGenerator (SequenceIdGenerator.java:upgradeToSequenceId(300)) - upgrade localId to 107544261427200000
2021-04-29 10:57:09,519 [main] INFO  ha.SequenceIdGenerator (SequenceIdGenerator.java:upgradeToSequenceId(310)) - upgrade delTxnId to 0
2021-04-29 10:57:09,523 [main] INFO  ha.SequenceIdGenerator (SequenceIdGenerator.java:upgradeToSequenceId(324)) - upgrade containerId to 0
2021-04-29 10:57:09,525 [main] INFO  ha.SequenceIdGenerator (SequenceIdGenerator.java:<init>(196)) - Init the HA SequenceIdGenerator.
2021-04-29 10:57:09,587 [main] INFO  node.SCMNodeManager (SCMNodeManager.java:<init>(125)) - Entering startup safe mode.
2021-04-29 10:57:09,790 [main] INFO  algorithms.ContainerPlacementPolicyFactory (ContainerPlacementPolicyFactory.java:getPolicy(60)) - Create container placement policy of type org.apache.hadoop.hdds.scm.container.placement.algorithms.SCMContainerPlacementRandom
2021-04-29 10:57:09,800 [main] INFO  pipeline.PipelineStateManager (PipelineStateManagerV2Impl.java:initialize(78)) - No pipeline exists in current db
2021-04-29 10:57:09,834 [main] INFO  algorithms.LeaderChoosePolicyFactory (LeaderChoosePolicyFactory.java:getPolicy(57)) - Create leader choose policy of type org.apache.hadoop.hdds.scm.pipeline.leader.choose.algorithms.MinLeaderCountChoosePolicy
2021-04-29 10:57:09,842 [main] INFO  ha.SCMServiceManager (SCMServiceManager.java:register(43)) - Registering service BackgroundPipelineCreator.
2021-04-29 10:57:09,843 [main] INFO  pipeline.BackgroundPipelineCreator (BackgroundPipelineCreatorV2.java:start(130)) - Starting RatisPipelineUtilsThread.
2021-04-29 10:57:09,876 [main] INFO  algorithms.PipelineChoosePolicyFactory (PipelineChoosePolicyFactory.java:createPipelineChoosePolicyFromClass(73)) - Create pipeline choose policy of type org.apache.hadoop.hdds.scm.pipeline.choose.algorithms.RandomPipelineChoosePolicy
2021-04-29 10:57:09,894 [main] INFO  ha.SCMServiceManager (SCMServiceManager.java:register(43)) - Registering service SCMBlockDeletingService.
2021-04-29 10:57:09,919 [main] INFO  ha.SCMServiceManager (SCMServiceManager.java:register(43)) - Registering service ReplicationManager.
2021-04-29 10:57:09,924 [main] INFO  container.ReplicationManager (ReplicationManager.java:start(226)) - Starting Replication Monitor Thread.
2021-04-29 10:57:09,937 [main] INFO  safemode.HealthyPipelineSafeModeRule (HealthyPipelineSafeModeRule.java:<init>(90)) - Total pipeline count is 0, healthy pipeline threshold count is 0
2021-04-29 10:57:09,938 [ReplicationMonitor] INFO  container.ReplicationManager (ReplicationManager.java:run(290)) - Replication Monitor Thread took 1 milliseconds for processing 0 containers.
2021-04-29 10:57:09,941 [main] INFO  safemode.OneReplicaPipelineSafeModeRule (OneReplicaPipelineSafeModeRule.java:<init>(86)) - Total pipeline count is 0, pipeline's with at least one datanode reported threshold count is 0
2021-04-29 10:57:10,395 [main] INFO  ipc.CallQueueManager (CallQueueManager.java:<init>(85)) - Using callQueue: class java.util.concurrent.LinkedBlockingQueue, queueCapacity: 2000, scheduler: class org.apache.hadoop.ipc.DefaultRpcScheduler, ipcBackoff: false.
2021-04-29 10:57:10,419 [Socket Reader #1 for port 0] INFO  ipc.Server (Server.java:run(1255)) - Starting Socket Reader #1 for port 0
2021-04-29 10:57:10,469 [Listener at 0.0.0.0/35221] INFO  ipc.CallQueueManager (CallQueueManager.java:<init>(85)) - Using callQueue: class java.util.concurrent.LinkedBlockingQueue, queueCapacity: 2000, scheduler: class org.apache.hadoop.ipc.DefaultRpcScheduler, ipcBackoff: false.
2021-04-29 10:57:10,471 [Socket Reader #1 for port 0] INFO  ipc.Server (Server.java:run(1255)) - Starting Socket Reader #1 for port 0
2021-04-29 10:57:10,488 [Listener at 0.0.0.0/38485] INFO  ipc.CallQueueManager (CallQueueManager.java:<init>(85)) - Using callQueue: class java.util.concurrent.LinkedBlockingQueue, queueCapacity: 2000, scheduler: class org.apache.hadoop.ipc.DefaultRpcScheduler, ipcBackoff: false.
2021-04-29 10:57:10,489 [Socket Reader #1 for port 0] INFO  ipc.Server (Server.java:run(1255)) - Starting Socket Reader #1 for port 0
2021-04-29 10:57:10,496 [Listener at 0.0.0.0/39801] INFO  server.StorageContainerManager (StorageContainerManager.java:<init>(406)) - Container Balancer status:
Key                            Value
Running                        false
Container Balancer Configuration values:
Key                            Value
Threshold                      0.100000
Max Datanodes to Balance       5
Max Size to Move               10737418240B

2021-04-29 10:57:10,497 [Listener at 0.0.0.0/39801] WARN  events.EventQueue (EventQueue.java:fireEvent(185)) - No event handler registered for event TypedEvent{payloadType=SafeModeStatus, name='Safe mode status'}
2021-04-29 10:57:10,497 [Listener at 0.0.0.0/39801] INFO  ha.SCMContext (SCMContext.java:updateSafeModeStatus(147)) - Update SafeModeStatus from SafeModeStatus{safeModeStatus=true, preCheckPassed=false} to SafeModeStatus{safeModeStatus=true, preCheckPassed=false}.
2021-04-29 10:57:10,501 [Listener at 0.0.0.0/39801] INFO  server.StorageContainerManager (StorageContainerManager.java:start(1143)) - StorageContainerLocationProtocol RPC server is listening at /0.0.0.0:39801
2021-04-29 10:57:10,577 [Listener at 0.0.0.0/39801] WARN  impl.MetricsConfig (MetricsConfig.java:loadFirst(136)) - Cannot locate configuration: tried hadoop-metrics2-storagecontainermanager.properties,hadoop-metrics2.properties
2021-04-29 10:57:10,598 [Listener at 0.0.0.0/39801] INFO  impl.MetricsSystemImpl (MetricsSystemImpl.java:startTimer(378)) - Scheduled Metric snapshot period at 10 second(s).
2021-04-29 10:57:10,599 [Listener at 0.0.0.0/39801] INFO  impl.MetricsSystemImpl (MetricsSystemImpl.java:start(191)) - StorageContainerManager metrics system started
2021-04-29 10:57:10,866 [Listener at 0.0.0.0/39801] INFO  server.SCMClientProtocolServer (SCMClientProtocolServer.java:start(157)) - RPC server for Client  is listening at /0.0.0.0:39801
2021-04-29 10:57:10,866 [IPC Server Responder] INFO  ipc.Server (Server.java:run(1497)) - IPC Server Responder: starting
2021-04-29 10:57:10,867 [IPC Server listener on 0] INFO  ipc.Server (Server.java:run(1334)) - IPC Server listener on 0: starting
2021-04-29 10:57:10,894 [Listener at 0.0.0.0/39801] INFO  server.StorageContainerManager (StorageContainerManager.java:start(1157)) - ScmBlockLocationProtocol RPC server is listening at /0.0.0.0:38485
2021-04-29 10:57:10,895 [Listener at 0.0.0.0/39801] INFO  server.SCMBlockProtocolServer (SCMBlockProtocolServer.java:start(149)) - RPC server for Block Protocol is listening at /0.0.0.0:38485
2021-04-29 10:57:10,895 [IPC Server Responder] INFO  ipc.Server (Server.java:run(1497)) - IPC Server Responder: starting
2021-04-29 10:57:10,898 [IPC Server listener on 0] INFO  ipc.Server (Server.java:run(1334)) - IPC Server listener on 0: starting
2021-04-29 10:57:10,918 [Listener at 0.0.0.0/39801] INFO  server.StorageContainerManager (StorageContainerManager.java:start(1163)) - ScmDatanodeProtocl RPC server is listening at /0.0.0.0:35221
2021-04-29 10:57:10,918 [Listener at 0.0.0.0/39801] INFO  server.SCMDatanodeProtocolServer (SCMDatanodeProtocolServer.java:start(174)) - RPC server for DataNodes is listening at /0.0.0.0:35221
2021-04-29 10:57:10,920 [IPC Server Responder] INFO  ipc.Server (Server.java:run(1497)) - IPC Server Responder: starting
2021-04-29 10:57:10,920 [IPC Server listener on 0] INFO  ipc.Server (Server.java:run(1334)) - IPC Server listener on 0: starting
2021-04-29 10:57:10,946 [org.apache.hadoop.util.JvmPauseMonitor$Monitor@69e2fe3b] INFO  util.JvmPauseMonitor (JvmPauseMonitor.java:run(188)) - Starting JVM pause monitor
2021-04-29 10:57:10,961 [Listener at 0.0.0.0/39801] INFO  http.BaseHttpServer (BaseHttpServer.java:newHttpServer2BuilderForOzone(207)) - Starting Web-server for scm at: http://0.0.0.0:0
2021-04-29 10:57:10,962 [Listener at 0.0.0.0/39801] INFO  http.BaseHttpServer (BaseHttpServer.java:<init>(106)) - Hadoop Security Enabled: false Ozone Security Enabled: false Ozone HTTP Security Enabled: false 
2021-04-29 10:57:10,990 [Listener at 0.0.0.0/39801] INFO  util.log (Log.java:initialized(169)) - Logging initialized @3595ms to org.eclipse.jetty.util.log.Slf4jLog
2021-04-29 10:57:11,118 [Listener at 0.0.0.0/39801] INFO  server.AuthenticationFilter (AuthenticationFilter.java:constructSecretProvider(240)) - Unable to initialize FileSignerSecretProvider, falling back to use random secrets.
2021-04-29 10:57:11,124 [Listener at 0.0.0.0/39801] WARN  http.HttpRequestLog (HttpRequestLog.java:getRequestLog(103)) - Jetty request log can only be enabled using Log4j
2021-04-29 10:57:11,129 [Listener at 0.0.0.0/39801] INFO  http.HttpServer2 (HttpServer2.java:addGlobalFilter(1020)) - Added global filter 'safety' (class=org.apache.hadoop.hdds.server.http.HttpServer2$QuotingInputFilter)
2021-04-29 10:57:11,131 [Listener at 0.0.0.0/39801] INFO  http.HttpServer2 (HttpServer2.java:addFilter(996)) - Added filter static_user_filter (class=org.apache.hadoop.http.lib.StaticUserWebFilter$StaticUserFilter) to context scm
2021-04-29 10:57:11,131 [Listener at 0.0.0.0/39801] INFO  http.HttpServer2 (HttpServer2.java:addFilter(1004)) - Added filter static_user_filter (class=org.apache.hadoop.http.lib.StaticUserWebFilter$StaticUserFilter) to context logs
2021-04-29 10:57:11,131 [Listener at 0.0.0.0/39801] INFO  http.HttpServer2 (HttpServer2.java:addFilter(1004)) - Added filter static_user_filter (class=org.apache.hadoop.http.lib.StaticUserWebFilter$StaticUserFilter) to context static
2021-04-29 10:57:11,179 [Listener at 0.0.0.0/39801] INFO  http.HttpServer2 (HttpServer2.java:bindListener(1238)) - Jetty bound to port 45817
2021-04-29 10:57:11,181 [Listener at 0.0.0.0/39801] INFO  server.Server (Server.java:doStart(375)) - jetty-9.4.35.v20201120; built: 2020-11-20T21:17:03.964Z; git: bdc54f03a5e0a7e280fab27f55c3c75ee8da89fb; jvm 1.8.0_232-b09
2021-04-29 10:57:11,220 [Listener at 0.0.0.0/39801] INFO  server.session (DefaultSessionIdManager.java:doStart(334)) - DefaultSessionIdManager workerName=node0
2021-04-29 10:57:11,221 [Listener at 0.0.0.0/39801] INFO  server.session (DefaultSessionIdManager.java:doStart(339)) - No SessionScavenger set, using defaults
2021-04-29 10:57:11,223 [Listener at 0.0.0.0/39801] INFO  server.session (HouseKeeper.java:startScavenging(132)) - node0 Scavenging every 660000ms
2021-04-29 10:57:11,241 [Listener at 0.0.0.0/39801] INFO  handler.ContextHandler (ContextHandler.java:doStart(916)) - Started o.e.j.s.ServletContextHandler@66e1b2a{logs,/logs,file:///github/workspace/mnt/ozone/hadoop-ozone/integration-test/target/log,AVAILABLE}
2021-04-29 10:57:11,242 [Listener at 0.0.0.0/39801] INFO  handler.ContextHandler (ContextHandler.java:doStart(916)) - Started o.e.j.s.ServletContextHandler@7ff09659{static,/static,file:///github/workspace/mnt/ozone/hadoop-ozone/integration-test/target/test-classes/webapps/static,AVAILABLE}
2021-04-29 10:57:11,298 [Listener at 0.0.0.0/39801] INFO  handler.ContextHandler (ContextHandler.java:doStart(916)) - Started o.e.j.w.WebAppContext@717a8a76{scm,/,file:///github/workspace/mnt/ozone/hadoop-ozone/integration-test/target/test-classes/webapps/scm/,AVAILABLE}{file:/github/workspace/mnt/ozone/hadoop-ozone/integration-test/target/test-classes/webapps/scm}
2021-04-29 10:57:11,308 [Listener at 0.0.0.0/39801] INFO  server.AbstractConnector (AbstractConnector.java:doStart(331)) - Started ServerConnector@778113f2{HTTP/1.1, (http/1.1)}{0.0.0.0:45817}
2021-04-29 10:57:11,309 [Listener at 0.0.0.0/39801] INFO  server.Server (Server.java:doStart(415)) - Started @3914ms
2021-04-29 10:57:11,311 [Listener at 0.0.0.0/39801] INFO  impl.MetricsSinkAdapter (MetricsSinkAdapter.java:start(204)) - Sink prometheus started
2021-04-29 10:57:11,311 [Listener at 0.0.0.0/39801] INFO  impl.MetricsSystemImpl (MetricsSystemImpl.java:registerSink(305)) - Registered sink prometheus
2021-04-29 10:57:11,318 [Listener at 0.0.0.0/39801] INFO  http.BaseHttpServer (BaseHttpServer.java:updateConnectorAddress(327)) - HTTP server of scm listening at http://0.0.0.0:45817
2021-04-29 10:57:11,319 [Listener at 0.0.0.0/39801] WARN  server.ServerUtils (ServerUtils.java:getDBPath(225)) - ozone.om.db.dirs is not configured. We recommend adding this setting. Falling back to ozone.metadata.dirs instead.
2021-04-29 10:57:11,489 [Listener at 0.0.0.0/39801] INFO  ha.OMHANodeDetails (OMHANodeDetails.java:loadOMHAConfig(105)) - ozone.om.internal.service.id is not defined, falling back to ozone.om.service.ids to find serviceID for OzoneManager if it is HA enabled cluster
2021-04-29 10:57:11,492 [Listener at 0.0.0.0/39801] INFO  ha.OMHANodeDetails (OMHANodeDetails.java:loadOMHAConfig(212)) - Configuration does not have ozone.om.address set. Falling back to the default OM address /127.0.0.1:0
2021-04-29 10:57:11,493 [Listener at 0.0.0.0/39801] INFO  ha.OMHANodeDetails (OMHANodeDetails.java:getOMNodeDetails(240)) - OM Service ID is not set. Setting it to the default ID: omServiceIdDefault
2021-04-29 10:57:11,493 [Listener at 0.0.0.0/39801] INFO  ha.OMHANodeDetails (OMHANodeDetails.java:getOMNodeDetails(247)) - OM Node ID is not set. Setting it to the default ID: om1
2021-04-29 10:57:11,495 [Listener at 0.0.0.0/39801] WARN  server.ServerUtils (ServerUtils.java:getDBPath(225)) - ozone.om.db.dirs is not configured. We recommend adding this setting. Falling back to ozone.metadata.dirs instead.
2021-04-29 10:57:11,496 [Listener at 0.0.0.0/39801] WARN  server.ServerUtils (ServerUtils.java:getDBPath(225)) - ozone.om.db.dirs is not configured. We recommend adding this setting. Falling back to ozone.metadata.dirs instead.
2021-04-29 10:57:12,365 [Listener at 0.0.0.0/39801] WARN  server.ServerUtils (ServerUtils.java:getDBPath(225)) - ozone.om.db.dirs is not configured. We recommend adding this setting. Falling back to ozone.metadata.dirs instead.
2021-04-29 10:57:12,372 [Listener at 0.0.0.0/39801] INFO  codec.OmKeyInfoCodec (OmKeyInfoCodec.java:<init>(43)) - OmKeyInfoCodec ignorePipeline = true
2021-04-29 10:57:12,373 [Listener at 0.0.0.0/39801] INFO  codec.RepeatedOmKeyInfoCodec (RepeatedOmKeyInfoCodec.java:<init>(42)) - RepeatedOmKeyInfoCodec ignorePipeline = true
2021-04-29 10:57:12,541 [Listener at 0.0.0.0/39801] INFO  om.OzoneManager (OzoneManager.java:addS3GVolumeToDB(3726)) - Created Volume s3v With Owner jenkins1001 required for S3Gateway operations.
2021-04-29 10:57:12,548 [Listener at 0.0.0.0/39801] WARN  server.ServerUtils (ServerUtils.java:getDefaultRatisDirectory(237)) - Storage directory for Ratis is not configured. It is a good idea to map this to an SSD disk. Falling back to ozone.metadata.dirs
2021-04-29 10:57:12,548 [Listener at 0.0.0.0/39801] WARN  ratis.OzoneManagerRatisServer (OzoneManagerRatisServer.java:getOMRatisSnapshotDirectory(634)) - ozone.om.ratis.snapshot.dir is not configured. Falling back to ozone.metadata.dirs config
2021-04-29 10:57:12,555 [Listener at 0.0.0.0/39801] INFO  metrics.MetricRegistries (MetricRegistriesLoader.java:load(64)) - Loaded MetricRegistries class org.apache.ratis.metrics.impl.MetricRegistriesImpl
2021-04-29 10:57:12,587 [Listener at 0.0.0.0/39801] WARN  server.ServerUtils (ServerUtils.java:getDefaultRatisDirectory(237)) - Storage directory for Ratis is not configured. It is a good idea to map this to an SSD disk. Falling back to ozone.metadata.dirs
2021-04-29 10:57:12,613 [Listener at 0.0.0.0/39801] INFO  ratis.OzoneManagerRatisServer (OzoneManagerRatisServer.java:<init>(288)) - Instantiating OM Ratis server with GroupID: omServiceIdDefault and Raft Peers: localhost:9872
2021-04-29 10:57:12,623 [Listener at 0.0.0.0/39801] INFO  ratis.OzoneManagerStateMachine (OzoneManagerStateMachine.java:loadSnapshotInfoFromDB(520)) - LastAppliedIndex is set from TransactionInfo from OM DB as (t:0, i:~)
2021-04-29 10:57:12,654 [Listener at 0.0.0.0/39801] INFO  server.RaftServer (ConfUtils.java:logGet(44)) - raft.rpc.type = GRPC (default)
2021-04-29 10:57:12,723 [Listener at 0.0.0.0/39801] INFO  grpc.GrpcFactory (GrpcFactory.java:checkPooledByteBufAllocatorUseCacheForAllThreads(48)) - PERFORMANCE WARNING: useCacheForAllThreads is true that may cause Netty to create a lot garbage objects and, as a result, trigger GC.
	It is recommended to disable useCacheForAllThreads by setting -Dorg.apache.ratis.thirdparty.io.netty.allocator.useCacheForAllThreads=false in command line.
2021-04-29 10:57:12,728 [Listener at 0.0.0.0/39801] INFO  grpc.GrpcConfigKeys (ConfUtils.java:logGet(44)) - raft.grpc.admin.port = -1 (default)
2021-04-29 10:57:12,728 [Listener at 0.0.0.0/39801] INFO  grpc.GrpcConfigKeys (ConfUtils.java:logGet(44)) - raft.grpc.server.port = 9872 (custom)
2021-04-29 10:57:12,729 [Listener at 0.0.0.0/39801] INFO  grpc.GrpcConfigKeys (ConfUtils.java:logGet(44)) - raft.grpc.client.port = -1 (default)
2021-04-29 10:57:12,729 [Listener at 0.0.0.0/39801] INFO  grpc.GrpcConfigKeys (ConfUtils.java:logGet(44)) - raft.grpc.server.port = 9872 (custom)
2021-04-29 10:57:12,729 [Listener at 0.0.0.0/39801] INFO  grpc.GrpcConfigKeys (ConfUtils.java:logGet(44)) - raft.grpc.server.port = 9872 (custom)
2021-04-29 10:57:12,730 [Listener at 0.0.0.0/39801] INFO  server.GrpcService (ConfUtils.java:logGet(44)) - raft.grpc.message.size.max = 33554432 (custom)
2021-04-29 10:57:12,732 [Listener at 0.0.0.0/39801] INFO  server.RaftServerConfigKeys (ConfUtils.java:logGet(44)) - raft.server.log.appender.buffer.byte-limit = 33554432 (custom)
2021-04-29 10:57:12,733 [Listener at 0.0.0.0/39801] INFO  server.GrpcService (ConfUtils.java:logGet(44)) - raft.grpc.flow.control.window = 1MB (=1048576) (default)
2021-04-29 10:57:12,733 [Listener at 0.0.0.0/39801] INFO  server.RaftServerConfigKeys (ConfUtils.java:logGet(44)) - raft.server.rpc.request.timeout = 3000ms (default)
2021-04-29 10:57:12,949 [Listener at 0.0.0.0/39801] INFO  impl.DataStreamServerImpl (ConfUtils.java:logGet(44)) - raft.datastream.type = DISABLED (default)
2021-04-29 10:57:12,951 [Listener at 0.0.0.0/39801] INFO  server.RaftServerConfigKeys (ConfUtils.java:logGet(44)) - raft.server.rpc.slowness.timeout = 120s (custom)
2021-04-29 10:57:12,951 [Listener at 0.0.0.0/39801] INFO  server.RaftServerConfigKeys (ConfUtils.java:logGet(44)) - raft.server.leaderelection.leader.step-down.wait-time = 10s (default)
2021-04-29 10:57:12,965 [Listener at 0.0.0.0/39801] INFO  server.RaftServerConfigKeys (ConfUtils.java:logGet(44)) - raft.server.storage.dir = [/github/workspace/mnt/ozone/hadoop-ozone/integration-test/target/test-dir/MiniOzoneClusterImpl-2726c7ec-cf5f-4d18-8e0d-a0ed93d2ecae/ozone-meta/ratis] (custom)
2021-04-29 10:57:12,978 [Listener at 0.0.0.0/39801] INFO  server.RaftServer (RaftServerProxy.java:addNew(95)) - om1: addNew group-C5BA1605619E:[om1|rpc:localhost:9872|priority:0] returns group-C5BA1605619E:java.util.concurrent.CompletableFuture@4f66f2dd[Not completed]
2021-04-29 10:57:12,978 [Listener at 0.0.0.0/39801] INFO  om.OzoneManager (OzoneManager.java:initializeRatisServer(1294)) - OzoneManager Ratis server initialized at port 9872
2021-04-29 10:57:13,004 [pool-32-thread-1] INFO  server.RaftServer$Division (RaftServerImpl.java:<init>(180)) - om1: new RaftServerImpl for group-C5BA1605619E:[om1|rpc:localhost:9872|priority:0] with OzoneManagerStateMachine:uninitialized
2021-04-29 10:57:13,009 [Listener at 0.0.0.0/39801] INFO  ipc.CallQueueManager (CallQueueManager.java:<init>(85)) - Using callQueue: class java.util.concurrent.LinkedBlockingQueue, queueCapacity: 2000, scheduler: class org.apache.hadoop.ipc.DefaultRpcScheduler, ipcBackoff: false.
2021-04-29 10:57:13,009 [pool-32-thread-1] INFO  server.RaftServerConfigKeys (ConfUtils.java:logGet(44)) - raft.server.rpc.timeout.min = 1s (custom)
2021-04-29 10:57:13,010 [pool-32-thread-1] INFO  server.RaftServerConfigKeys (ConfUtils.java:logGet(44)) - raft.server.rpc.timeout.max = 1200ms (custom)
2021-04-29 10:57:13,011 [pool-32-thread-1] INFO  server.RaftServerConfigKeys (ConfUtils.java:logGet(44)) - raft.server.rpc.sleep.time = 25ms (default)
2021-04-29 10:57:13,011 [pool-32-thread-1] INFO  server.RaftServerConfigKeys (ConfUtils.java:logGet(44)) - raft.server.rpc.slowness.timeout = 120s (custom)
2021-04-29 10:57:13,013 [pool-32-thread-1] INFO  server.RaftServerConfigKeys (ConfUtils.java:logGet(44)) - raft.server.leaderelection.leader.step-down.wait-time = 10s (default)
2021-04-29 10:57:13,014 [pool-32-thread-1] INFO  server.RaftServerConfigKeys (ConfUtils.java:logGet(44)) - raft.server.sleep.deviation.threshold = 300ms (default)
2021-04-29 10:57:13,015 [pool-32-thread-1] INFO  server.RaftServerConfigKeys (ConfUtils.java:logGet(44)) - raft.server.log.appender.install.snapshot.enabled = false (custom)
2021-04-29 10:57:13,025 [pool-32-thread-1] INFO  server.RaftServer$Division (ServerState.java:<init>(105)) - om1@group-C5BA1605619E: ConfigurationManager, init=-1: [om1|rpc:localhost:9872|priority:0], old=null, confs=<EMPTY_MAP>
2021-04-29 10:57:13,026 [Socket Reader #1 for port 0] INFO  ipc.Server (Server.java:run(1255)) - Starting Socket Reader #1 for port 0
2021-04-29 10:57:13,036 [pool-32-thread-1] INFO  server.RaftServerConfigKeys (ConfUtils.java:logGet(44)) - raft.server.storage.dir = [/github/workspace/mnt/ozone/hadoop-ozone/integration-test/target/test-dir/MiniOzoneClusterImpl-2726c7ec-cf5f-4d18-8e0d-a0ed93d2ecae/ozone-meta/ratis] (custom)
2021-04-29 10:57:13,055 [pool-32-thread-1] INFO  server.RaftServerConfigKeys (ConfUtils.java:logGet(44)) - raft.server.log.corruption.policy = EXCEPTION (default)
2021-04-29 10:57:13,058 [pool-32-thread-1] INFO  storage.RaftStorageDirectory (RaftStorageDirectoryImpl.java:analyzeStorage(132)) - The storage directory /github/workspace/mnt/ozone/hadoop-ozone/integration-test/target/test-dir/MiniOzoneClusterImpl-2726c7ec-cf5f-4d18-8e0d-a0ed93d2ecae/ozone-meta/ratis/bf265839-605b-3f16-9796-c5ba1605619e does not exist. Creating ...
2021-04-29 10:57:13,072 [pool-32-thread-1] INFO  storage.RaftStorageDirectory (RaftStorageDirectoryImpl.java:tryLock(215)) - Lock on /github/workspace/mnt/ozone/hadoop-ozone/integration-test/target/test-dir/MiniOzoneClusterImpl-2726c7ec-cf5f-4d18-8e0d-a0ed93d2ecae/ozone-meta/ratis/bf265839-605b-3f16-9796-c5ba1605619e/in_use.lock acquired by nodename 12126@8023de4eb765
2021-04-29 10:57:13,081 [pool-32-thread-1] INFO  storage.RaftStorage (RaftStorageImpl.java:format(87)) - Storage directory /github/workspace/mnt/ozone/hadoop-ozone/integration-test/target/test-dir/MiniOzoneClusterImpl-2726c7ec-cf5f-4d18-8e0d-a0ed93d2ecae/ozone-meta/ratis/bf265839-605b-3f16-9796-c5ba1605619e has been successfully formatted.
2021-04-29 10:57:13,084 [pool-32-thread-1] INFO  server.RaftServerConfigKeys (ConfUtils.java:logGet(44)) - raft.server.notification.no-leader.timeout = 120s (custom)
2021-04-29 10:57:13,087 [pool-32-thread-1] INFO  server.RaftServerConfigKeys (ConfUtils.java:logGet(44)) - raft.server.log.use.memory = false (default)
2021-04-29 10:57:13,088 [Listener at 127.0.0.1/42781] INFO  impl.MetricsSystemImpl (MetricsSystemImpl.java:init(158)) - OzoneManager metrics system started (again)
2021-04-29 10:57:13,091 [Listener at 127.0.0.1/42781] INFO  om.OzoneManager (OzoneManager.java:start(1104)) - OzoneManager RPC server is listening at localhost/127.0.0.1:42781
2021-04-29 10:57:13,091 [Listener at 127.0.0.1/42781] INFO  ratis.OzoneManagerRatisServer (OzoneManagerRatisServer.java:start(388)) - Starting OzoneManagerRatisServer om1 at port 9872
2021-04-29 10:57:13,100 [pool-32-thread-1] INFO  server.RaftServerConfigKeys (ConfUtils.java:logGet(44)) - raft.server.log.purge.gap = 1000000 (custom)
2021-04-29 10:57:13,103 [pool-32-thread-1] INFO  server.RaftServerConfigKeys (ConfUtils.java:logGet(44)) - raft.server.log.appender.buffer.byte-limit = 33554432 (custom)
2021-04-29 10:57:13,108 [pool-32-thread-1] INFO  metrics.RatisMetrics (RatisMetrics.java:lambda$create$0(36)) - Creating Metrics Registry : ratis.log_worker.om1@group-C5BA1605619E
2021-04-29 10:57:13,118 [pool-32-thread-1] INFO  server.RaftServerConfigKeys (ConfUtils.java:logGet(44)) - raft.server.log.segment.size.max = 4194304 (custom)
2021-04-29 10:57:13,125 [pool-32-thread-1] INFO  server.RaftServerConfigKeys (ConfUtils.java:logGet(44)) - raft.server.log.segment.cache.num.max = 2 (custom)
2021-04-29 10:57:13,125 [pool-32-thread-1] INFO  server.RaftServerConfigKeys (ConfUtils.java:logGet(44)) - raft.server.log.segment.cache.size.max = 200MB (=209715200) (default)
2021-04-29 10:57:13,131 [pool-32-thread-1] INFO  segmented.SegmentedRaftLogWorker (SegmentedRaftLogWorker.java:<init>(182)) - new om1@group-C5BA1605619E-SegmentedRaftLogWorker for RaftStorageImpl:Storage Directory /github/workspace/mnt/ozone/hadoop-ozone/integration-test/target/test-dir/MiniOzoneClusterImpl-2726c7ec-cf5f-4d18-8e0d-a0ed93d2ecae/ozone-meta/ratis/bf265839-605b-3f16-9796-c5ba1605619e
2021-04-29 10:57:13,133 [pool-32-thread-1] INFO  server.RaftServerConfigKeys (ConfUtils.java:logGet(44)) - raft.server.log.queue.byte-limit = 64MB (=67108864) (default)
2021-04-29 10:57:13,133 [pool-32-thread-1] INFO  server.RaftServerConfigKeys (ConfUtils.java:logGet(44)) - raft.server.log.queue.element-limit = 4096 (default)
2021-04-29 10:57:13,134 [pool-32-thread-1] INFO  server.RaftServerConfigKeys (ConfUtils.java:logGet(44)) - raft.server.log.segment.size.max = 4194304 (custom)
2021-04-29 10:57:13,135 [pool-32-thread-1] INFO  server.RaftServerConfigKeys (ConfUtils.java:logGet(44)) - raft.server.log.preallocated.size = 4194304 (custom)
2021-04-29 10:57:13,135 [pool-32-thread-1] INFO  server.RaftServerConfigKeys (ConfUtils.java:logGet(44)) - raft.server.log.force.sync.num = 128 (default)
2021-04-29 10:57:13,136 [pool-32-thread-1] INFO  server.RaftServerConfigKeys (ConfUtils.java:logGet(44)) - raft.server.log.statemachine.data.sync = true (default)
2021-04-29 10:57:13,136 [pool-32-thread-1] INFO  server.RaftServerConfigKeys (ConfUtils.java:logGet(44)) - raft.server.log.statemachine.data.sync.timeout = 10s (default)
2021-04-29 10:57:13,137 [pool-32-thread-1] INFO  server.RaftServerConfigKeys (ConfUtils.java:logGet(44)) - raft.server.log.statemachine.data.sync.timeout.retry = -1 (default)
2021-04-29 10:57:13,146 [pool-32-thread-1] INFO  server.RaftServerConfigKeys (ConfUtils.java:logGet(44)) - raft.server.log.write.buffer.size = 64KB (=65536) (default)
2021-04-29 10:57:13,146 [pool-32-thread-1] INFO  server.RaftServerConfigKeys (ConfUtils.java:logGet(44)) - raft.server.log.statemachine.data.caching.enabled = false (default)
2021-04-29 10:57:13,157 [pool-32-thread-1] INFO  segmented.SegmentedRaftLogWorker (SegmentedRaftLogWorker.java:lambda$new$0(133)) - om1@group-C5BA1605619E-SegmentedRaftLogWorker: flushIndex: setUnconditionally 0 -> -1
2021-04-29 10:57:13,157 [pool-32-thread-1] INFO  segmented.SegmentedRaftLogWorker (SegmentedRaftLogWorker.java:lambda$new$0(133)) - om1@group-C5BA1605619E-SegmentedRaftLogWorker: safeCacheEvictIndex: setUnconditionally 0 -> -1
2021-04-29 10:57:13,161 [pool-32-thread-1] INFO  server.RaftServerConfigKeys (ConfUtils.java:logGet(44)) - raft.server.snapshot.auto.trigger.enabled = true (custom)
2021-04-29 10:57:13,162 [pool-32-thread-1] INFO  server.RaftServerConfigKeys (ConfUtils.java:logGet(44)) - raft.server.snapshot.auto.trigger.threshold = 400000 (default)
2021-04-29 10:57:13,162 [pool-32-thread-1] INFO  server.RaftServerConfigKeys (ConfUtils.java:logGet(44)) - raft.server.snapshot.retention.file.num = -1 (default)
2021-04-29 10:57:13,164 [pool-32-thread-1] INFO  server.RaftServerConfigKeys (ConfUtils.java:logGet(44)) - raft.server.log.purge.upto.snapshot.index = true (custom)
2021-04-29 10:57:13,165 [pool-32-thread-1] INFO  server.RaftServerConfigKeys (ConfUtils.java:logGet(44)) - raft.server.retrycache.expirytime = 300s (custom)
2021-04-29 10:57:13,165 [pool-32-thread-1] INFO  server.RaftServerConfigKeys (ConfUtils.java:logGet(44)) - raft.server.retrycache.statistics.expirytime = 100?s (default)
2021-04-29 10:57:13,187 [pool-32-thread-1] INFO  metrics.RatisMetrics (RatisMetrics.java:lambda$create$0(36)) - Creating Metrics Registry : ratis.leader_election.om1@group-C5BA1605619E
2021-04-29 10:57:13,191 [pool-32-thread-1] INFO  metrics.RatisMetrics (RatisMetrics.java:lambda$create$0(36)) - Creating Metrics Registry : ratis.server.om1@group-C5BA1605619E
2021-04-29 10:57:13,202 [Listener at 127.0.0.1/42781] INFO  server.RaftServer$Division (RaftServerImpl.java:start(295)) - om1@group-C5BA1605619E: start as a follower, conf=-1: [om1|rpc:localhost:9872|priority:0], old=null
2021-04-29 10:57:13,204 [Listener at 127.0.0.1/42781] INFO  server.RaftServer$Division (RaftServerImpl.java:setRole(284)) - om1@group-C5BA1605619E: changes role from      null to FOLLOWER at term 0 for startAsFollower
2021-04-29 10:57:13,205 [Listener at 127.0.0.1/42781] INFO  impl.RoleInfo (RoleInfo.java:updateAndGet(130)) - om1: start om1@group-C5BA1605619E-FollowerState
2021-04-29 10:57:13,206 [Listener at 127.0.0.1/42781] INFO  util.JmxRegister (JmxRegister.java:tryRegister(44)) - Successfully registered JMX Bean with object name Ratis:service=RaftServer,group=group-C5BA1605619E,id=om1
2021-04-29 10:57:13,208 [Listener at 127.0.0.1/42781] INFO  metrics.RatisMetrics (RatisMetrics.java:lambda$create$0(36)) - Creating Metrics Registry : ratis.state_machine.om1@group-C5BA1605619E
2021-04-29 10:57:13,213 [Listener at 127.0.0.1/42781] INFO  server.RaftServer (RaftServerProxy.java:lambda$start$5(374)) - om1: start RPC server
2021-04-29 10:57:13,268 [Listener at 127.0.0.1/42781] INFO  server.GrpcService (GrpcService.java:startImpl(253)) - om1: GrpcService started, listening on 9872
2021-04-29 10:57:13,272 [org.apache.ratis.util.JvmPauseMonitor$$Lambda$504/1672688893@753248f8] INFO  util.JvmPauseMonitor (JvmPauseMonitor.java:run(103)) - JvmPauseMonitor-om1: Started
2021-04-29 10:57:13,280 [Listener at 127.0.0.1/42781] INFO  http.BaseHttpServer (BaseHttpServer.java:newHttpServer2BuilderForOzone(207)) - Starting Web-server for ozoneManager at: http://0.0.0.0:0
2021-04-29 10:57:13,280 [Listener at 127.0.0.1/42781] INFO  http.BaseHttpServer (BaseHttpServer.java:<init>(106)) - Hadoop Security Enabled: false Ozone Security Enabled: false Ozone HTTP Security Enabled: false 
2021-04-29 10:57:13,282 [Listener at 127.0.0.1/42781] INFO  server.AuthenticationFilter (AuthenticationFilter.java:constructSecretProvider(240)) - Unable to initialize FileSignerSecretProvider, falling back to use random secrets.
2021-04-29 10:57:13,300 [Listener at 127.0.0.1/42781] WARN  http.HttpRequestLog (HttpRequestLog.java:getRequestLog(103)) - Jetty request log can only be enabled using Log4j
2021-04-29 10:57:13,301 [Listener at 127.0.0.1/42781] INFO  http.HttpServer2 (HttpServer2.java:addGlobalFilter(1020)) - Added global filter 'safety' (class=org.apache.hadoop.hdds.server.http.HttpServer2$QuotingInputFilter)
2021-04-29 10:57:13,302 [Listener at 127.0.0.1/42781] INFO  http.HttpServer2 (HttpServer2.java:addFilter(996)) - Added filter static_user_filter (class=org.apache.hadoop.http.lib.StaticUserWebFilter$StaticUserFilter) to context ozoneManager
2021-04-29 10:57:13,303 [Listener at 127.0.0.1/42781] INFO  http.HttpServer2 (HttpServer2.java:addFilter(1004)) - Added filter static_user_filter (class=org.apache.hadoop.http.lib.StaticUserWebFilter$StaticUserFilter) to context static
2021-04-29 10:57:13,303 [Listener at 127.0.0.1/42781] INFO  http.HttpServer2 (HttpServer2.java:addFilter(1004)) - Added filter static_user_filter (class=org.apache.hadoop.http.lib.StaticUserWebFilter$StaticUserFilter) to context logs
2021-04-29 10:57:13,305 [Listener at 127.0.0.1/42781] INFO  http.HttpServer2 (HttpServer2.java:bindListener(1238)) - Jetty bound to port 39723
2021-04-29 10:57:13,307 [Listener at 127.0.0.1/42781] INFO  server.Server (Server.java:doStart(375)) - jetty-9.4.35.v20201120; built: 2020-11-20T21:17:03.964Z; git: bdc54f03a5e0a7e280fab27f55c3c75ee8da89fb; jvm 1.8.0_232-b09
2021-04-29 10:57:13,314 [Listener at 127.0.0.1/42781] INFO  server.session (DefaultSessionIdManager.java:doStart(334)) - DefaultSessionIdManager workerName=node0
2021-04-29 10:57:13,314 [Listener at 127.0.0.1/42781] INFO  server.session (DefaultSessionIdManager.java:doStart(339)) - No SessionScavenger set, using defaults
2021-04-29 10:57:13,314 [Listener at 127.0.0.1/42781] INFO  server.session (HouseKeeper.java:startScavenging(132)) - node0 Scavenging every 660000ms
2021-04-29 10:57:13,315 [Listener at 127.0.0.1/42781] INFO  handler.ContextHandler (ContextHandler.java:doStart(916)) - Started o.e.j.s.ServletContextHandler@2d85a4c7{logs,/logs,file:///github/workspace/mnt/ozone/hadoop-ozone/integration-test/target/log,AVAILABLE}
2021-04-29 10:57:13,316 [Listener at 127.0.0.1/42781] INFO  handler.ContextHandler (ContextHandler.java:doStart(916)) - Started o.e.j.s.ServletContextHandler@c53dfb2{static,/static,file:///github/workspace/mnt/ozone/hadoop-ozone/integration-test/target/test-classes/webapps/static,AVAILABLE}
2021-04-29 10:57:13,321 [Listener at 127.0.0.1/42781] INFO  handler.ContextHandler (ContextHandler.java:doStart(916)) - Started o.e.j.w.WebAppContext@31fc1b6e{ozoneManager,/,file:///github/workspace/mnt/ozone/hadoop-ozone/integration-test/target/test-classes/webapps/ozoneManager/,AVAILABLE}{file:/github/workspace/mnt/ozone/hadoop-ozone/integration-test/target/test-classes/webapps/ozoneManager}
2021-04-29 10:57:13,322 [Listener at 127.0.0.1/42781] INFO  server.AbstractConnector (AbstractConnector.java:doStart(331)) - Started ServerConnector@7cd6b76a{HTTP/1.1, (http/1.1)}{0.0.0.0:39723}
2021-04-29 10:57:13,322 [Listener at 127.0.0.1/42781] INFO  server.Server (Server.java:doStart(415)) - Started @5927ms
2021-04-29 10:57:13,323 [Listener at 127.0.0.1/42781] WARN  impl.MetricsSystemImpl (MetricsSystemImpl.java:register(279)) - Sink prometheus already exists!
2021-04-29 10:57:13,326 [Listener at 127.0.0.1/42781] INFO  http.BaseHttpServer (BaseHttpServer.java:updateConnectorAddress(327)) - HTTP server of ozoneManager listening at http://0.0.0.0:39723
2021-04-29 10:57:13,326 [IPC Server Responder] INFO  ipc.Server (Server.java:run(1497)) - IPC Server Responder: starting
2021-04-29 10:57:13,327 [IPC Server listener on 0] INFO  ipc.Server (Server.java:run(1334)) - IPC Server listener on 0: starting
2021-04-29 10:57:13,333 [Listener at 127.0.0.1/42781] INFO  om.OzoneManager (OzoneManager.java:startTrashEmptier(1234)) - Trash Interval set to 0. Files deleted will not move to trash
2021-04-29 10:57:13,342 [org.apache.hadoop.util.JvmPauseMonitor$Monitor@66e5441e] INFO  util.JvmPauseMonitor (JvmPauseMonitor.java:run(188)) - Starting JVM pause monitor
2021-04-29 10:57:13,515 [Listener at 127.0.0.1/42781] INFO  impl.MetricsSystemImpl (MetricsSystemImpl.java:init(158)) - HddsDatanode metrics system started (again)
2021-04-29 10:57:13,520 [Listener at 127.0.0.1/42781] INFO  ozone.HddsDatanodeService (HddsDatanodeService.java:start(220)) - HddsDatanodeService host:8023de4eb765 ip:172.17.0.2
2021-04-29 10:57:13,606 [Listener at 127.0.0.1/42781] INFO  volume.HddsVolume (HddsVolume.java:<init>(176)) - Creating Volume: /github/workspace/mnt/ozone/hadoop-ozone/integration-test/target/test-dir/MiniOzoneClusterImpl-2726c7ec-cf5f-4d18-8e0d-a0ed93d2ecae/datanode-0/data-0/containers/hdds of storage type : DISK and capacity : 9223372036854775807
2021-04-29 10:57:13,608 [Listener at 127.0.0.1/42781] INFO  volume.MutableVolumeSet (MutableVolumeSet.java:initializeVolumeSet(191)) - Added Volume : /github/workspace/mnt/ozone/hadoop-ozone/integration-test/target/test-dir/MiniOzoneClusterImpl-2726c7ec-cf5f-4d18-8e0d-a0ed93d2ecae/datanode-0/data-0/containers/hdds to VolumeSet
2021-04-29 10:57:13,609 [Listener at 127.0.0.1/42781] INFO  volume.ThrottledAsyncChecker (ThrottledAsyncChecker.java:schedule(141)) - Scheduling a check for /github/workspace/mnt/ozone/hadoop-ozone/integration-test/target/test-dir/MiniOzoneClusterImpl-2726c7ec-cf5f-4d18-8e0d-a0ed93d2ecae/datanode-0/data-0/containers/hdds
2021-04-29 10:57:13,631 [Listener at 127.0.0.1/42781] INFO  volume.HddsVolumeChecker (HddsVolumeChecker.java:checkAllVolumes(200)) - Scheduled health check for volume /github/workspace/mnt/ozone/hadoop-ozone/integration-test/target/test-dir/MiniOzoneClusterImpl-2726c7ec-cf5f-4d18-8e0d-a0ed93d2ecae/datanode-0/data-0/containers/hdds
2021-04-29 10:57:13,653 [Listener at 127.0.0.1/42781] INFO  ozoneimpl.ContainerReader (ContainerReader.java:<init>(98)) - Running in upgrade mode:true
2021-04-29 10:57:13,662 [Thread-127] INFO  ozoneimpl.ContainerReader (ContainerReader.java:readVolume(142)) - Start to verify containers on volume /github/workspace/mnt/ozone/hadoop-ozone/integration-test/target/test-dir/MiniOzoneClusterImpl-2726c7ec-cf5f-4d18-8e0d-a0ed93d2ecae/datanode-0/data-0/containers/hdds
2021-04-29 10:57:13,663 [Thread-127] INFO  ozoneimpl.ContainerReader (ContainerReader.java:readVolume(174)) - Finish verifying containers on volume /github/workspace/mnt/ozone/hadoop-ozone/integration-test/target/test-dir/MiniOzoneClusterImpl-2726c7ec-cf5f-4d18-8e0d-a0ed93d2ecae/datanode-0/data-0/containers/hdds
2021-04-29 10:57:13,663 [Listener at 127.0.0.1/42781] INFO  ozoneimpl.OzoneContainer (OzoneContainer.java:buildContainerSet(225)) - Build ContainerSet costs 0s
2021-04-29 10:57:13,731 [Listener at 127.0.0.1/42781] INFO  server.RaftServer (ConfUtils.java:logGet(44)) - raft.rpc.type = GRPC (default)
2021-04-29 10:57:13,731 [Listener at 127.0.0.1/42781] INFO  grpc.GrpcFactory (GrpcFactory.java:checkPooledByteBufAllocatorUseCacheForAllThreads(48)) - PERFORMANCE WARNING: useCacheForAllThreads is true that may cause Netty to create a lot garbage objects and, as a result, trigger GC.
	It is recommended to disable useCacheForAllThreads by setting -Dorg.apache.ratis.thirdparty.io.netty.allocator.useCacheForAllThreads=false in command line.
2021-04-29 10:57:13,732 [Listener at 127.0.0.1/42781] INFO  grpc.GrpcConfigKeys (ConfUtils.java:logGet(44)) - raft.grpc.admin.port = 0 (custom)
2021-04-29 10:57:13,732 [Listener at 127.0.0.1/42781] INFO  grpc.GrpcConfigKeys (ConfUtils.java:logGet(44)) - raft.grpc.client.port = 0 (custom)
2021-04-29 10:57:13,732 [Listener at 127.0.0.1/42781] INFO  grpc.GrpcConfigKeys (ConfUtils.java:logGet(44)) - raft.grpc.server.port = 0 (default)
2021-04-29 10:57:13,733 [Listener at 127.0.0.1/42781] INFO  server.GrpcService (ConfUtils.java:logGet(44)) - raft.grpc.message.size.max = 32MB (=33554432) (custom)
2021-04-29 10:57:13,733 [Listener at 127.0.0.1/42781] INFO  server.RaftServerConfigKeys (ConfUtils.java:logGet(44)) - raft.server.log.appender.buffer.byte-limit = 33554432 (custom)
2021-04-29 10:57:13,733 [Listener at 127.0.0.1/42781] INFO  server.GrpcService (ConfUtils.java:logGet(44)) - raft.grpc.flow.control.window = 5MB (=5242880) (custom)
2021-04-29 10:57:13,738 [Listener at 127.0.0.1/42781] INFO  server.RaftServerConfigKeys (ConfUtils.java:logGet(44)) - raft.server.rpc.request.timeout = 3000ms (default)
2021-04-29 10:57:13,742 [Listener at 127.0.0.1/42781] INFO  impl.DataStreamServerImpl (ConfUtils.java:logGet(44)) - raft.datastream.type = DISABLED (default)
2021-04-29 10:57:13,743 [Listener at 127.0.0.1/42781] INFO  server.RaftServerConfigKeys (ConfUtils.java:logGet(44)) - raft.server.rpc.slowness.timeout = 300000ms (custom)
2021-04-29 10:57:13,744 [Listener at 127.0.0.1/42781] INFO  server.RaftServerConfigKeys (ConfUtils.java:logGet(44)) - raft.server.leaderelection.leader.step-down.wait-time = 10s (default)
2021-04-29 10:57:13,745 [Listener at 127.0.0.1/42781] INFO  server.RaftServerConfigKeys (ConfUtils.java:logGet(44)) - raft.server.storage.dir = [/github/workspace/mnt/ozone/hadoop-ozone/integration-test/target/test-dir/MiniOzoneClusterImpl-2726c7ec-cf5f-4d18-8e0d-a0ed93d2ecae/datanode-0/data/ratis] (custom)
2021-04-29 10:57:13,823 [Listener at 127.0.0.1/42781] INFO  http.BaseHttpServer (BaseHttpServer.java:newHttpServer2BuilderForOzone(207)) - Starting Web-server for hddsDatanode at: http://0.0.0.0:0
2021-04-29 10:57:13,823 [Listener at 127.0.0.1/42781] INFO  http.BaseHttpServer (BaseHttpServer.java:<init>(106)) - Hadoop Security Enabled: false Ozone Security Enabled: false Ozone HTTP Security Enabled: false 
2021-04-29 10:57:13,826 [Listener at 127.0.0.1/42781] INFO  server.AuthenticationFilter (AuthenticationFilter.java:constructSecretProvider(240)) - Unable to initialize FileSignerSecretProvider, falling back to use random secrets.
2021-04-29 10:57:13,827 [Listener at 127.0.0.1/42781] WARN  http.HttpRequestLog (HttpRequestLog.java:getRequestLog(103)) - Jetty request log can only be enabled using Log4j
2021-04-29 10:57:13,828 [Listener at 127.0.0.1/42781] INFO  http.HttpServer2 (HttpServer2.java:addGlobalFilter(1020)) - Added global filter 'safety' (class=org.apache.hadoop.hdds.server.http.HttpServer2$QuotingInputFilter)
2021-04-29 10:57:13,830 [Listener at 127.0.0.1/42781] INFO  http.HttpServer2 (HttpServer2.java:addFilter(996)) - Added filter static_user_filter (class=org.apache.hadoop.http.lib.StaticUserWebFilter$StaticUserFilter) to context hddsDatanode
2021-04-29 10:57:13,830 [Listener at 127.0.0.1/42781] INFO  http.HttpServer2 (HttpServer2.java:addFilter(1004)) - Added filter static_user_filter (class=org.apache.hadoop.http.lib.StaticUserWebFilter$StaticUserFilter) to context static
2021-04-29 10:57:13,831 [Listener at 127.0.0.1/42781] INFO  http.HttpServer2 (HttpServer2.java:addFilter(1004)) - Added filter static_user_filter (class=org.apache.hadoop.http.lib.StaticUserWebFilter$StaticUserFilter) to context logs
2021-04-29 10:57:13,833 [Listener at 127.0.0.1/42781] INFO  http.HttpServer2 (HttpServer2.java:bindListener(1238)) - Jetty bound to port 37207
2021-04-29 10:57:13,834 [Listener at 127.0.0.1/42781] INFO  server.Server (Server.java:doStart(375)) - jetty-9.4.35.v20201120; built: 2020-11-20T21:17:03.964Z; git: bdc54f03a5e0a7e280fab27f55c3c75ee8da89fb; jvm 1.8.0_232-b09
2021-04-29 10:57:13,839 [Listener at 127.0.0.1/42781] INFO  server.session (DefaultSessionIdManager.java:doStart(334)) - DefaultSessionIdManager workerName=node0
2021-04-29 10:57:13,839 [Listener at 127.0.0.1/42781] INFO  server.session (DefaultSessionIdManager.java:doStart(339)) - No SessionScavenger set, using defaults
2021-04-29 10:57:13,839 [Listener at 127.0.0.1/42781] INFO  server.session (HouseKeeper.java:startScavenging(132)) - node0 Scavenging every 600000ms
2021-04-29 10:57:13,840 [Listener at 127.0.0.1/42781] INFO  handler.ContextHandler (ContextHandler.java:doStart(916)) - Started o.e.j.s.ServletContextHandler@4796ae58{logs,/logs,file:///github/workspace/mnt/ozone/hadoop-ozone/integration-test/target/log,AVAILABLE}
2021-04-29 10:57:13,840 [Listener at 127.0.0.1/42781] INFO  handler.ContextHandler (ContextHandler.java:doStart(916)) - Started o.e.j.s.ServletContextHandler@2627da4c{static,/static,jar:file:/home/user/.m2/repository/org/apache/hadoop/hadoop-hdds-container-service/1.2.0-SNAPSHOT/hadoop-hdds-container-service-1.2.0-SNAPSHOT.jar!/webapps/static,AVAILABLE}
2021-04-29 10:57:14,074 [Listener at 127.0.0.1/42781] INFO  handler.ContextHandler (ContextHandler.java:doStart(916)) - Started o.e.j.w.WebAppContext@7c4a44bb{hddsDatanode,/,file:///tmp/jetty-0_0_0_0-37207-hadoop-hdds-container-service-1_2_0-SNAPSHOT_jar-_-any-4035648464401355760/webapp/,AVAILABLE}{jar:file:/home/user/.m2/repository/org/apache/hadoop/hadoop-hdds-container-service/1.2.0-SNAPSHOT/hadoop-hdds-container-service-1.2.0-SNAPSHOT.jar!/webapps/hddsDatanode}
2021-04-29 10:57:14,076 [Listener at 127.0.0.1/42781] INFO  server.AbstractConnector (AbstractConnector.java:doStart(331)) - Started ServerConnector@46b2e0e4{HTTP/1.1, (http/1.1)}{0.0.0.0:37207}
2021-04-29 10:57:14,076 [Listener at 127.0.0.1/42781] INFO  server.Server (Server.java:doStart(415)) - Started @6681ms
2021-04-29 10:57:14,076 [Listener at 127.0.0.1/42781] WARN  impl.MetricsSystemImpl (MetricsSystemImpl.java:register(279)) - Sink prometheus already exists!
2021-04-29 10:57:14,132 [Listener at 127.0.0.1/42781] INFO  http.BaseHttpServer (BaseHttpServer.java:updateConnectorAddress(327)) - HTTP server of hddsDatanode listening at http://0.0.0.0:37207
2021-04-29 10:57:14,135 [Listener at 127.0.0.1/42781] INFO  impl.MetricsSystemImpl (MetricsSystemImpl.java:init(158)) - HddsDatanode metrics system started (again)
2021-04-29 10:57:14,137 [Listener at 127.0.0.1/42781] INFO  ozone.HddsDatanodeService (HddsDatanodeService.java:start(220)) - HddsDatanodeService host:8023de4eb765 ip:172.17.0.2
2021-04-29 10:57:14,159 [org.apache.hadoop.util.JvmPauseMonitor$Monitor@1b07e994] INFO  util.JvmPauseMonitor (JvmPauseMonitor.java:run(188)) - Starting JVM pause monitor
2021-04-29 10:57:14,164 [Listener at 127.0.0.1/42781] INFO  volume.HddsVolume (HddsVolume.java:<init>(176)) - Creating Volume: /github/workspace/mnt/ozone/hadoop-ozone/integration-test/target/test-dir/MiniOzoneClusterImpl-2726c7ec-cf5f-4d18-8e0d-a0ed93d2ecae/datanode-1/data-0/containers/hdds of storage type : DISK and capacity : 9223372036854775807
2021-04-29 10:57:14,164 [Listener at 127.0.0.1/42781] INFO  volume.MutableVolumeSet (MutableVolumeSet.java:initializeVolumeSet(191)) - Added Volume : /github/workspace/mnt/ozone/hadoop-ozone/integration-test/target/test-dir/MiniOzoneClusterImpl-2726c7ec-cf5f-4d18-8e0d-a0ed93d2ecae/datanode-1/data-0/containers/hdds to VolumeSet
2021-04-29 10:57:14,164 [Listener at 127.0.0.1/42781] INFO  volume.ThrottledAsyncChecker (ThrottledAsyncChecker.java:schedule(141)) - Scheduling a check for /github/workspace/mnt/ozone/hadoop-ozone/integration-test/target/test-dir/MiniOzoneClusterImpl-2726c7ec-cf5f-4d18-8e0d-a0ed93d2ecae/datanode-1/data-0/containers/hdds
2021-04-29 10:57:14,174 [Listener at 127.0.0.1/42781] INFO  volume.HddsVolumeChecker (HddsVolumeChecker.java:checkAllVolumes(200)) - Scheduled health check for volume /github/workspace/mnt/ozone/hadoop-ozone/integration-test/target/test-dir/MiniOzoneClusterImpl-2726c7ec-cf5f-4d18-8e0d-a0ed93d2ecae/datanode-1/data-0/containers/hdds
2021-04-29 10:57:14,213 [Listener at 127.0.0.1/42781] INFO  ozoneimpl.ContainerReader (ContainerReader.java:<init>(98)) - Running in upgrade mode:true
2021-04-29 10:57:14,222 [Thread-138] INFO  ozoneimpl.ContainerReader (ContainerReader.java:readVolume(142)) - Start to verify containers on volume /github/workspace/mnt/ozone/hadoop-ozone/integration-test/target/test-dir/MiniOzoneClusterImpl-2726c7ec-cf5f-4d18-8e0d-a0ed93d2ecae/datanode-1/data-0/containers/hdds
2021-04-29 10:57:14,222 [Thread-138] INFO  ozoneimpl.ContainerReader (ContainerReader.java:readVolume(174)) - Finish verifying containers on volume /github/workspace/mnt/ozone/hadoop-ozone/integration-test/target/test-dir/MiniOzoneClusterImpl-2726c7ec-cf5f-4d18-8e0d-a0ed93d2ecae/datanode-1/data-0/containers/hdds
2021-04-29 10:57:14,223 [Listener at 127.0.0.1/42781] INFO  ozoneimpl.OzoneContainer (OzoneContainer.java:buildContainerSet(225)) - Build ContainerSet costs 0s
2021-04-29 10:57:14,226 [Listener at 127.0.0.1/42781] INFO  server.RaftServer (ConfUtils.java:logGet(44)) - raft.rpc.type = GRPC (default)
2021-04-29 10:57:14,226 [Listener at 127.0.0.1/42781] INFO  grpc.GrpcFactory (GrpcFactory.java:checkPooledByteBufAllocatorUseCacheForAllThreads(48)) - PERFORMANCE WARNING: useCacheForAllThreads is true that may cause Netty to create a lot garbage objects and, as a result, trigger GC.
	It is recommended to disable useCacheForAllThreads by setting -Dorg.apache.ratis.thirdparty.io.netty.allocator.useCacheForAllThreads=false in command line.
2021-04-29 10:57:14,226 [Listener at 127.0.0.1/42781] INFO  grpc.GrpcConfigKeys (ConfUtils.java:logGet(44)) - raft.grpc.admin.port = 0 (custom)
2021-04-29 10:57:14,226 [Listener at 127.0.0.1/42781] INFO  grpc.GrpcConfigKeys (ConfUtils.java:logGet(44)) - raft.grpc.client.port = 0 (custom)
2021-04-29 10:57:14,227 [Listener at 127.0.0.1/42781] INFO  grpc.GrpcConfigKeys (ConfUtils.java:logGet(44)) - raft.grpc.server.port = 0 (default)
2021-04-29 10:57:14,227 [Listener at 127.0.0.1/42781] INFO  server.GrpcService (ConfUtils.java:logGet(44)) - raft.grpc.message.size.max = 32MB (=33554432) (custom)
2021-04-29 10:57:14,227 [Listener at 127.0.0.1/42781] INFO  server.RaftServerConfigKeys (ConfUtils.java:logGet(44)) - raft.server.log.appender.buffer.byte-limit = 33554432 (custom)
2021-04-29 10:57:14,227 [Listener at 127.0.0.1/42781] INFO  server.GrpcService (ConfUtils.java:logGet(44)) - raft.grpc.flow.control.window = 5MB (=5242880) (custom)
2021-04-29 10:57:14,227 [Listener at 127.0.0.1/42781] INFO  server.RaftServerConfigKeys (ConfUtils.java:logGet(44)) - raft.server.rpc.request.timeout = 3000ms (default)
2021-04-29 10:57:14,229 [Listener at 127.0.0.1/42781] INFO  impl.DataStreamServerImpl (ConfUtils.java:logGet(44)) - raft.datastream.type = DISABLED (default)
2021-04-29 10:57:14,229 [Listener at 127.0.0.1/42781] INFO  server.RaftServerConfigKeys (ConfUtils.java:logGet(44)) - raft.server.rpc.slowness.timeout = 300000ms (custom)
2021-04-29 10:57:14,234 [Listener at 127.0.0.1/42781] INFO  server.RaftServerConfigKeys (ConfUtils.java:logGet(44)) - raft.server.leaderelection.leader.step-down.wait-time = 10s (default)
2021-04-29 10:57:14,234 [Listener at 127.0.0.1/42781] INFO  server.RaftServerConfigKeys (ConfUtils.java:logGet(44)) - raft.server.storage.dir = [/github/workspace/mnt/ozone/hadoop-ozone/integration-test/target/test-dir/MiniOzoneClusterImpl-2726c7ec-cf5f-4d18-8e0d-a0ed93d2ecae/datanode-1/data/ratis] (custom)
2021-04-29 10:57:14,243 [Listener at 127.0.0.1/42781] INFO  http.BaseHttpServer (BaseHttpServer.java:newHttpServer2BuilderForOzone(207)) - Starting Web-server for hddsDatanode at: http://0.0.0.0:0
2021-04-29 10:57:14,243 [Listener at 127.0.0.1/42781] INFO  http.BaseHttpServer (BaseHttpServer.java:<init>(106)) - Hadoop Security Enabled: false Ozone Security Enabled: false Ozone HTTP Security Enabled: false 
2021-04-29 10:57:14,245 [Listener at 127.0.0.1/42781] INFO  server.AuthenticationFilter (AuthenticationFilter.java:constructSecretProvider(240)) - Unable to initialize FileSignerSecretProvider, falling back to use random secrets.
2021-04-29 10:57:14,250 [Listener at 127.0.0.1/42781] WARN  http.HttpRequestLog (HttpRequestLog.java:getRequestLog(103)) - Jetty request log can only be enabled using Log4j
2021-04-29 10:57:14,251 [Listener at 127.0.0.1/42781] INFO  http.HttpServer2 (HttpServer2.java:addGlobalFilter(1020)) - Added global filter 'safety' (class=org.apache.hadoop.hdds.server.http.HttpServer2$QuotingInputFilter)
2021-04-29 10:57:14,252 [Listener at 127.0.0.1/42781] INFO  http.HttpServer2 (HttpServer2.java:addFilter(996)) - Added filter static_user_filter (class=org.apache.hadoop.http.lib.StaticUserWebFilter$StaticUserFilter) to context hddsDatanode
2021-04-29 10:57:14,252 [Listener at 127.0.0.1/42781] INFO  http.HttpServer2 (HttpServer2.java:addFilter(1004)) - Added filter static_user_filter (class=org.apache.hadoop.http.lib.StaticUserWebFilter$StaticUserFilter) to context logs
2021-04-29 10:57:14,252 [Listener at 127.0.0.1/42781] INFO  http.HttpServer2 (HttpServer2.java:addFilter(1004)) - Added filter static_user_filter (class=org.apache.hadoop.http.lib.StaticUserWebFilter$StaticUserFilter) to context static
2021-04-29 10:57:14,253 [Listener at 127.0.0.1/42781] INFO  http.HttpServer2 (HttpServer2.java:bindListener(1238)) - Jetty bound to port 35233
2021-04-29 10:57:14,253 [Listener at 127.0.0.1/42781] INFO  server.Server (Server.java:doStart(375)) - jetty-9.4.35.v20201120; built: 2020-11-20T21:17:03.964Z; git: bdc54f03a5e0a7e280fab27f55c3c75ee8da89fb; jvm 1.8.0_232-b09
2021-04-29 10:57:14,256 [om1@group-C5BA1605619E-FollowerState] INFO  impl.FollowerState (FollowerState.java:run(134)) - om1@group-C5BA1605619E-FollowerState: change to CANDIDATE, lastRpcElapsedTime:1051530113ns, electionTimeout:1046ms
2021-04-29 10:57:14,258 [om1@group-C5BA1605619E-FollowerState] INFO  impl.RoleInfo (RoleInfo.java:shutdownFollowerState(108)) - om1: shutdown om1@group-C5BA1605619E-FollowerState
2021-04-29 10:57:14,258 [om1@group-C5BA1605619E-FollowerState] INFO  server.RaftServer$Division (RaftServerImpl.java:setRole(284)) - om1@group-C5BA1605619E: changes role from  FOLLOWER to CANDIDATE at term 0 for changeToCandidate
2021-04-29 10:57:14,261 [om1@group-C5BA1605619E-FollowerState] INFO  server.RaftServerConfigKeys (ConfUtils.java:logGet(44)) - raft.server.leaderelection.pre-vote = false (custom)
2021-04-29 10:57:14,261 [om1@group-C5BA1605619E-FollowerState] INFO  impl.RoleInfo (RoleInfo.java:updateAndGet(130)) - om1: start om1@group-C5BA1605619E-LeaderElection1
2021-04-29 10:57:14,270 [Listener at 127.0.0.1/42781] INFO  server.session (DefaultSessionIdManager.java:doStart(334)) - DefaultSessionIdManager workerName=node0
2021-04-29 10:57:14,271 [Listener at 127.0.0.1/42781] INFO  server.session (DefaultSessionIdManager.java:doStart(339)) - No SessionScavenger set, using defaults
2021-04-29 10:57:14,271 [Listener at 127.0.0.1/42781] INFO  server.session (HouseKeeper.java:startScavenging(132)) - node0 Scavenging every 600000ms
2021-04-29 10:57:14,277 [Listener at 127.0.0.1/42781] INFO  handler.ContextHandler (ContextHandler.java:doStart(916)) - Started o.e.j.s.ServletContextHandler@54c3b0dd{logs,/logs,file:///github/workspace/mnt/ozone/hadoop-ozone/integration-test/target/log,AVAILABLE}
2021-04-29 10:57:14,277 [Listener at 127.0.0.1/42781] INFO  handler.ContextHandler (ContextHandler.java:doStart(916)) - Started o.e.j.s.ServletContextHandler@d0c3793{static,/static,jar:file:/home/user/.m2/repository/org/apache/hadoop/hadoop-hdds-container-service/1.2.0-SNAPSHOT/hadoop-hdds-container-service-1.2.0-SNAPSHOT.jar!/webapps/static,AVAILABLE}
2021-04-29 10:57:14,283 [om1@group-C5BA1605619E-LeaderElection1] INFO  impl.LeaderElection (LeaderElection.java:askForVotes(306)) - om1@group-C5BA1605619E-LeaderElection1 ELECTION round 0: submit vote requests at term 1 for -1: [om1|rpc:localhost:9872|priority:0], old=null
2021-04-29 10:57:14,284 [om1@group-C5BA1605619E-LeaderElection1] INFO  impl.LeaderElection (LeaderElection.java:askForVotes(308)) - om1@group-C5BA1605619E-LeaderElection1 ELECTION round 0: result PASSED (term=1)
2021-04-29 10:57:14,285 [om1@group-C5BA1605619E-LeaderElection1] INFO  impl.RoleInfo (RoleInfo.java:shutdownLeaderElection(121)) - om1: shutdown om1@group-C5BA1605619E-LeaderElection1
2021-04-29 10:57:14,285 [om1@group-C5BA1605619E-LeaderElection1] INFO  server.RaftServer$Division (RaftServerImpl.java:setRole(284)) - om1@group-C5BA1605619E: changes role from CANDIDATE to LEADER at term 1 for changeToLeader
2021-04-29 10:57:14,286 [om1@group-C5BA1605619E-LeaderElection1] INFO  server.RaftServer$Division (ServerState.java:setLeader(271)) - om1@group-C5BA1605619E: change Leader from null to om1 at term 1 for becomeLeader, leader elected after 1201ms
2021-04-29 10:57:14,299 [om1@group-C5BA1605619E-LeaderElection1] INFO  server.RaftServerConfigKeys (ConfUtils.java:logGet(44)) - raft.server.staging.catchup.gap = 1000 (default)
2021-04-29 10:57:14,315 [om1@group-C5BA1605619E-LeaderElection1] INFO  metrics.RatisMetrics (RatisMetrics.java:lambda$create$0(36)) - Creating Metrics Registry : ratis.log_appender.om1@group-C5BA1605619E
2021-04-29 10:57:14,328 [om1@group-C5BA1605619E-LeaderElection1] INFO  server.RaftServerConfigKeys (ConfUtils.java:logGet(44)) - raft.server.write.element-limit = 4096 (default)
2021-04-29 10:57:14,329 [om1@group-C5BA1605619E-LeaderElection1] INFO  server.RaftServerConfigKeys (ConfUtils.java:logGet(44)) - raft.server.write.byte-limit = 64MB (=67108864) (default)
2021-04-29 10:57:14,339 [om1@group-C5BA1605619E-LeaderElection1] INFO  server.RaftServerConfigKeys (ConfUtils.java:logGet(44)) - raft.server.watch.timeout = 10s (default)
2021-04-29 10:57:14,341 [om1@group-C5BA1605619E-LeaderElection1] INFO  server.RaftServerConfigKeys (ConfUtils.java:logGet(44)) - raft.server.watch.timeout.denomination = 1s (default)
2021-04-29 10:57:14,346 [om1@group-C5BA1605619E-LeaderElection1] INFO  server.RaftServerConfigKeys (ConfUtils.java:logGet(44)) - raft.server.watch.element-limit = 65536 (default)
2021-04-29 10:57:14,374 [om1@group-C5BA1605619E-LeaderElection1] INFO  impl.RoleInfo (RoleInfo.java:updateAndGet(130)) - om1: start om1@group-C5BA1605619E-LeaderStateImpl
2021-04-29 10:57:14,419 [om1@group-C5BA1605619E-LeaderElection1] INFO  segmented.SegmentedRaftLogWorker (SegmentedRaftLogWorker.java:startLogSegment(394)) - om1@group-C5BA1605619E-SegmentedRaftLogWorker: Starting segment from index:0
2021-04-29 10:57:14,451 [om1@group-C5BA1605619E-LeaderElection1] INFO  server.RaftServer$Division (ServerState.java:setRaftConf(373)) - om1@group-C5BA1605619E: set configuration 0: [om1|rpc:localhost:9872|admin:|client:|dataStream:|priority:0], old=null
2021-04-29 10:57:14,452 [Datanode State Machine Task Thread - 0] INFO  datanode.InitDatanodeState (InitDatanodeState.java:persistContainerDatanodeDetails(145)) - DatanodeDetails is persisted to /github/workspace/mnt/ozone/hadoop-ozone/integration-test/target/test-dir/MiniOzoneClusterImpl-2726c7ec-cf5f-4d18-8e0d-a0ed93d2ecae/datanode-0/meta/datanode.id
2021-04-29 10:57:14,551 [om1@group-C5BA1605619E-SegmentedRaftLogWorker] INFO  segmented.SegmentedRaftLogWorker (SegmentedRaftLogWorker.java:execute(601)) - om1@group-C5BA1605619E-SegmentedRaftLogWorker: created new log segment /github/workspace/mnt/ozone/hadoop-ozone/integration-test/target/test-dir/MiniOzoneClusterImpl-2726c7ec-cf5f-4d18-8e0d-a0ed93d2ecae/ozone-meta/ratis/bf265839-605b-3f16-9796-c5ba1605619e/current/log_inprogress_0
2021-04-29 10:57:14,583 [Listener at 127.0.0.1/42781] INFO  handler.ContextHandler (ContextHandler.java:doStart(916)) - Started o.e.j.w.WebAppContext@654e793f{hddsDatanode,/,file:///tmp/jetty-0_0_0_0-35233-hadoop-hdds-container-service-1_2_0-SNAPSHOT_jar-_-any-590856441822717439/webapp/,AVAILABLE}{jar:file:/home/user/.m2/repository/org/apache/hadoop/hadoop-hdds-container-service/1.2.0-SNAPSHOT/hadoop-hdds-container-service-1.2.0-SNAPSHOT.jar!/webapps/hddsDatanode}
2021-04-29 10:57:14,585 [Listener at 127.0.0.1/42781] INFO  server.AbstractConnector (AbstractConnector.java:doStart(331)) - Started ServerConnector@4d555b85{HTTP/1.1, (http/1.1)}{0.0.0.0:35233}
2021-04-29 10:57:14,586 [Listener at 127.0.0.1/42781] INFO  server.Server (Server.java:doStart(415)) - Started @7190ms
2021-04-29 10:57:14,586 [Listener at 127.0.0.1/42781] WARN  impl.MetricsSystemImpl (MetricsSystemImpl.java:register(279)) - Sink prometheus already exists!
2021-04-29 10:57:14,589 [Listener at 127.0.0.1/42781] INFO  http.BaseHttpServer (BaseHttpServer.java:updateConnectorAddress(327)) - HTTP server of hddsDatanode listening at http://0.0.0.0:35233
2021-04-29 10:57:14,591 [Listener at 127.0.0.1/42781] INFO  impl.MetricsSystemImpl (MetricsSystemImpl.java:init(158)) - HddsDatanode metrics system started (again)
2021-04-29 10:57:14,592 [Listener at 127.0.0.1/42781] INFO  ozone.HddsDatanodeService (HddsDatanodeService.java:start(220)) - HddsDatanodeService host:8023de4eb765 ip:172.17.0.2
2021-04-29 10:57:14,606 [org.apache.hadoop.util.JvmPauseMonitor$Monitor@4c0522c4] INFO  util.JvmPauseMonitor (JvmPauseMonitor.java:run(188)) - Starting JVM pause monitor
2021-04-29 10:57:14,612 [Datanode State Machine Task Thread - 0] INFO  datanode.InitDatanodeState (InitDatanodeState.java:persistContainerDatanodeDetails(145)) - DatanodeDetails is persisted to /github/workspace/mnt/ozone/hadoop-ozone/integration-test/target/test-dir/MiniOzoneClusterImpl-2726c7ec-cf5f-4d18-8e0d-a0ed93d2ecae/datanode-1/meta/datanode.id
2021-04-29 10:57:14,620 [Listener at 127.0.0.1/42781] INFO  volume.HddsVolume (HddsVolume.java:<init>(176)) - Creating Volume: /github/workspace/mnt/ozone/hadoop-ozone/integration-test/target/test-dir/MiniOzoneClusterImpl-2726c7ec-cf5f-4d18-8e0d-a0ed93d2ecae/datanode-2/data-0/containers/hdds of storage type : DISK and capacity : 9223372036854775807
2021-04-29 10:57:14,621 [Listener at 127.0.0.1/42781] INFO  volume.MutableVolumeSet (MutableVolumeSet.java:initializeVolumeSet(191)) - Added Volume : /github/workspace/mnt/ozone/hadoop-ozone/integration-test/target/test-dir/MiniOzoneClusterImpl-2726c7ec-cf5f-4d18-8e0d-a0ed93d2ecae/datanode-2/data-0/containers/hdds to VolumeSet
2021-04-29 10:57:14,621 [Listener at 127.0.0.1/42781] INFO  volume.ThrottledAsyncChecker (ThrottledAsyncChecker.java:schedule(141)) - Scheduling a check for /github/workspace/mnt/ozone/hadoop-ozone/integration-test/target/test-dir/MiniOzoneClusterImpl-2726c7ec-cf5f-4d18-8e0d-a0ed93d2ecae/datanode-2/data-0/containers/hdds
2021-04-29 10:57:14,622 [Listener at 127.0.0.1/42781] INFO  volume.HddsVolumeChecker (HddsVolumeChecker.java:checkAllVolumes(200)) - Scheduled health check for volume /github/workspace/mnt/ozone/hadoop-ozone/integration-test/target/test-dir/MiniOzoneClusterImpl-2726c7ec-cf5f-4d18-8e0d-a0ed93d2ecae/datanode-2/data-0/containers/hdds
2021-04-29 10:57:14,638 [Listener at 127.0.0.1/42781] INFO  ozoneimpl.ContainerReader (ContainerReader.java:<init>(98)) - Running in upgrade mode:true
2021-04-29 10:57:14,638 [Thread-151] INFO  ozoneimpl.ContainerReader (ContainerReader.java:readVolume(142)) - Start to verify containers on volume /github/workspace/mnt/ozone/hadoop-ozone/integration-test/target/test-dir/MiniOzoneClusterImpl-2726c7ec-cf5f-4d18-8e0d-a0ed93d2ecae/datanode-2/data-0/containers/hdds
2021-04-29 10:57:14,639 [Thread-151] INFO  ozoneimpl.ContainerReader (ContainerReader.java:readVolume(174)) - Finish verifying containers on volume /github/workspace/mnt/ozone/hadoop-ozone/integration-test/target/test-dir/MiniOzoneClusterImpl-2726c7ec-cf5f-4d18-8e0d-a0ed93d2ecae/datanode-2/data-0/containers/hdds
2021-04-29 10:57:14,639 [Listener at 127.0.0.1/42781] INFO  ozoneimpl.OzoneContainer (OzoneContainer.java:buildContainerSet(225)) - Build ContainerSet costs 0s
2021-04-29 10:57:14,642 [Listener at 127.0.0.1/42781] INFO  server.RaftServer (ConfUtils.java:logGet(44)) - raft.rpc.type = GRPC (default)
2021-04-29 10:57:14,642 [Listener at 127.0.0.1/42781] INFO  grpc.GrpcFactory (GrpcFactory.java:checkPooledByteBufAllocatorUseCacheForAllThreads(48)) - PERFORMANCE WARNING: useCacheForAllThreads is true that may cause Netty to create a lot garbage objects and, as a result, trigger GC.
	It is recommended to disable useCacheForAllThreads by setting -Dorg.apache.ratis.thirdparty.io.netty.allocator.useCacheForAllThreads=false in command line.
2021-04-29 10:57:14,642 [Listener at 127.0.0.1/42781] INFO  grpc.GrpcConfigKeys (ConfUtils.java:logGet(44)) - raft.grpc.admin.port = 0 (custom)
2021-04-29 10:57:14,643 [Listener at 127.0.0.1/42781] INFO  grpc.GrpcConfigKeys (ConfUtils.java:logGet(44)) - raft.grpc.client.port = 0 (custom)
2021-04-29 10:57:14,643 [Listener at 127.0.0.1/42781] INFO  grpc.GrpcConfigKeys (ConfUtils.java:logGet(44)) - raft.grpc.server.port = 0 (default)
2021-04-29 10:57:14,643 [Listener at 127.0.0.1/42781] INFO  server.GrpcService (ConfUtils.java:logGet(44)) - raft.grpc.message.size.max = 32MB (=33554432) (custom)
2021-04-29 10:57:14,643 [Listener at 127.0.0.1/42781] INFO  server.RaftServerConfigKeys (ConfUtils.java:logGet(44)) - raft.server.log.appender.buffer.byte-limit = 33554432 (custom)
2021-04-29 10:57:14,644 [Listener at 127.0.0.1/42781] INFO  server.GrpcService (ConfUtils.java:logGet(44)) - raft.grpc.flow.control.window = 5MB (=5242880) (custom)
2021-04-29 10:57:14,644 [Listener at 127.0.0.1/42781] INFO  server.RaftServerConfigKeys (ConfUtils.java:logGet(44)) - raft.server.rpc.request.timeout = 3000ms (default)
2021-04-29 10:57:14,650 [Listener at 127.0.0.1/42781] INFO  impl.DataStreamServerImpl (ConfUtils.java:logGet(44)) - raft.datastream.type = DISABLED (default)
2021-04-29 10:57:14,650 [Listener at 127.0.0.1/42781] INFO  server.RaftServerConfigKeys (ConfUtils.java:logGet(44)) - raft.server.rpc.slowness.timeout = 300000ms (custom)
2021-04-29 10:57:14,650 [Listener at 127.0.0.1/42781] INFO  server.RaftServerConfigKeys (ConfUtils.java:logGet(44)) - raft.server.leaderelection.leader.step-down.wait-time = 10s (default)
2021-04-29 10:57:14,651 [Listener at 127.0.0.1/42781] INFO  server.RaftServerConfigKeys (ConfUtils.java:logGet(44)) - raft.server.storage.dir = [/github/workspace/mnt/ozone/hadoop-ozone/integration-test/target/test-dir/MiniOzoneClusterImpl-2726c7ec-cf5f-4d18-8e0d-a0ed93d2ecae/datanode-2/data/ratis] (custom)
2021-04-29 10:57:14,657 [Listener at 127.0.0.1/42781] INFO  http.BaseHttpServer (BaseHttpServer.java:newHttpServer2BuilderForOzone(207)) - Starting Web-server for hddsDatanode at: http://0.0.0.0:0
2021-04-29 10:57:14,658 [Listener at 127.0.0.1/42781] INFO  http.BaseHttpServer (BaseHttpServer.java:<init>(106)) - Hadoop Security Enabled: false Ozone Security Enabled: false Ozone HTTP Security Enabled: false 
2021-04-29 10:57:14,659 [Listener at 127.0.0.1/42781] INFO  server.AuthenticationFilter (AuthenticationFilter.java:constructSecretProvider(240)) - Unable to initialize FileSignerSecretProvider, falling back to use random secrets.
2021-04-29 10:57:14,659 [Listener at 127.0.0.1/42781] WARN  http.HttpRequestLog (HttpRequestLog.java:getRequestLog(103)) - Jetty request log can only be enabled using Log4j
2021-04-29 10:57:14,660 [Listener at 127.0.0.1/42781] INFO  http.HttpServer2 (HttpServer2.java:addGlobalFilter(1020)) - Added global filter 'safety' (class=org.apache.hadoop.hdds.server.http.HttpServer2$QuotingInputFilter)
2021-04-29 10:57:14,661 [Listener at 127.0.0.1/42781] INFO  http.HttpServer2 (HttpServer2.java:addFilter(996)) - Added filter static_user_filter (class=org.apache.hadoop.http.lib.StaticUserWebFilter$StaticUserFilter) to context hddsDatanode
2021-04-29 10:57:14,662 [Listener at 127.0.0.1/42781] INFO  http.HttpServer2 (HttpServer2.java:addFilter(1004)) - Added filter static_user_filter (class=org.apache.hadoop.http.lib.StaticUserWebFilter$StaticUserFilter) to context static
2021-04-29 10:57:14,662 [Listener at 127.0.0.1/42781] INFO  http.HttpServer2 (HttpServer2.java:addFilter(1004)) - Added filter static_user_filter (class=org.apache.hadoop.http.lib.StaticUserWebFilter$StaticUserFilter) to context logs
2021-04-29 10:57:14,662 [Listener at 127.0.0.1/42781] INFO  http.HttpServer2 (HttpServer2.java:bindListener(1238)) - Jetty bound to port 41653
2021-04-29 10:57:14,663 [Listener at 127.0.0.1/42781] INFO  server.Server (Server.java:doStart(375)) - jetty-9.4.35.v20201120; built: 2020-11-20T21:17:03.964Z; git: bdc54f03a5e0a7e280fab27f55c3c75ee8da89fb; jvm 1.8.0_232-b09
2021-04-29 10:57:14,664 [Listener at 127.0.0.1/42781] INFO  server.session (DefaultSessionIdManager.java:doStart(334)) - DefaultSessionIdManager workerName=node0
2021-04-29 10:57:14,665 [Listener at 127.0.0.1/42781] INFO  server.session (DefaultSessionIdManager.java:doStart(339)) - No SessionScavenger set, using defaults
2021-04-29 10:57:14,665 [Listener at 127.0.0.1/42781] INFO  server.session (HouseKeeper.java:startScavenging(132)) - node0 Scavenging every 600000ms
2021-04-29 10:57:14,666 [Listener at 127.0.0.1/42781] INFO  handler.ContextHandler (ContextHandler.java:doStart(916)) - Started o.e.j.s.ServletContextHandler@1a48f55b{logs,/logs,file:///github/workspace/mnt/ozone/hadoop-ozone/integration-test/target/log,AVAILABLE}
2021-04-29 10:57:14,666 [Listener at 127.0.0.1/42781] INFO  handler.ContextHandler (ContextHandler.java:doStart(916)) - Started o.e.j.s.ServletContextHandler@4a9fdffe{static,/static,jar:file:/home/user/.m2/repository/org/apache/hadoop/hadoop-hdds-container-service/1.2.0-SNAPSHOT/hadoop-hdds-container-service-1.2.0-SNAPSHOT.jar!/webapps/static,AVAILABLE}
2021-04-29 10:57:14,832 [Listener at 127.0.0.1/42781] INFO  handler.ContextHandler (ContextHandler.java:doStart(916)) - Started o.e.j.w.WebAppContext@9c7699e{hddsDatanode,/,file:///tmp/jetty-0_0_0_0-41653-hadoop-hdds-container-service-1_2_0-SNAPSHOT_jar-_-any-1689969587879073057/webapp/,AVAILABLE}{jar:file:/home/user/.m2/repository/org/apache/hadoop/hadoop-hdds-container-service/1.2.0-SNAPSHOT/hadoop-hdds-container-service-1.2.0-SNAPSHOT.jar!/webapps/hddsDatanode}
2021-04-29 10:57:14,835 [Listener at 127.0.0.1/42781] INFO  server.AbstractConnector (AbstractConnector.java:doStart(331)) - Started ServerConnector@7a0ebc03{HTTP/1.1, (http/1.1)}{0.0.0.0:41653}
2021-04-29 10:57:14,835 [Listener at 127.0.0.1/42781] INFO  server.Server (Server.java:doStart(415)) - Started @7440ms
2021-04-29 10:57:14,835 [Listener at 127.0.0.1/42781] WARN  impl.MetricsSystemImpl (MetricsSystemImpl.java:register(279)) - Sink prometheus already exists!
2021-04-29 10:57:14,839 [Listener at 127.0.0.1/42781] INFO  http.BaseHttpServer (BaseHttpServer.java:updateConnectorAddress(327)) - HTTP server of hddsDatanode listening at http://0.0.0.0:41653
2021-04-29 10:57:14,843 [Listener at 127.0.0.1/42781] INFO  impl.MetricsSystemImpl (MetricsSystemImpl.java:init(158)) - HddsDatanode metrics system started (again)
2021-04-29 10:57:14,845 [Listener at 127.0.0.1/42781] INFO  ozone.HddsDatanodeService (HddsDatanodeService.java:start(220)) - HddsDatanodeService host:8023de4eb765 ip:172.17.0.2
2021-04-29 10:57:14,850 [org.apache.hadoop.util.JvmPauseMonitor$Monitor@5fa545c] INFO  util.JvmPauseMonitor (JvmPauseMonitor.java:run(188)) - Starting JVM pause monitor
2021-04-29 10:57:14,853 [Datanode State Machine Task Thread - 0] INFO  datanode.InitDatanodeState (InitDatanodeState.java:persistContainerDatanodeDetails(145)) - DatanodeDetails is persisted to /github/workspace/mnt/ozone/hadoop-ozone/integration-test/target/test-dir/MiniOzoneClusterImpl-2726c7ec-cf5f-4d18-8e0d-a0ed93d2ecae/datanode-2/meta/datanode.id
2021-04-29 10:57:14,888 [Listener at 127.0.0.1/42781] INFO  volume.HddsVolume (HddsVolume.java:<init>(176)) - Creating Volume: /github/workspace/mnt/ozone/hadoop-ozone/integration-test/target/test-dir/MiniOzoneClusterImpl-2726c7ec-cf5f-4d18-8e0d-a0ed93d2ecae/datanode-3/data-0/containers/hdds of storage type : DISK and capacity : 9223372036854775807
2021-04-29 10:57:14,888 [Listener at 127.0.0.1/42781] INFO  volume.MutableVolumeSet (MutableVolumeSet.java:initializeVolumeSet(191)) - Added Volume : /github/workspace/mnt/ozone/hadoop-ozone/integration-test/target/test-dir/MiniOzoneClusterImpl-2726c7ec-cf5f-4d18-8e0d-a0ed93d2ecae/datanode-3/data-0/containers/hdds to VolumeSet
2021-04-29 10:57:14,888 [Listener at 127.0.0.1/42781] INFO  volume.ThrottledAsyncChecker (ThrottledAsyncChecker.java:schedule(141)) - Scheduling a check for /github/workspace/mnt/ozone/hadoop-ozone/integration-test/target/test-dir/MiniOzoneClusterImpl-2726c7ec-cf5f-4d18-8e0d-a0ed93d2ecae/datanode-3/data-0/containers/hdds
2021-04-29 10:57:14,889 [Listener at 127.0.0.1/42781] INFO  volume.HddsVolumeChecker (HddsVolumeChecker.java:checkAllVolumes(200)) - Scheduled health check for volume /github/workspace/mnt/ozone/hadoop-ozone/integration-test/target/test-dir/MiniOzoneClusterImpl-2726c7ec-cf5f-4d18-8e0d-a0ed93d2ecae/datanode-3/data-0/containers/hdds
2021-04-29 10:57:14,904 [Listener at 127.0.0.1/42781] INFO  ozoneimpl.ContainerReader (ContainerReader.java:<init>(98)) - Running in upgrade mode:true
2021-04-29 10:57:14,906 [Thread-162] INFO  ozoneimpl.ContainerReader (ContainerReader.java:readVolume(142)) - Start to verify containers on volume /github/workspace/mnt/ozone/hadoop-ozone/integration-test/target/test-dir/MiniOzoneClusterImpl-2726c7ec-cf5f-4d18-8e0d-a0ed93d2ecae/datanode-3/data-0/containers/hdds
2021-04-29 10:57:14,906 [Thread-162] INFO  ozoneimpl.ContainerReader (ContainerReader.java:readVolume(174)) - Finish verifying containers on volume /github/workspace/mnt/ozone/hadoop-ozone/integration-test/target/test-dir/MiniOzoneClusterImpl-2726c7ec-cf5f-4d18-8e0d-a0ed93d2ecae/datanode-3/data-0/containers/hdds
2021-04-29 10:57:14,906 [Listener at 127.0.0.1/42781] INFO  ozoneimpl.OzoneContainer (OzoneContainer.java:buildContainerSet(225)) - Build ContainerSet costs 0s
2021-04-29 10:57:14,909 [Listener at 127.0.0.1/42781] INFO  server.RaftServer (ConfUtils.java:logGet(44)) - raft.rpc.type = GRPC (default)
2021-04-29 10:57:14,910 [Listener at 127.0.0.1/42781] INFO  grpc.GrpcFactory (GrpcFactory.java:checkPooledByteBufAllocatorUseCacheForAllThreads(48)) - PERFORMANCE WARNING: useCacheForAllThreads is true that may cause Netty to create a lot garbage objects and, as a result, trigger GC.
	It is recommended to disable useCacheForAllThreads by setting -Dorg.apache.ratis.thirdparty.io.netty.allocator.useCacheForAllThreads=false in command line.
2021-04-29 10:57:14,910 [Listener at 127.0.0.1/42781] INFO  grpc.GrpcConfigKeys (ConfUtils.java:logGet(44)) - raft.grpc.admin.port = 0 (custom)
2021-04-29 10:57:14,910 [Listener at 127.0.0.1/42781] INFO  grpc.GrpcConfigKeys (ConfUtils.java:logGet(44)) - raft.grpc.client.port = 0 (custom)
2021-04-29 10:57:14,910 [Listener at 127.0.0.1/42781] INFO  grpc.GrpcConfigKeys (ConfUtils.java:logGet(44)) - raft.grpc.server.port = 0 (default)
[...]
2021-04-29 10:58:07,004 [ForkJoinPool.commonPool-worker-0] INFO  server.AbstractConnector (AbstractConnector.java:doStop(381)) - Stopped ServerConnector@4d555b85{HTTP/1.1, (http/1.1)}{0.0.0.0:0}
2021-04-29 10:58:07,004 [ForkJoinPool.commonPool-worker-0] INFO  server.session (HouseKeeper.java:stopScavenging(149)) - node0 Stopped scavenging
2021-04-29 10:58:07,004 [ForkJoinPool.commonPool-worker-0] INFO  handler.ContextHandler (ContextHandler.java:doStop(1154)) - Stopped o.e.j.s.ServletContextHandler@d0c3793{static,/static,jar:file:/home/user/.m2/repository/org/apache/hadoop/hadoop-hdds-container-service/1.2.0-SNAPSHOT/hadoop-hdds-container-service-1.2.0-SNAPSHOT.jar!/webapps/static,STOPPED}
2021-04-29 10:58:07,005 [ForkJoinPool.commonPool-worker-0] INFO  handler.ContextHandler (ContextHandler.java:doStop(1154)) - Stopped o.e.j.s.ServletContextHandler@54c3b0dd{logs,/logs,file:///github/workspace/mnt/ozone/hadoop-ozone/integration-test/target/log,STOPPED}
2021-04-29 10:58:07,005 [Datanode State Machine Thread - 0] INFO  statemachine.DatanodeStateMachine (DatanodeStateMachine.java:lambda$startDaemon$0(411)) - Ozone container server started.
2021-04-29 10:58:12,001 [Listener at 127.0.0.1/42781] INFO  ozoneimpl.OzoneContainer (OzoneContainer.java:stop(313)) - Attempting to stop container services.
2021-04-29 10:58:12,002 [Listener at 127.0.0.1/42781] INFO  server.RaftServer (RaftServerProxy.java:lambda$close$6(391)) - f2874c6a-efe9-4f48-8c15-64eb2698a6fe: close
2021-04-29 10:58:12,002 [Listener at 127.0.0.1/42781] INFO  server.RaftServer$Division (RaftServerImpl.java:lambda$close$4(406)) - f2874c6a-efe9-4f48-8c15-64eb2698a6fe@group-5F9640C5EC9E: shutdown
2021-04-29 10:58:12,002 [Listener at 127.0.0.1/42781] INFO  util.JmxRegister (JmxRegister.java:unregister(73)) - Successfully un-registered JMX Bean with object name Ratis:service=RaftServer,group=group-5F9640C5EC9E,id=f2874c6a-efe9-4f48-8c15-64eb2698a6fe
2021-04-29 10:58:12,003 [Listener at 127.0.0.1/42781] INFO  impl.RoleInfo (RoleInfo.java:shutdownFollowerState(108)) - f2874c6a-efe9-4f48-8c15-64eb2698a6fe: shutdown f2874c6a-efe9-4f48-8c15-64eb2698a6fe@group-5F9640C5EC9E-FollowerState
2021-04-29 10:58:12,003 [Listener at 127.0.0.1/42781] INFO  impl.StateMachineUpdater (StateMachineUpdater.java:stopAndJoin(149)) - f2874c6a-efe9-4f48-8c15-64eb2698a6fe@group-5F9640C5EC9E-StateMachineUpdater: set stopIndex = 2
2021-04-29 10:58:12,003 [f2874c6a-efe9-4f48-8c15-64eb2698a6fe@group-5F9640C5EC9E-FollowerState] INFO  impl.FollowerState (FollowerState.java:run(143)) - f2874c6a-efe9-4f48-8c15-64eb2698a6fe@group-5F9640C5EC9E-FollowerState was interrupted: {}
java.lang.InterruptedException: sleep interrupted
	at java.lang.Thread.sleep(Native Method)
	at java.lang.Thread.sleep(Thread.java:340)
	at java.util.concurrent.TimeUnit.sleep(TimeUnit.java:386)
	at org.apache.ratis.util.TimeDuration.sleep(TimeDuration.java:324)
	at org.apache.ratis.util.TimeDuration.sleep(TimeDuration.java:309)
	at org.apache.ratis.server.impl.FollowerState.run(FollowerState.java:118)
2021-04-29 10:58:12,003 [f2874c6a-efe9-4f48-8c15-64eb2698a6fe@group-5F9640C5EC9E-StateMachineUpdater] INFO  ratis.ContainerStateMachine (ContainerStateMachine.java:takeSnapshot(292)) - group-5F9640C5EC9E: Taking a snapshot at:(t:6, i:2) file /github/workspace/mnt/ozone/hadoop-ozone/integration-test/target/test-dir/MiniOzoneClusterImpl-2726c7ec-cf5f-4d18-8e0d-a0ed93d2ecae/datanode-6/data/ratis/d965319d-9b1c-4f94-89c8-5f9640c5ec9e/sm/snapshot.6_2
2021-04-29 10:58:12,004 [f2874c6a-efe9-4f48-8c15-64eb2698a6fe@group-5F9640C5EC9E-StateMachineUpdater] INFO  ratis.ContainerStateMachine (ContainerStateMachine.java:takeSnapshot(303)) - group-5F9640C5EC9E: Finished taking a snapshot at:(t:6, i:2) file:/github/workspace/mnt/ozone/hadoop-ozone/integration-test/target/test-dir/MiniOzoneClusterImpl-2726c7ec-cf5f-4d18-8e0d-a0ed93d2ecae/datanode-6/data/ratis/d965319d-9b1c-4f94-89c8-5f9640c5ec9e/sm/snapshot.6_2 took: 1 ms
2021-04-29 10:58:12,005 [f2874c6a-efe9-4f48-8c15-64eb2698a6fe@group-5F9640C5EC9E-StateMachineUpdater] INFO  impl.StateMachineUpdater (StateMachineUpdater.java:takeSnapshot(281)) - f2874c6a-efe9-4f48-8c15-64eb2698a6fe@group-5F9640C5EC9E-StateMachineUpdater: Took a snapshot at index 2
2021-04-29 10:58:12,005 [f2874c6a-efe9-4f48-8c15-64eb2698a6fe@group-5F9640C5EC9E-StateMachineUpdater] INFO  impl.StateMachineUpdater (StateMachineUpdater.java:lambda$new$0(89)) - f2874c6a-efe9-4f48-8c15-64eb2698a6fe@group-5F9640C5EC9E-StateMachineUpdater: snapshotIndex: updateIncreasingly -1 -> 2
2021-04-29 10:58:12,005 [f2874c6a-efe9-4f48-8c15-64eb2698a6fe@group-5F9640C5EC9E-StateMachineUpdater] INFO  metrics.RatisMetrics (RatisMetrics.java:unregister(43)) - Unregistering Metrics Registry : ratis.state_machine.f2874c6a-efe9-4f48-8c15-64eb2698a6fe@group-5F9640C5EC9E
2021-04-29 10:58:12,005 [Listener at 127.0.0.1/42781] INFO  server.RaftServer$Division (ServerState.java:close(405)) - f2874c6a-efe9-4f48-8c15-64eb2698a6fe@group-5F9640C5EC9E: closes. applyIndex: 2
2021-04-29 10:58:12,005 [f2874c6a-efe9-4f48-8c15-64eb2698a6fe@group-5F9640C5EC9E-SegmentedRaftLogWorker] INFO  segmented.SegmentedRaftLogWorker (SegmentedRaftLogWorker.java:run(327)) - f2874c6a-efe9-4f48-8c15-64eb2698a6fe@group-5F9640C5EC9E-SegmentedRaftLogWorker was interrupted, exiting. There are 0 tasks remaining in the queue.
2021-04-29 10:58:12,006 [Listener at 127.0.0.1/42781] INFO  segmented.SegmentedRaftLogWorker (SegmentedRaftLogWorker.java:close(237)) - f2874c6a-efe9-4f48-8c15-64eb2698a6fe@group-5F9640C5EC9E-SegmentedRaftLogWorker close()
2021-04-29 10:58:12,006 [Listener at 127.0.0.1/42781] INFO  metrics.RatisMetrics (RatisMetrics.java:unregister(43)) - Unregistering Metrics Registry : ratis.log_worker.f2874c6a-efe9-4f48-8c15-64eb2698a6fe@group-5F9640C5EC9E
2021-04-29 10:58:12,007 [Listener at 127.0.0.1/42781] INFO  metrics.RatisMetrics (RatisMetrics.java:unregister(43)) - Unregistering Metrics Registry : ratis.leader_election.f2874c6a-efe9-4f48-8c15-64eb2698a6fe@group-5F9640C5EC9E
2021-04-29 10:58:12,007 [Listener at 127.0.0.1/42781] INFO  metrics.RatisMetrics (RatisMetrics.java:unregister(43)) - Unregistering Metrics Registry : ratis.server.f2874c6a-efe9-4f48-8c15-64eb2698a6fe@group-5F9640C5EC9E
2021-04-29 10:58:12,007 [Listener at 127.0.0.1/42781] INFO  server.RaftServer$Division (RaftServerImpl.java:lambda$close$4(406)) - f2874c6a-efe9-4f48-8c15-64eb2698a6fe@group-05D4B2F145DF: shutdown
2021-04-29 10:58:12,007 [Listener at 127.0.0.1/42781] INFO  util.JmxRegister (JmxRegister.java:unregister(73)) - Successfully un-registered JMX Bean with object name Ratis:service=RaftServer,group=group-05D4B2F145DF,id=f2874c6a-efe9-4f48-8c15-64eb2698a6fe
2021-04-29 10:58:12,008 [Listener at 127.0.0.1/42781] INFO  impl.RoleInfo (RoleInfo.java:shutdownLeaderState(91)) - f2874c6a-efe9-4f48-8c15-64eb2698a6fe: shutdown f2874c6a-efe9-4f48-8c15-64eb2698a6fe@group-05D4B2F145DF-LeaderStateImpl
2021-04-29 10:58:12,008 [Listener at 127.0.0.1/42781] INFO  impl.PendingRequests (PendingRequests.java:sendNotLeaderResponses(249)) - f2874c6a-efe9-4f48-8c15-64eb2698a6fe@group-05D4B2F145DF-PendingRequests: sendNotLeaderResponses
2021-04-29 10:58:12,008 [Listener at 127.0.0.1/42781] INFO  metrics.RatisMetrics (RatisMetrics.java:unregister(43)) - Unregistering Metrics Registry : ratis.log_appender.f2874c6a-efe9-4f48-8c15-64eb2698a6fe@group-05D4B2F145DF
2021-04-29 10:58:12,008 [Listener at 127.0.0.1/42781] INFO  metrics.RatisMetrics (RatisMetrics.java:unregister(43)) - Unregistering Metrics Registry : ratis.server.f2874c6a-efe9-4f48-8c15-64eb2698a6fe@group-05D4B2F145DF
2021-04-29 10:58:12,009 [Listener at 127.0.0.1/42781] INFO  impl.StateMachineUpdater (StateMachineUpdater.java:stopAndJoin(149)) - f2874c6a-efe9-4f48-8c15-64eb2698a6fe@group-05D4B2F145DF-StateMachineUpdater: set stopIndex = 0
2021-04-29 10:58:12,009 [f2874c6a-efe9-4f48-8c15-64eb2698a6fe@group-05D4B2F145DF-StateMachineUpdater] INFO  ratis.ContainerStateMachine (ContainerStateMachine.java:takeSnapshot(292)) - group-05D4B2F145DF: Taking a snapshot at:(t:1, i:0) file /github/workspace/mnt/ozone/hadoop-ozone/integration-test/target/test-dir/MiniOzoneClusterImpl-2726c7ec-cf5f-4d18-8e0d-a0ed93d2ecae/datanode-6/data/ratis/a802a953-e735-4870-b1c8-05d4b2f145df/sm/snapshot.1_0
2021-04-29 10:58:12,010 [f2874c6a-efe9-4f48-8c15-64eb2698a6fe@group-05D4B2F145DF-StateMachineUpdater] INFO  ratis.ContainerStateMachine (ContainerStateMachine.java:takeSnapshot(303)) - group-05D4B2F145DF: Finished taking a snapshot at:(t:1, i:0) file:/github/workspace/mnt/ozone/hadoop-ozone/integration-test/target/test-dir/MiniOzoneClusterImpl-2726c7ec-cf5f-4d18-8e0d-a0ed93d2ecae/datanode-6/data/ratis/a802a953-e735-4870-b1c8-05d4b2f145df/sm/snapshot.1_0 took: 1 ms
2021-04-29 10:58:12,010 [f2874c6a-efe9-4f48-8c15-64eb2698a6fe@group-05D4B2F145DF-StateMachineUpdater] INFO  impl.StateMachineUpdater (StateMachineUpdater.java:takeSnapshot(281)) - f2874c6a-efe9-4f48-8c15-64eb2698a6fe@group-05D4B2F145DF-StateMachineUpdater: Took a snapshot at index 0
2021-04-29 10:58:12,010 [f2874c6a-efe9-4f48-8c15-64eb2698a6fe@group-05D4B2F145DF-StateMachineUpdater] INFO  impl.StateMachineUpdater (StateMachineUpdater.java:lambda$new$0(89)) - f2874c6a-efe9-4f48-8c15-64eb2698a6fe@group-05D4B2F145DF-StateMachineUpdater: snapshotIndex: updateIncreasingly -1 -> 0
2021-04-29 10:58:12,010 [f2874c6a-efe9-4f48-8c15-64eb2698a6fe@group-05D4B2F145DF-StateMachineUpdater] INFO  metrics.RatisMetrics (RatisMetrics.java:unregister(43)) - Unregistering Metrics Registry : ratis.state_machine.f2874c6a-efe9-4f48-8c15-64eb2698a6fe@group-05D4B2F145DF
2021-04-29 10:58:12,011 [Listener at 127.0.0.1/42781] INFO  server.RaftServer$Division (ServerState.java:close(405)) - f2874c6a-efe9-4f48-8c15-64eb2698a6fe@group-05D4B2F145DF: closes. applyIndex: 0
2021-04-29 10:58:12,011 [f2874c6a-efe9-4f48-8c15-64eb2698a6fe@group-05D4B2F145DF-SegmentedRaftLogWorker] INFO  segmented.SegmentedRaftLogWorker (SegmentedRaftLogWorker.java:run(327)) - f2874c6a-efe9-4f48-8c15-64eb2698a6fe@group-05D4B2F145DF-SegmentedRaftLogWorker was interrupted, exiting. There are 0 tasks remaining in the queue.
2021-04-29 10:58:12,012 [Listener at 127.0.0.1/42781] INFO  segmented.SegmentedRaftLogWorker (SegmentedRaftLogWorker.java:close(237)) - f2874c6a-efe9-4f48-8c15-64eb2698a6fe@group-05D4B2F145DF-SegmentedRaftLogWorker close()
2021-04-29 10:58:12,012 [Listener at 127.0.0.1/42781] INFO  metrics.RatisMetrics (RatisMetrics.java:unregister(43)) - Unregistering Metrics Registry : ratis.log_worker.f2874c6a-efe9-4f48-8c15-64eb2698a6fe@group-05D4B2F145DF
2021-04-29 10:58:12,012 [Listener at 127.0.0.1/42781] INFO  metrics.RatisMetrics (RatisMetrics.java:unregister(43)) - Unregistering Metrics Registry : ratis.leader_election.f2874c6a-efe9-4f48-8c15-64eb2698a6fe@group-05D4B2F145DF
2021-04-29 10:58:12,012 [Listener at 127.0.0.1/42781] INFO  metrics.RatisMetrics (RatisMetrics.java:unregister(43)) - Unregistering Metrics Registry : ratis.server.f2874c6a-efe9-4f48-8c15-64eb2698a6fe@group-05D4B2F145DF
2021-04-29 10:58:12,013 [Listener at 127.0.0.1/42781] INFO  server.GrpcService (GrpcService.java:closeImpl(262)) - f2874c6a-efe9-4f48-8c15-64eb2698a6fe: shutdown server with port 38031 now
2021-04-29 10:58:12,014 [Listener at 127.0.0.1/42781] INFO  server.GrpcService (GrpcService.java:closeImpl(271)) - f2874c6a-efe9-4f48-8c15-64eb2698a6fe: shutdown server with port 38031 successfully
2021-04-29 10:58:12,014 [org.apache.ratis.util.JvmPauseMonitor$$Lambda$504/1672688893@246e7085] INFO  util.JvmPauseMonitor (JvmPauseMonitor.java:run(109)) - JvmPauseMonitor-f2874c6a-efe9-4f48-8c15-64eb2698a6fe: Stopped
2021-04-29 10:58:12,016 [Listener at 127.0.0.1/42781] INFO  utils.BackgroundService (BackgroundService.java:shutdown(132)) - Shutting down service BlockDeletingService
2021-04-29 10:58:12,018 [Listener at 127.0.0.1/42781] INFO  statemachine.DatanodeStateMachine (DatanodeStateMachine.java:stopDaemon(469)) - Ozone container server stopped.
2021-04-29 10:58:12,029 [Listener at 127.0.0.1/42781] INFO  handler.ContextHandler (ContextHandler.java:doStop(1154)) - Stopped o.e.j.w.WebAppContext@47814094{hddsDatanode,/,null,STOPPED}{jar:file:/home/user/.m2/repository/org/apache/hadoop/hadoop-hdds-container-service/1.2.0-SNAPSHOT/hadoop-hdds-container-service-1.2.0-SNAPSHOT.jar!/webapps/hddsDatanode}
2021-04-29 10:58:12,030 [Listener at 127.0.0.1/42781] INFO  server.AbstractConnector (AbstractConnector.java:doStop(381)) - Stopped ServerConnector@26df4e2f{HTTP/1.1, (http/1.1)}{0.0.0.0:0}
2021-04-29 10:58:12,031 [Listener at 127.0.0.1/42781] INFO  server.session (HouseKeeper.java:stopScavenging(149)) - node0 Stopped scavenging
2021-04-29 10:58:12,032 [Listener at 127.0.0.1/42781] INFO  handler.ContextHandler (ContextHandler.java:doStop(1154)) - Stopped o.e.j.s.ServletContextHandler@34ef9879{static,/static,jar:file:/home/user/.m2/repository/org/apache/hadoop/hadoop-hdds-container-service/1.2.0-SNAPSHOT/hadoop-hdds-container-service-1.2.0-SNAPSHOT.jar!/webapps/static,STOPPED}
2021-04-29 10:58:12,033 [Listener at 127.0.0.1/42781] INFO  handler.ContextHandler (ContextHandler.java:doStop(1154)) - Stopped o.e.j.s.ServletContextHandler@735ed1d2{logs,/logs,file:///github/workspace/mnt/ozone/hadoop-ozone/integration-test/target/log,STOPPED}
2021-04-29 10:58:12,034 [Listener at 127.0.0.1/42781] INFO  ozone.MiniOzoneClusterImpl (MiniOzoneClusterImpl.java:stopSCM(532)) - Stopping the StorageContainerManager
2021-04-29 10:58:12,034 [Listener at 127.0.0.1/42781] INFO  server.StorageContainerManager (StorageContainerManager.java:stop(1230)) - Stopping Replication Manager Service.
2021-04-29 10:58:12,034 [Listener at 127.0.0.1/42781] INFO  container.ReplicationManager (ReplicationManager.java:stop(267)) - Stopping Replication Monitor Thread.
2021-04-29 10:58:12,034 [Listener at 127.0.0.1/42781] INFO  server.StorageContainerManager (StorageContainerManager.java:stop(1237)) - Stopping the Datanode Admin Monitor.
2021-04-29 10:58:12,035 [Listener at 127.0.0.1/42781] INFO  server.StorageContainerManager (StorageContainerManager.java:stop(1244)) - Stopping Lease Manager of the command watchers
2021-04-29 10:58:12,035 [Listener at 127.0.0.1/42781] INFO  server.StorageContainerManager (StorageContainerManager.java:stop(1251)) - Stopping datanode service RPC server
2021-04-29 10:58:12,035 [Listener at 127.0.0.1/42781] INFO  server.SCMDatanodeProtocolServer (SCMDatanodeProtocolServer.java:stop(374)) - Stopping the RPC server for DataNodes
2021-04-29 10:58:12,035 [Listener at 127.0.0.1/42781] INFO  ipc.Server (Server.java:stop(3403)) - Stopping server on 35221
2021-04-29 10:58:12,036 [IPC Server listener on 0] INFO  ipc.Server (Server.java:run(1366)) - Stopping IPC Server listener on 0
2021-04-29 10:58:12,036 [IPC Server Responder] INFO  ipc.Server (Server.java:run(1502)) - Stopping IPC Server Responder
2021-04-29 10:58:12,126 [SCM Heartbeat Processing Thread - 0] WARN  node.NodeStateManager (NodeStateManager.java:scheduleNextHealthCheck(688)) - Current Thread is interrupted, shutting down HB processing thread for Node Manager.
2021-04-29 10:58:12,127 [Listener at 127.0.0.1/42781] INFO  server.StorageContainerManager (StorageContainerManager.java:stop(1259)) - Stopping block service RPC server
2021-04-29 10:58:12,127 [Listener at 127.0.0.1/42781] INFO  server.SCMBlockProtocolServer (SCMBlockProtocolServer.java:stop(158)) - Stopping the RPC server for Block Protocol
2021-04-29 10:58:12,127 [Listener at 127.0.0.1/42781] INFO  ipc.Server (Server.java:stop(3403)) - Stopping server on 38485
2021-04-29 10:58:12,128 [IPC Server listener on 0] INFO  ipc.Server (Server.java:run(1366)) - Stopping IPC Server listener on 0
2021-04-29 10:58:12,129 [Listener at 127.0.0.1/42781] INFO  server.StorageContainerManager (StorageContainerManager.java:stop(1266)) - Stopping the StorageContainerLocationProtocol RPC server
2021-04-29 10:58:12,130 [Listener at 127.0.0.1/42781] INFO  server.SCMClientProtocolServer (SCMClientProtocolServer.java:stop(166)) - Stopping the RPC server for Client Protocol
2021-04-29 10:58:12,131 [Listener at 127.0.0.1/42781] INFO  ipc.Server (Server.java:stop(3403)) - Stopping server on 39801
2021-04-29 10:58:12,130 [IPC Server Responder] INFO  ipc.Server (Server.java:run(1502)) - Stopping IPC Server Responder
2021-04-29 10:58:12,132 [IPC Server listener on 0] INFO  ipc.Server (Server.java:run(1366)) - Stopping IPC Server listener on 0
2021-04-29 10:58:12,133 [IPC Server Responder] INFO  ipc.Server (Server.java:run(1502)) - Stopping IPC Server Responder
2021-04-29 10:58:12,133 [Listener at 127.0.0.1/42781] INFO  server.StorageContainerManager (StorageContainerManager.java:stop(1273)) - Stopping Storage Container Manager HTTP server.
2021-04-29 10:58:12,134 [Listener at 127.0.0.1/42781] INFO  handler.ContextHandler (ContextHandler.java:doStop(1154)) - Stopped o.e.j.w.WebAppContext@717a8a76{scm,/,null,STOPPED}{file:/github/workspace/mnt/ozone/hadoop-ozone/integration-test/target/test-classes/webapps/scm}
2021-04-29 10:58:12,136 [Listener at 127.0.0.1/42781] INFO  server.AbstractConnector (AbstractConnector.java:doStop(381)) - Stopped ServerConnector@778113f2{HTTP/1.1, (http/1.1)}{0.0.0.0:0}
2021-04-29 10:58:12,137 [Listener at 127.0.0.1/42781] INFO  server.session (HouseKeeper.java:stopScavenging(149)) - node0 Stopped scavenging
2021-04-29 10:58:12,137 [Listener at 127.0.0.1/42781] INFO  handler.ContextHandler (ContextHandler.java:doStop(1154)) - Stopped o.e.j.s.ServletContextHandler@7ff09659{static,/static,file:///github/workspace/mnt/ozone/hadoop-ozone/integration-test/target/test-classes/webapps/static,STOPPED}
2021-04-29 10:58:12,137 [Listener at 127.0.0.1/42781] INFO  handler.ContextHandler (ContextHandler.java:doStop(1154)) - Stopped o.e.j.s.ServletContextHandler@66e1b2a{logs,/logs,file:///github/workspace/mnt/ozone/hadoop-ozone/integration-test/target/log,STOPPED}
2021-04-29 10:58:12,138 [Listener at 127.0.0.1/42781] INFO  server.StorageContainerManager (StorageContainerManager.java:stop(1284)) - Stopping Block Manager Service.
2021-04-29 10:58:12,138 [Listener at 127.0.0.1/42781] INFO  utils.BackgroundService (BackgroundService.java:shutdown(132)) - Shutting down service SCMBlockDeletingService
2021-04-29 10:58:12,139 [Listener at 127.0.0.1/42781] INFO  utils.BackgroundService (BackgroundService.java:shutdown(132)) - Shutting down service SCMBlockDeletingService
2021-04-29 10:58:12,139 [Listener at 127.0.0.1/42781] INFO  server.StorageContainerManager (StorageContainerManager.java:stop(1309)) - Stopping SCM Event Queue.
2021-04-29 10:58:12,141 [Listener at 127.0.0.1/42781] WARN  pipeline.BackgroundPipelineCreator (BackgroundPipelineCreatorV2.java:stop(154)) - RatisPipelineUtilsThread is not running, just ignore.
2021-04-29 10:58:12,149 [Listener at 127.0.0.1/42781] INFO  impl.MetricsSystemImpl (MetricsSystemImpl.java:stop(210)) - Stopping XceiverClientMetrics metrics system...
2021-04-29 10:58:12,157 [prometheus] INFO  impl.MetricsSinkAdapter (MetricsSinkAdapter.java:publishMetricsFromQueue(141)) - prometheus thread interrupted.
2021-04-29 10:58:12,158 [Listener at 127.0.0.1/42781] INFO  impl.MetricsSystemImpl (MetricsSystemImpl.java:stop(216)) - XceiverClientMetrics metrics system stopped.
]]></system-out>
  </testcase>
  <testcase name="testWatchForCommitForRetryfailure" classname="org.apache.hadoop.ozone.client.rpc.TestWatchForCommit" time="68.062"/>
  <testcase name="testWatchForCommitForGroupMismatchException" classname="org.apache.hadoop.ozone.client.rpc.TestWatchForCommit" time="41.209"/>
  <testcase name="test2WayCommitForTimeoutException" classname="org.apache.hadoop.ozone.client.rpc.TestWatchForCommit" time="42.829"/>
</testsuite>