# JRE version: OpenJDK Runtime Environment (8.0_332-b09) (build 1.8.0_332-b09)
# Java VM: OpenJDK 64-Bit Server VM (25.332-b09 mixed mode linux-amd64 compressed oops)
Heap:
 PSYoungGen      total 659968K, used 61694K [0x00000000d5580000, 0x00000000ffc80000, 0x0000000100000000)
  eden space 627200K, 9% used [0x00000000d5580000,0x00000000d914fbf0,0x00000000fba00000)
  from space 32768K, 1% used [0x00000000fba00000,0x00000000fba70000,0x00000000fda00000)
  to   space 31232K, 0% used [0x00000000fde00000,0x00000000fde00000,0x00000000ffc80000)
 ParOldGen       total 265216K, used 107915K [0x0000000080000000, 0x0000000090300000, 0x00000000d5580000)
  object space 265216K, 40% used [0x0000000080000000,0x0000000086962dc8,0x0000000090300000)
 Metaspace       used 87717K, capacity 92844K, committed 92888K, reserved 1132544K
  class space    used 9684K, capacity 10487K, committed 10496K, reserved 1048576K
GC Heap History (10 events):
Event: 481.654 GC heap before
{Heap before GC invocations=184 (full 5):
 PSYoungGen      total 653824K, used 616016K [0x00000000d5580000, 0x00000000ffb00000, 0x0000000100000000)
  eden space 613376K, 100% used [0x00000000d5580000,0x00000000fac80000,0x00000000fac80000)
  from space 40448K, 6% used [0x00000000fd380000,0x00000000fd614020,0x00000000ffb00000)
  to   space 39936K, 0% used [0x00000000fac80000,0x00000000fac80000,0x00000000fd380000)
 ParOldGen       total 265216K, used 107175K [0x0000000080000000, 0x0000000090300000, 0x00000000d5580000)
  object space 265216K, 40% used [0x0000000080000000,0x00000000868a9d18,0x0000000090300000)
 Metaspace       used 87705K, capacity 92844K, committed 92888K, reserved 1132544K
  class space    used 9684K, capacity 10487K, committed 10496K, reserved 1048576K
Event: 481.661 GC heap after
Heap after GC invocations=184 (full 5):
 PSYoungGen      total 653312K, used 1584K [0x00000000d5580000, 0x00000000ffb80000, 0x0000000100000000)
  eden space 613376K, 0% used [0x00000000d5580000,0x00000000d5580000,0x00000000fac80000)
  from space 39936K, 3% used [0x00000000fac80000,0x00000000fae0c020,0x00000000fd380000)
  to   space 37888K, 0% used [0x00000000fd680000,0x00000000fd680000,0x00000000ffb80000)
 ParOldGen       total 265216K, used 107191K [0x0000000080000000, 0x0000000090300000, 0x00000000d5580000)
  object space 265216K, 40% used [0x0000000080000000,0x00000000868add18,0x0000000090300000)
 Metaspace       used 87705K, capacity 92844K, committed 92888K, reserved 1132544K
  class space    used 9684K, capacity 10487K, committed 10496K, reserved 1048576K
}
Event: 484.673 GC heap before
{Heap before GC invocations=185 (full 5):
 PSYoungGen      total 653312K, used 614960K [0x00000000d5580000, 0x00000000ffb80000, 0x0000000100000000)
  eden space 613376K, 100% used [0x00000000d5580000,0x00000000fac80000,0x00000000fac80000)
  from space 39936K, 3% used [0x00000000fac80000,0x00000000fae0c020,0x00000000fd380000)
  to   space 37888K, 0% used [0x00000000fd680000,0x00000000fd680000,0x00000000ffb80000)
 ParOldGen       total 265216K, used 107191K [0x0000000080000000, 0x0000000090300000, 0x00000000d5580000)
  object space 265216K, 40% used [0x0000000080000000,0x00000000868add18,0x0000000090300000)
 Metaspace       used 87708K, capacity 92844K, committed 92888K, reserved 1132544K
  class space    used 9684K, capacity 10487K, committed 10496K, reserved 1048576K
Event: 484.684 GC heap after
Heap after GC invocations=185 (full 5):
 PSYoungGen      total 657408K, used 1584K [0x00000000d5580000, 0x00000000ffb00000, 0x0000000100000000)
  eden space 620032K, 0% used [0x00000000d5580000,0x00000000d5580000,0x00000000fb300000)
  from space 37376K, 4% used [0x00000000fd680000,0x00000000fd80c020,0x00000000ffb00000)
  to   space 36352K, 0% used [0x00000000fb300000,0x00000000fb300000,0x00000000fd680000)
 ParOldGen       total 265216K, used 107215K [0x0000000080000000, 0x0000000090300000, 0x00000000d5580000)
  object space 265216K, 40% used [0x0000000080000000,0x00000000868b3d18,0x0000000090300000)
 Metaspace       used 87708K, capacity 92844K, committed 92888K, reserved 1132544K
  class space    used 9684K, capacity 10487K, committed 10496K, reserved 1048576K
}
Event: 487.544 GC heap before
{Heap before GC invocations=186 (full 5):
 PSYoungGen      total 657408K, used 621616K [0x00000000d5580000, 0x00000000ffb00000, 0x0000000100000000)
  eden space 620032K, 100% used [0x00000000d5580000,0x00000000fb300000,0x00000000fb300000)
  from space 37376K, 4% used [0x00000000fd680000,0x00000000fd80c020,0x00000000ffb00000)
  to   space 36352K, 0% used [0x00000000fb300000,0x00000000fb300000,0x00000000fd680000)
 ParOldGen       total 265216K, used 107215K [0x0000000080000000, 0x0000000090300000, 0x00000000d5580000)
  object space 265216K, 40% used [0x0000000080000000,0x00000000868b3d18,0x0000000090300000)
 Metaspace       used 87712K, capacity 92844K, committed 92888K, reserved 1132544K
  class space    used 9684K, capacity 10487K, committed 10496K, reserved 1048576K
Event: 487.550 GC heap after
Heap after GC invocations=186 (full 5):
 PSYoungGen      total 656384K, used 1552K [0x00000000d5580000, 0x00000000ffc00000, 0x0000000100000000)
  eden space 620032K, 0% used [0x00000000d5580000,0x00000000d5580000,0x00000000fb300000)
  from space 36352K, 4% used [0x00000000fb300000,0x00000000fb484020,0x00000000fd680000)
  to   space 34816K, 0% used [0x00000000fda00000,0x00000000fda00000,0x00000000ffc00000)
 ParOldGen       total 265216K, used 107231K [0x0000000080000000, 0x0000000090300000, 0x00000000d5580000)
  object space 265216K, 40% used [0x0000000080000000,0x00000000868b7d18,0x0000000090300000)
 Metaspace       used 87712K, capacity 92844K, committed 92888K, reserved 1132544K
  class space    used 9684K, capacity 10487K, committed 10496K, reserved 1048576K
}
Event: 490.785 GC heap before
{Heap before GC invocations=187 (full 5):
 PSYoungGen      total 656384K, used 621584K [0x00000000d5580000, 0x00000000ffc00000, 0x0000000100000000)
  eden space 620032K, 100% used [0x00000000d5580000,0x00000000fb300000,0x00000000fb300000)
  from space 36352K, 4% used [0x00000000fb300000,0x00000000fb484020,0x00000000fd680000)
  to   space 34816K, 0% used [0x00000000fda00000,0x00000000fda00000,0x00000000ffc00000)
 ParOldGen       total 265216K, used 107231K [0x0000000080000000, 0x0000000090300000, 0x00000000d5580000)
  object space 265216K, 40% used [0x0000000080000000,0x00000000868b7d18,0x0000000090300000)
 Metaspace       used 87714K, capacity 92844K, committed 92888K, reserved 1132544K
  class space    used 9684K, capacity 10487K, committed 10496K, reserved 1048576K
Event: 490.792 GC heap after
Heap after GC invocations=187 (full 5):
 PSYoungGen      total 660480K, used 1056K [0x00000000d5580000, 0x00000000ffa80000, 0x0000000100000000)
  eden space 627200K, 0% used [0x00000000d5580000,0x00000000d5580000,0x00000000fba00000)
  from space 33280K, 3% used [0x00000000fda00000,0x00000000fdb08000,0x00000000ffa80000)
  to   space 32768K, 0% used [0x00000000fba00000,0x00000000fba00000,0x00000000fda00000)
 ParOldGen       total 265216K, used 107723K [0x0000000080000000, 0x0000000090300000, 0x00000000d5580000)
  object space 265216K, 40% used [0x0000000080000000,0x0000000086932dc8,0x0000000090300000)
 Metaspace       used 87714K, capacity 92844K, committed 92888K, reserved 1132544K
  class space    used 9684K, capacity 10487K, committed 10496K, reserved 1048576K
}
Event: 494.084 GC heap before
{Heap before GC invocations=188 (full 5):
 PSYoungGen      total 660480K, used 628256K [0x00000000d5580000, 0x00000000ffa80000, 0x0000000100000000)
  eden space 627200K, 100% used [0x00000000d5580000,0x00000000fba00000,0x00000000fba00000)
  from space 33280K, 3% used [0x00000000fda00000,0x00000000fdb08000,0x00000000ffa80000)
  to   space 32768K, 0% used [0x00000000fba00000,0x00000000fba00000,0x00000000fda00000)
 ParOldGen       total 265216K, used 107723K [0x0000000080000000, 0x0000000090300000, 0x00000000d5580000)
  object space 265216K, 40% used [0x0000000080000000,0x0000000086932dc8,0x0000000090300000)
 Metaspace       used 87716K, capacity 92844K, committed 92888K, reserved 1132544K
  class space    used 9684K, capacity 10487K, committed 10496K, reserved 1048576K
Event: 494.090 GC heap after
Heap after GC invocations=188 (full 5):
 PSYoungGen      total 659968K, used 448K [0x00000000d5580000, 0x00000000ffc80000, 0x0000000100000000)
  eden space 627200K, 0% used [0x00000000d5580000,0x00000000d5580000,0x00000000fba00000)
  from space 32768K, 1% used [0x00000000fba00000,0x00000000fba70000,0x00000000fda00000)
  to   space 31232K, 0% used [0x00000000fde00000,0x00000000fde00000,0x00000000ffc80000)
 ParOldGen       total 265216K, used 107915K [0x0000000080000000, 0x0000000090300000, 0x00000000d5580000)
  object space 265216K, 40% used [0x0000000080000000,0x0000000086962dc8,0x0000000090300000)
 Metaspace       used 87716K, capacity 92844K, committed 92888K, reserved 1132544K
  class space    used 9684K, capacity 10487K, committed 10496K, reserved 1048576K
}

