# JRE version: OpenJDK Runtime Environment (8.0_232-b09) (build 1.8.0_232-b09)
# Java VM: OpenJDK 64-Bit Server VM (25.232-b09 mixed mode linux-amd64 compressed oops)
Heap:
 PSYoungGen      total 60928K, used 33154K [0x00000000d5580000, 0x00000000dce80000, 0x0000000100000000)
  eden space 56320K, 50% used [0x00000000d5580000,0x00000000d7166f70,0x00000000d8c80000)
  from space 4608K, 99% used [0x00000000d8c80000,0x00000000d90f9ac8,0x00000000d9100000)
  to   space 5632K, 0% used [0x00000000dc900000,0x00000000dc900000,0x00000000dce80000)
 ParOldGen       total 75264K, used 505K [0x0000000080000000, 0x0000000084980000, 0x00000000d5580000)
  object space 75264K, 0% used [0x0000000080000000,0x000000008007e540,0x0000000084980000)
 Metaspace       used 20005K, capacity 20342K, committed 20480K, reserved 1067008K
  class space    used 2126K, capacity 2237K, committed 2304K, reserved 1048576K
GC Heap History (10 events):
Event: 0.510 GC heap before
{Heap before GC invocations=1 (full 0):
 PSYoungGen      total 32768K, used 28160K [0x00000000d5580000, 0x00000000d7a00000, 0x0000000100000000)
  eden space 28160K, 100% used [0x00000000d5580000,0x00000000d7100000,0x00000000d7100000)
  from space 4608K, 0% used [0x00000000d7580000,0x00000000d7580000,0x00000000d7a00000)
  to   space 4608K, 0% used [0x00000000d7100000,0x00000000d7100000,0x00000000d7580000)
 ParOldGen       total 75264K, used 0K [0x0000000080000000, 0x0000000084980000, 0x00000000d5580000)
  object space 75264K, 0% used [0x0000000080000000,0x0000000080000000,0x0000000084980000)
 Metaspace       used 6044K, capacity 6194K, committed 6400K, reserved 1056768K
  class space    used 594K, capacity 673K, committed 768K, reserved 1048576K
Event: 0.514 GC heap after
Heap after GC invocations=1 (full 0):
 PSYoungGen      total 32768K, used 2723K [0x00000000d5580000, 0x00000000d7a00000, 0x0000000100000000)
  eden space 28160K, 0% used [0x00000000d5580000,0x00000000d5580000,0x00000000d7100000)
  from space 4608K, 59% used [0x00000000d7100000,0x00000000d73a8da0,0x00000000d7580000)
  to   space 4608K, 0% used [0x00000000d7580000,0x00000000d7580000,0x00000000d7a00000)
 ParOldGen       total 75264K, used 8K [0x0000000080000000, 0x0000000084980000, 0x00000000d5580000)
  object space 75264K, 0% used [0x0000000080000000,0x0000000080002000,0x0000000084980000)
 Metaspace       used 6044K, capacity 6194K, committed 6400K, reserved 1056768K
  class space    used 594K, capacity 673K, committed 768K, reserved 1048576K
}
Event: 0.790 GC heap before
{Heap before GC invocations=2 (full 0):
 PSYoungGen      total 32768K, used 30883K [0x00000000d5580000, 0x00000000d7a00000, 0x0000000100000000)
  eden space 28160K, 100% used [0x00000000d5580000,0x00000000d7100000,0x00000000d7100000)
  from space 4608K, 59% used [0x00000000d7100000,0x00000000d73a8da0,0x00000000d7580000)
  to   space 4608K, 0% used [0x00000000d7580000,0x00000000d7580000,0x00000000d7a00000)
 ParOldGen       total 75264K, used 8K [0x0000000080000000, 0x0000000084980000, 0x00000000d5580000)
  object space 75264K, 0% used [0x0000000080000000,0x0000000080002000,0x0000000084980000)
 Metaspace       used 8959K, capacity 9136K, committed 9216K, reserved 1056768K
  class space    used 921K, capacity 996K, committed 1024K, reserved 1048576K
Event: 0.795 GC heap after
Heap after GC invocations=2 (full 0):
 PSYoungGen      total 32768K, used 2477K [0x00000000d5580000, 0x00000000d9580000, 0x0000000100000000)
  eden space 28160K, 0% used [0x00000000d5580000,0x00000000d5580000,0x00000000d7100000)
  from space 4608K, 53% used [0x00000000d7580000,0x00000000d77eb4e0,0x00000000d7a00000)
  to   space 4608K, 0% used [0x00000000d7100000,0x00000000d7100000,0x00000000d7580000)
 ParOldGen       total 75264K, used 24K [0x0000000080000000, 0x0000000084980000, 0x00000000d5580000)
  object space 75264K, 0% used [0x0000000080000000,0x0000000080006000,0x0000000084980000)
 Metaspace       used 8959K, capacity 9136K, committed 9216K, reserved 1056768K
  class space    used 921K, capacity 996K, committed 1024K, reserved 1048576K
}
Event: 0.983 GC heap before
{Heap before GC invocations=3 (full 0):
 PSYoungGen      total 32768K, used 30637K [0x00000000d5580000, 0x00000000d9580000, 0x0000000100000000)
  eden space 28160K, 100% used [0x00000000d5580000,0x00000000d7100000,0x00000000d7100000)
  from space 4608K, 53% used [0x00000000d7580000,0x00000000d77eb4e0,0x00000000d7a00000)
  to   space 4608K, 0% used [0x00000000d7100000,0x00000000d7100000,0x00000000d7580000)
 ParOldGen       total 75264K, used 24K [0x0000000080000000, 0x0000000084980000, 0x00000000d5580000)
  object space 75264K, 0% used [0x0000000080000000,0x0000000080006000,0x0000000084980000)
 Metaspace       used 11727K, capacity 11888K, committed 12160K, reserved 1060864K
  class space    used 1235K, capacity 1316K, committed 1408K, reserved 1048576K
Event: 0.987 GC heap after
Heap after GC invocations=3 (full 0):
 PSYoungGen      total 32768K, used 4154K [0x00000000d5580000, 0x00000000d9580000, 0x0000000100000000)
  eden space 28160K, 0% used [0x00000000d5580000,0x00000000d5580000,0x00000000d7100000)
  from space 4608K, 90% used [0x00000000d7100000,0x00000000d750eab8,0x00000000d7580000)
  to   space 4608K, 0% used [0x00000000d9100000,0x00000000d9100000,0x00000000d9580000)
 ParOldGen       total 75264K, used 32K [0x0000000080000000, 0x0000000084980000, 0x00000000d5580000)
  object space 75264K, 0% used [0x0000000080000000,0x0000000080008000,0x0000000084980000)
 Metaspace       used 11727K, capacity 11888K, committed 12160K, reserved 1060864K
  class space    used 1235K, capacity 1316K, committed 1408K, reserved 1048576K
}
Event: 1.397 GC heap before
{Heap before GC invocations=4 (full 0):
 PSYoungGen      total 32768K, used 32314K [0x00000000d5580000, 0x00000000d9580000, 0x0000000100000000)
  eden space 28160K, 100% used [0x00000000d5580000,0x00000000d7100000,0x00000000d7100000)
  from space 4608K, 90% used [0x00000000d7100000,0x00000000d750eab8,0x00000000d7580000)
  to   space 4608K, 0% used [0x00000000d9100000,0x00000000d9100000,0x00000000d9580000)
 ParOldGen       total 75264K, used 32K [0x0000000080000000, 0x0000000084980000, 0x00000000d5580000)
  object space 75264K, 0% used [0x0000000080000000,0x0000000080008000,0x0000000084980000)
 Metaspace       used 14198K, capacity 14356K, committed 14720K, reserved 1062912K
  class space    used 1484K, capacity 1560K, committed 1664K, reserved 1048576K
Event: 1.406 GC heap after
Heap after GC invocations=4 (full 0):
 PSYoungGen      total 60928K, used 4029K [0x00000000d5580000, 0x00000000d9580000, 0x0000000100000000)
  eden space 56320K, 0% used [0x00000000d5580000,0x00000000d5580000,0x00000000d8c80000)
  from space 4608K, 87% used [0x00000000d9100000,0x00000000d94ef740,0x00000000d9580000)
  to   space 4608K, 0% used [0x00000000d8c80000,0x00000000d8c80000,0x00000000d9100000)
 ParOldGen       total 75264K, used 40K [0x0000000080000000, 0x0000000084980000, 0x00000000d5580000)
  object space 75264K, 0% used [0x0000000080000000,0x000000008000a000,0x0000000084980000)
 Metaspace       used 14198K, capacity 14356K, committed 14720K, reserved 1062912K
  class space    used 1484K, capacity 1560K, committed 1664K, reserved 1048576K
}
Event: 2.376 GC heap before
{Heap before GC invocations=5 (full 0):
 PSYoungGen      total 60928K, used 60349K [0x00000000d5580000, 0x00000000d9580000, 0x0000000100000000)
  eden space 56320K, 100% used [0x00000000d5580000,0x00000000d8c80000,0x00000000d8c80000)
  from space 4608K, 87% used [0x00000000d9100000,0x00000000d94ef740,0x00000000d9580000)
  to   space 4608K, 0% used [0x00000000d8c80000,0x00000000d8c80000,0x00000000d9100000)
 ParOldGen       total 75264K, used 40K [0x0000000080000000, 0x0000000084980000, 0x00000000d5580000)
  object space 75264K, 0% used [0x0000000080000000,0x000000008000a000,0x0000000084980000)
 Metaspace       used 18245K, capacity 18554K, committed 18688K, reserved 1067008K
  class space    used 1952K, capacity 2035K, committed 2048K, reserved 1048576K
Event: 2.384 GC heap after
Heap after GC invocations=5 (full 0):
 PSYoungGen      total 60928K, used 4582K [0x00000000d5580000, 0x00000000dce80000, 0x0000000100000000)
  eden space 56320K, 0% used [0x00000000d5580000,0x00000000d5580000,0x00000000d8c80000)
  from space 4608K, 99% used [0x00000000d8c80000,0x00000000d90f9ac8,0x00000000d9100000)
  to   space 5632K, 0% used [0x00000000dc900000,0x00000000dc900000,0x00000000dce80000)
 ParOldGen       total 75264K, used 505K [0x0000000080000000, 0x0000000084980000, 0x00000000d5580000)
  object space 75264K, 0% used [0x0000000080000000,0x000000008007e540,0x0000000084980000)
 Metaspace       used 18245K, capacity 18554K, committed 18688K, reserved 1067008K
  class space    used 1952K, capacity 2035K, committed 2048K, reserved 1048576K
}

