# JRE version: OpenJDK Runtime Environment (Zulu 8.64.0.19-CA-linux64) (8.0_345-b01) (build 1.8.0_345-b01)
# Java VM: OpenJDK 64-Bit Server VM (25.345-b01 mixed mode linux-amd64 compressed oops)
Heap:
 PSYoungGen      total 677376K, used 198950K [0x00000000d5580000, 0x0000000100000000, 0x0000000100000000)
  eden space 655872K, 30% used [0x00000000d5580000,0x00000000e16ad988,0x00000000fd600000)
  from space 21504K, 5% used [0x00000000fd600000,0x00000000fd71c040,0x00000000feb00000)
  to   space 21504K, 0% used [0x00000000feb00000,0x00000000feb00000,0x0000000100000000)
 ParOldGen       total 493568K, used 367489K [0x0000000080000000, 0x000000009e200000, 0x00000000d5580000)
  object space 493568K, 74% used [0x0000000080000000,0x00000000966e04b0,0x000000009e200000)
 Metaspace       used 93376K, capacity 98588K, committed 98944K, reserved 1136640K
  class space    used 10216K, capacity 11019K, committed 11136K, reserved 1048576K
GC Heap History (10 events):
Event: 156.540 GC heap before
{Heap before GC invocations=232 (full 7):
 PSYoungGen      total 674816K, used 661552K [0x00000000d5580000, 0x00000000ffe00000, 0x0000000100000000)
  eden space 653824K, 100% used [0x00000000d5580000,0x00000000fd400000,0x00000000fd400000)
  from space 20992K, 36% used [0x00000000fe980000,0x00000000ff10c1e0,0x00000000ffe00000)
  to   space 21504K, 0% used [0x00000000fd400000,0x00000000fd400000,0x00000000fe900000)
 ParOldGen       total 493568K, used 363089K [0x0000000080000000, 0x000000009e200000, 0x00000000d5580000)
  object space 493568K, 73% used [0x0000000080000000,0x00000000962947a0,0x000000009e200000)
 Metaspace       used 93361K, capacity 98582K, committed 98944K, reserved 1136640K
  class space    used 10216K, capacity 11018K, committed 11136K, reserved 1048576K
Event: 156.549 GC heap after
Heap after GC invocations=232 (full 7):
 PSYoungGen      total 675328K, used 4720K [0x00000000d5580000, 0x0000000100000000, 0x0000000100000000)
  eden space 653824K, 0% used [0x00000000d5580000,0x00000000d5580000,0x00000000fd400000)
  from space 21504K, 21% used [0x00000000fd400000,0x00000000fd89c0c0,0x00000000fe900000)
  to   space 21504K, 0% used [0x00000000feb00000,0x00000000feb00000,0x0000000100000000)
 ParOldGen       total 493568K, used 365206K [0x0000000080000000, 0x000000009e200000, 0x00000000d5580000)
  object space 493568K, 73% used [0x0000000080000000,0x00000000964a59d0,0x000000009e200000)
 Metaspace       used 93361K, capacity 98582K, committed 98944K, reserved 1136640K
  class space    used 10216K, capacity 11018K, committed 11136K, reserved 1048576K
}
Event: 158.913 GC heap before
{Heap before GC invocations=233 (full 7):
 PSYoungGen      total 675328K, used 658544K [0x00000000d5580000, 0x0000000100000000, 0x0000000100000000)
  eden space 653824K, 100% used [0x00000000d5580000,0x00000000fd400000,0x00000000fd400000)
  from space 21504K, 21% used [0x00000000fd400000,0x00000000fd89c0c0,0x00000000fe900000)
  to   space 21504K, 0% used [0x00000000feb00000,0x00000000feb00000,0x0000000100000000)
 ParOldGen       total 493568K, used 365206K [0x0000000080000000, 0x000000009e200000, 0x00000000d5580000)
  object space 493568K, 73% used [0x0000000080000000,0x00000000964a59d0,0x000000009e200000)
 Metaspace       used 93363K, capacity 98582K, committed 98944K, reserved 1136640K
  class space    used 10216K, capacity 11018K, committed 11136K, reserved 1048576K
Event: 158.920 GC heap after
Heap after GC invocations=233 (full 7):
 PSYoungGen      total 677376K, used 3440K [0x00000000d5580000, 0x0000000100000000, 0x0000000100000000)
  eden space 655872K, 0% used [0x00000000d5580000,0x00000000d5580000,0x00000000fd600000)
  from space 21504K, 15% used [0x00000000feb00000,0x00000000fee5c040,0x0000000100000000)
  to   space 21504K, 0% used [0x00000000fd600000,0x00000000fd600000,0x00000000feb00000)
 ParOldGen       total 493568K, used 366509K [0x0000000080000000, 0x000000009e200000, 0x00000000d5580000)
  object space 493568K, 74% used [0x0000000080000000,0x00000000965eb430,0x000000009e200000)
 Metaspace       used 93363K, capacity 98582K, committed 98944K, reserved 1136640K
  class space    used 10216K, capacity 11018K, committed 11136K, reserved 1048576K
}
Event: 161.311 GC heap before
{Heap before GC invocations=234 (full 7):
 PSYoungGen      total 677376K, used 659312K [0x00000000d5580000, 0x0000000100000000, 0x0000000100000000)
  eden space 655872K, 100% used [0x00000000d5580000,0x00000000fd600000,0x00000000fd600000)
  from space 21504K, 15% used [0x00000000feb00000,0x00000000fee5c040,0x0000000100000000)
  to   space 21504K, 0% used [0x00000000fd600000,0x00000000fd600000,0x00000000feb00000)
 ParOldGen       total 493568K, used 366509K [0x0000000080000000, 0x000000009e200000, 0x00000000d5580000)
  object space 493568K, 74% used [0x0000000080000000,0x00000000965eb430,0x000000009e200000)
 Metaspace       used 93364K, capacity 98582K, committed 98944K, reserved 1136640K
  class space    used 10216K, capacity 11018K, committed 11136K, reserved 1048576K
Event: 161.317 GC heap after
Heap after GC invocations=234 (full 7):
 PSYoungGen      total 677376K, used 3088K [0x00000000d5580000, 0x0000000100000000, 0x0000000100000000)
  eden space 655872K, 0% used [0x00000000d5580000,0x00000000d5580000,0x00000000fd600000)
  from space 21504K, 14% used [0x00000000fd600000,0x00000000fd904040,0x00000000feb00000)
  to   space 21504K, 0% used [0x00000000feb00000,0x00000000feb00000,0x0000000100000000)
 ParOldGen       total 493568K, used 366689K [0x0000000080000000, 0x000000009e200000, 0x00000000d5580000)
  object space 493568K, 74% used [0x0000000080000000,0x0000000096618480,0x000000009e200000)
 Metaspace       used 93364K, capacity 98582K, committed 98944K, reserved 1136640K
  class space    used 10216K, capacity 11018K, committed 11136K, reserved 1048576K
}
Event: 163.739 GC heap before
{Heap before GC invocations=235 (full 7):
 PSYoungGen      total 677376K, used 658960K [0x00000000d5580000, 0x0000000100000000, 0x0000000100000000)
  eden space 655872K, 100% used [0x00000000d5580000,0x00000000fd600000,0x00000000fd600000)
  from space 21504K, 14% used [0x00000000fd600000,0x00000000fd904040,0x00000000feb00000)
  to   space 21504K, 0% used [0x00000000feb00000,0x00000000feb00000,0x0000000100000000)
 ParOldGen       total 493568K, used 366689K [0x0000000080000000, 0x000000009e200000, 0x00000000d5580000)
  object space 493568K, 74% used [0x0000000080000000,0x0000000096618480,0x000000009e200000)
 Metaspace       used 93372K, capacity 98588K, committed 98944K, reserved 1136640K
  class space    used 10216K, capacity 11019K, committed 11136K, reserved 1048576K
Event: 163.745 GC heap after
Heap after GC invocations=235 (full 7):
 PSYoungGen      total 677376K, used 1984K [0x00000000d5580000, 0x0000000100000000, 0x0000000100000000)
  eden space 655872K, 0% used [0x00000000d5580000,0x00000000d5580000,0x00000000fd600000)
  from space 21504K, 9% used [0x00000000feb00000,0x00000000fecf0010,0x0000000100000000)
  to   space 21504K, 0% used [0x00000000fd600000,0x00000000fd600000,0x00000000feb00000)
 ParOldGen       total 493568K, used 367277K [0x0000000080000000, 0x000000009e200000, 0x00000000d5580000)
  object space 493568K, 74% used [0x0000000080000000,0x00000000966ab4a0,0x000000009e200000)
 Metaspace       used 93372K, capacity 98588K, committed 98944K, reserved 1136640K
  class space    used 10216K, capacity 11019K, committed 11136K, reserved 1048576K
}
Event: 166.121 GC heap before
{Heap before GC invocations=236 (full 7):
 PSYoungGen      total 677376K, used 657856K [0x00000000d5580000, 0x0000000100000000, 0x0000000100000000)
  eden space 655872K, 100% used [0x00000000d5580000,0x00000000fd600000,0x00000000fd600000)
  from space 21504K, 9% used [0x00000000feb00000,0x00000000fecf0010,0x0000000100000000)
  to   space 21504K, 0% used [0x00000000fd600000,0x00000000fd600000,0x00000000feb00000)
 ParOldGen       total 493568K, used 367277K [0x0000000080000000, 0x000000009e200000, 0x00000000d5580000)
  object space 493568K, 74% used [0x0000000080000000,0x00000000966ab4a0,0x000000009e200000)
 Metaspace       used 93372K, capacity 98588K, committed 98944K, reserved 1136640K
  class space    used 10216K, capacity 11019K, committed 11136K, reserved 1048576K
Event: 166.127 GC heap after
Heap after GC invocations=236 (full 7):
 PSYoungGen      total 677376K, used 1136K [0x00000000d5580000, 0x0000000100000000, 0x0000000100000000)
  eden space 655872K, 0% used [0x00000000d5580000,0x00000000d5580000,0x00000000fd600000)
  from space 21504K, 5% used [0x00000000fd600000,0x00000000fd71c040,0x00000000feb00000)
  to   space 21504K, 0% used [0x00000000feb00000,0x00000000feb00000,0x0000000100000000)
 ParOldGen       total 493568K, used 367489K [0x0000000080000000, 0x000000009e200000, 0x00000000d5580000)
  object space 493568K, 74% used [0x0000000080000000,0x00000000966e04b0,0x000000009e200000)
 Metaspace       used 93372K, capacity 98588K, committed 98944K, reserved 1136640K
  class space    used 10216K, capacity 11019K, committed 11136K, reserved 1048576K
}

