# JRE version: OpenJDK Runtime Environment (8.0_232-b09) (build 1.8.0_232-b09)
# Java VM: OpenJDK 64-Bit Server VM (25.232-b09 mixed mode linux-amd64 compressed oops)
Heap:
 PSYoungGen      total 518144K, used 164043K [0x00000000d5580000, 0x00000000faa00000, 0x0000000100000000)
  eden space 455680K, 22% used [0x00000000d5580000,0x00000000db8ba958,0x00000000f1280000)
  from space 62464K, 99% used [0x00000000f5b80000,0x00000000f98782d0,0x00000000f9880000)
  to   space 74752K, 0% used [0x00000000f1280000,0x00000000f1280000,0x00000000f5b80000)
 ParOldGen       total 252416K, used 97461K [0x0000000080000000, 0x000000008f680000, 0x00000000d5580000)
  object space 252416K, 38% used [0x0000000080000000,0x0000000085f2d5b0,0x000000008f680000)
 Metaspace       used 80313K, capacity 85068K, committed 85080K, reserved 1124352K
  class space    used 8564K, capacity 9341K, committed 9344K, reserved 1048576K
GC Heap History (48 events):
Event: 0.413 GC heap before
{Heap before GC invocations=1 (full 0):
 PSYoungGen      total 32768K, used 28160K [0x00000000d5580000, 0x00000000d7a00000, 0x0000000100000000)
  eden space 28160K, 100% used [0x00000000d5580000,0x00000000d7100000,0x00000000d7100000)
  from space 4608K, 0% used [0x00000000d7580000,0x00000000d7580000,0x00000000d7a00000)
  to   space 4608K, 0% used [0x00000000d7100000,0x00000000d7100000,0x00000000d7580000)
 ParOldGen       total 75264K, used 0K [0x0000000080000000, 0x0000000084980000, 0x00000000d5580000)
  object space 75264K, 0% used [0x0000000080000000,0x0000000080000000,0x0000000084980000)
 Metaspace       used 4185K, capacity 4856K, committed 5120K, reserved 1056768K
  class space    used 406K, capacity 424K, committed 512K, reserved 1048576K
Event: 0.416 GC heap after
Heap after GC invocations=1 (full 0):
 PSYoungGen      total 32768K, used 2263K [0x00000000d5580000, 0x00000000d7a00000, 0x0000000100000000)
  eden space 28160K, 0% used [0x00000000d5580000,0x00000000d5580000,0x00000000d7100000)
  from space 4608K, 49% used [0x00000000d7100000,0x00000000d7335e08,0x00000000d7580000)
  to   space 4608K, 0% used [0x00000000d7580000,0x00000000d7580000,0x00000000d7a00000)
 ParOldGen       total 75264K, used 8K [0x0000000080000000, 0x0000000084980000, 0x00000000d5580000)
  object space 75264K, 0% used [0x0000000080000000,0x0000000080002000,0x0000000084980000)
 Metaspace       used 4185K, capacity 4856K, committed 5120K, reserved 1056768K
  class space    used 406K, capacity 424K, committed 512K, reserved 1048576K
}
Event: 0.639 GC heap before
{Heap before GC invocations=2 (full 0):
 PSYoungGen      total 32768K, used 30423K [0x00000000d5580000, 0x00000000d7a00000, 0x0000000100000000)
  eden space 28160K, 100% used [0x00000000d5580000,0x00000000d7100000,0x00000000d7100000)
  from space 4608K, 49% used [0x00000000d7100000,0x00000000d7335e08,0x00000000d7580000)
  to   space 4608K, 0% used [0x00000000d7580000,0x00000000d7580000,0x00000000d7a00000)
 ParOldGen       total 75264K, used 8K [0x0000000080000000, 0x0000000084980000, 0x00000000d5580000)
  object space 75264K, 0% used [0x0000000080000000,0x0000000080002000,0x0000000084980000)
 Metaspace       used 7656K, capacity 7844K, committed 8064K, reserved 1056768K
  class space    used 782K, capacity 840K, committed 896K, reserved 1048576K
Event: 0.643 GC heap after
Heap after GC invocations=2 (full 0):
 PSYoungGen      total 32768K, used 2875K [0x00000000d5580000, 0x00000000d9580000, 0x0000000100000000)
  eden space 28160K, 0% used [0x00000000d5580000,0x00000000d5580000,0x00000000d7100000)
  from space 4608K, 62% used [0x00000000d7580000,0x00000000d784ee10,0x00000000d7a00000)
  to   space 4608K, 0% used [0x00000000d7100000,0x00000000d7100000,0x00000000d7580000)
 ParOldGen       total 75264K, used 16K [0x0000000080000000, 0x0000000084980000, 0x00000000d5580000)
  object space 75264K, 0% used [0x0000000080000000,0x0000000080004000,0x0000000084980000)
 Metaspace       used 7656K, capacity 7844K, committed 8064K, reserved 1056768K
  class space    used 782K, capacity 840K, committed 896K, reserved 1048576K
}
Event: 0.851 GC heap before
{Heap before GC invocations=3 (full 0):
 PSYoungGen      total 32768K, used 31035K [0x00000000d5580000, 0x00000000d9580000, 0x0000000100000000)
  eden space 28160K, 100% used [0x00000000d5580000,0x00000000d7100000,0x00000000d7100000)
  from space 4608K, 62% used [0x00000000d7580000,0x00000000d784ee10,0x00000000d7a00000)
  to   space 4608K, 0% used [0x00000000d7100000,0x00000000d7100000,0x00000000d7580000)
 ParOldGen       total 75264K, used 16K [0x0000000080000000, 0x0000000084980000, 0x00000000d5580000)
  object space 75264K, 0% used [0x0000000080000000,0x0000000080004000,0x0000000084980000)
 Metaspace       used 9750K, capacity 10114K, committed 10240K, reserved 1058816K
  class space    used 1078K, capacity 1181K, committed 1280K, reserved 1048576K
Event: 0.855 GC heap after
Heap after GC invocations=3 (full 0):
 PSYoungGen      total 32768K, used 3543K [0x00000000d5580000, 0x00000000d9580000, 0x0000000100000000)
  eden space 28160K, 0% used [0x00000000d5580000,0x00000000d5580000,0x00000000d7100000)
  from space 4608K, 76% used [0x00000000d7100000,0x00000000d7475cb8,0x00000000d7580000)
  to   space 4608K, 0% used [0x00000000d9100000,0x00000000d9100000,0x00000000d9580000)
 ParOldGen       total 75264K, used 24K [0x0000000080000000, 0x0000000084980000, 0x00000000d5580000)
  object space 75264K, 0% used [0x0000000080000000,0x0000000080006000,0x0000000084980000)
 Metaspace       used 9750K, capacity 10114K, committed 10240K, reserved 1058816K
  class space    used 1078K, capacity 1181K, committed 1280K, reserved 1048576K
}
Event: 1.101 GC heap before
{Heap before GC invocations=4 (full 0):
 PSYoungGen      total 32768K, used 31703K [0x00000000d5580000, 0x00000000d9580000, 0x0000000100000000)
  eden space 28160K, 100% used [0x00000000d5580000,0x00000000d7100000,0x00000000d7100000)
  from space 4608K, 76% used [0x00000000d7100000,0x00000000d7475cb8,0x00000000d7580000)
  to   space 4608K, 0% used [0x00000000d9100000,0x00000000d9100000,0x00000000d9580000)
 ParOldGen       total 75264K, used 24K [0x0000000080000000, 0x0000000084980000, 0x00000000d5580000)
  object space 75264K, 0% used [0x0000000080000000,0x0000000080006000,0x0000000084980000)
 Metaspace       used 11940K, capacity 12696K, committed 12800K, reserved 1060864K
  class space    used 1364K, capacity 1522K, committed 1536K, reserved 1048576K
Event: 1.107 GC heap after
Heap after GC invocations=4 (full 0):
 PSYoungGen      total 60928K, used 3879K [0x00000000d5580000, 0x00000000d9580000, 0x0000000100000000)
  eden space 56320K, 0% used [0x00000000d5580000,0x00000000d5580000,0x00000000d8c80000)
  from space 4608K, 84% used [0x00000000d9100000,0x00000000d94c9e50,0x00000000d9580000)
  to   space 4608K, 0% used [0x00000000d8c80000,0x00000000d8c80000,0x00000000d9100000)
 ParOldGen       total 75264K, used 32K [0x0000000080000000, 0x0000000084980000, 0x00000000d5580000)
  object space 75264K, 0% used [0x0000000080000000,0x0000000080008000,0x0000000084980000)
 Metaspace       used 11940K, capacity 12696K, committed 12800K, reserved 1060864K
  class space    used 1364K, capacity 1522K, committed 1536K, reserved 1048576K
}
Event: 1.602 GC heap before
{Heap before GC invocations=5 (full 0):
 PSYoungGen      total 60928K, used 60199K [0x00000000d5580000, 0x00000000d9580000, 0x0000000100000000)
  eden space 56320K, 100% used [0x00000000d5580000,0x00000000d8c80000,0x00000000d8c80000)
  from space 4608K, 84% used [0x00000000d9100000,0x00000000d94c9e50,0x00000000d9580000)
  to   space 4608K, 0% used [0x00000000d8c80000,0x00000000d8c80000,0x00000000d9100000)
 ParOldGen       total 75264K, used 32K [0x0000000080000000, 0x0000000084980000, 0x00000000d5580000)
  object space 75264K, 0% used [0x0000000080000000,0x0000000080008000,0x0000000084980000)
 Metaspace       used 16446K, capacity 17200K, committed 17408K, reserved 1064960K
  class space    used 1846K, capacity 2038K, committed 2048K, reserved 1048576K
Event: 1.620 GC heap after
Heap after GC invocations=5 (full 0):
 PSYoungGen      total 60928K, used 4598K [0x00000000d5580000, 0x00000000dd180000, 0x0000000100000000)
  eden space 56320K, 0% used [0x00000000d5580000,0x00000000d5580000,0x00000000d8c80000)
  from space 4608K, 99% used [0x00000000d8c80000,0x00000000d90fdad8,0x00000000d9100000)
  to   space 7168K, 0% used [0x00000000dca80000,0x00000000dca80000,0x00000000dd180000)
 ParOldGen       total 75264K, used 2409K [0x0000000080000000, 0x0000000084980000, 0x00000000d5580000)
  object space 75264K, 3% used [0x0000000080000000,0x000000008025a5e0,0x0000000084980000)
 Metaspace       used 16446K, capacity 17200K, committed 17408K, reserved 1064960K
  class space    used 1846K, capacity 2038K, committed 2048K, reserved 1048576K
}
Event: 1.974 GC heap before
{Heap before GC invocations=6 (full 0):
 PSYoungGen      total 60928K, used 34136K [0x00000000d5580000, 0x00000000dd180000, 0x0000000100000000)
  eden space 56320K, 52% used [0x00000000d5580000,0x00000000d7258800,0x00000000d8c80000)
  from space 4608K, 99% used [0x00000000d8c80000,0x00000000d90fdad8,0x00000000d9100000)
  to   space 7168K, 0% used [0x00000000dca80000,0x00000000dca80000,0x00000000dd180000)
 ParOldGen       total 75264K, used 2409K [0x0000000080000000, 0x0000000084980000, 0x00000000d5580000)
  object space 75264K, 3% used [0x0000000080000000,0x000000008025a5e0,0x0000000084980000)
 Metaspace       used 20319K, capacity 21088K, committed 21248K, reserved 1069056K
  class space    used 2262K, capacity 2458K, committed 2560K, reserved 1048576K
Event: 1.988 GC heap after
Heap after GC invocations=6 (full 0):
 PSYoungGen      total 119296K, used 6045K [0x00000000d5580000, 0x00000000dd280000, 0x0000000100000000)
  eden space 112128K, 0% used [0x00000000d5580000,0x00000000d5580000,0x00000000dc300000)
  from space 7168K, 84% used [0x00000000dca80000,0x00000000dd067780,0x00000000dd180000)
  to   space 7680K, 0% used [0x00000000dc300000,0x00000000dc300000,0x00000000dca80000)
 ParOldGen       total 75264K, used 2417K [0x0000000080000000, 0x0000000084980000, 0x00000000d5580000)
  object space 75264K, 3% used [0x0000000080000000,0x000000008025c5e0,0x0000000084980000)
 Metaspace       used 20319K, capacity 21088K, committed 21248K, reserved 1069056K
  class space    used 2262K, capacity 2458K, committed 2560K, reserved 1048576K
}
Event: 1.988 GC heap before
{Heap before GC invocations=7 (full 1):
 PSYoungGen      total 119296K, used 6045K [0x00000000d5580000, 0x00000000dd280000, 0x0000000100000000)
  eden space 112128K, 0% used [0x00000000d5580000,0x00000000d5580000,0x00000000dc300000)
  from space 7168K, 84% used [0x00000000dca80000,0x00000000dd067780,0x00000000dd180000)
  to   space 7680K, 0% used [0x00000000dc300000,0x00000000dc300000,0x00000000dca80000)
 ParOldGen       total 75264K, used 2417K [0x0000000080000000, 0x0000000084980000, 0x00000000d5580000)
  object space 75264K, 3% used [0x0000000080000000,0x000000008025c5e0,0x0000000084980000)
 Metaspace       used 20319K, capacity 21088K, committed 21248K, reserved 1069056K
  class space    used 2262K, capacity 2458K, committed 2560K, reserved 1048576K
Event: 2.042 GC heap after
Heap after GC invocations=7 (full 1):
 PSYoungGen      total 119296K, used 0K [0x00000000d5580000, 0x00000000dd280000, 0x0000000100000000)
  eden space 112128K, 0% used [0x00000000d5580000,0x00000000d5580000,0x00000000dc300000)
  from space 7168K, 0% used [0x00000000dca80000,0x00000000dca80000,0x00000000dd180000)
  to   space 7680K, 0% used [0x00000000dc300000,0x00000000dc300000,0x00000000dca80000)
 ParOldGen       total 50688K, used 5872K [0x0000000080000000, 0x0000000083180000, 0x00000000d5580000)
  object space 50688K, 11% used [0x0000000080000000,0x00000000805bc2b0,0x0000000083180000)
 Metaspace       used 20319K, capacity 21088K, committed 21248K, reserved 1069056K
  class space    used 2262K, capacity 2458K, committed 2560K, reserved 1048576K
}
Event: 2.657 GC heap before
{Heap before GC invocations=8 (full 1):
 PSYoungGen      total 119296K, used 112128K [0x00000000d5580000, 0x00000000dd280000, 0x0000000100000000)
  eden space 112128K, 100% used [0x00000000d5580000,0x00000000dc300000,0x00000000dc300000)
  from space 7168K, 0% used [0x00000000dca80000,0x00000000dca80000,0x00000000dd180000)
  to   space 7680K, 0% used [0x00000000dc300000,0x00000000dc300000,0x00000000dca80000)
 ParOldGen       total 50688K, used 5872K [0x0000000080000000, 0x0000000083180000, 0x00000000d5580000)
  object space 50688K, 11% used [0x0000000080000000,0x00000000805bc2b0,0x0000000083180000)
 Metaspace       used 24894K, capacity 25770K, committed 26112K, reserved 1073152K
  class space    used 2848K, capacity 3043K, committed 3072K, reserved 1048576K
Event: 2.664 GC heap after
Heap after GC invocations=8 (full 1):
 PSYoungGen      total 119808K, used 5623K [0x00000000d5580000, 0x00000000e0500000, 0x0000000100000000)
  eden space 112128K, 0% used [0x00000000d5580000,0x00000000d5580000,0x00000000dc300000)
  from space 7680K, 73% used [0x00000000dc300000,0x00000000dc87de40,0x00000000dca80000)
  to   space 8192K, 0% used [0x00000000dfd00000,0x00000000dfd00000,0x00000000e0500000)
 ParOldGen       total 50688K, used 5880K [0x0000000080000000, 0x0000000083180000, 0x00000000d5580000)
  object space 50688K, 11% used [0x0000000080000000,0x00000000805be2b0,0x0000000083180000)
 Metaspace       used 24894K, capacity 25770K, committed 26112K, reserved 1073152K
  class space    used 2848K, capacity 3043K, committed 3072K, reserved 1048576K
}
Event: 3.159 GC heap before
{Heap before GC invocations=9 (full 1):
 PSYoungGen      total 119808K, used 117751K [0x00000000d5580000, 0x00000000e0500000, 0x0000000100000000)
  eden space 112128K, 100% used [0x00000000d5580000,0x00000000dc300000,0x00000000dc300000)
  from space 7680K, 73% used [0x00000000dc300000,0x00000000dc87de40,0x00000000dca80000)
  to   space 8192K, 0% used [0x00000000dfd00000,0x00000000dfd00000,0x00000000e0500000)
 ParOldGen       total 50688K, used 5880K [0x0000000080000000, 0x0000000083180000, 0x00000000d5580000)
  object space 50688K, 11% used [0x0000000080000000,0x00000000805be2b0,0x0000000083180000)
 Metaspace       used 30145K, capacity 31040K, committed 31360K, reserved 1077248K
  class space    used 3455K, capacity 3633K, committed 3712K, reserved 1048576K
Event: 3.168 GC heap after
Heap after GC invocations=9 (full 1):
 PSYoungGen      total 169984K, used 8191K [0x00000000d5580000, 0x00000000e0580000, 0x0000000100000000)
  eden space 161792K, 0% used [0x00000000d5580000,0x00000000d5580000,0x00000000df380000)
  from space 8192K, 99% used [0x00000000dfd00000,0x00000000e04ffe10,0x00000000e0500000)
  to   space 9216K, 0% used [0x00000000df380000,0x00000000df380000,0x00000000dfc80000)
 ParOldGen       total 50688K, used 5935K [0x0000000080000000, 0x0000000083180000, 0x00000000d5580000)
  object space 50688K, 11% used [0x0000000080000000,0x00000000805cbfa0,0x0000000083180000)
 Metaspace       used 30145K, capacity 31040K, committed 31360K, reserved 1077248K
  class space    used 3455K, capacity 3633K, committed 3712K, reserved 1048576K
}
Event: 3.632 GC heap before
{Heap before GC invocations=10 (full 1):
 PSYoungGen      total 169984K, used 125243K [0x00000000d5580000, 0x00000000e0580000, 0x0000000100000000)
  eden space 161792K, 72% used [0x00000000d5580000,0x00000000dc7cf020,0x00000000df380000)
  from space 8192K, 99% used [0x00000000dfd00000,0x00000000e04ffe10,0x00000000e0500000)
  to   space 9216K, 0% used [0x00000000df380000,0x00000000df380000,0x00000000dfc80000)
 ParOldGen       total 50688K, used 5935K [0x0000000080000000, 0x0000000083180000, 0x00000000d5580000)
  object space 50688K, 11% used [0x0000000080000000,0x00000000805cbfa0,0x0000000083180000)
 Metaspace       used 34193K, capacity 35216K, committed 35416K, reserved 1081344K
  class space    used 3944K, capacity 4159K, committed 4224K, reserved 1048576K
Event: 3.643 GC heap after
Heap after GC invocations=10 (full 1):
 PSYoungGen      total 171008K, used 7619K [0x00000000d5580000, 0x00000000e3180000, 0x0000000100000000)
  eden space 161792K, 0% used [0x00000000d5580000,0x00000000d5580000,0x00000000df380000)
  from space 9216K, 82% used [0x00000000df380000,0x00000000dfaf0f40,0x00000000dfc80000)
  to   space 9728K, 0% used [0x00000000e2800000,0x00000000e2800000,0x00000000e3180000)
 ParOldGen       total 50688K, used 5943K [0x0000000080000000, 0x0000000083180000, 0x00000000d5580000)
  object space 50688K, 11% used [0x0000000080000000,0x00000000805cdfa0,0x0000000083180000)
 Metaspace       used 34193K, capacity 35216K, committed 35416K, reserved 1081344K
  class space    used 3944K, capacity 4159K, committed 4224K, reserved 1048576K
}
Event: 3.643 GC heap before
{Heap before GC invocations=11 (full 2):
 PSYoungGen      total 171008K, used 7619K [0x00000000d5580000, 0x00000000e3180000, 0x0000000100000000)
  eden space 161792K, 0% used [0x00000000d5580000,0x00000000d5580000,0x00000000df380000)
  from space 9216K, 82% used [0x00000000df380000,0x00000000dfaf0f40,0x00000000dfc80000)
  to   space 9728K, 0% used [0x00000000e2800000,0x00000000e2800000,0x00000000e3180000)
 ParOldGen       total 50688K, used 5943K [0x0000000080000000, 0x0000000083180000, 0x00000000d5580000)
  object space 50688K, 11% used [0x0000000080000000,0x00000000805cdfa0,0x0000000083180000)
 Metaspace       used 34193K, capacity 35216K, committed 35416K, reserved 1081344K
  class space    used 3944K, capacity 4159K, committed 4224K, reserved 1048576K
Event: 3.688 GC heap after
Heap after GC invocations=11 (full 2):
 PSYoungGen      total 171008K, used 0K [0x00000000d5580000, 0x00000000e3180000, 0x0000000100000000)
  eden space 161792K, 0% used [0x00000000d5580000,0x00000000d5580000,0x00000000df380000)
  from space 9216K, 0% used [0x00000000df380000,0x00000000df380000,0x00000000dfc80000)
  to   space 9728K, 0% used [0x00000000e2800000,0x00000000e2800000,0x00000000e3180000)
 ParOldGen       total 80384K, used 11946K [0x0000000080000000, 0x0000000084e80000, 0x00000000d5580000)
  object space 80384K, 14% used [0x0000000080000000,0x0000000080baa9a0,0x0000000084e80000)
 Metaspace       used 34193K, capacity 35216K, committed 35416K, reserved 1081344K
  class space    used 3944K, capacity 4159K, committed 4224K, reserved 1048576K
}
Event: 4.601 GC heap before
{Heap before GC invocations=12 (full 2):
 PSYoungGen      total 171008K, used 161792K [0x00000000d5580000, 0x00000000e3180000, 0x0000000100000000)
  eden space 161792K, 100% used [0x00000000d5580000,0x00000000df380000,0x00000000df380000)
  from space 9216K, 0% used [0x00000000df380000,0x00000000df380000,0x00000000dfc80000)
  to   space 9728K, 0% used [0x00000000e2800000,0x00000000e2800000,0x00000000e3180000)
 ParOldGen       total 80384K, used 11946K [0x0000000080000000, 0x0000000084e80000, 0x00000000d5580000)
  object space 80384K, 14% used [0x0000000080000000,0x0000000080baa9a0,0x0000000084e80000)
 Metaspace       used 40784K, capacity 41850K, committed 42328K, reserved 1087488K
  class space    used 4673K, capacity 4876K, committed 4992K, reserved 1048576K
Event: 4.618 GC heap after
Heap after GC invocations=12 (full 2):
 PSYoungGen      total 214016K, used 9719K [0x00000000d5580000, 0x00000000e3300000, 0x0000000100000000)
  eden space 204288K, 0% used [0x00000000d5580000,0x00000000d5580000,0x00000000e1d00000)
  from space 9728K, 99% used [0x00000000e2800000,0x00000000e317dc48,0x00000000e3180000)
  to   space 11264K, 0% used [0x00000000e1d00000,0x00000000e1d00000,0x00000000e2800000)
 ParOldGen       total 80384K, used 12713K [0x0000000080000000, 0x0000000084e80000, 0x00000000d5580000)
  object space 80384K, 15% used [0x0000000080000000,0x0000000080c6a548,0x0000000084e80000)
 Metaspace       used 40784K, capacity 41850K, committed 42328K, reserved 1087488K
  class space    used 4673K, capacity 4876K, committed 4992K, reserved 1048576K
}
Event: 6.083 GC heap before
{Heap before GC invocations=13 (full 2):
 PSYoungGen      total 214016K, used 214007K [0x00000000d5580000, 0x00000000e3300000, 0x0000000100000000)
  eden space 204288K, 100% used [0x00000000d5580000,0x00000000e1d00000,0x00000000e1d00000)
  from space 9728K, 99% used [0x00000000e2800000,0x00000000e317dc48,0x00000000e3180000)
  to   space 11264K, 0% used [0x00000000e1d00000,0x00000000e1d00000,0x00000000e2800000)
 ParOldGen       total 80384K, used 12713K [0x0000000080000000, 0x0000000084e80000, 0x00000000d5580000)
  object space 80384K, 15% used [0x0000000080000000,0x0000000080c6a548,0x0000000084e80000)
 Metaspace       used 51976K, capacity 53990K, committed 54232K, reserved 1097728K
  class space    used 6009K, capacity 6360K, committed 6400K, reserved 1048576K
Event: 6.121 GC heap after
Heap after GC invocations=13 (full 2):
 PSYoungGen      total 215552K, used 11260K [0x00000000d5580000, 0x00000000e7200000, 0x0000000100000000)
  eden space 204288K, 0% used [0x00000000d5580000,0x00000000d5580000,0x00000000e1d00000)
  from space 11264K, 99% used [0x00000000e1d00000,0x00000000e27ff378,0x00000000e2800000)
  to   space 15872K, 0% used [0x00000000e6280000,0x00000000e6280000,0x00000000e7200000)
 ParOldGen       total 80384K, used 21336K [0x0000000080000000, 0x0000000084e80000, 0x00000000d5580000)
  object space 80384K, 26% used [0x0000000080000000,0x00000000814d6288,0x0000000084e80000)
 Metaspace       used 51976K, capacity 53990K, committed 54232K, reserved 1097728K
  class space    used 6009K, capacity 6360K, committed 6400K, reserved 1048576K
}
Event: 7.694 GC heap before
{Heap before GC invocations=14 (full 2):
 PSYoungGen      total 215552K, used 215548K [0x00000000d5580000, 0x00000000e7200000, 0x0000000100000000)
  eden space 204288K, 100% used [0x00000000d5580000,0x00000000e1d00000,0x00000000e1d00000)
  from space 11264K, 99% used [0x00000000e1d00000,0x00000000e27ff378,0x00000000e2800000)
  to   space 15872K, 0% used [0x00000000e6280000,0x00000000e6280000,0x00000000e7200000)
 ParOldGen       total 80384K, used 21336K [0x0000000080000000, 0x0000000084e80000, 0x00000000d5580000)
  object space 80384K, 26% used [0x0000000080000000,0x00000000814d6288,0x0000000084e80000)
 Metaspace       used 54473K, capacity 56816K, committed 56920K, reserved 1099776K
  class space    used 6284K, capacity 6693K, committed 6784K, reserved 1048576K
Event: 7.715 GC heap after
Heap after GC invocations=14 (full 2):
 PSYoungGen      total 271872K, used 15698K [0x00000000d5580000, 0x00000000e7380000, 0x0000000100000000)
  eden space 256000K, 0% used [0x00000000d5580000,0x00000000d5580000,0x00000000e4f80000)
  from space 15872K, 98% used [0x00000000e6280000,0x00000000e71d4a00,0x00000000e7200000)
  to   space 18432K, 0% used [0x00000000e4f80000,0x00000000e4f80000,0x00000000e6180000)
 ParOldGen       total 80384K, used 21344K [0x0000000080000000, 0x0000000084e80000, 0x00000000d5580000)
  object space 80384K, 26% used [0x0000000080000000,0x00000000814d8288,0x0000000084e80000)
 Metaspace       used 54473K, capacity 56816K, committed 56920K, reserved 1099776K
  class space    used 6284K, capacity 6693K, committed 6784K, reserved 1048576K
}
Event: 13.327 GC heap before
{Heap before GC invocations=15 (full 2):
 PSYoungGen      total 271872K, used 113772K [0x00000000d5580000, 0x00000000e7380000, 0x0000000100000000)
  eden space 256000K, 38% used [0x00000000d5580000,0x00000000db546638,0x00000000e4f80000)
  from space 15872K, 98% used [0x00000000e6280000,0x00000000e71d4a00,0x00000000e7200000)
  to   space 18432K, 0% used [0x00000000e4f80000,0x00000000e4f80000,0x00000000e6180000)
 ParOldGen       total 80384K, used 21344K [0x0000000080000000, 0x0000000084e80000, 0x00000000d5580000)
  object space 80384K, 26% used [0x0000000080000000,0x00000000814d8288,0x0000000084e80000)
 Metaspace       used 56520K, capacity 59002K, committed 59028K, reserved 1101824K
  class space    used 6470K, capacity 6886K, committed 6912K, reserved 1048576K
Event: 13.349 GC heap after
Heap after GC invocations=15 (full 2):
 PSYoungGen      total 274432K, used 15840K [0x00000000d5580000, 0x00000000eae80000, 0x0000000100000000)
  eden space 256000K, 0% used [0x00000000d5580000,0x00000000d5580000,0x00000000e4f80000)
  from space 18432K, 85% used [0x00000000e4f80000,0x00000000e5ef8270,0x00000000e6180000)
  to   space 20480K, 0% used [0x00000000e9a80000,0x00000000e9a80000,0x00000000eae80000)
 ParOldGen       total 80384K, used 21344K [0x0000000080000000, 0x0000000084e80000, 0x00000000d5580000)
  object space 80384K, 26% used [0x0000000080000000,0x00000000814d8288,0x0000000084e80000)
 Metaspace       used 56520K, capacity 59002K, committed 59028K, reserved 1101824K
  class space    used 6470K, capacity 6886K, committed 6912K, reserved 1048576K
}
Event: 13.349 GC heap before
{Heap before GC invocations=16 (full 3):
 PSYoungGen      total 274432K, used 15840K [0x00000000d5580000, 0x00000000eae80000, 0x0000000100000000)
  eden space 256000K, 0% used [0x00000000d5580000,0x00000000d5580000,0x00000000e4f80000)
  from space 18432K, 85% used [0x00000000e4f80000,0x00000000e5ef8270,0x00000000e6180000)
  to   space 20480K, 0% used [0x00000000e9a80000,0x00000000e9a80000,0x00000000eae80000)
 ParOldGen       total 80384K, used 21344K [0x0000000080000000, 0x0000000084e80000, 0x00000000d5580000)
  object space 80384K, 26% used [0x0000000080000000,0x00000000814d8288,0x0000000084e80000)
 Metaspace       used 56520K, capacity 59002K, committed 59028K, reserved 1101824K
  class space    used 6470K, capacity 6886K, committed 6912K, reserved 1048576K
Event: 13.482 GC heap after
Heap after GC invocations=16 (full 3):
 PSYoungGen      total 274432K, used 0K [0x00000000d5580000, 0x00000000eae80000, 0x0000000100000000)
  eden space 256000K, 0% used [0x00000000d5580000,0x00000000d5580000,0x00000000e4f80000)
  from space 18432K, 0% used [0x00000000e4f80000,0x00000000e4f80000,0x00000000e6180000)
  to   space 20480K, 0% used [0x00000000e9a80000,0x00000000e9a80000,0x00000000eae80000)
 ParOldGen       total 119808K, used 24355K [0x0000000080000000, 0x0000000087500000, 0x00000000d5580000)
  object space 119808K, 20% used [0x0000000080000000,0x00000000817c8d80,0x0000000087500000)
 Metaspace       used 56520K, capacity 59002K, committed 59028K, reserved 1101824K
  class space    used 6470K, capacity 6886K, committed 6912K, reserved 1048576K
}
Event: 25.164 GC heap before
{Heap before GC invocations=17 (full 3):
 PSYoungGen      total 274432K, used 256000K [0x00000000d5580000, 0x00000000eae80000, 0x0000000100000000)
  eden space 256000K, 100% used [0x00000000d5580000,0x00000000e4f80000,0x00000000e4f80000)
  from space 18432K, 0% used [0x00000000e4f80000,0x00000000e4f80000,0x00000000e6180000)
  to   space 20480K, 0% used [0x00000000e9a80000,0x00000000e9a80000,0x00000000eae80000)
 ParOldGen       total 119808K, used 24355K [0x0000000080000000, 0x0000000087500000, 0x00000000d5580000)
  object space 119808K, 20% used [0x0000000080000000,0x00000000817c8d80,0x0000000087500000)
 Metaspace       used 66270K, capacity 69408K, committed 69592K, reserved 1110016K
  class space    used 7546K, capacity 8067K, committed 8192K, reserved 1048576K
Event: 25.185 GC heap after
Heap after GC invocations=17 (full 3):
 PSYoungGen      total 330240K, used 18541K [0x00000000d5580000, 0x00000000eb100000, 0x0000000100000000)
  eden space 309760K, 0% used [0x00000000d5580000,0x00000000d5580000,0x00000000e8400000)
  from space 20480K, 90% used [0x00000000e9a80000,0x00000000eac9b728,0x00000000eae80000)
  to   space 23040K, 0% used [0x00000000e8400000,0x00000000e8400000,0x00000000e9a80000)
 ParOldGen       total 119808K, used 24363K [0x0000000080000000, 0x0000000087500000, 0x00000000d5580000)
  object space 119808K, 20% used [0x0000000080000000,0x00000000817cad80,0x0000000087500000)
 Metaspace       used 66270K, capacity 69408K, committed 69592K, reserved 1110016K
  class space    used 7546K, capacity 8067K, committed 8192K, reserved 1048576K
}
Event: 27.250 GC heap before
{Heap before GC invocations=18 (full 3):
 PSYoungGen      total 330240K, used 328301K [0x00000000d5580000, 0x00000000eb100000, 0x0000000100000000)
  eden space 309760K, 100% used [0x00000000d5580000,0x00000000e8400000,0x00000000e8400000)
  from space 20480K, 90% used [0x00000000e9a80000,0x00000000eac9b728,0x00000000eae80000)
  to   space 23040K, 0% used [0x00000000e8400000,0x00000000e8400000,0x00000000e9a80000)
 ParOldGen       total 119808K, used 24363K [0x0000000080000000, 0x0000000087500000, 0x00000000d5580000)
  object space 119808K, 20% used [0x0000000080000000,0x00000000817cad80,0x0000000087500000)
 Metaspace       used 74523K, capacity 78472K, committed 78552K, reserved 1118208K
  class space    used 8289K, capacity 8945K, committed 8960K, reserved 1048576K
Event: 27.303 GC heap after
Heap after GC invocations=18 (full 3):
 PSYoungGen      total 332800K, used 23014K [0x00000000d5580000, 0x00000000f1e80000, 0x0000000100000000)
  eden space 309760K, 0% used [0x00000000d5580000,0x00000000d5580000,0x00000000e8400000)
  from space 23040K, 99% used [0x00000000e8400000,0x00000000e9a79af0,0x00000000e9a80000)
  to   space 41472K, 0% used [0x00000000ef600000,0x00000000ef600000,0x00000000f1e80000)
 ParOldGen       total 119808K, used 65073K [0x0000000080000000, 0x0000000087500000, 0x00000000d5580000)
  object space 119808K, 54% used [0x0000000080000000,0x0000000083f8c5f0,0x0000000087500000)
 Metaspace       used 74523K, capacity 78472K, committed 78552K, reserved 1118208K
  class space    used 8289K, capacity 8945K, committed 8960K, reserved 1048576K
}
Event: 55.157 GC heap before
{Heap before GC invocations=19 (full 3):
 PSYoungGen      total 332800K, used 332774K [0x00000000d5580000, 0x00000000f1e80000, 0x0000000100000000)
  eden space 309760K, 100% used [0x00000000d5580000,0x00000000e8400000,0x00000000e8400000)
  from space 23040K, 99% used [0x00000000e8400000,0x00000000e9a79af0,0x00000000e9a80000)
  to   space 41472K, 0% used [0x00000000ef600000,0x00000000ef600000,0x00000000f1e80000)
 ParOldGen       total 119808K, used 65073K [0x0000000080000000, 0x0000000087500000, 0x00000000d5580000)
  object space 119808K, 54% used [0x0000000080000000,0x0000000083f8c5f0,0x0000000087500000)
 Metaspace       used 76481K, capacity 80814K, committed 80856K, reserved 1120256K
  class space    used 8463K, capacity 9180K, committed 9216K, reserved 1048576K
Event: 55.190 GC heap after
Heap after GC invocations=19 (full 3):
 PSYoungGen      total 403968K, used 22748K [0x00000000d5580000, 0x00000000f1380000, 0x0000000100000000)
  eden space 373760K, 0% used [0x00000000d5580000,0x00000000d5580000,0x00000000ec280000)
  from space 30208K, 75% used [0x00000000ef600000,0x00000000f0c37088,0x00000000f1380000)
  to   space 41472K, 0% used [0x00000000ec280000,0x00000000ec280000,0x00000000eeb00000)
 ParOldGen       total 119808K, used 65081K [0x0000000080000000, 0x0000000087500000, 0x00000000d5580000)
  object space 119808K, 54% used [0x0000000080000000,0x0000000083f8e5f0,0x0000000087500000)
 Metaspace       used 76481K, capacity 80814K, committed 80856K, reserved 1120256K
  class space    used 8463K, capacity 9180K, committed 9216K, reserved 1048576K
}
Event: 100.695 GC heap before
{Heap before GC invocations=20 (full 3):
 PSYoungGen      total 403968K, used 396508K [0x00000000d5580000, 0x00000000f1380000, 0x0000000100000000)
  eden space 373760K, 100% used [0x00000000d5580000,0x00000000ec280000,0x00000000ec280000)
  from space 30208K, 75% used [0x00000000ef600000,0x00000000f0c37088,0x00000000f1380000)
  to   space 41472K, 0% used [0x00000000ec280000,0x00000000ec280000,0x00000000eeb00000)
 ParOldGen       total 119808K, used 65081K [0x0000000080000000, 0x0000000087500000, 0x00000000d5580000)
  object space 119808K, 54% used [0x0000000080000000,0x0000000083f8e5f0,0x0000000087500000)
 Metaspace       used 78874K, capacity 83498K, committed 83800K, reserved 1124352K
  class space    used 8545K, capacity 9296K, committed 9344K, reserved 1048576K
Event: 100.781 GC heap after
Heap after GC invocations=20 (full 3):
 PSYoungGen      total 415232K, used 41455K [0x00000000d5580000, 0x00000000f6980000, 0x0000000100000000)
  eden space 373760K, 0% used [0x00000000d5580000,0x00000000d5580000,0x00000000ec280000)
  from space 41472K, 99% used [0x00000000ec280000,0x00000000eeafbca0,0x00000000eeb00000)
  to   space 63488K, 0% used [0x00000000f2b80000,0x00000000f2b80000,0x00000000f6980000)
 ParOldGen       total 119808K, used 105233K [0x0000000080000000, 0x0000000087500000, 0x00000000d5580000)
  object space 119808K, 87% used [0x0000000080000000,0x00000000866c45f0,0x0000000087500000)
 Metaspace       used 78874K, capacity 83498K, committed 83800K, reserved 1124352K
  class space    used 8545K, capacity 9296K, committed 9344K, reserved 1048576K
}
Event: 100.781 GC heap before
{Heap before GC invocations=21 (full 4):
 PSYoungGen      total 415232K, used 41455K [0x00000000d5580000, 0x00000000f6980000, 0x0000000100000000)
  eden space 373760K, 0% used [0x00000000d5580000,0x00000000d5580000,0x00000000ec280000)
  from space 41472K, 99% used [0x00000000ec280000,0x00000000eeafbca0,0x00000000eeb00000)
  to   space 63488K, 0% used [0x00000000f2b80000,0x00000000f2b80000,0x00000000f6980000)
 ParOldGen       total 119808K, used 105233K [0x0000000080000000, 0x0000000087500000, 0x00000000d5580000)
  object space 119808K, 87% used [0x0000000080000000,0x00000000866c45f0,0x0000000087500000)
 Metaspace       used 78874K, capacity 83498K, committed 83800K, reserved 1124352K
  class space    used 8545K, capacity 9296K, committed 9344K, reserved 1048576K
Event: 100.973 GC heap after
Heap after GC invocations=21 (full 4):
 PSYoungGen      total 415232K, used 0K [0x00000000d5580000, 0x00000000f6980000, 0x0000000100000000)
  eden space 373760K, 0% used [0x00000000d5580000,0x00000000d5580000,0x00000000ec280000)
  from space 41472K, 0% used [0x00000000ec280000,0x00000000ec280000,0x00000000eeb00000)
  to   space 63488K, 0% used [0x00000000f2b80000,0x00000000f2b80000,0x00000000f6980000)
 ParOldGen       total 252416K, used 95648K [0x0000000080000000, 0x000000008f680000, 0x00000000d5580000)
  object space 252416K, 37% used [0x0000000080000000,0x0000000085d681b0,0x000000008f680000)
 Metaspace       used 78857K, capacity 83454K, committed 83800K, reserved 1124352K
  class space    used 8539K, capacity 9286K, committed 9344K, reserved 1048576K
}
Event: 101.591 GC heap before
{Heap before GC invocations=22 (full 4):
 PSYoungGen      total 415232K, used 373760K [0x00000000d5580000, 0x00000000f6980000, 0x0000000100000000)
  eden space 373760K, 100% used [0x00000000d5580000,0x00000000ec280000,0x00000000ec280000)
  from space 41472K, 0% used [0x00000000ec280000,0x00000000ec280000,0x00000000eeb00000)
  to   space 63488K, 0% used [0x00000000f2b80000,0x00000000f2b80000,0x00000000f6980000)
 ParOldGen       total 252416K, used 95648K [0x0000000080000000, 0x000000008f680000, 0x00000000d5580000)
  object space 252416K, 37% used [0x0000000080000000,0x0000000085d681b0,0x000000008f680000)
 Metaspace       used 78895K, capacity 83518K, committed 83800K, reserved 1124352K
  class space    used 8546K, capacity 9286K, committed 9344K, reserved 1048576K
Event: 101.597 GC heap after
Heap after GC invocations=22 (full 4):
 PSYoungGen      total 481792K, used 384K [0x00000000d5580000, 0x00000000f6e80000, 0x0000000100000000)
  eden space 418304K, 0% used [0x00000000d5580000,0x00000000d5580000,0x00000000eee00000)
  from space 63488K, 0% used [0x00000000f2b80000,0x00000000f2be0000,0x00000000f6980000)
  to   space 62976K, 0% used [0x00000000eee00000,0x00000000eee00000,0x00000000f2b80000)
 ParOldGen       total 252416K, used 95648K [0x0000000080000000, 0x000000008f680000, 0x00000000d5580000)
  object space 252416K, 37% used [0x0000000080000000,0x0000000085d681b0,0x000000008f680000)
 Metaspace       used 78895K, capacity 83518K, committed 83800K, reserved 1124352K
  class space    used 8546K, capacity 9286K, committed 9344K, reserved 1048576K
}
Event: 103.282 GC heap before
{Heap before GC invocations=23 (full 4):
 PSYoungGen      total 481792K, used 418688K [0x00000000d5580000, 0x00000000f6e80000, 0x0000000100000000)
  eden space 418304K, 100% used [0x00000000d5580000,0x00000000eee00000,0x00000000eee00000)
  from space 63488K, 0% used [0x00000000f2b80000,0x00000000f2be0000,0x00000000f6980000)
  to   space 62976K, 0% used [0x00000000eee00000,0x00000000eee00000,0x00000000f2b80000)
 ParOldGen       total 252416K, used 95648K [0x0000000080000000, 0x000000008f680000, 0x00000000d5580000)
  object space 252416K, 37% used [0x0000000080000000,0x0000000085d681b0,0x000000008f680000)
 Metaspace       used 78903K, capacity 83518K, committed 83800K, reserved 1124352K
  class space    used 8546K, capacity 9286K, committed 9344K, reserved 1048576K
Event: 103.287 GC heap after
Heap after GC invocations=23 (full 4):
 PSYoungGen      total 481280K, used 192K [0x00000000d5580000, 0x00000000f9880000, 0x0000000100000000)
  eden space 418304K, 0% used [0x00000000d5580000,0x00000000d5580000,0x00000000eee00000)
  from space 62976K, 0% used [0x00000000eee00000,0x00000000eee30000,0x00000000f2b80000)
  to   space 62464K, 0% used [0x00000000f5b80000,0x00000000f5b80000,0x00000000f9880000)
 ParOldGen       total 252416K, used 95648K [0x0000000080000000, 0x000000008f680000, 0x00000000d5580000)
  object space 252416K, 37% used [0x0000000080000000,0x0000000085d681b0,0x000000008f680000)
 Metaspace       used 78903K, capacity 83518K, committed 83800K, reserved 1124352K
  class space    used 8546K, capacity 9286K, committed 9344K, reserved 1048576K
}
Event: 131.486 GC heap before
{Heap before GC invocations=24 (full 4):
 PSYoungGen      total 481280K, used 418496K [0x00000000d5580000, 0x00000000f9880000, 0x0000000100000000)
  eden space 418304K, 100% used [0x00000000d5580000,0x00000000eee00000,0x00000000eee00000)
  from space 62976K, 0% used [0x00000000eee00000,0x00000000eee30000,0x00000000f2b80000)
  to   space 62464K, 0% used [0x00000000f5b80000,0x00000000f5b80000,0x00000000f9880000)
 ParOldGen       total 252416K, used 95648K [0x0000000080000000, 0x000000008f680000, 0x00000000d5580000)
  object space 252416K, 37% used [0x0000000080000000,0x0000000085d681b0,0x000000008f680000)
 Metaspace       used 80067K, capacity 84782K, committed 84824K, reserved 1124352K
  class space    used 8560K, capacity 9336K, committed 9344K, reserved 1048576K
Event: 131.544 GC heap after
Heap after GC invocations=24 (full 4):
 PSYoungGen      total 518144K, used 62432K [0x00000000d5580000, 0x00000000faa00000, 0x0000000100000000)
  eden space 455680K, 0% used [0x00000000d5580000,0x00000000d5580000,0x00000000f1280000)
  from space 62464K, 99% used [0x00000000f5b80000,0x00000000f98782d0,0x00000000f9880000)
  to   space 74752K, 0% used [0x00000000f1280000,0x00000000f1280000,0x00000000f5b80000)
 ParOldGen       total 252416K, used 97461K [0x0000000080000000, 0x000000008f680000, 0x00000000d5580000)
  object space 252416K, 38% used [0x0000000080000000,0x0000000085f2d5b0,0x000000008f680000)
 Metaspace       used 80067K, capacity 84782K, committed 84824K, reserved 1124352K
  class space    used 8560K, capacity 9336K, committed 9344K, reserved 1048576K
}

