# JRE version: OpenJDK Runtime Environment (8.0_232-b09) (build 1.8.0_232-b09)
# Java VM: OpenJDK 64-Bit Server VM (25.232-b09 mixed mode linux-amd64 compressed oops)
Heap:
 PSYoungGen      total 317952K, used 184757K [0x00000000d5580000, 0x00000000ea280000, 0x0000000100000000)
  eden space 311296K, 59% used [0x00000000d5580000,0x00000000e09ed568,0x00000000e8580000)
  from space 6656K, 0% used [0x00000000e9c00000,0x00000000e9c00000,0x00000000ea280000)
  to   space 14848K, 0% used [0x00000000e8580000,0x00000000e8580000,0x00000000e9400000)
 ParOldGen       total 96768K, used 22670K [0x0000000080000000, 0x0000000085e80000, 0x00000000d5580000)
  object space 96768K, 23% used [0x0000000080000000,0x0000000081623a30,0x0000000085e80000)
 Metaspace       used 63976K, capacity 67316K, committed 67456K, reserved 1107968K
  class space    used 7432K, capacity 8016K, committed 8064K, reserved 1048576K
GC Heap History (30 events):
Event: 0.426 GC heap before
{Heap before GC invocations=1 (full 0):
 PSYoungGen      total 32768K, used 28160K [0x00000000d5580000, 0x00000000d7a00000, 0x0000000100000000)
  eden space 28160K, 100% used [0x00000000d5580000,0x00000000d7100000,0x00000000d7100000)
  from space 4608K, 0% used [0x00000000d7580000,0x00000000d7580000,0x00000000d7a00000)
  to   space 4608K, 0% used [0x00000000d7100000,0x00000000d7100000,0x00000000d7580000)
 ParOldGen       total 75264K, used 0K [0x0000000080000000, 0x0000000084980000, 0x00000000d5580000)
  object space 75264K, 0% used [0x0000000080000000,0x0000000080000000,0x0000000084980000)
 Metaspace       used 4184K, capacity 4856K, committed 5120K, reserved 1056768K
  class space    used 406K, capacity 424K, committed 512K, reserved 1048576K
Event: 0.429 GC heap after
Heap after GC invocations=1 (full 0):
 PSYoungGen      total 32768K, used 2265K [0x00000000d5580000, 0x00000000d7a00000, 0x0000000100000000)
  eden space 28160K, 0% used [0x00000000d5580000,0x00000000d5580000,0x00000000d7100000)
  from space 4608K, 49% used [0x00000000d7100000,0x00000000d7336780,0x00000000d7580000)
  to   space 4608K, 0% used [0x00000000d7580000,0x00000000d7580000,0x00000000d7a00000)
 ParOldGen       total 75264K, used 8K [0x0000000080000000, 0x0000000084980000, 0x00000000d5580000)
  object space 75264K, 0% used [0x0000000080000000,0x0000000080002000,0x0000000084980000)
 Metaspace       used 4184K, capacity 4856K, committed 5120K, reserved 1056768K
  class space    used 406K, capacity 424K, committed 512K, reserved 1048576K
}
Event: 0.682 GC heap before
{Heap before GC invocations=2 (full 0):
 PSYoungGen      total 32768K, used 30425K [0x00000000d5580000, 0x00000000d7a00000, 0x0000000100000000)
  eden space 28160K, 100% used [0x00000000d5580000,0x00000000d7100000,0x00000000d7100000)
  from space 4608K, 49% used [0x00000000d7100000,0x00000000d7336780,0x00000000d7580000)
  to   space 4608K, 0% used [0x00000000d7580000,0x00000000d7580000,0x00000000d7a00000)
 ParOldGen       total 75264K, used 8K [0x0000000080000000, 0x0000000084980000, 0x00000000d5580000)
  object space 75264K, 0% used [0x0000000080000000,0x0000000080002000,0x0000000084980000)
 Metaspace       used 7655K, capacity 7844K, committed 8064K, reserved 1056768K
  class space    used 785K, capacity 840K, committed 896K, reserved 1048576K
Event: 0.687 GC heap after
Heap after GC invocations=2 (full 0):
 PSYoungGen      total 32768K, used 2910K [0x00000000d5580000, 0x00000000d9580000, 0x0000000100000000)
  eden space 28160K, 0% used [0x00000000d5580000,0x00000000d5580000,0x00000000d7100000)
  from space 4608K, 63% used [0x00000000d7580000,0x00000000d7857860,0x00000000d7a00000)
  to   space 4608K, 0% used [0x00000000d7100000,0x00000000d7100000,0x00000000d7580000)
 ParOldGen       total 75264K, used 16K [0x0000000080000000, 0x0000000084980000, 0x00000000d5580000)
  object space 75264K, 0% used [0x0000000080000000,0x0000000080004000,0x0000000084980000)
 Metaspace       used 7655K, capacity 7844K, committed 8064K, reserved 1056768K
  class space    used 785K, capacity 840K, committed 896K, reserved 1048576K
}
Event: 0.896 GC heap before
{Heap before GC invocations=3 (full 0):
 PSYoungGen      total 32768K, used 31070K [0x00000000d5580000, 0x00000000d9580000, 0x0000000100000000)
  eden space 28160K, 100% used [0x00000000d5580000,0x00000000d7100000,0x00000000d7100000)
  from space 4608K, 63% used [0x00000000d7580000,0x00000000d7857860,0x00000000d7a00000)
  to   space 4608K, 0% used [0x00000000d7100000,0x00000000d7100000,0x00000000d7580000)
 ParOldGen       total 75264K, used 16K [0x0000000080000000, 0x0000000084980000, 0x00000000d5580000)
  object space 75264K, 0% used [0x0000000080000000,0x0000000080004000,0x0000000084980000)
 Metaspace       used 9776K, capacity 10110K, committed 10240K, reserved 1058816K
  class space    used 1079K, capacity 1181K, committed 1280K, reserved 1048576K
Event: 0.900 GC heap after
Heap after GC invocations=3 (full 0):
 PSYoungGen      total 32768K, used 3527K [0x00000000d5580000, 0x00000000d9580000, 0x0000000100000000)
  eden space 28160K, 0% used [0x00000000d5580000,0x00000000d5580000,0x00000000d7100000)
  from space 4608K, 76% used [0x00000000d7100000,0x00000000d7471f88,0x00000000d7580000)
  to   space 4608K, 0% used [0x00000000d9100000,0x00000000d9100000,0x00000000d9580000)
 ParOldGen       total 75264K, used 24K [0x0000000080000000, 0x0000000084980000, 0x00000000d5580000)
  object space 75264K, 0% used [0x0000000080000000,0x0000000080006000,0x0000000084980000)
 Metaspace       used 9776K, capacity 10110K, committed 10240K, reserved 1058816K
  class space    used 1079K, capacity 1181K, committed 1280K, reserved 1048576K
}
Event: 1.109 GC heap before
{Heap before GC invocations=4 (full 0):
 PSYoungGen      total 32768K, used 31687K [0x00000000d5580000, 0x00000000d9580000, 0x0000000100000000)
  eden space 28160K, 100% used [0x00000000d5580000,0x00000000d7100000,0x00000000d7100000)
  from space 4608K, 76% used [0x00000000d7100000,0x00000000d7471f88,0x00000000d7580000)
  to   space 4608K, 0% used [0x00000000d9100000,0x00000000d9100000,0x00000000d9580000)
 ParOldGen       total 75264K, used 24K [0x0000000080000000, 0x0000000084980000, 0x00000000d5580000)
  object space 75264K, 0% used [0x0000000080000000,0x0000000080006000,0x0000000084980000)
 Metaspace       used 12569K, capacity 13252K, committed 13440K, reserved 1060864K
  class space    used 1436K, capacity 1608K, committed 1664K, reserved 1048576K
Event: 1.115 GC heap after
Heap after GC invocations=4 (full 0):
 PSYoungGen      total 60928K, used 4286K [0x00000000d5580000, 0x00000000d9580000, 0x0000000100000000)
  eden space 56320K, 0% used [0x00000000d5580000,0x00000000d5580000,0x00000000d8c80000)
  from space 4608K, 93% used [0x00000000d9100000,0x00000000d952fae0,0x00000000d9580000)
  to   space 4608K, 0% used [0x00000000d8c80000,0x00000000d8c80000,0x00000000d9100000)
 ParOldGen       total 75264K, used 32K [0x0000000080000000, 0x0000000084980000, 0x00000000d5580000)
  object space 75264K, 0% used [0x0000000080000000,0x0000000080008000,0x0000000084980000)
 Metaspace       used 12569K, capacity 13252K, committed 13440K, reserved 1060864K
  class space    used 1436K, capacity 1608K, committed 1664K, reserved 1048576K
}
Event: 1.662 GC heap before
{Heap before GC invocations=5 (full 0):
 PSYoungGen      total 60928K, used 60606K [0x00000000d5580000, 0x00000000d9580000, 0x0000000100000000)
  eden space 56320K, 100% used [0x00000000d5580000,0x00000000d8c80000,0x00000000d8c80000)
  from space 4608K, 93% used [0x00000000d9100000,0x00000000d952fae0,0x00000000d9580000)
  to   space 4608K, 0% used [0x00000000d8c80000,0x00000000d8c80000,0x00000000d9100000)
 ParOldGen       total 75264K, used 32K [0x0000000080000000, 0x0000000084980000, 0x00000000d5580000)
  object space 75264K, 0% used [0x0000000080000000,0x0000000080008000,0x0000000084980000)
 Metaspace       used 17290K, capacity 18236K, committed 18304K, reserved 1064960K
  class space    used 1937K, capacity 2140K, committed 2176K, reserved 1048576K
Event: 1.670 GC heap after
Heap after GC invocations=5 (full 0):
 PSYoungGen      total 60928K, used 4594K [0x00000000d5580000, 0x00000000dd280000, 0x0000000100000000)
  eden space 56320K, 0% used [0x00000000d5580000,0x00000000d5580000,0x00000000d8c80000)
  from space 4608K, 99% used [0x00000000d8c80000,0x00000000d90fcaf8,0x00000000d9100000)
  to   space 7680K, 0% used [0x00000000dcb00000,0x00000000dcb00000,0x00000000dd280000)
 ParOldGen       total 75264K, used 2784K [0x0000000080000000, 0x0000000084980000, 0x00000000d5580000)
  object space 75264K, 3% used [0x0000000080000000,0x00000000802b81c8,0x0000000084980000)
 Metaspace       used 17290K, capacity 18236K, committed 18304K, reserved 1064960K
  class space    used 1937K, capacity 2140K, committed 2176K, reserved 1048576K
}
Event: 1.887 GC heap before
{Heap before GC invocations=6 (full 0):
 PSYoungGen      total 60928K, used 40685K [0x00000000d5580000, 0x00000000dd280000, 0x0000000100000000)
  eden space 56320K, 64% used [0x00000000d5580000,0x00000000d78beb58,0x00000000d8c80000)
  from space 4608K, 99% used [0x00000000d8c80000,0x00000000d90fcaf8,0x00000000d9100000)
  to   space 7680K, 0% used [0x00000000dcb00000,0x00000000dcb00000,0x00000000dd280000)
 ParOldGen       total 75264K, used 2784K [0x0000000080000000, 0x0000000084980000, 0x00000000d5580000)
  object space 75264K, 3% used [0x0000000080000000,0x00000000802b81c8,0x0000000084980000)
 Metaspace       used 20143K, capacity 21182K, committed 21248K, reserved 1069056K
  class space    used 2317K, capacity 2547K, committed 2560K, reserved 1048576K
Event: 1.897 GC heap after
Heap after GC invocations=6 (full 0):
 PSYoungGen      total 119296K, used 7234K [0x00000000d5580000, 0x00000000dd480000, 0x0000000100000000)
  eden space 111616K, 0% used [0x00000000d5580000,0x00000000d5580000,0x00000000dc280000)
  from space 7680K, 94% used [0x00000000dcb00000,0x00000000dd210970,0x00000000dd280000)
  to   space 8704K, 0% used [0x00000000dc280000,0x00000000dc280000,0x00000000dcb00000)
 ParOldGen       total 75264K, used 2792K [0x0000000080000000, 0x0000000084980000, 0x00000000d5580000)
  object space 75264K, 3% used [0x0000000080000000,0x00000000802ba1c8,0x0000000084980000)
 Metaspace       used 20143K, capacity 21182K, committed 21248K, reserved 1069056K
  class space    used 2317K, capacity 2547K, committed 2560K, reserved 1048576K
}
Event: 1.897 GC heap before
{Heap before GC invocations=7 (full 1):
 PSYoungGen      total 119296K, used 7234K [0x00000000d5580000, 0x00000000dd480000, 0x0000000100000000)
  eden space 111616K, 0% used [0x00000000d5580000,0x00000000d5580000,0x00000000dc280000)
  from space 7680K, 94% used [0x00000000dcb00000,0x00000000dd210970,0x00000000dd280000)
  to   space 8704K, 0% used [0x00000000dc280000,0x00000000dc280000,0x00000000dcb00000)
 ParOldGen       total 75264K, used 2792K [0x0000000080000000, 0x0000000084980000, 0x00000000d5580000)
  object space 75264K, 3% used [0x0000000080000000,0x00000000802ba1c8,0x0000000084980000)
 Metaspace       used 20143K, capacity 21182K, committed 21248K, reserved 1069056K
  class space    used 2317K, capacity 2547K, committed 2560K, reserved 1048576K
Event: 1.926 GC heap after
Heap after GC invocations=7 (full 1):
 PSYoungGen      total 119296K, used 0K [0x00000000d5580000, 0x00000000dd480000, 0x0000000100000000)
  eden space 111616K, 0% used [0x00000000d5580000,0x00000000d5580000,0x00000000dc280000)
  from space 7680K, 0% used [0x00000000dcb00000,0x00000000dcb00000,0x00000000dd280000)
  to   space 8704K, 0% used [0x00000000dc280000,0x00000000dc280000,0x00000000dcb00000)
 ParOldGen       total 48640K, used 6995K [0x0000000080000000, 0x0000000082f80000, 0x00000000d5580000)
  object space 48640K, 14% used [0x0000000080000000,0x00000000806d4c58,0x0000000082f80000)
 Metaspace       used 20143K, capacity 21182K, committed 21248K, reserved 1069056K
  class space    used 2317K, capacity 2547K, committed 2560K, reserved 1048576K
}
Event: 8.743 GC heap before
{Heap before GC invocations=8 (full 1):
 PSYoungGen      total 119296K, used 111616K [0x00000000d5580000, 0x00000000dd480000, 0x0000000100000000)
  eden space 111616K, 100% used [0x00000000d5580000,0x00000000dc280000,0x00000000dc280000)
  from space 7680K, 0% used [0x00000000dcb00000,0x00000000dcb00000,0x00000000dd280000)
  to   space 8704K, 0% used [0x00000000dc280000,0x00000000dc280000,0x00000000dcb00000)
 ParOldGen       total 48640K, used 6995K [0x0000000080000000, 0x0000000082f80000, 0x00000000d5580000)
  object space 48640K, 14% used [0x0000000080000000,0x00000000806d4c58,0x0000000082f80000)
 Metaspace       used 29485K, capacity 31376K, committed 31488K, reserved 1077248K
  class space    used 3483K, capacity 3828K, committed 3840K, reserved 1048576K
Event: 8.755 GC heap after
Heap after GC invocations=8 (full 1):
 PSYoungGen      total 120320K, used 8676K [0x00000000d5580000, 0x00000000e1700000, 0x0000000100000000)
  eden space 111616K, 0% used [0x00000000d5580000,0x00000000d5580000,0x00000000dc280000)
  from space 8704K, 99% used [0x00000000dc280000,0x00000000dcaf9260,0x00000000dcb00000)
  to   space 12800K, 0% used [0x00000000e0a80000,0x00000000e0a80000,0x00000000e1700000)
 ParOldGen       total 48640K, used 11784K [0x0000000080000000, 0x0000000082f80000, 0x00000000d5580000)
  object space 48640K, 24% used [0x0000000080000000,0x0000000080b82028,0x0000000082f80000)
 Metaspace       used 29485K, capacity 31376K, committed 31488K, reserved 1077248K
  class space    used 3483K, capacity 3828K, committed 3840K, reserved 1048576K
}
Event: 9.466 GC heap before
{Heap before GC invocations=9 (full 1):
 PSYoungGen      total 120320K, used 96376K [0x00000000d5580000, 0x00000000e1700000, 0x0000000100000000)
  eden space 111616K, 78% used [0x00000000d5580000,0x00000000dab25178,0x00000000dc280000)
  from space 8704K, 99% used [0x00000000dc280000,0x00000000dcaf9260,0x00000000dcb00000)
  to   space 12800K, 0% used [0x00000000e0a80000,0x00000000e0a80000,0x00000000e1700000)
 ParOldGen       total 48640K, used 11784K [0x0000000080000000, 0x0000000082f80000, 0x00000000d5580000)
  object space 48640K, 24% used [0x0000000080000000,0x0000000080b82028,0x0000000082f80000)
 Metaspace       used 33244K, capacity 35288K, committed 35416K, reserved 1081344K
  class space    used 3931K, capacity 4285K, committed 4352K, reserved 1048576K
Event: 9.483 GC heap after
Heap after GC invocations=9 (full 1):
 PSYoungGen      total 183808K, used 11253K [0x00000000d5580000, 0x00000000e1c00000, 0x0000000100000000)
  eden space 171008K, 0% used [0x00000000d5580000,0x00000000d5580000,0x00000000dfc80000)
  from space 12800K, 87% used [0x00000000e0a80000,0x00000000e157d460,0x00000000e1700000)
  to   space 14336K, 0% used [0x00000000dfc80000,0x00000000dfc80000,0x00000000e0a80000)
 ParOldGen       total 48640K, used 11792K [0x0000000080000000, 0x0000000082f80000, 0x00000000d5580000)
  object space 48640K, 24% used [0x0000000080000000,0x0000000080b84028,0x0000000082f80000)
 Metaspace       used 33244K, capacity 35288K, committed 35416K, reserved 1081344K
  class space    used 3931K, capacity 4285K, committed 4352K, reserved 1048576K
}
Event: 9.483 GC heap before
{Heap before GC invocations=10 (full 2):
 PSYoungGen      total 183808K, used 11253K [0x00000000d5580000, 0x00000000e1c00000, 0x0000000100000000)
  eden space 171008K, 0% used [0x00000000d5580000,0x00000000d5580000,0x00000000dfc80000)
  from space 12800K, 87% used [0x00000000e0a80000,0x00000000e157d460,0x00000000e1700000)
  to   space 14336K, 0% used [0x00000000dfc80000,0x00000000dfc80000,0x00000000e0a80000)
 ParOldGen       total 48640K, used 11792K [0x0000000080000000, 0x0000000082f80000, 0x00000000d5580000)
  object space 48640K, 24% used [0x0000000080000000,0x0000000080b84028,0x0000000082f80000)
 Metaspace       used 33244K, capacity 35288K, committed 35416K, reserved 1081344K
  class space    used 3931K, capacity 4285K, committed 4352K, reserved 1048576K
Event: 9.535 GC heap after
Heap after GC invocations=10 (full 2):
 PSYoungGen      total 183808K, used 0K [0x00000000d5580000, 0x00000000e1c00000, 0x0000000100000000)
  eden space 171008K, 0% used [0x00000000d5580000,0x00000000d5580000,0x00000000dfc80000)
  from space 12800K, 0% used [0x00000000e0a80000,0x00000000e0a80000,0x00000000e1700000)
  to   space 14336K, 0% used [0x00000000dfc80000,0x00000000dfc80000,0x00000000e0a80000)
 ParOldGen       total 72704K, used 15029K [0x0000000080000000, 0x0000000084700000, 0x00000000d5580000)
  object space 72704K, 20% used [0x0000000080000000,0x0000000080ead448,0x0000000084700000)
 Metaspace       used 33244K, capacity 35288K, committed 35416K, reserved 1081344K
  class space    used 3931K, capacity 4285K, committed 4352K, reserved 1048576K
}
Event: 10.236 GC heap before
{Heap before GC invocations=11 (full 2):
 PSYoungGen      total 183808K, used 171008K [0x00000000d5580000, 0x00000000e1c00000, 0x0000000100000000)
  eden space 171008K, 100% used [0x00000000d5580000,0x00000000dfc80000,0x00000000dfc80000)
  from space 12800K, 0% used [0x00000000e0a80000,0x00000000e0a80000,0x00000000e1700000)
  to   space 14336K, 0% used [0x00000000dfc80000,0x00000000dfc80000,0x00000000e0a80000)
 ParOldGen       total 72704K, used 15029K [0x0000000080000000, 0x0000000084700000, 0x00000000d5580000)
  object space 72704K, 20% used [0x0000000080000000,0x0000000080ead448,0x0000000084700000)
 Metaspace       used 40651K, capacity 42774K, committed 42880K, reserved 1087488K
  class space    used 4853K, capacity 5237K, committed 5248K, reserved 1048576K
Event: 10.245 GC heap after
Heap after GC invocations=11 (full 2):
 PSYoungGen      total 185344K, used 9251K [0x00000000d5580000, 0x00000000e5680000, 0x0000000100000000)
  eden space 171008K, 0% used [0x00000000d5580000,0x00000000d5580000,0x00000000dfc80000)
  from space 14336K, 64% used [0x00000000dfc80000,0x00000000e0588ff0,0x00000000e0a80000)
  to   space 14336K, 0% used [0x00000000e4880000,0x00000000e4880000,0x00000000e5680000)
 ParOldGen       total 72704K, used 15029K [0x0000000080000000, 0x0000000084700000, 0x00000000d5580000)
  object space 72704K, 20% used [0x0000000080000000,0x0000000080ead448,0x0000000084700000)
 Metaspace       used 40651K, capacity 42774K, committed 42880K, reserved 1087488K
  class space    used 4853K, capacity 5237K, committed 5248K, reserved 1048576K
}
Event: 10.865 GC heap before
{Heap before GC invocations=12 (full 2):
 PSYoungGen      total 185344K, used 180259K [0x00000000d5580000, 0x00000000e5680000, 0x0000000100000000)
  eden space 171008K, 100% used [0x00000000d5580000,0x00000000dfc80000,0x00000000dfc80000)
  from space 14336K, 64% used [0x00000000dfc80000,0x00000000e0588ff0,0x00000000e0a80000)
  to   space 14336K, 0% used [0x00000000e4880000,0x00000000e4880000,0x00000000e5680000)
 ParOldGen       total 72704K, used 15029K [0x0000000080000000, 0x0000000084700000, 0x00000000d5580000)
  object space 72704K, 20% used [0x0000000080000000,0x0000000080ead448,0x0000000084700000)
 Metaspace       used 46727K, capacity 48960K, committed 49280K, reserved 1093632K
  class space    used 5557K, capacity 5922K, committed 6016K, reserved 1048576K
Event: 10.885 GC heap after
Heap after GC invocations=12 (full 2):
 PSYoungGen      total 248832K, used 8433K [0x00000000d5580000, 0x00000000e5a80000, 0x0000000100000000)
  eden space 234496K, 0% used [0x00000000d5580000,0x00000000d5580000,0x00000000e3a80000)
  from space 14336K, 58% used [0x00000000e4880000,0x00000000e50bc6a8,0x00000000e5680000)
  to   space 14336K, 0% used [0x00000000e3a80000,0x00000000e3a80000,0x00000000e4880000)
 ParOldGen       total 72704K, used 15037K [0x0000000080000000, 0x0000000084700000, 0x00000000d5580000)
  object space 72704K, 20% used [0x0000000080000000,0x0000000080eaf448,0x0000000084700000)
 Metaspace       used 46727K, capacity 48960K, committed 49280K, reserved 1093632K
  class space    used 5557K, capacity 5922K, committed 6016K, reserved 1048576K
}
Event: 16.347 GC heap before
{Heap before GC invocations=13 (full 2):
 PSYoungGen      total 248832K, used 242929K [0x00000000d5580000, 0x00000000e5a80000, 0x0000000100000000)
  eden space 234496K, 100% used [0x00000000d5580000,0x00000000e3a80000,0x00000000e3a80000)
  from space 14336K, 58% used [0x00000000e4880000,0x00000000e50bc6a8,0x00000000e5680000)
  to   space 14336K, 0% used [0x00000000e3a80000,0x00000000e3a80000,0x00000000e4880000)
 ParOldGen       total 72704K, used 15037K [0x0000000080000000, 0x0000000084700000, 0x00000000d5580000)
  object space 72704K, 20% used [0x0000000080000000,0x0000000080eaf448,0x0000000084700000)
 Metaspace       used 54239K, capacity 56708K, committed 56960K, reserved 1099776K
  class space    used 6283K, capacity 6732K, committed 6784K, reserved 1048576K
Event: 16.365 GC heap after
Heap after GC invocations=13 (full 2):
 PSYoungGen      total 248832K, used 10842K [0x00000000d5580000, 0x00000000eab00000, 0x0000000100000000)
  eden space 234496K, 0% used [0x00000000d5580000,0x00000000d5580000,0x00000000e3a80000)
  from space 14336K, 75% used [0x00000000e3a80000,0x00000000e4516bf8,0x00000000e4880000)
  to   space 15360K, 0% used [0x00000000e9c00000,0x00000000e9c00000,0x00000000eab00000)
 ParOldGen       total 72704K, used 18609K [0x0000000080000000, 0x0000000084700000, 0x00000000d5580000)
  object space 72704K, 25% used [0x0000000080000000,0x000000008122c4f8,0x0000000084700000)
 Metaspace       used 54239K, capacity 56708K, committed 56960K, reserved 1099776K
  class space    used 6283K, capacity 6732K, committed 6784K, reserved 1048576K
}
Event: 20.380 GC heap before
{Heap before GC invocations=14 (full 2):
 PSYoungGen      total 248832K, used 126580K [0x00000000d5580000, 0x00000000eab00000, 0x0000000100000000)
  eden space 234496K, 49% used [0x00000000d5580000,0x00000000dc686730,0x00000000e3a80000)
  from space 14336K, 75% used [0x00000000e3a80000,0x00000000e4516bf8,0x00000000e4880000)
  to   space 15360K, 0% used [0x00000000e9c00000,0x00000000e9c00000,0x00000000eab00000)
 ParOldGen       total 72704K, used 18609K [0x0000000080000000, 0x0000000084700000, 0x00000000d5580000)
  object space 72704K, 25% used [0x0000000080000000,0x000000008122c4f8,0x0000000084700000)
 Metaspace       used 56318K, capacity 58838K, committed 59008K, reserved 1101824K
  class space    used 6501K, capacity 6929K, committed 7040K, reserved 1048576K
Event: 20.392 GC heap after
Heap after GC invocations=14 (full 2):
 PSYoungGen      total 317952K, used 3368K [0x00000000d5580000, 0x00000000ea280000, 0x0000000100000000)
  eden space 311296K, 0% used [0x00000000d5580000,0x00000000d5580000,0x00000000e8580000)
  from space 6656K, 50% used [0x00000000e9c00000,0x00000000e9f4a290,0x00000000ea280000)
  to   space 14848K, 0% used [0x00000000e8580000,0x00000000e8580000,0x00000000e9400000)
 ParOldGen       total 72704K, used 23070K [0x0000000080000000, 0x0000000084700000, 0x00000000d5580000)
  object space 72704K, 31% used [0x0000000080000000,0x00000000816878b8,0x0000000084700000)
 Metaspace       used 56318K, capacity 58838K, committed 59008K, reserved 1101824K
  class space    used 6501K, capacity 6929K, committed 7040K, reserved 1048576K
}
Event: 20.393 GC heap before
{Heap before GC invocations=15 (full 3):
 PSYoungGen      total 317952K, used 3368K [0x00000000d5580000, 0x00000000ea280000, 0x0000000100000000)
  eden space 311296K, 0% used [0x00000000d5580000,0x00000000d5580000,0x00000000e8580000)
  from space 6656K, 50% used [0x00000000e9c00000,0x00000000e9f4a290,0x00000000ea280000)
  to   space 14848K, 0% used [0x00000000e8580000,0x00000000e8580000,0x00000000e9400000)
 ParOldGen       total 72704K, used 23070K [0x0000000080000000, 0x0000000084700000, 0x00000000d5580000)
  object space 72704K, 31% used [0x0000000080000000,0x00000000816878b8,0x0000000084700000)
 Metaspace       used 56318K, capacity 58838K, committed 59008K, reserved 1101824K
  class space    used 6501K, capacity 6929K, committed 7040K, reserved 1048576K
Event: 20.505 GC heap after
Heap after GC invocations=15 (full 3):
 PSYoungGen      total 317952K, used 0K [0x00000000d5580000, 0x00000000ea280000, 0x0000000100000000)
  eden space 311296K, 0% used [0x00000000d5580000,0x00000000d5580000,0x00000000e8580000)
  from space 6656K, 0% used [0x00000000e9c00000,0x00000000e9c00000,0x00000000ea280000)
  to   space 14848K, 0% used [0x00000000e8580000,0x00000000e8580000,0x00000000e9400000)
 ParOldGen       total 96768K, used 22670K [0x0000000080000000, 0x0000000085e80000, 0x00000000d5580000)
  object space 96768K, 23% used [0x0000000080000000,0x0000000081623a30,0x0000000085e80000)
 Metaspace       used 56318K, capacity 58838K, committed 59008K, reserved 1101824K
  class space    used 6501K, capacity 6929K, committed 7040K, reserved 1048576K
}

