# JRE version: OpenJDK Runtime Environment (8.0_312-b07) (build 1.8.0_312-b07)
# Java VM: OpenJDK 64-Bit Server VM (25.312-b07 mixed mode linux-amd64 compressed oops)
Heap:
 PSYoungGen      total 466432K, used 264863K [0x00000000d5580000, 0x00000000f3200000, 0x0000000100000000)
  eden space 449024K, 55% used [0x00000000d5580000,0x00000000e4952648,0x00000000f0c00000)
  from space 17408K, 87% used [0x00000000f2100000,0x00000000f2fd58a0,0x00000000f3200000)
  to   space 19456K, 0% used [0x00000000f0c00000,0x00000000f0c00000,0x00000000f1f00000)
 ParOldGen       total 84992K, used 20247K [0x0000000080000000, 0x0000000085300000, 0x00000000d5580000)
  object space 84992K, 23% used [0x0000000080000000,0x00000000813c5d10,0x0000000085300000)
 Metaspace       used 68944K, capacity 72382K, committed 72576K, reserved 1114112K
  class space    used 8277K, capacity 8832K, committed 8832K, reserved 1048576K
GC Heap History (10 events):
Event: 11.872 GC heap before
{Heap before GC invocations=13 (full 2):
 PSYoungGen      total 233984K, used 233981K [0x00000000d5580000, 0x00000000e9000000, 0x0000000100000000)
  eden space 222720K, 100% used [0x00000000d5580000,0x00000000e2f00000,0x00000000e2f00000)
  from space 11264K, 99% used [0x00000000e3b80000,0x00000000e467f698,0x00000000e4680000)
  to   space 12800K, 0% used [0x00000000e2f00000,0x00000000e2f00000,0x00000000e3b80000)
 ParOldGen       total 78336K, used 18437K [0x0000000080000000, 0x0000000084c80000, 0x00000000d5580000)
  object space 78336K, 23% used [0x0000000080000000,0x0000000081201540,0x0000000084c80000)
 Metaspace       used 49408K, capacity 51782K, committed 52224K, reserved 1095680K
  class space    used 6138K, capacity 6548K, committed 6656K, reserved 1048576K
Event: 11.890 GC heap after
Heap after GC invocations=13 (full 2):
 PSYoungGen      total 235520K, used 12768K [0x00000000d5580000, 0x00000000e9a00000, 0x0000000100000000)
  eden space 222720K, 0% used [0x00000000d5580000,0x00000000d5580000,0x00000000e2f00000)
  from space 12800K, 99% used [0x00000000e2f00000,0x00000000e3b78120,0x00000000e3b80000)
  to   space 15872K, 0% used [0x00000000e8a80000,0x00000000e8a80000,0x00000000e9a00000)
 ParOldGen       total 78336K, used 21741K [0x0000000080000000, 0x0000000084c80000, 0x00000000d5580000)
  object space 78336K, 27% used [0x0000000080000000,0x000000008153b4e0,0x0000000084c80000)
 Metaspace       used 49408K, capacity 51782K, committed 52224K, reserved 1095680K
  class space    used 6138K, capacity 6548K, committed 6656K, reserved 1048576K
}
Event: 17.109 GC heap before
{Heap before GC invocations=14 (full 2):
 PSYoungGen      total 235520K, used 235488K [0x00000000d5580000, 0x00000000e9a00000, 0x0000000100000000)
  eden space 222720K, 100% used [0x00000000d5580000,0x00000000e2f00000,0x00000000e2f00000)
  from space 12800K, 99% used [0x00000000e2f00000,0x00000000e3b78120,0x00000000e3b80000)
  to   space 15872K, 0% used [0x00000000e8a80000,0x00000000e8a80000,0x00000000e9a00000)
 ParOldGen       total 78336K, used 21741K [0x0000000080000000, 0x0000000084c80000, 0x00000000d5580000)
  object space 78336K, 27% used [0x0000000080000000,0x000000008153b4e0,0x0000000084c80000)
 Metaspace       used 56313K, capacity 58738K, committed 59160K, reserved 1101824K
  class space    used 6788K, capacity 7202K, committed 7296K, reserved 1048576K
Event: 17.130 GC heap after
Heap after GC invocations=14 (full 2):
 PSYoungGen      total 306688K, used 13269K [0x00000000d5580000, 0x00000000e9780000, 0x0000000100000000)
  eden space 293376K, 0% used [0x00000000d5580000,0x00000000d5580000,0x00000000e7400000)
  from space 13312K, 99% used [0x00000000e8a80000,0x00000000e9775690,0x00000000e9780000)
  to   space 17408K, 0% used [0x00000000e7580000,0x00000000e7580000,0x00000000e8680000)
 ParOldGen       total 78336K, used 23766K [0x0000000080000000, 0x0000000084c80000, 0x00000000d5580000)
  object space 78336K, 30% used [0x0000000080000000,0x0000000081735b28,0x0000000084c80000)
 Metaspace       used 56313K, capacity 58738K, committed 59160K, reserved 1101824K
  class space    used 6788K, capacity 7202K, committed 7296K, reserved 1048576K
}
Event: 17.152 GC heap before
{Heap before GC invocations=15 (full 2):
 PSYoungGen      total 306688K, used 20468K [0x00000000d5580000, 0x00000000e9780000, 0x0000000100000000)
  eden space 293376K, 2% used [0x00000000d5580000,0x00000000d5c879b8,0x00000000e7400000)
  from space 13312K, 99% used [0x00000000e8a80000,0x00000000e9775690,0x00000000e9780000)
  to   space 17408K, 0% used [0x00000000e7580000,0x00000000e7580000,0x00000000e8680000)
 ParOldGen       total 78336K, used 23766K [0x0000000080000000, 0x0000000084c80000, 0x00000000d5580000)
  object space 78336K, 30% used [0x0000000080000000,0x0000000081735b28,0x0000000084c80000)
 Metaspace       used 56423K, capacity 58838K, committed 59160K, reserved 1101824K
  class space    used 6798K, capacity 7234K, committed 7296K, reserved 1048576K
Event: 17.169 GC heap after
Heap after GC invocations=15 (full 2):
 PSYoungGen      total 312320K, used 160K [0x00000000d5580000, 0x00000000f3200000, 0x0000000100000000)
  eden space 294912K, 0% used [0x00000000d5580000,0x00000000d5580000,0x00000000e7580000)
  from space 17408K, 0% used [0x00000000e7580000,0x00000000e75a8000,0x00000000e8680000)
  to   space 17408K, 0% used [0x00000000f2100000,0x00000000f2100000,0x00000000f3200000)
 ParOldGen       total 78336K, used 27559K [0x0000000080000000, 0x0000000084c80000, 0x00000000d5580000)
  object space 78336K, 35% used [0x0000000080000000,0x0000000081ae9cf8,0x0000000084c80000)
 Metaspace       used 56423K, capacity 58838K, committed 59160K, reserved 1101824K
  class space    used 6798K, capacity 7234K, committed 7296K, reserved 1048576K
}
Event: 17.169 GC heap before
{Heap before GC invocations=16 (full 3):
 PSYoungGen      total 312320K, used 160K [0x00000000d5580000, 0x00000000f3200000, 0x0000000100000000)
  eden space 294912K, 0% used [0x00000000d5580000,0x00000000d5580000,0x00000000e7580000)
  from space 17408K, 0% used [0x00000000e7580000,0x00000000e75a8000,0x00000000e8680000)
  to   space 17408K, 0% used [0x00000000f2100000,0x00000000f2100000,0x00000000f3200000)
 ParOldGen       total 78336K, used 27559K [0x0000000080000000, 0x0000000084c80000, 0x00000000d5580000)
  object space 78336K, 35% used [0x0000000080000000,0x0000000081ae9cf8,0x0000000084c80000)
 Metaspace       used 56423K, capacity 58838K, committed 59160K, reserved 1101824K
  class space    used 6798K, capacity 7234K, committed 7296K, reserved 1048576K
Event: 17.288 GC heap after
Heap after GC invocations=16 (full 3):
 PSYoungGen      total 312320K, used 0K [0x00000000d5580000, 0x00000000f3200000, 0x0000000100000000)
  eden space 294912K, 0% used [0x00000000d5580000,0x00000000d5580000,0x00000000e7580000)
  from space 17408K, 0% used [0x00000000e7580000,0x00000000e7580000,0x00000000e8680000)
  to   space 17408K, 0% used [0x00000000f2100000,0x00000000f2100000,0x00000000f3200000)
 ParOldGen       total 84992K, used 20239K [0x0000000080000000, 0x0000000085300000, 0x00000000d5580000)
  object space 84992K, 23% used [0x0000000080000000,0x00000000813c3d10,0x0000000085300000)
 Metaspace       used 56423K, capacity 58838K, committed 59160K, reserved 1101824K
  class space    used 6798K, capacity 7234K, committed 7296K, reserved 1048576K
}
Event: 24.638 GC heap before
{Heap before GC invocations=17 (full 3):
 PSYoungGen      total 312320K, used 294912K [0x00000000d5580000, 0x00000000f3200000, 0x0000000100000000)
  eden space 294912K, 100% used [0x00000000d5580000,0x00000000e7580000,0x00000000e7580000)
  from space 17408K, 0% used [0x00000000e7580000,0x00000000e7580000,0x00000000e8680000)
  to   space 17408K, 0% used [0x00000000f2100000,0x00000000f2100000,0x00000000f3200000)
 ParOldGen       total 84992K, used 20239K [0x0000000080000000, 0x0000000085300000, 0x00000000d5580000)
  object space 84992K, 23% used [0x0000000080000000,0x00000000813c3d10,0x0000000085300000)
 Metaspace       used 62404K, capacity 65278K, committed 65408K, reserved 1105920K
  class space    used 7447K, capacity 7938K, committed 8064K, reserved 1048576K
Event: 24.655 GC heap after
Heap after GC invocations=17 (full 3):
 PSYoungGen      total 466432K, used 15190K [0x00000000d5580000, 0x00000000f3200000, 0x0000000100000000)
  eden space 449024K, 0% used [0x00000000d5580000,0x00000000d5580000,0x00000000f0c00000)
  from space 17408K, 87% used [0x00000000f2100000,0x00000000f2fd58a0,0x00000000f3200000)
  to   space 19456K, 0% used [0x00000000f0c00000,0x00000000f0c00000,0x00000000f1f00000)
 ParOldGen       total 84992K, used 20247K [0x0000000080000000, 0x0000000085300000, 0x00000000d5580000)
  object space 84992K, 23% used [0x0000000080000000,0x00000000813c5d10,0x0000000085300000)
 Metaspace       used 62404K, capacity 65278K, committed 65408K, reserved 1105920K
  class space    used 7447K, capacity 7938K, committed 8064K, reserved 1048576K
}

