# JRE version: OpenJDK Runtime Environment (8.0_292-b10) (build 1.8.0_292-b10)
# Java VM: OpenJDK 64-Bit Server VM (25.292-b10 mixed mode linux-amd64 compressed oops)
Heap:
 PSYoungGen      total 460800K, used 394435K [0x00000000d5580000, 0x00000000f2e80000, 0x0000000100000000)
  eden space 448512K, 87% used [0x00000000d5580000,0x00000000ed6b0f98,0x00000000f0b80000)
  from space 12288K, 0% used [0x00000000f2280000,0x00000000f2280000,0x00000000f2e80000)
  to   space 17920K, 0% used [0x00000000f0b80000,0x00000000f0b80000,0x00000000f1d00000)
 ParOldGen       total 73728K, used 27360K [0x0000000080000000, 0x0000000084800000, 0x00000000d5580000)
  object space 73728K, 37% used [0x0000000080000000,0x0000000081ab81f8,0x0000000084800000)
 Metaspace       used 68692K, capacity 72100K, committed 72320K, reserved 1112064K
  class space    used 8210K, capacity 8787K, committed 8832K, reserved 1048576K
GC Heap History (10 events):
Event: 9.211 GC heap before
{Heap before GC invocations=11 (full 2):
 PSYoungGen      total 226304K, used 9882K [0x00000000d5580000, 0x00000000e9980000, 0x0000000100000000)
  eden space 215040K, 0% used [0x00000000d5580000,0x00000000d5580000,0x00000000e2780000)
  from space 11264K, 87% used [0x00000000e2780000,0x00000000e3126a98,0x00000000e3280000)
  to   space 12288K, 0% used [0x00000000e8d80000,0x00000000e8d80000,0x00000000e9980000)
 ParOldGen       total 39424K, used 6902K [0x0000000080000000, 0x0000000082680000, 0x00000000d5580000)
  object space 39424K, 17% used [0x0000000080000000,0x00000000806bd920,0x0000000082680000)
 Metaspace       used 33275K, capacity 35326K, committed 35496K, reserved 1081344K
  class space    used 4191K, capacity 4544K, committed 4608K, reserved 1048576K
Event: 9.259 GC heap after
Heap after GC invocations=11 (full 2):
 PSYoungGen      total 226304K, used 0K [0x00000000d5580000, 0x00000000e9980000, 0x0000000100000000)
  eden space 215040K, 0% used [0x00000000d5580000,0x00000000d5580000,0x00000000e2780000)
  from space 11264K, 0% used [0x00000000e2780000,0x00000000e2780000,0x00000000e3280000)
  to   space 12288K, 0% used [0x00000000e8d80000,0x00000000e8d80000,0x00000000e9980000)
 ParOldGen       total 53248K, used 14557K [0x0000000080000000, 0x0000000083400000, 0x00000000d5580000)
  object space 53248K, 27% used [0x0000000080000000,0x0000000080e37668,0x0000000083400000)
 Metaspace       used 33275K, capacity 35326K, committed 35496K, reserved 1081344K
  class space    used 4191K, capacity 4544K, committed 4608K, reserved 1048576K
}
Event: 10.135 GC heap before
{Heap before GC invocations=12 (full 2):
 PSYoungGen      total 226304K, used 215040K [0x00000000d5580000, 0x00000000e9980000, 0x0000000100000000)
  eden space 215040K, 100% used [0x00000000d5580000,0x00000000e2780000,0x00000000e2780000)
  from space 11264K, 0% used [0x00000000e2780000,0x00000000e2780000,0x00000000e3280000)
  to   space 12288K, 0% used [0x00000000e8d80000,0x00000000e8d80000,0x00000000e9980000)
 ParOldGen       total 53248K, used 14557K [0x0000000080000000, 0x0000000083400000, 0x00000000d5580000)
  object space 53248K, 27% used [0x0000000080000000,0x0000000080e37668,0x0000000083400000)
 Metaspace       used 41686K, capacity 43884K, committed 44032K, reserved 1087488K
  class space    used 5191K, capacity 5583K, committed 5632K, reserved 1048576K
Event: 10.145 GC heap after
Heap after GC invocations=12 (full 2):
 PSYoungGen      total 317952K, used 10791K [0x00000000d5580000, 0x00000000ead80000, 0x0000000100000000)
  eden space 305664K, 0% used [0x00000000d5580000,0x00000000d5580000,0x00000000e8000000)
  from space 12288K, 87% used [0x00000000e8d80000,0x00000000e9809ff0,0x00000000e9980000)
  to   space 13824K, 0% used [0x00000000e8000000,0x00000000e8000000,0x00000000e8d80000)
 ParOldGen       total 53248K, used 14557K [0x0000000080000000, 0x0000000083400000, 0x00000000d5580000)
  object space 53248K, 27% used [0x0000000080000000,0x0000000080e37668,0x0000000083400000)
 Metaspace       used 41686K, capacity 43884K, committed 44032K, reserved 1087488K
  class space    used 5191K, capacity 5583K, committed 5632K, reserved 1048576K
}
Event: 15.131 GC heap before
{Heap before GC invocations=13 (full 2):
 PSYoungGen      total 317952K, used 316455K [0x00000000d5580000, 0x00000000ead80000, 0x0000000100000000)
  eden space 305664K, 100% used [0x00000000d5580000,0x00000000e8000000,0x00000000e8000000)
  from space 12288K, 87% used [0x00000000e8d80000,0x00000000e9809ff0,0x00000000e9980000)
  to   space 13824K, 0% used [0x00000000e8000000,0x00000000e8000000,0x00000000e8d80000)
 ParOldGen       total 53248K, used 14557K [0x0000000080000000, 0x0000000083400000, 0x00000000d5580000)
  object space 53248K, 27% used [0x0000000080000000,0x0000000080e37668,0x0000000083400000)
 Metaspace       used 51759K, capacity 54078K, committed 54400K, reserved 1097728K
  class space    used 6339K, capacity 6742K, committed 6784K, reserved 1048576K
Event: 15.147 GC heap after
Heap after GC invocations=13 (full 2):
 PSYoungGen      total 319488K, used 13807K [0x00000000d5580000, 0x00000000f3380000, 0x0000000100000000)
  eden space 305664K, 0% used [0x00000000d5580000,0x00000000d5580000,0x00000000e8000000)
  from space 13824K, 99% used [0x00000000e8000000,0x00000000e8d7bca8,0x00000000e8d80000)
  to   space 17408K, 0% used [0x00000000f2280000,0x00000000f2280000,0x00000000f3380000)
 ParOldGen       total 53248K, used 19630K [0x0000000080000000, 0x0000000083400000, 0x00000000d5580000)
  object space 53248K, 36% used [0x0000000080000000,0x000000008132b8b8,0x0000000083400000)
 Metaspace       used 51759K, capacity 54078K, committed 54400K, reserved 1097728K
  class space    used 6339K, capacity 6742K, committed 6784K, reserved 1048576K
}
Event: 16.159 GC heap before
{Heap before GC invocations=14 (full 2):
 PSYoungGen      total 319488K, used 233941K [0x00000000d5580000, 0x00000000f3380000, 0x0000000100000000)
  eden space 305664K, 72% used [0x00000000d5580000,0x00000000e2c797a0,0x00000000e8000000)
  from space 13824K, 99% used [0x00000000e8000000,0x00000000e8d7bca8,0x00000000e8d80000)
  to   space 17408K, 0% used [0x00000000f2280000,0x00000000f2280000,0x00000000f3380000)
 ParOldGen       total 53248K, used 19630K [0x0000000080000000, 0x0000000083400000, 0x00000000d5580000)
  object space 53248K, 36% used [0x0000000080000000,0x000000008132b8b8,0x0000000083400000)
 Metaspace       used 56581K, capacity 58974K, committed 59160K, reserved 1101824K
  class space    used 6788K, capacity 7222K, committed 7296K, reserved 1048576K
Event: 16.173 GC heap after
Heap after GC invocations=14 (full 2):
 PSYoungGen      total 460800K, used 11008K [0x00000000d5580000, 0x00000000f2e80000, 0x0000000100000000)
  eden space 448512K, 0% used [0x00000000d5580000,0x00000000d5580000,0x00000000f0b80000)
  from space 12288K, 89% used [0x00000000f2280000,0x00000000f2d40138,0x00000000f2e80000)
  to   space 17920K, 0% used [0x00000000f0b80000,0x00000000f0b80000,0x00000000f1d00000)
 ParOldGen       total 53248K, used 22468K [0x0000000080000000, 0x0000000083400000, 0x00000000d5580000)
  object space 53248K, 42% used [0x0000000080000000,0x00000000815f1210,0x0000000083400000)
 Metaspace       used 56581K, capacity 58974K, committed 59160K, reserved 1101824K
  class space    used 6788K, capacity 7222K, committed 7296K, reserved 1048576K
}
Event: 16.173 GC heap before
{Heap before GC invocations=15 (full 3):
 PSYoungGen      total 460800K, used 11008K [0x00000000d5580000, 0x00000000f2e80000, 0x0000000100000000)
  eden space 448512K, 0% used [0x00000000d5580000,0x00000000d5580000,0x00000000f0b80000)
  from space 12288K, 89% used [0x00000000f2280000,0x00000000f2d40138,0x00000000f2e80000)
  to   space 17920K, 0% used [0x00000000f0b80000,0x00000000f0b80000,0x00000000f1d00000)
 ParOldGen       total 53248K, used 22468K [0x0000000080000000, 0x0000000083400000, 0x00000000d5580000)
  object space 53248K, 42% used [0x0000000080000000,0x00000000815f1210,0x0000000083400000)
 Metaspace       used 56581K, capacity 58974K, committed 59160K, reserved 1101824K
  class space    used 6788K, capacity 7222K, committed 7296K, reserved 1048576K
Event: 16.292 GC heap after
Heap after GC invocations=15 (full 3):
 PSYoungGen      total 460800K, used 0K [0x00000000d5580000, 0x00000000f2e80000, 0x0000000100000000)
  eden space 448512K, 0% used [0x00000000d5580000,0x00000000d5580000,0x00000000f0b80000)
  from space 12288K, 0% used [0x00000000f2280000,0x00000000f2280000,0x00000000f2e80000)
  to   space 17920K, 0% used [0x00000000f0b80000,0x00000000f0b80000,0x00000000f1d00000)
 ParOldGen       total 73728K, used 27360K [0x0000000080000000, 0x0000000084800000, 0x00000000d5580000)
  object space 73728K, 37% used [0x0000000080000000,0x0000000081ab81f8,0x0000000084800000)
 Metaspace       used 56581K, capacity 58974K, committed 59160K, reserved 1101824K
  class space    used 6788K, capacity 7222K, committed 7296K, reserved 1048576K
}

