# JRE version: OpenJDK Runtime Environment (8.0_292-b10) (build 1.8.0_292-b10)
# Java VM: OpenJDK 64-Bit Server VM (25.292-b10 mixed mode linux-amd64 compressed oops)
Heap:
 PSYoungGen      total 302592K, used 139063K [0x00000000d5580000, 0x00000000ee980000, 0x0000000100000000)
  eden space 286208K, 43% used [0x00000000d5580000,0x00000000dcdc6d88,0x00000000e6d00000)
  from space 16384K, 97% used [0x00000000e6d00000,0x00000000e7c871d0,0x00000000e7d00000)
  to   space 18432K, 0% used [0x00000000ed780000,0x00000000ed780000,0x00000000ee980000)
 ParOldGen       total 101888K, used 25757K [0x0000000080000000, 0x0000000086380000, 0x00000000d5580000)
  object space 101888K, 25% used [0x0000000080000000,0x00000000819276d8,0x0000000086380000)
 Metaspace       used 68753K, capacity 72186K, committed 72320K, reserved 1112064K
  class space    used 8218K, capacity 8788K, committed 8832K, reserved 1048576K
GC Heap History (10 events):
Event: 10.004 GC heap before
{Heap before GC invocations=12 (full 2):
 PSYoungGen      total 175616K, used 171425K [0x00000000d5580000, 0x00000000e4600000, 0x0000000100000000)
  eden space 163328K, 100% used [0x00000000d5580000,0x00000000df500000,0x00000000df500000)
  from space 12288K, 65% used [0x00000000df500000,0x00000000dfce85f8,0x00000000e0100000)
  to   space 12800K, 0% used [0x00000000e3980000,0x00000000e3980000,0x00000000e4600000)
 ParOldGen       total 74240K, used 14319K [0x0000000080000000, 0x0000000084880000, 0x00000000d5580000)
  object space 74240K, 19% used [0x0000000080000000,0x0000000080dfbe18,0x0000000084880000)
 Metaspace       used 46269K, capacity 48498K, committed 49024K, reserved 1091584K
  class space    used 5776K, capacity 6166K, committed 6272K, reserved 1048576K
Event: 10.015 GC heap after
Heap after GC invocations=12 (full 2):
 PSYoungGen      total 231936K, used 10651K [0x00000000d5580000, 0x00000000e4680000, 0x0000000100000000)
  eden space 219136K, 0% used [0x00000000d5580000,0x00000000d5580000,0x00000000e2b80000)
  from space 12800K, 83% used [0x00000000e3980000,0x00000000e43e6d50,0x00000000e4600000)
  to   space 13824K, 0% used [0x00000000e2b80000,0x00000000e2b80000,0x00000000e3900000)
 ParOldGen       total 74240K, used 14327K [0x0000000080000000, 0x0000000084880000, 0x00000000d5580000)
  object space 74240K, 19% used [0x0000000080000000,0x0000000080dfde18,0x0000000084880000)
 Metaspace       used 46269K, capacity 48498K, committed 49024K, reserved 1091584K
  class space    used 5776K, capacity 6166K, committed 6272K, reserved 1048576K
}
Event: 16.789 GC heap before
{Heap before GC invocations=13 (full 2):
 PSYoungGen      total 231936K, used 229787K [0x00000000d5580000, 0x00000000e4680000, 0x0000000100000000)
  eden space 219136K, 100% used [0x00000000d5580000,0x00000000e2b80000,0x00000000e2b80000)
  from space 12800K, 83% used [0x00000000e3980000,0x00000000e43e6d50,0x00000000e4600000)
  to   space 13824K, 0% used [0x00000000e2b80000,0x00000000e2b80000,0x00000000e3900000)
 ParOldGen       total 74240K, used 14327K [0x0000000080000000, 0x0000000084880000, 0x00000000d5580000)
  object space 74240K, 19% used [0x0000000080000000,0x0000000080dfde18,0x0000000084880000)
 Metaspace       used 53001K, capacity 55324K, committed 55808K, reserved 1097728K
  class space    used 6455K, capacity 6847K, committed 6912K, reserved 1048576K
Event: 16.810 GC heap after
Heap after GC invocations=13 (full 2):
 PSYoungGen      total 232960K, used 13821K [0x00000000d5580000, 0x00000000e8d00000, 0x0000000100000000)
  eden space 219136K, 0% used [0x00000000d5580000,0x00000000d5580000,0x00000000e2b80000)
  from space 13824K, 99% used [0x00000000e2b80000,0x00000000e38ff678,0x00000000e3900000)
  to   space 16384K, 0% used [0x00000000e7d00000,0x00000000e7d00000,0x00000000e8d00000)
 ParOldGen       total 74240K, used 16980K [0x0000000080000000, 0x0000000084880000, 0x00000000d5580000)
  object space 74240K, 22% used [0x0000000080000000,0x0000000081095140,0x0000000084880000)
 Metaspace       used 53001K, capacity 55324K, committed 55808K, reserved 1097728K
  class space    used 6455K, capacity 6847K, committed 6912K, reserved 1048576K
}
Event: 17.346 GC heap before
{Heap before GC invocations=14 (full 2):
 PSYoungGen      total 232960K, used 141461K [0x00000000d5580000, 0x00000000e8d00000, 0x0000000100000000)
  eden space 219136K, 58% used [0x00000000d5580000,0x00000000dd225d90,0x00000000e2b80000)
  from space 13824K, 99% used [0x00000000e2b80000,0x00000000e38ff678,0x00000000e3900000)
  to   space 16384K, 0% used [0x00000000e7d00000,0x00000000e7d00000,0x00000000e8d00000)
 ParOldGen       total 74240K, used 16980K [0x0000000080000000, 0x0000000084880000, 0x00000000d5580000)
  object space 74240K, 22% used [0x0000000080000000,0x0000000081095140,0x0000000084880000)
 Metaspace       used 56266K, capacity 58722K, committed 59028K, reserved 1101824K
  class space    used 6746K, capacity 7154K, committed 7168K, reserved 1048576K
Event: 17.366 GC heap after
Heap after GC invocations=14 (full 2):
 PSYoungGen      total 302592K, used 8984K [0x00000000d5580000, 0x00000000e9600000, 0x0000000100000000)
  eden space 286208K, 0% used [0x00000000d5580000,0x00000000d5580000,0x00000000e6d00000)
  from space 16384K, 54% used [0x00000000e7d00000,0x00000000e85c62d8,0x00000000e8d00000)
  to   space 16384K, 0% used [0x00000000e6d00000,0x00000000e6d00000,0x00000000e7d00000)
 ParOldGen       total 74240K, used 20457K [0x0000000080000000, 0x0000000084880000, 0x00000000d5580000)
  object space 74240K, 27% used [0x0000000080000000,0x00000000813fa5d8,0x0000000084880000)
 Metaspace       used 56266K, capacity 58722K, committed 59028K, reserved 1101824K
  class space    used 6746K, capacity 7154K, committed 7168K, reserved 1048576K
}
Event: 17.366 GC heap before
{Heap before GC invocations=15 (full 3):
 PSYoungGen      total 302592K, used 8984K [0x00000000d5580000, 0x00000000e9600000, 0x0000000100000000)
  eden space 286208K, 0% used [0x00000000d5580000,0x00000000d5580000,0x00000000e6d00000)
  from space 16384K, 54% used [0x00000000e7d00000,0x00000000e85c62d8,0x00000000e8d00000)
  to   space 16384K, 0% used [0x00000000e6d00000,0x00000000e6d00000,0x00000000e7d00000)
 ParOldGen       total 74240K, used 20457K [0x0000000080000000, 0x0000000084880000, 0x00000000d5580000)
  object space 74240K, 27% used [0x0000000080000000,0x00000000813fa5d8,0x0000000084880000)
 Metaspace       used 56266K, capacity 58722K, committed 59028K, reserved 1101824K
  class space    used 6746K, capacity 7154K, committed 7168K, reserved 1048576K
Event: 17.483 GC heap after
Heap after GC invocations=15 (full 3):
 PSYoungGen      total 302592K, used 0K [0x00000000d5580000, 0x00000000e9600000, 0x0000000100000000)
  eden space 286208K, 0% used [0x00000000d5580000,0x00000000d5580000,0x00000000e6d00000)
  from space 16384K, 0% used [0x00000000e7d00000,0x00000000e7d00000,0x00000000e8d00000)
  to   space 16384K, 0% used [0x00000000e6d00000,0x00000000e6d00000,0x00000000e7d00000)
 ParOldGen       total 101888K, used 25757K [0x0000000080000000, 0x0000000086380000, 0x00000000d5580000)
  object space 101888K, 25% used [0x0000000080000000,0x00000000819276d8,0x0000000086380000)
 Metaspace       used 56266K, capacity 58722K, committed 59028K, reserved 1101824K
  class space    used 6746K, capacity 7154K, committed 7168K, reserved 1048576K
}
Event: 24.920 GC heap before
{Heap before GC invocations=16 (full 3):
 PSYoungGen      total 302592K, used 286208K [0x00000000d5580000, 0x00000000e9600000, 0x0000000100000000)
  eden space 286208K, 100% used [0x00000000d5580000,0x00000000e6d00000,0x00000000e6d00000)
  from space 16384K, 0% used [0x00000000e7d00000,0x00000000e7d00000,0x00000000e8d00000)
  to   space 16384K, 0% used [0x00000000e6d00000,0x00000000e6d00000,0x00000000e7d00000)
 ParOldGen       total 101888K, used 25757K [0x0000000080000000, 0x0000000086380000, 0x00000000d5580000)
  object space 101888K, 25% used [0x0000000080000000,0x00000000819276d8,0x0000000086380000)
 Metaspace       used 62750K, capacity 65734K, committed 65920K, reserved 1107968K
  class space    used 7459K, capacity 7956K, committed 8064K, reserved 1048576K
Event: 24.939 GC heap after
Heap after GC invocations=16 (full 3):
 PSYoungGen      total 302592K, used 15900K [0x00000000d5580000, 0x00000000ee980000, 0x0000000100000000)
  eden space 286208K, 0% used [0x00000000d5580000,0x00000000d5580000,0x00000000e6d00000)
  from space 16384K, 97% used [0x00000000e6d00000,0x00000000e7c871d0,0x00000000e7d00000)
  to   space 18432K, 0% used [0x00000000ed780000,0x00000000ed780000,0x00000000ee980000)
 ParOldGen       total 101888K, used 25757K [0x0000000080000000, 0x0000000086380000, 0x00000000d5580000)
  object space 101888K, 25% used [0x0000000080000000,0x00000000819276d8,0x0000000086380000)
 Metaspace       used 62750K, capacity 65734K, committed 65920K, reserved 1107968K
  class space    used 7459K, capacity 7956K, committed 8064K, reserved 1048576K
}

