# JRE version: OpenJDK Runtime Environment (8.0_292-b10) (build 1.8.0_292-b10)
# Java VM: OpenJDK 64-Bit Server VM (25.292-b10 mixed mode linux-amd64 compressed oops)
Heap:
 PSYoungGen      total 295936K, used 254436K [0x00000000d5580000, 0x00000000e8980000, 0x0000000100000000)
  eden space 281088K, 90% used [0x00000000d5580000,0x00000000e4df9270,0x00000000e6800000)
  from space 14848K, 0% used [0x00000000e7600000,0x00000000e7600000,0x00000000e8480000)
  to   space 14336K, 0% used [0x00000000e6800000,0x00000000e6800000,0x00000000e7600000)
 ParOldGen       total 102400K, used 23181K [0x0000000080000000, 0x0000000086400000, 0x00000000d5580000)
  object space 102400K, 22% used [0x0000000080000000,0x00000000816a37f8,0x0000000086400000)
 Metaspace       used 66210K, capacity 69580K, committed 69760K, reserved 1110016K
  class space    used 7941K, capacity 8511K, committed 8576K, reserved 1048576K
GC Heap History (10 events):
Event: 10.304 GC heap before
{Heap before GC invocations=11 (full 2):
 PSYoungGen      total 176640K, used 164864K [0x00000000d5580000, 0x00000000e1500000, 0x0000000100000000)
  eden space 164864K, 100% used [0x00000000d5580000,0x00000000df680000,0x00000000df680000)
  from space 11776K, 0% used [0x00000000e0380000,0x00000000e0380000,0x00000000e0f00000)
  to   space 13312K, 0% used [0x00000000df680000,0x00000000df680000,0x00000000e0380000)
 ParOldGen       total 76288K, used 15363K [0x0000000080000000, 0x0000000084a80000, 0x00000000d5580000)
  object space 76288K, 20% used [0x0000000080000000,0x0000000080f00d48,0x0000000084a80000)
 Metaspace       used 39864K, capacity 42088K, committed 42240K, reserved 1085440K
  class space    used 4968K, capacity 5349K, committed 5376K, reserved 1048576K
Event: 10.312 GC heap after
Heap after GC invocations=11 (full 2):
 PSYoungGen      total 178176K, used 8275K [0x00000000d5580000, 0x00000000e4400000, 0x0000000100000000)
  eden space 164864K, 0% used [0x00000000d5580000,0x00000000d5580000,0x00000000df680000)
  from space 13312K, 62% used [0x00000000df680000,0x00000000dfe94e00,0x00000000e0380000)
  to   space 13312K, 0% used [0x00000000e3700000,0x00000000e3700000,0x00000000e4400000)
 ParOldGen       total 76288K, used 15363K [0x0000000080000000, 0x0000000084a80000, 0x00000000d5580000)
  object space 76288K, 20% used [0x0000000080000000,0x0000000080f00d48,0x0000000084a80000)
 Metaspace       used 39864K, capacity 42088K, committed 42240K, reserved 1085440K
  class space    used 4968K, capacity 5349K, committed 5376K, reserved 1048576K
}
Event: 10.960 GC heap before
{Heap before GC invocations=12 (full 2):
 PSYoungGen      total 178176K, used 173139K [0x00000000d5580000, 0x00000000e4400000, 0x0000000100000000)
  eden space 164864K, 100% used [0x00000000d5580000,0x00000000df680000,0x00000000df680000)
  from space 13312K, 62% used [0x00000000df680000,0x00000000dfe94e00,0x00000000e0380000)
  to   space 13312K, 0% used [0x00000000e3700000,0x00000000e3700000,0x00000000e4400000)
 ParOldGen       total 76288K, used 15363K [0x0000000080000000, 0x0000000084a80000, 0x00000000d5580000)
  object space 76288K, 20% used [0x0000000080000000,0x0000000080f00d48,0x0000000084a80000)
 Metaspace       used 46399K, capacity 48644K, committed 49024K, reserved 1091584K
  class space    used 5768K, capacity 6159K, committed 6272K, reserved 1048576K
Event: 10.975 GC heap after
Heap after GC invocations=12 (full 2):
 PSYoungGen      total 229888K, used 9996K [0x00000000d5580000, 0x00000000e4800000, 0x0000000100000000)
  eden space 216576K, 0% used [0x00000000d5580000,0x00000000d5580000,0x00000000e2900000)
  from space 13312K, 75% used [0x00000000e3700000,0x00000000e40c33d8,0x00000000e4400000)
  to   space 14336K, 0% used [0x00000000e2900000,0x00000000e2900000,0x00000000e3700000)
 ParOldGen       total 76288K, used 15363K [0x0000000080000000, 0x0000000084a80000, 0x00000000d5580000)
  object space 76288K, 20% used [0x0000000080000000,0x0000000080f00d48,0x0000000084a80000)
 Metaspace       used 46399K, capacity 48644K, committed 49024K, reserved 1091584K
  class space    used 5768K, capacity 6159K, committed 6272K, reserved 1048576K
}
Event: 15.985 GC heap before
{Heap before GC invocations=13 (full 2):
 PSYoungGen      total 229888K, used 226572K [0x00000000d5580000, 0x00000000e4800000, 0x0000000100000000)
  eden space 216576K, 100% used [0x00000000d5580000,0x00000000e2900000,0x00000000e2900000)
  from space 13312K, 75% used [0x00000000e3700000,0x00000000e40c33d8,0x00000000e4400000)
  to   space 14336K, 0% used [0x00000000e2900000,0x00000000e2900000,0x00000000e3700000)
 ParOldGen       total 76288K, used 15363K [0x0000000080000000, 0x0000000084a80000, 0x00000000d5580000)
  object space 76288K, 20% used [0x0000000080000000,0x0000000080f00d48,0x0000000084a80000)
 Metaspace       used 53578K, capacity 55954K, committed 56320K, reserved 1099776K
  class space    used 6469K, capacity 6872K, committed 6912K, reserved 1048576K
Event: 15.999 GC heap after
Heap after GC invocations=13 (full 2):
 PSYoungGen      total 230912K, used 10583K [0x00000000d5580000, 0x00000000e8480000, 0x0000000100000000)
  eden space 216576K, 0% used [0x00000000d5580000,0x00000000d5580000,0x00000000e2900000)
  from space 14336K, 73% used [0x00000000e2900000,0x00000000e3355cb8,0x00000000e3700000)
  to   space 14848K, 0% used [0x00000000e7600000,0x00000000e7600000,0x00000000e8480000)
 ParOldGen       total 76288K, used 18935K [0x0000000080000000, 0x0000000084a80000, 0x00000000d5580000)
  object space 76288K, 24% used [0x0000000080000000,0x000000008127ddb8,0x0000000084a80000)
 Metaspace       used 53578K, capacity 55954K, committed 56320K, reserved 1099776K
  class space    used 6469K, capacity 6872K, committed 6912K, reserved 1048576K
}
Event: 16.566 GC heap before
{Heap before GC invocations=14 (full 2):
 PSYoungGen      total 230912K, used 120160K [0x00000000d5580000, 0x00000000e8480000, 0x0000000100000000)
  eden space 216576K, 50% used [0x00000000d5580000,0x00000000dc0825a0,0x00000000e2900000)
  from space 14336K, 73% used [0x00000000e2900000,0x00000000e3355cb8,0x00000000e3700000)
  to   space 14848K, 0% used [0x00000000e7600000,0x00000000e7600000,0x00000000e8480000)
 ParOldGen       total 76288K, used 18935K [0x0000000080000000, 0x0000000084a80000, 0x00000000d5580000)
  object space 76288K, 24% used [0x0000000080000000,0x000000008127ddb8,0x0000000084a80000)
 Metaspace       used 56282K, capacity 58728K, committed 59008K, reserved 1101824K
  class space    used 6743K, capacity 7169K, committed 7296K, reserved 1048576K
Event: 16.582 GC heap after
Heap after GC invocations=14 (full 2):
 PSYoungGen      total 295936K, used 4550K [0x00000000d5580000, 0x00000000e8980000, 0x0000000100000000)
  eden space 281088K, 0% used [0x00000000d5580000,0x00000000d5580000,0x00000000e6800000)
  from space 14848K, 30% used [0x00000000e7600000,0x00000000e7a71b00,0x00000000e8480000)
  to   space 14336K, 0% used [0x00000000e6800000,0x00000000e6800000,0x00000000e7600000)
 ParOldGen       total 76288K, used 22269K [0x0000000080000000, 0x0000000084a80000, 0x00000000d5580000)
  object space 76288K, 29% used [0x0000000080000000,0x00000000815bf630,0x0000000084a80000)
 Metaspace       used 56282K, capacity 58728K, committed 59008K, reserved 1101824K
  class space    used 6743K, capacity 7169K, committed 7296K, reserved 1048576K
}
Event: 16.582 GC heap before
{Heap before GC invocations=15 (full 3):
 PSYoungGen      total 295936K, used 4550K [0x00000000d5580000, 0x00000000e8980000, 0x0000000100000000)
  eden space 281088K, 0% used [0x00000000d5580000,0x00000000d5580000,0x00000000e6800000)
  from space 14848K, 30% used [0x00000000e7600000,0x00000000e7a71b00,0x00000000e8480000)
  to   space 14336K, 0% used [0x00000000e6800000,0x00000000e6800000,0x00000000e7600000)
 ParOldGen       total 76288K, used 22269K [0x0000000080000000, 0x0000000084a80000, 0x00000000d5580000)
  object space 76288K, 29% used [0x0000000080000000,0x00000000815bf630,0x0000000084a80000)
 Metaspace       used 56282K, capacity 58728K, committed 59008K, reserved 1101824K
  class space    used 6743K, capacity 7169K, committed 7296K, reserved 1048576K
Event: 16.700 GC heap after
Heap after GC invocations=15 (full 3):
 PSYoungGen      total 295936K, used 0K [0x00000000d5580000, 0x00000000e8980000, 0x0000000100000000)
  eden space 281088K, 0% used [0x00000000d5580000,0x00000000d5580000,0x00000000e6800000)
  from space 14848K, 0% used [0x00000000e7600000,0x00000000e7600000,0x00000000e8480000)
  to   space 14336K, 0% used [0x00000000e6800000,0x00000000e6800000,0x00000000e7600000)
 ParOldGen       total 102400K, used 23181K [0x0000000080000000, 0x0000000086400000, 0x00000000d5580000)
  object space 102400K, 22% used [0x0000000080000000,0x00000000816a37f8,0x0000000086400000)
 Metaspace       used 56282K, capacity 58728K, committed 59008K, reserved 1101824K
  class space    used 6743K, capacity 7169K, committed 7296K, reserved 1048576K
}

