# JRE version: OpenJDK Runtime Environment (8.0_232-b09) (build 1.8.0_232-b09)
# Java VM: OpenJDK 64-Bit Server VM (25.232-b09 mixed mode linux-amd64 compressed oops)
Heap:
 PSYoungGen      total 510464K, used 454962K [0x00000000d5580000, 0x00000000f9500000, 0x0000000100000000)
  eden space 470528K, 96% used [0x00000000d5580000,0x00000000f11cc8b8,0x00000000f2100000)
  from space 39936K, 0% used [0x00000000f5900000,0x00000000f5900000,0x00000000f8000000)
  to   space 57344K, 0% used [0x00000000f2100000,0x00000000f2100000,0x00000000f5900000)
 ParOldGen       total 207360K, used 85964K [0x0000000080000000, 0x000000008ca80000, 0x00000000d5580000)
  object space 207360K, 41% used [0x0000000080000000,0x00000000853f3230,0x000000008ca80000)
 Metaspace       used 75900K, capacity 79638K, committed 79896K, reserved 1120256K
  class space    used 8006K, capacity 8626K, committed 8736K, reserved 1048576K
GC Heap History (40 events):
Event: 0.347 GC heap before
{Heap before GC invocations=1 (full 0):
 PSYoungGen      total 32768K, used 28160K [0x00000000d5580000, 0x00000000d7a00000, 0x0000000100000000)
  eden space 28160K, 100% used [0x00000000d5580000,0x00000000d7100000,0x00000000d7100000)
  from space 4608K, 0% used [0x00000000d7580000,0x00000000d7580000,0x00000000d7a00000)
  to   space 4608K, 0% used [0x00000000d7100000,0x00000000d7100000,0x00000000d7580000)
 ParOldGen       total 75264K, used 0K [0x0000000080000000, 0x0000000084980000, 0x00000000d5580000)
  object space 75264K, 0% used [0x0000000080000000,0x0000000080000000,0x0000000084980000)
 Metaspace       used 4185K, capacity 4856K, committed 5120K, reserved 1056768K
  class space    used 406K, capacity 424K, committed 512K, reserved 1048576K
Event: 0.349 GC heap after
Heap after GC invocations=1 (full 0):
 PSYoungGen      total 32768K, used 2257K [0x00000000d5580000, 0x00000000d7a00000, 0x0000000100000000)
  eden space 28160K, 0% used [0x00000000d5580000,0x00000000d5580000,0x00000000d7100000)
  from space 4608K, 48% used [0x00000000d7100000,0x00000000d7334698,0x00000000d7580000)
  to   space 4608K, 0% used [0x00000000d7580000,0x00000000d7580000,0x00000000d7a00000)
 ParOldGen       total 75264K, used 8K [0x0000000080000000, 0x0000000084980000, 0x00000000d5580000)
  object space 75264K, 0% used [0x0000000080000000,0x0000000080002000,0x0000000084980000)
 Metaspace       used 4185K, capacity 4856K, committed 5120K, reserved 1056768K
  class space    used 406K, capacity 424K, committed 512K, reserved 1048576K
}
Event: 0.540 GC heap before
{Heap before GC invocations=2 (full 0):
 PSYoungGen      total 32768K, used 30417K [0x00000000d5580000, 0x00000000d7a00000, 0x0000000100000000)
  eden space 28160K, 100% used [0x00000000d5580000,0x00000000d7100000,0x00000000d7100000)
  from space 4608K, 48% used [0x00000000d7100000,0x00000000d7334698,0x00000000d7580000)
  to   space 4608K, 0% used [0x00000000d7580000,0x00000000d7580000,0x00000000d7a00000)
 ParOldGen       total 75264K, used 8K [0x0000000080000000, 0x0000000084980000, 0x00000000d5580000)
  object space 75264K, 0% used [0x0000000080000000,0x0000000080002000,0x0000000084980000)
 Metaspace       used 7067K, capacity 7274K, committed 7552K, reserved 1056768K
  class space    used 720K, capacity 803K, committed 896K, reserved 1048576K
Event: 0.545 GC heap after
Heap after GC invocations=2 (full 0):
 PSYoungGen      total 32768K, used 2887K [0x00000000d5580000, 0x00000000d9580000, 0x0000000100000000)
  eden space 28160K, 0% used [0x00000000d5580000,0x00000000d5580000,0x00000000d7100000)
  from space 4608K, 62% used [0x00000000d7580000,0x00000000d7851e08,0x00000000d7a00000)
  to   space 4608K, 0% used [0x00000000d7100000,0x00000000d7100000,0x00000000d7580000)
 ParOldGen       total 75264K, used 16K [0x0000000080000000, 0x0000000084980000, 0x00000000d5580000)
  object space 75264K, 0% used [0x0000000080000000,0x0000000080004000,0x0000000084980000)
 Metaspace       used 7067K, capacity 7274K, committed 7552K, reserved 1056768K
  class space    used 720K, capacity 803K, committed 896K, reserved 1048576K
}
Event: 0.783 GC heap before
{Heap before GC invocations=3 (full 0):
 PSYoungGen      total 32768K, used 31047K [0x00000000d5580000, 0x00000000d9580000, 0x0000000100000000)
  eden space 28160K, 100% used [0x00000000d5580000,0x00000000d7100000,0x00000000d7100000)
  from space 4608K, 62% used [0x00000000d7580000,0x00000000d7851e08,0x00000000d7a00000)
  to   space 4608K, 0% used [0x00000000d7100000,0x00000000d7100000,0x00000000d7580000)
 ParOldGen       total 75264K, used 16K [0x0000000080000000, 0x0000000084980000, 0x00000000d5580000)
  object space 75264K, 0% used [0x0000000080000000,0x0000000080004000,0x0000000084980000)
 Metaspace       used 10392K, capacity 10538K, committed 10624K, reserved 1058816K
  class space    used 1066K, capacity 1123K, committed 1152K, reserved 1048576K
Event: 0.787 GC heap after
Heap after GC invocations=3 (full 0):
 PSYoungGen      total 32768K, used 4020K [0x00000000d5580000, 0x00000000d9580000, 0x0000000100000000)
  eden space 28160K, 0% used [0x00000000d5580000,0x00000000d5580000,0x00000000d7100000)
  from space 4608K, 87% used [0x00000000d7100000,0x00000000d74ed178,0x00000000d7580000)
  to   space 4608K, 0% used [0x00000000d9100000,0x00000000d9100000,0x00000000d9580000)
 ParOldGen       total 75264K, used 24K [0x0000000080000000, 0x0000000084980000, 0x00000000d5580000)
  object space 75264K, 0% used [0x0000000080000000,0x0000000080006000,0x0000000084980000)
 Metaspace       used 10392K, capacity 10538K, committed 10624K, reserved 1058816K
  class space    used 1066K, capacity 1123K, committed 1152K, reserved 1048576K
}
Event: 1.054 GC heap before
{Heap before GC invocations=4 (full 0):
 PSYoungGen      total 32768K, used 32180K [0x00000000d5580000, 0x00000000d9580000, 0x0000000100000000)
  eden space 28160K, 100% used [0x00000000d5580000,0x00000000d7100000,0x00000000d7100000)
  from space 4608K, 87% used [0x00000000d7100000,0x00000000d74ed178,0x00000000d7580000)
  to   space 4608K, 0% used [0x00000000d9100000,0x00000000d9100000,0x00000000d9580000)
 ParOldGen       total 75264K, used 24K [0x0000000080000000, 0x0000000084980000, 0x00000000d5580000)
  object space 75264K, 0% used [0x0000000080000000,0x0000000080006000,0x0000000084980000)
 Metaspace       used 13190K, capacity 13374K, committed 13568K, reserved 1060864K
  class space    used 1375K, capacity 1447K, committed 1536K, reserved 1048576K
Event: 1.068 GC heap after
Heap after GC invocations=4 (full 0):
 PSYoungGen      total 60928K, used 4593K [0x00000000d5580000, 0x00000000d9580000, 0x0000000100000000)
  eden space 56320K, 0% used [0x00000000d5580000,0x00000000d5580000,0x00000000d8c80000)
  from space 4608K, 99% used [0x00000000d9100000,0x00000000d957c7b0,0x00000000d9580000)
  to   space 4608K, 0% used [0x00000000d8c80000,0x00000000d8c80000,0x00000000d9100000)
 ParOldGen       total 75264K, used 338K [0x0000000080000000, 0x0000000084980000, 0x00000000d5580000)
  object space 75264K, 0% used [0x0000000080000000,0x0000000080054a08,0x0000000084980000)
 Metaspace       used 13190K, capacity 13374K, committed 13568K, reserved 1060864K
  class space    used 1375K, capacity 1447K, committed 1536K, reserved 1048576K
}
Event: 1.665 GC heap before
{Heap before GC invocations=5 (full 0):
 PSYoungGen      total 60928K, used 60913K [0x00000000d5580000, 0x00000000d9580000, 0x0000000100000000)
  eden space 56320K, 100% used [0x00000000d5580000,0x00000000d8c80000,0x00000000d8c80000)
  from space 4608K, 99% used [0x00000000d9100000,0x00000000d957c7b0,0x00000000d9580000)
  to   space 4608K, 0% used [0x00000000d8c80000,0x00000000d8c80000,0x00000000d9100000)
 ParOldGen       total 75264K, used 338K [0x0000000080000000, 0x0000000084980000, 0x00000000d5580000)
  object space 75264K, 0% used [0x0000000080000000,0x0000000080054a08,0x0000000084980000)
 Metaspace       used 18590K, capacity 18842K, committed 19328K, reserved 1067008K
  class space    used 1967K, capacity 2053K, committed 2176K, reserved 1048576K
Event: 1.674 GC heap after
Heap after GC invocations=5 (full 0):
 PSYoungGen      total 60928K, used 4586K [0x00000000d5580000, 0x00000000dd280000, 0x0000000100000000)
  eden space 56320K, 0% used [0x00000000d5580000,0x00000000d5580000,0x00000000d8c80000)
  from space 4608K, 99% used [0x00000000d8c80000,0x00000000d90fa890,0x00000000d9100000)
  to   space 7680K, 0% used [0x00000000dcb00000,0x00000000dcb00000,0x00000000dd280000)
 ParOldGen       total 75264K, used 2728K [0x0000000080000000, 0x0000000084980000, 0x00000000d5580000)
  object space 75264K, 3% used [0x0000000080000000,0x00000000802aa380,0x0000000084980000)
 Metaspace       used 18590K, capacity 18842K, committed 19328K, reserved 1067008K
  class space    used 1967K, capacity 2053K, committed 2176K, reserved 1048576K
}
Event: 1.888 GC heap before
{Heap before GC invocations=6 (full 0):
 PSYoungGen      total 60928K, used 51300K [0x00000000d5580000, 0x00000000dd280000, 0x0000000100000000)
  eden space 56320K, 82% used [0x00000000d5580000,0x00000000d831eb30,0x00000000d8c80000)
  from space 4608K, 99% used [0x00000000d8c80000,0x00000000d90fa890,0x00000000d9100000)
  to   space 7680K, 0% used [0x00000000dcb00000,0x00000000dcb00000,0x00000000dd280000)
 ParOldGen       total 75264K, used 2728K [0x0000000080000000, 0x0000000084980000, 0x00000000d5580000)
  object space 75264K, 3% used [0x0000000080000000,0x00000000802aa380,0x0000000084980000)
 Metaspace       used 20857K, capacity 21092K, committed 21296K, reserved 1069056K
  class space    used 2249K, capacity 2328K, committed 2352K, reserved 1048576K
Event: 1.898 GC heap after
Heap after GC invocations=6 (full 0):
 PSYoungGen      total 119296K, used 6698K [0x00000000d5580000, 0x00000000dd480000, 0x0000000100000000)
  eden space 111616K, 0% used [0x00000000d5580000,0x00000000d5580000,0x00000000dc280000)
  from space 7680K, 87% used [0x00000000dcb00000,0x00000000dd18a9d0,0x00000000dd280000)
  to   space 8704K, 0% used [0x00000000dc280000,0x00000000dc280000,0x00000000dcb00000)
 ParOldGen       total 75264K, used 2736K [0x0000000080000000, 0x0000000084980000, 0x00000000d5580000)
  object space 75264K, 3% used [0x0000000080000000,0x00000000802ac380,0x0000000084980000)
 Metaspace       used 20857K, capacity 21092K, committed 21296K, reserved 1069056K
  class space    used 2249K, capacity 2328K, committed 2352K, reserved 1048576K
}
Event: 1.898 GC heap before
{Heap before GC invocations=7 (full 1):
 PSYoungGen      total 119296K, used 6698K [0x00000000d5580000, 0x00000000dd480000, 0x0000000100000000)
  eden space 111616K, 0% used [0x00000000d5580000,0x00000000d5580000,0x00000000dc280000)
  from space 7680K, 87% used [0x00000000dcb00000,0x00000000dd18a9d0,0x00000000dd280000)
  to   space 8704K, 0% used [0x00000000dc280000,0x00000000dc280000,0x00000000dcb00000)
 ParOldGen       total 75264K, used 2736K [0x0000000080000000, 0x0000000084980000, 0x00000000d5580000)
  object space 75264K, 3% used [0x0000000080000000,0x00000000802ac380,0x0000000084980000)
 Metaspace       used 20857K, capacity 21092K, committed 21296K, reserved 1069056K
  class space    used 2249K, capacity 2328K, committed 2352K, reserved 1048576K
Event: 1.952 GC heap after
Heap after GC invocations=7 (full 1):
 PSYoungGen      total 119296K, used 0K [0x00000000d5580000, 0x00000000dd480000, 0x0000000100000000)
  eden space 111616K, 0% used [0x00000000d5580000,0x00000000d5580000,0x00000000dc280000)
  from space 7680K, 0% used [0x00000000dcb00000,0x00000000dcb00000,0x00000000dd280000)
  to   space 8704K, 0% used [0x00000000dc280000,0x00000000dc280000,0x00000000dcb00000)
 ParOldGen       total 51200K, used 6585K [0x0000000080000000, 0x0000000083200000, 0x00000000d5580000)
  object space 51200K, 12% used [0x0000000080000000,0x000000008066e648,0x0000000083200000)
 Metaspace       used 20857K, capacity 21092K, committed 21296K, reserved 1069056K
  class space    used 2249K, capacity 2328K, committed 2352K, reserved 1048576K
}
Event: 2.431 GC heap before
{Heap before GC invocations=8 (full 1):
 PSYoungGen      total 119296K, used 111616K [0x00000000d5580000, 0x00000000dd480000, 0x0000000100000000)
  eden space 111616K, 100% used [0x00000000d5580000,0x00000000dc280000,0x00000000dc280000)
  from space 7680K, 0% used [0x00000000dcb00000,0x00000000dcb00000,0x00000000dd280000)
  to   space 8704K, 0% used [0x00000000dc280000,0x00000000dc280000,0x00000000dcb00000)
 ParOldGen       total 51200K, used 6585K [0x0000000080000000, 0x0000000083200000, 0x00000000d5580000)
  object space 51200K, 12% used [0x0000000080000000,0x000000008066e648,0x0000000083200000)
 Metaspace       used 26525K, capacity 26904K, committed 27184K, reserved 1073152K
  class space    used 2957K, capacity 3079K, committed 3120K, reserved 1048576K
Event: 2.440 GC heap after
Heap after GC invocations=8 (full 1):
 PSYoungGen      total 120320K, used 6438K [0x00000000d5580000, 0x00000000e0780000, 0x0000000100000000)
  eden space 111616K, 0% used [0x00000000d5580000,0x00000000d5580000,0x00000000dc280000)
  from space 8704K, 73% used [0x00000000dc280000,0x00000000dc8c9bf8,0x00000000dcb00000)
  to   space 9216K, 0% used [0x00000000dfe80000,0x00000000dfe80000,0x00000000e0780000)
 ParOldGen       total 51200K, used 6585K [0x0000000080000000, 0x0000000083200000, 0x00000000d5580000)
  object space 51200K, 12% used [0x0000000080000000,0x000000008066e648,0x0000000083200000)
 Metaspace       used 26525K, capacity 26904K, committed 27184K, reserved 1073152K
  class space    used 2957K, capacity 3079K, committed 3120K, reserved 1048576K
}
Event: 2.803 GC heap before
{Heap before GC invocations=9 (full 1):
 PSYoungGen      total 120320K, used 118054K [0x00000000d5580000, 0x00000000e0780000, 0x0000000100000000)
  eden space 111616K, 100% used [0x00000000d5580000,0x00000000dc280000,0x00000000dc280000)
  from space 8704K, 73% used [0x00000000dc280000,0x00000000dc8c9bf8,0x00000000dcb00000)
  to   space 9216K, 0% used [0x00000000dfe80000,0x00000000dfe80000,0x00000000e0780000)
 ParOldGen       total 51200K, used 6585K [0x0000000080000000, 0x0000000083200000, 0x00000000d5580000)
  object space 51200K, 12% used [0x0000000080000000,0x000000008066e648,0x0000000083200000)
 Metaspace       used 31038K, capacity 31560K, committed 31920K, reserved 1077248K
  class space    used 3502K, capacity 3661K, committed 3760K, reserved 1048576K
Event: 2.811 GC heap after
Heap after GC invocations=9 (full 1):
 PSYoungGen      total 172544K, used 7369K [0x00000000d5580000, 0x00000000e0800000, 0x0000000100000000)
  eden space 163328K, 0% used [0x00000000d5580000,0x00000000d5580000,0x00000000df500000)
  from space 9216K, 79% used [0x00000000dfe80000,0x00000000e05b24a0,0x00000000e0780000)
  to   space 9728K, 0% used [0x00000000df500000,0x00000000df500000,0x00000000dfe80000)
 ParOldGen       total 51200K, used 6593K [0x0000000080000000, 0x0000000083200000, 0x00000000d5580000)
  object space 51200K, 12% used [0x0000000080000000,0x0000000080670648,0x0000000083200000)
 Metaspace       used 31038K, capacity 31560K, committed 31920K, reserved 1077248K
  class space    used 3502K, capacity 3661K, committed 3760K, reserved 1048576K
}
Event: 3.135 GC heap before
{Heap before GC invocations=10 (full 1):
 PSYoungGen      total 172544K, used 101169K [0x00000000d5580000, 0x00000000e0800000, 0x0000000100000000)
  eden space 163328K, 57% used [0x00000000d5580000,0x00000000db11a2a0,0x00000000df500000)
  from space 9216K, 79% used [0x00000000dfe80000,0x00000000e05b24a0,0x00000000e0780000)
  to   space 9728K, 0% used [0x00000000df500000,0x00000000df500000,0x00000000dfe80000)
 ParOldGen       total 51200K, used 6593K [0x0000000080000000, 0x0000000083200000, 0x00000000d5580000)
  object space 51200K, 12% used [0x0000000080000000,0x0000000080670648,0x0000000083200000)
 Metaspace       used 34714K, capacity 35178K, committed 35496K, reserved 1081344K
  class space    used 3875K, capacity 3988K, committed 4016K, reserved 1048576K
Event: 3.148 GC heap after
Heap after GC invocations=10 (full 1):
 PSYoungGen      total 173056K, used 6831K [0x00000000d5580000, 0x00000000e3780000, 0x0000000100000000)
  eden space 163328K, 0% used [0x00000000d5580000,0x00000000d5580000,0x00000000df500000)
  from space 9728K, 70% used [0x00000000df500000,0x00000000dfbabfa0,0x00000000dfe80000)
  to   space 9728K, 0% used [0x00000000e2e00000,0x00000000e2e00000,0x00000000e3780000)
 ParOldGen       total 51200K, used 6601K [0x0000000080000000, 0x0000000083200000, 0x00000000d5580000)
  object space 51200K, 12% used [0x0000000080000000,0x0000000080672648,0x0000000083200000)
 Metaspace       used 34714K, capacity 35178K, committed 35496K, reserved 1081344K
  class space    used 3875K, capacity 3988K, committed 4016K, reserved 1048576K
}
Event: 3.148 GC heap before
{Heap before GC invocations=11 (full 2):
 PSYoungGen      total 173056K, used 6831K [0x00000000d5580000, 0x00000000e3780000, 0x0000000100000000)
  eden space 163328K, 0% used [0x00000000d5580000,0x00000000d5580000,0x00000000df500000)
  from space 9728K, 70% used [0x00000000df500000,0x00000000dfbabfa0,0x00000000dfe80000)
  to   space 9728K, 0% used [0x00000000e2e00000,0x00000000e2e00000,0x00000000e3780000)
 ParOldGen       total 51200K, used 6601K [0x0000000080000000, 0x0000000083200000, 0x00000000d5580000)
  object space 51200K, 12% used [0x0000000080000000,0x0000000080672648,0x0000000083200000)
 Metaspace       used 34714K, capacity 35178K, committed 35496K, reserved 1081344K
  class space    used 3875K, capacity 3988K, committed 4016K, reserved 1048576K
Event: 3.202 GC heap after
Heap after GC invocations=11 (full 2):
 PSYoungGen      total 173056K, used 0K [0x00000000d5580000, 0x00000000e3780000, 0x0000000100000000)
  eden space 163328K, 0% used [0x00000000d5580000,0x00000000d5580000,0x00000000df500000)
  from space 9728K, 0% used [0x00000000df500000,0x00000000df500000,0x00000000dfe80000)
  to   space 9728K, 0% used [0x00000000e2e00000,0x00000000e2e00000,0x00000000e3780000)
 ParOldGen       total 80384K, used 11741K [0x0000000080000000, 0x0000000084e80000, 0x00000000d5580000)
  object space 80384K, 14% used [0x0000000080000000,0x0000000080b77548,0x0000000084e80000)
 Metaspace       used 34714K, capacity 35178K, committed 35496K, reserved 1081344K
  class space    used 3875K, capacity 3988K, committed 4016K, reserved 1048576K
}
Event: 4.245 GC heap before
{Heap before GC invocations=12 (full 2):
 PSYoungGen      total 173056K, used 163328K [0x00000000d5580000, 0x00000000e3780000, 0x0000000100000000)
  eden space 163328K, 100% used [0x00000000d5580000,0x00000000df500000,0x00000000df500000)
  from space 9728K, 0% used [0x00000000df500000,0x00000000df500000,0x00000000dfe80000)
  to   space 9728K, 0% used [0x00000000e2e00000,0x00000000e2e00000,0x00000000e3780000)
 ParOldGen       total 80384K, used 11741K [0x0000000080000000, 0x0000000084e80000, 0x00000000d5580000)
  object space 80384K, 14% used [0x0000000080000000,0x0000000080b77548,0x0000000084e80000)
 Metaspace       used 42650K, capacity 43468K, committed 43816K, reserved 1087488K
  class space    used 4721K, capacity 4905K, committed 4912K, reserved 1048576K
Event: 4.269 GC heap after
Heap after GC invocations=12 (full 2):
 PSYoungGen      total 214528K, used 9711K [0x00000000d5580000, 0x00000000e3780000, 0x0000000100000000)
  eden space 204800K, 0% used [0x00000000d5580000,0x00000000d5580000,0x00000000e1d80000)
  from space 9728K, 99% used [0x00000000e2e00000,0x00000000e377bc10,0x00000000e3780000)
  to   space 12288K, 0% used [0x00000000e1f80000,0x00000000e1f80000,0x00000000e2b80000)
 ParOldGen       total 80384K, used 14763K [0x0000000080000000, 0x0000000084e80000, 0x00000000d5580000)
  object space 80384K, 18% used [0x0000000080000000,0x0000000080e6ac68,0x0000000084e80000)
 Metaspace       used 42650K, capacity 43468K, committed 43816K, reserved 1087488K
  class space    used 4721K, capacity 4905K, committed 4912K, reserved 1048576K
}
Event: 5.638 GC heap before
{Heap before GC invocations=13 (full 2):
 PSYoungGen      total 214528K, used 214511K [0x00000000d5580000, 0x00000000e3780000, 0x0000000100000000)
  eden space 204800K, 100% used [0x00000000d5580000,0x00000000e1d80000,0x00000000e1d80000)
  from space 9728K, 99% used [0x00000000e2e00000,0x00000000e377bc10,0x00000000e3780000)
  to   space 12288K, 0% used [0x00000000e1f80000,0x00000000e1f80000,0x00000000e2b80000)
 ParOldGen       total 80384K, used 14763K [0x0000000080000000, 0x0000000084e80000, 0x00000000d5580000)
  object space 80384K, 18% used [0x0000000080000000,0x0000000080e6ac68,0x0000000084e80000)
 Metaspace       used 47319K, capacity 48318K, committed 48680K, reserved 1091584K
  class space    used 5326K, capacity 5554K, committed 5680K, reserved 1048576K
Event: 5.656 GC heap after
Heap after GC invocations=13 (full 2):
 PSYoungGen      total 219136K, used 12261K [0x00000000d5580000, 0x00000000e6900000, 0x0000000100000000)
  eden space 206848K, 0% used [0x00000000d5580000,0x00000000d5580000,0x00000000e1f80000)
  from space 12288K, 99% used [0x00000000e1f80000,0x00000000e2b79748,0x00000000e2b80000)
  to   space 14848K, 0% used [0x00000000e5a80000,0x00000000e5a80000,0x00000000e6900000)
 ParOldGen       total 80384K, used 17662K [0x0000000080000000, 0x0000000084e80000, 0x00000000d5580000)
  object space 80384K, 21% used [0x0000000080000000,0x000000008113f938,0x0000000084e80000)
 Metaspace       used 47319K, capacity 48318K, committed 48680K, reserved 1091584K
  class space    used 5326K, capacity 5554K, committed 5680K, reserved 1048576K
}
Event: 12.515 GC heap before
{Heap before GC invocations=14 (full 2):
 PSYoungGen      total 219136K, used 219109K [0x00000000d5580000, 0x00000000e6900000, 0x0000000100000000)
  eden space 206848K, 100% used [0x00000000d5580000,0x00000000e1f80000,0x00000000e1f80000)
  from space 12288K, 99% used [0x00000000e1f80000,0x00000000e2b79748,0x00000000e2b80000)
  to   space 14848K, 0% used [0x00000000e5a80000,0x00000000e5a80000,0x00000000e6900000)
 ParOldGen       total 80384K, used 17662K [0x0000000080000000, 0x0000000084e80000, 0x00000000d5580000)
  object space 80384K, 21% used [0x0000000080000000,0x000000008113f938,0x0000000084e80000)
 Metaspace       used 57057K, capacity 58828K, committed 59048K, reserved 1101824K
  class space    used 6474K, capacity 6795K, committed 6832K, reserved 1048576K
Event: 12.544 GC heap after
Heap after GC invocations=14 (full 2):
 PSYoungGen      total 261632K, used 14832K [0x00000000d5580000, 0x00000000e7000000, 0x0000000100000000)
  eden space 246784K, 0% used [0x00000000d5580000,0x00000000d5580000,0x00000000e4680000)
  from space 14848K, 99% used [0x00000000e5a80000,0x00000000e68fc340,0x00000000e6900000)
  to   space 20480K, 0% used [0x00000000e4680000,0x00000000e4680000,0x00000000e5a80000)
 ParOldGen       total 80384K, used 26396K [0x0000000080000000, 0x0000000084e80000, 0x00000000d5580000)
  object space 80384K, 32% used [0x0000000080000000,0x00000000819c7360,0x0000000084e80000)
 Metaspace       used 57057K, capacity 58828K, committed 59048K, reserved 1101824K
  class space    used 6474K, capacity 6795K, committed 6832K, reserved 1048576K
}
Event: 12.586 GC heap before
{Heap before GC invocations=15 (full 2):
 PSYoungGen      total 261632K, used 18442K [0x00000000d5580000, 0x00000000e7000000, 0x0000000100000000)
  eden space 246784K, 1% used [0x00000000d5580000,0x00000000d59066b0,0x00000000e4680000)
  from space 14848K, 99% used [0x00000000e5a80000,0x00000000e68fc340,0x00000000e6900000)
  to   space 20480K, 0% used [0x00000000e4680000,0x00000000e4680000,0x00000000e5a80000)
 ParOldGen       total 80384K, used 26396K [0x0000000080000000, 0x0000000084e80000, 0x00000000d5580000)
  object space 80384K, 32% used [0x0000000080000000,0x00000000819c7360,0x0000000084e80000)
 Metaspace       used 57195K, capacity 58992K, committed 59160K, reserved 1101824K
  class space    used 6499K, capacity 6843K, committed 6944K, reserved 1048576K
Event: 12.604 GC heap after
Heap after GC invocations=15 (full 2):
 PSYoungGen      total 267264K, used 14896K [0x00000000d5580000, 0x00000000ed780000, 0x0000000100000000)
  eden space 246784K, 0% used [0x00000000d5580000,0x00000000d5580000,0x00000000e4680000)
  from space 20480K, 72% used [0x00000000e4680000,0x00000000e550c380,0x00000000e5a80000)
  to   space 21504K, 0% used [0x00000000ec280000,0x00000000ec280000,0x00000000ed780000)
 ParOldGen       total 80384K, used 26404K [0x0000000080000000, 0x0000000084e80000, 0x00000000d5580000)
  object space 80384K, 32% used [0x0000000080000000,0x00000000819c9360,0x0000000084e80000)
 Metaspace       used 57195K, capacity 58992K, committed 59160K, reserved 1101824K
  class space    used 6499K, capacity 6843K, committed 6944K, reserved 1048576K
}
Event: 12.605 GC heap before
{Heap before GC invocations=16 (full 3):
 PSYoungGen      total 267264K, used 14896K [0x00000000d5580000, 0x00000000ed780000, 0x0000000100000000)
  eden space 246784K, 0% used [0x00000000d5580000,0x00000000d5580000,0x00000000e4680000)
  from space 20480K, 72% used [0x00000000e4680000,0x00000000e550c380,0x00000000e5a80000)
  to   space 21504K, 0% used [0x00000000ec280000,0x00000000ec280000,0x00000000ed780000)
 ParOldGen       total 80384K, used 26404K [0x0000000080000000, 0x0000000084e80000, 0x00000000d5580000)
  object space 80384K, 32% used [0x0000000080000000,0x00000000819c9360,0x0000000084e80000)
 Metaspace       used 57195K, capacity 58992K, committed 59160K, reserved 1101824K
  class space    used 6499K, capacity 6843K, committed 6944K, reserved 1048576K
Event: 12.715 GC heap after
Heap after GC invocations=16 (full 3):
 PSYoungGen      total 267264K, used 0K [0x00000000d5580000, 0x00000000ed780000, 0x0000000100000000)
  eden space 246784K, 0% used [0x00000000d5580000,0x00000000d5580000,0x00000000e4680000)
  from space 20480K, 0% used [0x00000000e4680000,0x00000000e4680000,0x00000000e5a80000)
  to   space 21504K, 0% used [0x00000000ec280000,0x00000000ec280000,0x00000000ed780000)
 ParOldGen       total 107008K, used 24054K [0x0000000080000000, 0x0000000086880000, 0x00000000d5580000)
  object space 107008K, 22% used [0x0000000080000000,0x000000008177db60,0x0000000086880000)
 Metaspace       used 57192K, capacity 58984K, committed 59160K, reserved 1101824K
  class space    used 6498K, capacity 6841K, committed 6944K, reserved 1048576K
}
Event: 18.323 GC heap before
{Heap before GC invocations=17 (full 3):
 PSYoungGen      total 267264K, used 246784K [0x00000000d5580000, 0x00000000ed780000, 0x0000000100000000)
  eden space 246784K, 100% used [0x00000000d5580000,0x00000000e4680000,0x00000000e4680000)
  from space 20480K, 0% used [0x00000000e4680000,0x00000000e4680000,0x00000000e5a80000)
  to   space 21504K, 0% used [0x00000000ec280000,0x00000000ec280000,0x00000000ed780000)
 ParOldGen       total 107008K, used 24054K [0x0000000080000000, 0x0000000086880000, 0x00000000d5580000)
  object space 107008K, 22% used [0x0000000080000000,0x000000008177db60,0x0000000086880000)
 Metaspace       used 64240K, capacity 66680K, committed 66712K, reserved 1107968K
  class space    used 7171K, capacity 7573K, committed 7584K, reserved 1048576K
Event: 18.338 GC heap after
Heap after GC invocations=17 (full 3):
 PSYoungGen      total 373248K, used 13900K [0x00000000d5580000, 0x00000000ed800000, 0x0000000100000000)
  eden space 351744K, 0% used [0x00000000d5580000,0x00000000d5580000,0x00000000ead00000)
  from space 21504K, 64% used [0x00000000ec280000,0x00000000ed013138,0x00000000ed780000)
  to   space 22016K, 0% used [0x00000000ead00000,0x00000000ead00000,0x00000000ec280000)
 ParOldGen       total 107008K, used 24054K [0x0000000080000000, 0x0000000086880000, 0x00000000d5580000)
  object space 107008K, 22% used [0x0000000080000000,0x000000008177db60,0x0000000086880000)
 Metaspace       used 64240K, capacity 66680K, committed 66712K, reserved 1107968K
  class space    used 7171K, capacity 7573K, committed 7584K, reserved 1048576K
}
Event: 42.535 GC heap before
{Heap before GC invocations=18 (full 3):
 PSYoungGen      total 373248K, used 365644K [0x00000000d5580000, 0x00000000ed800000, 0x0000000100000000)
  eden space 351744K, 100% used [0x00000000d5580000,0x00000000ead00000,0x00000000ead00000)
  from space 21504K, 64% used [0x00000000ec280000,0x00000000ed013138,0x00000000ed780000)
  to   space 22016K, 0% used [0x00000000ead00000,0x00000000ead00000,0x00000000ec280000)
 ParOldGen       total 107008K, used 24054K [0x0000000080000000, 0x0000000086880000, 0x00000000d5580000)
  object space 107008K, 22% used [0x0000000080000000,0x000000008177db60,0x0000000086880000)
 Metaspace       used 72506K, capacity 75914K, committed 76184K, reserved 1116160K
  class space    used 7930K, capacity 8510K, committed 8608K, reserved 1048576K
Event: 42.584 GC heap after
Heap after GC invocations=18 (full 3):
 PSYoungGen      total 373760K, used 22013K [0x00000000d5580000, 0x00000000f8000000, 0x0000000100000000)
  eden space 351744K, 0% used [0x00000000d5580000,0x00000000d5580000,0x00000000ead00000)
  from space 22016K, 99% used [0x00000000ead00000,0x00000000ec27f6b8,0x00000000ec280000)
  to   space 39936K, 0% used [0x00000000f5900000,0x00000000f5900000,0x00000000f8000000)
 ParOldGen       total 107008K, used 63894K [0x0000000080000000, 0x0000000086880000, 0x00000000d5580000)
  object space 107008K, 59% used [0x0000000080000000,0x0000000083e65ad8,0x0000000086880000)
 Metaspace       used 72506K, capacity 75914K, committed 76184K, reserved 1116160K
  class space    used 7930K, capacity 8510K, committed 8608K, reserved 1048576K
}
Event: 64.809 GC heap before
{Heap before GC invocations=19 (full 3):
 PSYoungGen      total 373760K, used 373757K [0x00000000d5580000, 0x00000000f8000000, 0x0000000100000000)
  eden space 351744K, 100% used [0x00000000d5580000,0x00000000ead00000,0x00000000ead00000)
  from space 22016K, 99% used [0x00000000ead00000,0x00000000ec27f6b8,0x00000000ec280000)
  to   space 39936K, 0% used [0x00000000f5900000,0x00000000f5900000,0x00000000f8000000)
 ParOldGen       total 107008K, used 63894K [0x0000000080000000, 0x0000000086880000, 0x00000000d5580000)
  object space 107008K, 59% used [0x0000000080000000,0x0000000083e65ad8,0x0000000086880000)
 Metaspace       used 74018K, capacity 77596K, committed 77720K, reserved 1118208K
  class space    used 7985K, capacity 8599K, committed 8608K, reserved 1048576K
Event: 64.872 GC heap after
Heap after GC invocations=19 (full 3):
 PSYoungGen      total 510464K, used 39920K [0x00000000d5580000, 0x00000000f9500000, 0x0000000100000000)
  eden space 470528K, 0% used [0x00000000d5580000,0x00000000d5580000,0x00000000f2100000)
  from space 39936K, 99% used [0x00000000f5900000,0x00000000f7ffc2b0,0x00000000f8000000)
  to   space 57344K, 0% used [0x00000000f2100000,0x00000000f2100000,0x00000000f5900000)
 ParOldGen       total 107008K, used 92973K [0x0000000080000000, 0x0000000086880000, 0x00000000d5580000)
  object space 107008K, 86% used [0x0000000080000000,0x0000000085acb6f0,0x0000000086880000)
 Metaspace       used 74018K, capacity 77596K, committed 77720K, reserved 1118208K
  class space    used 7985K, capacity 8599K, committed 8608K, reserved 1048576K
}
Event: 64.872 GC heap before
{Heap before GC invocations=20 (full 4):
 PSYoungGen      total 510464K, used 39920K [0x00000000d5580000, 0x00000000f9500000, 0x0000000100000000)
  eden space 470528K, 0% used [0x00000000d5580000,0x00000000d5580000,0x00000000f2100000)
  from space 39936K, 99% used [0x00000000f5900000,0x00000000f7ffc2b0,0x00000000f8000000)
  to   space 57344K, 0% used [0x00000000f2100000,0x00000000f2100000,0x00000000f5900000)
 ParOldGen       total 107008K, used 92973K [0x0000000080000000, 0x0000000086880000, 0x00000000d5580000)
  object space 107008K, 86% used [0x0000000080000000,0x0000000085acb6f0,0x0000000086880000)
 Metaspace       used 74018K, capacity 77596K, committed 77720K, reserved 1118208K
  class space    used 7985K, capacity 8599K, committed 8608K, reserved 1048576K
Event: 65.032 GC heap after
Heap after GC invocations=20 (full 4):
 PSYoungGen      total 510464K, used 0K [0x00000000d5580000, 0x00000000f9500000, 0x0000000100000000)
  eden space 470528K, 0% used [0x00000000d5580000,0x00000000d5580000,0x00000000f2100000)
  from space 39936K, 0% used [0x00000000f5900000,0x00000000f5900000,0x00000000f8000000)
  to   space 57344K, 0% used [0x00000000f2100000,0x00000000f2100000,0x00000000f5900000)
 ParOldGen       total 207360K, used 85964K [0x0000000080000000, 0x000000008ca80000, 0x00000000d5580000)
  object space 207360K, 41% used [0x0000000080000000,0x00000000853f3230,0x000000008ca80000)
 Metaspace       used 73996K, capacity 77540K, committed 77720K, reserved 1118208K
  class space    used 7977K, capacity 8585K, committed 8608K, reserved 1048576K
}

