# JRE version: OpenJDK Runtime Environment (8.0_312-b07) (build 1.8.0_312-b07)
# Java VM: OpenJDK 64-Bit Server VM (25.312-b07 mixed mode linux-amd64 compressed oops)
Heap:
 PSYoungGen      total 394752K, used 271716K [0x00000000d5580000, 0x00000000ef080000, 0x0000000100000000)
  eden space 379904K, 67% used [0x00000000d5580000,0x00000000e5063190,0x00000000ec880000)
  from space 14848K, 99% used [0x00000000ee200000,0x00000000ef075ff0,0x00000000ef080000)
  to   space 17920K, 0% used [0x00000000ecd80000,0x00000000ecd80000,0x00000000edf00000)
 ParOldGen       total 101888K, used 23217K [0x0000000080000000, 0x0000000086380000, 0x00000000d5580000)
  object space 101888K, 22% used [0x0000000080000000,0x00000000816ac578,0x0000000086380000)
 Metaspace       used 69002K, capacity 72384K, committed 72576K, reserved 1114112K
  class space    used 8283K, capacity 8831K, committed 8832K, reserved 1048576K
GC Heap History (10 events):
Event: 11.773 GC heap before
{Heap before GC invocations=13 (full 2):
 PSYoungGen      total 222208K, used 222206K [0x00000000d5580000, 0x00000000e8180000, 0x0000000100000000)
  eden space 216576K, 100% used [0x00000000d5580000,0x00000000e2900000,0x00000000e2900000)
  from space 5632K, 99% used [0x00000000e3500000,0x00000000e3a7fb60,0x00000000e3a80000)
  to   space 12288K, 0% used [0x00000000e2900000,0x00000000e2900000,0x00000000e3500000)
 ParOldGen       total 81408K, used 23047K [0x0000000080000000, 0x0000000084f80000, 0x00000000d5580000)
  object space 81408K, 28% used [0x0000000080000000,0x0000000081681d68,0x0000000084f80000)
 Metaspace       used 48915K, capacity 51206K, committed 51584K, reserved 1093632K
  class space    used 6087K, capacity 6484K, committed 6528K, reserved 1048576K
Event: 11.786 GC heap after
Heap after GC invocations=13 (full 2):
 PSYoungGen      total 228864K, used 12276K [0x00000000d5580000, 0x00000000e8d00000, 0x0000000100000000)
  eden space 216576K, 0% used [0x00000000d5580000,0x00000000d5580000,0x00000000e2900000)
  from space 12288K, 99% used [0x00000000e2900000,0x00000000e34fd280,0x00000000e3500000)
  to   space 15360K, 0% used [0x00000000e7e00000,0x00000000e7e00000,0x00000000e8d00000)
 ParOldGen       total 81408K, used 26865K [0x0000000080000000, 0x0000000084f80000, 0x00000000d5580000)
  object space 81408K, 33% used [0x0000000080000000,0x0000000081a3c628,0x0000000084f80000)
 Metaspace       used 48915K, capacity 51206K, committed 51584K, reserved 1093632K
  class space    used 6087K, capacity 6484K, committed 6528K, reserved 1048576K
}
Event: 16.916 GC heap before
{Heap before GC invocations=14 (full 2):
 PSYoungGen      total 228864K, used 228852K [0x00000000d5580000, 0x00000000e8d00000, 0x0000000100000000)
  eden space 216576K, 100% used [0x00000000d5580000,0x00000000e2900000,0x00000000e2900000)
  from space 12288K, 99% used [0x00000000e2900000,0x00000000e34fd280,0x00000000e3500000)
  to   space 15360K, 0% used [0x00000000e7e00000,0x00000000e7e00000,0x00000000e8d00000)
 ParOldGen       total 81408K, used 26865K [0x0000000080000000, 0x0000000084f80000, 0x00000000d5580000)
  object space 81408K, 33% used [0x0000000080000000,0x0000000081a3c628,0x0000000084f80000)
 Metaspace       used 55977K, capacity 58468K, committed 59008K, reserved 1101824K
  class space    used 6764K, capacity 7199K, committed 7296K, reserved 1048576K
Event: 16.931 GC heap after
Heap after GC invocations=14 (full 2):
 PSYoungGen      total 290816K, used 10070K [0x00000000d5580000, 0x00000000e8800000, 0x0000000100000000)
  eden space 280576K, 0% used [0x00000000d5580000,0x00000000d5580000,0x00000000e6780000)
  from space 10240K, 98% used [0x00000000e7e00000,0x00000000e87d5ae8,0x00000000e8800000)
  to   space 15872K, 0% used [0x00000000e6900000,0x00000000e6900000,0x00000000e7880000)
 ParOldGen       total 81408K, used 31750K [0x0000000080000000, 0x0000000084f80000, 0x00000000d5580000)
  object space 81408K, 39% used [0x0000000080000000,0x0000000081f01a70,0x0000000084f80000)
 Metaspace       used 55977K, capacity 58468K, committed 59008K, reserved 1101824K
  class space    used 6764K, capacity 7199K, committed 7296K, reserved 1048576K
}
Event: 17.076 GC heap before
{Heap before GC invocations=15 (full 2):
 PSYoungGen      total 290816K, used 48850K [0x00000000d5580000, 0x00000000e8800000, 0x0000000100000000)
  eden space 280576K, 13% used [0x00000000d5580000,0x00000000d7b5f048,0x00000000e6780000)
  from space 10240K, 98% used [0x00000000e7e00000,0x00000000e87d5ae8,0x00000000e8800000)
  to   space 15872K, 0% used [0x00000000e6900000,0x00000000e6900000,0x00000000e7880000)
 ParOldGen       total 81408K, used 31750K [0x0000000080000000, 0x0000000084f80000, 0x00000000d5580000)
  object space 81408K, 39% used [0x0000000080000000,0x0000000081f01a70,0x0000000084f80000)
 Metaspace       used 56415K, capacity 58842K, committed 59160K, reserved 1101824K
  class space    used 6799K, capacity 7234K, committed 7296K, reserved 1048576K
Event: 17.085 GC heap after
Heap after GC invocations=15 (full 2):
 PSYoungGen      total 297984K, used 3748K [0x00000000d5580000, 0x00000000ef180000, 0x0000000100000000)
  eden space 282112K, 0% used [0x00000000d5580000,0x00000000d5580000,0x00000000e6900000)
  from space 15872K, 23% used [0x00000000e6900000,0x00000000e6ca9278,0x00000000e7880000)
  to   space 15872K, 0% used [0x00000000ee200000,0x00000000ee200000,0x00000000ef180000)
 ParOldGen       total 81408K, used 35345K [0x0000000080000000, 0x0000000084f80000, 0x00000000d5580000)
  object space 81408K, 43% used [0x0000000080000000,0x0000000082284740,0x0000000084f80000)
 Metaspace       used 56415K, capacity 58842K, committed 59160K, reserved 1101824K
  class space    used 6799K, capacity 7234K, committed 7296K, reserved 1048576K
}
Event: 17.085 GC heap before
{Heap before GC invocations=16 (full 3):
 PSYoungGen      total 297984K, used 3748K [0x00000000d5580000, 0x00000000ef180000, 0x0000000100000000)
  eden space 282112K, 0% used [0x00000000d5580000,0x00000000d5580000,0x00000000e6900000)
  from space 15872K, 23% used [0x00000000e6900000,0x00000000e6ca9278,0x00000000e7880000)
  to   space 15872K, 0% used [0x00000000ee200000,0x00000000ee200000,0x00000000ef180000)
 ParOldGen       total 81408K, used 35345K [0x0000000080000000, 0x0000000084f80000, 0x00000000d5580000)
  object space 81408K, 43% used [0x0000000080000000,0x0000000082284740,0x0000000084f80000)
 Metaspace       used 56415K, capacity 58842K, committed 59160K, reserved 1101824K
  class space    used 6799K, capacity 7234K, committed 7296K, reserved 1048576K
Event: 17.197 GC heap after
Heap after GC invocations=16 (full 3):
 PSYoungGen      total 297984K, used 0K [0x00000000d5580000, 0x00000000ef180000, 0x0000000100000000)
  eden space 282112K, 0% used [0x00000000d5580000,0x00000000d5580000,0x00000000e6900000)
  from space 15872K, 0% used [0x00000000e6900000,0x00000000e6900000,0x00000000e7880000)
  to   space 15872K, 0% used [0x00000000ee200000,0x00000000ee200000,0x00000000ef180000)
 ParOldGen       total 101888K, used 23209K [0x0000000080000000, 0x0000000086380000, 0x00000000d5580000)
  object space 101888K, 22% used [0x0000000080000000,0x00000000816aa578,0x0000000086380000)
 Metaspace       used 56415K, capacity 58842K, committed 59160K, reserved 1101824K
  class space    used 6799K, capacity 7234K, committed 7296K, reserved 1048576K
}
Event: 23.619 GC heap before
{Heap before GC invocations=17 (full 3):
 PSYoungGen      total 297984K, used 282112K [0x00000000d5580000, 0x00000000ef180000, 0x0000000100000000)
  eden space 282112K, 100% used [0x00000000d5580000,0x00000000e6900000,0x00000000e6900000)
  from space 15872K, 0% used [0x00000000e6900000,0x00000000e6900000,0x00000000e7880000)
  to   space 15872K, 0% used [0x00000000ee200000,0x00000000ee200000,0x00000000ef180000)
 ParOldGen       total 101888K, used 23209K [0x0000000080000000, 0x0000000086380000, 0x00000000d5580000)
  object space 101888K, 22% used [0x0000000080000000,0x00000000816aa578,0x0000000086380000)
 Metaspace       used 62036K, capacity 64900K, committed 65024K, reserved 1105920K
  class space    used 7414K, capacity 7905K, committed 7936K, reserved 1048576K
Event: 23.637 GC heap after
Heap after GC invocations=17 (full 3):
 PSYoungGen      total 394752K, used 14807K [0x00000000d5580000, 0x00000000ef080000, 0x0000000100000000)
  eden space 379904K, 0% used [0x00000000d5580000,0x00000000d5580000,0x00000000ec880000)
  from space 14848K, 99% used [0x00000000ee200000,0x00000000ef075ff0,0x00000000ef080000)
  to   space 17920K, 0% used [0x00000000ecd80000,0x00000000ecd80000,0x00000000edf00000)
 ParOldGen       total 101888K, used 23217K [0x0000000080000000, 0x0000000086380000, 0x00000000d5580000)
  object space 101888K, 22% used [0x0000000080000000,0x00000000816ac578,0x0000000086380000)
 Metaspace       used 62036K, capacity 64900K, committed 65024K, reserved 1105920K
  class space    used 7414K, capacity 7905K, committed 7936K, reserved 1048576K
}

