# JRE version: OpenJDK Runtime Environment (Zulu 8.64.0.19-CA-linux64) (8.0_345-b01) (build 1.8.0_345-b01)
# Java VM: OpenJDK 64-Bit Server VM (25.345-b01 mixed mode linux-amd64 compressed oops)
Heap:
 PSYoungGen      total 677888K, used 4976K [0x00000000d5580000, 0x00000000ffd80000, 0x0000000100000000)
  eden space 661504K, 0% used [0x00000000d5580000,0x00000000d59fc0f0,0x00000000fdb80000)
  from space 16384K, 2% used [0x00000000fed80000,0x00000000fede0020,0x00000000ffd80000)
  to   space 17408K, 0% used [0x00000000fdb80000,0x00000000fdb80000,0x00000000fec80000)
 ParOldGen       total 158720K, used 88639K [0x0000000080000000, 0x0000000089b00000, 0x00000000d5580000)
  object space 158720K, 55% used [0x0000000080000000,0x000000008568feb8,0x0000000089b00000)
 Metaspace       used 86605K, capacity 91082K, committed 91264K, reserved 1130496K
  class space    used 9916K, capacity 10622K, committed 10624K, reserved 1048576K
GC Heap History (10 events):
Event: 45.267 GC heap before
{Heap before GC invocations=43 (full 3):
 PSYoungGen      total 675328K, used 654240K [0x00000000d5580000, 0x00000000ffe80000, 0x0000000100000000)
  eden space 653312K, 100% used [0x00000000d5580000,0x00000000fd380000,0x00000000fd380000)
  from space 22016K, 4% used [0x00000000fd380000,0x00000000fd468010,0x00000000fe900000)
  to   space 21504K, 0% used [0x00000000fe980000,0x00000000fe980000,0x00000000ffe80000)
 ParOldGen       total 158720K, used 88419K [0x0000000080000000, 0x0000000089b00000, 0x00000000d5580000)
  object space 158720K, 55% used [0x0000000080000000,0x0000000085658e28,0x0000000089b00000)
 Metaspace       used 86513K, capacity 90908K, committed 91008K, reserved 1130496K
  class space    used 9906K, capacity 10611K, committed 10624K, reserved 1048576K
Event: 45.270 GC heap after
Heap after GC invocations=43 (full 3):
 PSYoungGen      total 675840K, used 768K [0x00000000d5580000, 0x00000000ffd80000, 0x0000000100000000)
  eden space 655360K, 0% used [0x00000000d5580000,0x00000000d5580000,0x00000000fd580000)
  from space 20480K, 3% used [0x00000000fe980000,0x00000000fea40010,0x00000000ffd80000)
  to   space 20480K, 0% used [0x00000000fd580000,0x00000000fd580000,0x00000000fe980000)
 ParOldGen       total 158720K, used 88567K [0x0000000080000000, 0x0000000089b00000, 0x00000000d5580000)
  object space 158720K, 55% used [0x0000000080000000,0x000000008567deb8,0x0000000089b00000)
 Metaspace       used 86513K, capacity 90908K, committed 91008K, reserved 1130496K
  class space    used 9906K, capacity 10611K, committed 10624K, reserved 1048576K
}
Event: 46.521 GC heap before
{Heap before GC invocations=44 (full 3):
 PSYoungGen      total 675840K, used 656128K [0x00000000d5580000, 0x00000000ffd80000, 0x0000000100000000)
  eden space 655360K, 100% used [0x00000000d5580000,0x00000000fd580000,0x00000000fd580000)
  from space 20480K, 3% used [0x00000000fe980000,0x00000000fea40010,0x00000000ffd80000)
  to   space 20480K, 0% used [0x00000000fd580000,0x00000000fd580000,0x00000000fe980000)
 ParOldGen       total 158720K, used 88567K [0x0000000080000000, 0x0000000089b00000, 0x00000000d5580000)
  object space 158720K, 55% used [0x0000000080000000,0x000000008567deb8,0x0000000089b00000)
 Metaspace       used 86532K, capacity 91006K, committed 91264K, reserved 1130496K
  class space    used 9910K, capacity 10618K, committed 10624K, reserved 1048576K
Event: 46.524 GC heap after
Heap after GC invocations=44 (full 3):
 PSYoungGen      total 675840K, used 800K [0x00000000d5580000, 0x00000000fff00000, 0x0000000100000000)
  eden space 655360K, 0% used [0x00000000d5580000,0x00000000d5580000,0x00000000fd580000)
  from space 20480K, 3% used [0x00000000fd580000,0x00000000fd648010,0x00000000fe980000)
  to   space 19968K, 0% used [0x00000000feb80000,0x00000000feb80000,0x00000000fff00000)
 ParOldGen       total 158720K, used 88591K [0x0000000080000000, 0x0000000089b00000, 0x00000000d5580000)
  object space 158720K, 55% used [0x0000000080000000,0x0000000085683eb8,0x0000000089b00000)
 Metaspace       used 86532K, capacity 91006K, committed 91264K, reserved 1130496K
  class space    used 9910K, capacity 10618K, committed 10624K, reserved 1048576K
}
Event: 48.875 GC heap before
{Heap before GC invocations=45 (full 3):
 PSYoungGen      total 675840K, used 656160K [0x00000000d5580000, 0x00000000fff00000, 0x0000000100000000)
  eden space 655360K, 100% used [0x00000000d5580000,0x00000000fd580000,0x00000000fd580000)
  from space 20480K, 3% used [0x00000000fd580000,0x00000000fd648010,0x00000000fe980000)
  to   space 19968K, 0% used [0x00000000feb80000,0x00000000feb80000,0x00000000fff00000)
 ParOldGen       total 158720K, used 88591K [0x0000000080000000, 0x0000000089b00000, 0x00000000d5580000)
  object space 158720K, 55% used [0x0000000080000000,0x0000000085683eb8,0x0000000089b00000)
 Metaspace       used 86541K, capacity 91010K, committed 91264K, reserved 1130496K
  class space    used 9910K, capacity 10618K, committed 10624K, reserved 1048576K
Event: 48.878 GC heap after
Heap after GC invocations=45 (full 3):
 PSYoungGen      total 676864K, used 800K [0x00000000d5580000, 0x00000000ffd80000, 0x0000000100000000)
  eden space 658432K, 0% used [0x00000000d5580000,0x00000000d5580000,0x00000000fd880000)
  from space 18432K, 4% used [0x00000000feb80000,0x00000000fec48020,0x00000000ffd80000)
  to   space 18944K, 0% used [0x00000000fd880000,0x00000000fd880000,0x00000000feb00000)
 ParOldGen       total 158720K, used 88607K [0x0000000080000000, 0x0000000089b00000, 0x00000000d5580000)
  object space 158720K, 55% used [0x0000000080000000,0x0000000085687eb8,0x0000000089b00000)
 Metaspace       used 86541K, capacity 91010K, committed 91264K, reserved 1130496K
  class space    used 9910K, capacity 10618K, committed 10624K, reserved 1048576K
}
Event: 51.252 GC heap before
{Heap before GC invocations=46 (full 3):
 PSYoungGen      total 676864K, used 659232K [0x00000000d5580000, 0x00000000ffd80000, 0x0000000100000000)
  eden space 658432K, 100% used [0x00000000d5580000,0x00000000fd880000,0x00000000fd880000)
  from space 18432K, 4% used [0x00000000feb80000,0x00000000fec48020,0x00000000ffd80000)
  to   space 18944K, 0% used [0x00000000fd880000,0x00000000fd880000,0x00000000feb00000)
 ParOldGen       total 158720K, used 88607K [0x0000000080000000, 0x0000000089b00000, 0x00000000d5580000)
  object space 158720K, 55% used [0x0000000080000000,0x0000000085687eb8,0x0000000089b00000)
 Metaspace       used 86545K, capacity 91010K, committed 91264K, reserved 1130496K
  class space    used 9910K, capacity 10618K, committed 10624K, reserved 1048576K
Event: 51.255 GC heap after
Heap after GC invocations=46 (full 3):
 PSYoungGen      total 677376K, used 480K [0x00000000d5580000, 0x00000000fff80000, 0x0000000100000000)
  eden space 658432K, 0% used [0x00000000d5580000,0x00000000d5580000,0x00000000fd880000)
  from space 18944K, 2% used [0x00000000fd880000,0x00000000fd8f8010,0x00000000feb00000)
  to   space 18432K, 0% used [0x00000000fed80000,0x00000000fed80000,0x00000000fff80000)
 ParOldGen       total 158720K, used 88623K [0x0000000080000000, 0x0000000089b00000, 0x00000000d5580000)
  object space 158720K, 55% used [0x0000000080000000,0x000000008568beb8,0x0000000089b00000)
 Metaspace       used 86545K, capacity 91010K, committed 91264K, reserved 1130496K
  class space    used 9910K, capacity 10618K, committed 10624K, reserved 1048576K
}
Event: 53.531 GC heap before
{Heap before GC invocations=47 (full 3):
 PSYoungGen      total 677376K, used 658912K [0x00000000d5580000, 0x00000000fff80000, 0x0000000100000000)
  eden space 658432K, 100% used [0x00000000d5580000,0x00000000fd880000,0x00000000fd880000)
  from space 18944K, 2% used [0x00000000fd880000,0x00000000fd8f8010,0x00000000feb00000)
  to   space 18432K, 0% used [0x00000000fed80000,0x00000000fed80000,0x00000000fff80000)
 ParOldGen       total 158720K, used 88623K [0x0000000080000000, 0x0000000089b00000, 0x00000000d5580000)
  object space 158720K, 55% used [0x0000000080000000,0x000000008568beb8,0x0000000089b00000)
 Metaspace       used 86605K, capacity 91082K, committed 91264K, reserved 1130496K
  class space    used 9916K, capacity 10622K, committed 10624K, reserved 1048576K
Event: 53.535 GC heap after
Heap after GC invocations=47 (full 3):
 PSYoungGen      total 677888K, used 384K [0x00000000d5580000, 0x00000000ffd80000, 0x0000000100000000)
  eden space 661504K, 0% used [0x00000000d5580000,0x00000000d5580000,0x00000000fdb80000)
  from space 16384K, 2% used [0x00000000fed80000,0x00000000fede0020,0x00000000ffd80000)
  to   space 17408K, 0% used [0x00000000fdb80000,0x00000000fdb80000,0x00000000fec80000)
 ParOldGen       total 158720K, used 88639K [0x0000000080000000, 0x0000000089b00000, 0x00000000d5580000)
  object space 158720K, 55% used [0x0000000080000000,0x000000008568feb8,0x0000000089b00000)
 Metaspace       used 86605K, capacity 91082K, committed 91264K, reserved 1130496K
  class space    used 9916K, capacity 10622K, committed 10624K, reserved 1048576K
}

