# JRE version: OpenJDK Runtime Environment (8.0_292-b10) (build 1.8.0_292-b10)
# Java VM: OpenJDK 64-Bit Server VM (25.292-b10 mixed mode linux-amd64 compressed oops)
Heap:
 PSYoungGen      total 413696K, used 381014K [0x00000000d5580000, 0x00000000eff80000, 0x0000000100000000)
  eden space 400384K, 95% used [0x00000000d5580000,0x00000000ec995bd0,0x00000000edc80000)
  from space 13312K, 0% used [0x00000000ef280000,0x00000000ef280000,0x00000000eff80000)
  to   space 17920K, 0% used [0x00000000edc80000,0x00000000edc80000,0x00000000eee00000)
 ParOldGen       total 80896K, used 27289K [0x0000000080000000, 0x0000000084f00000, 0x00000000d5580000)
  object space 80896K, 33% used [0x0000000080000000,0x0000000081aa6420,0x0000000084f00000)
 Metaspace       used 68676K, capacity 72098K, committed 72320K, reserved 1112064K
  class space    used 8207K, capacity 8784K, committed 8832K, reserved 1048576K
GC Heap History (10 events):
Event: 8.870 GC heap before
{Heap before GC invocations=11 (full 2):
 PSYoungGen      total 226816K, used 9874K [0x00000000d5580000, 0x00000000e8480000, 0x0000000100000000)
  eden space 216064K, 0% used [0x00000000d5580000,0x00000000d5580000,0x00000000e2880000)
  from space 10752K, 91% used [0x00000000e2880000,0x00000000e3224960,0x00000000e3300000)
  to   space 12288K, 0% used [0x00000000e7880000,0x00000000e7880000,0x00000000e8480000)
 ParOldGen       total 40960K, used 6183K [0x0000000080000000, 0x0000000082800000, 0x00000000d5580000)
  object space 40960K, 15% used [0x0000000080000000,0x0000000080609e48,0x0000000082800000)
 Metaspace       used 33266K, capacity 35274K, committed 35496K, reserved 1081344K
  class space    used 4189K, capacity 4544K, committed 4608K, reserved 1048576K
Event: 8.943 GC heap after
Heap after GC invocations=11 (full 2):
 PSYoungGen      total 226816K, used 0K [0x00000000d5580000, 0x00000000e8480000, 0x0000000100000000)
  eden space 216064K, 0% used [0x00000000d5580000,0x00000000d5580000,0x00000000e2880000)
  from space 10752K, 0% used [0x00000000e2880000,0x00000000e2880000,0x00000000e3300000)
  to   space 12288K, 0% used [0x00000000e7880000,0x00000000e7880000,0x00000000e8480000)
 ParOldGen       total 57856K, used 14577K [0x0000000080000000, 0x0000000083880000, 0x00000000d5580000)
  object space 57856K, 25% used [0x0000000080000000,0x0000000080e3c750,0x0000000083880000)
 Metaspace       used 33266K, capacity 35274K, committed 35496K, reserved 1081344K
  class space    used 4189K, capacity 4544K, committed 4608K, reserved 1048576K
}
Event: 9.729 GC heap before
{Heap before GC invocations=12 (full 2):
 PSYoungGen      total 226816K, used 216064K [0x00000000d5580000, 0x00000000e8480000, 0x0000000100000000)
  eden space 216064K, 100% used [0x00000000d5580000,0x00000000e2880000,0x00000000e2880000)
  from space 10752K, 0% used [0x00000000e2880000,0x00000000e2880000,0x00000000e3300000)
  to   space 12288K, 0% used [0x00000000e7880000,0x00000000e7880000,0x00000000e8480000)
 ParOldGen       total 57856K, used 14577K [0x0000000080000000, 0x0000000083880000, 0x00000000d5580000)
  object space 57856K, 25% used [0x0000000080000000,0x0000000080e3c750,0x0000000083880000)
 Metaspace       used 41641K, capacity 43832K, committed 44032K, reserved 1087488K
  class space    used 5186K, capacity 5583K, committed 5632K, reserved 1048576K
Event: 9.739 GC heap after
Heap after GC invocations=12 (full 2):
 PSYoungGen      total 296960K, used 10830K [0x00000000d5580000, 0x00000000ea300000, 0x0000000100000000)
  eden space 284672K, 0% used [0x00000000d5580000,0x00000000d5580000,0x00000000e6b80000)
  from space 12288K, 88% used [0x00000000e7880000,0x00000000e8313a40,0x00000000e8480000)
  to   space 13312K, 0% used [0x00000000e6b80000,0x00000000e6b80000,0x00000000e7880000)
 ParOldGen       total 57856K, used 14585K [0x0000000080000000, 0x0000000083880000, 0x00000000d5580000)
  object space 57856K, 25% used [0x0000000080000000,0x0000000080e3e750,0x0000000083880000)
 Metaspace       used 41641K, capacity 43832K, committed 44032K, reserved 1087488K
  class space    used 5186K, capacity 5583K, committed 5632K, reserved 1048576K
}
Event: 14.670 GC heap before
{Heap before GC invocations=13 (full 2):
 PSYoungGen      total 296960K, used 295502K [0x00000000d5580000, 0x00000000ea300000, 0x0000000100000000)
  eden space 284672K, 100% used [0x00000000d5580000,0x00000000e6b80000,0x00000000e6b80000)
  from space 12288K, 88% used [0x00000000e7880000,0x00000000e8313a40,0x00000000e8480000)
  to   space 13312K, 0% used [0x00000000e6b80000,0x00000000e6b80000,0x00000000e7880000)
 ParOldGen       total 57856K, used 14585K [0x0000000080000000, 0x0000000083880000, 0x00000000d5580000)
  object space 57856K, 25% used [0x0000000080000000,0x0000000080e3e750,0x0000000083880000)
 Metaspace       used 51647K, capacity 53964K, committed 54400K, reserved 1097728K
  class space    used 6327K, capacity 6727K, committed 6784K, reserved 1048576K
Event: 14.685 GC heap after
Heap after GC invocations=13 (full 2):
 PSYoungGen      total 297984K, used 13292K [0x00000000d5580000, 0x00000000f0380000, 0x0000000100000000)
  eden space 284672K, 0% used [0x00000000d5580000,0x00000000d5580000,0x00000000e6b80000)
  from space 13312K, 99% used [0x00000000e6b80000,0x00000000e787b378,0x00000000e7880000)
  to   space 17408K, 0% used [0x00000000ef280000,0x00000000ef280000,0x00000000f0380000)
 ParOldGen       total 57856K, used 20073K [0x0000000080000000, 0x0000000083880000, 0x00000000d5580000)
  object space 57856K, 34% used [0x0000000080000000,0x000000008139a7a8,0x0000000083880000)
 Metaspace       used 51647K, capacity 53964K, committed 54400K, reserved 1097728K
  class space    used 6327K, capacity 6727K, committed 6784K, reserved 1048576K
}
Event: 15.548 GC heap before
{Heap before GC invocations=14 (full 2):
 PSYoungGen      total 297984K, used 227949K [0x00000000d5580000, 0x00000000f0380000, 0x0000000100000000)
  eden space 284672K, 75% used [0x00000000d5580000,0x00000000e27203b8,0x00000000e6b80000)
  from space 13312K, 99% used [0x00000000e6b80000,0x00000000e787b378,0x00000000e7880000)
  to   space 17408K, 0% used [0x00000000ef280000,0x00000000ef280000,0x00000000f0380000)
 ParOldGen       total 57856K, used 20073K [0x0000000080000000, 0x0000000083880000, 0x00000000d5580000)
  object space 57856K, 34% used [0x0000000080000000,0x000000008139a7a8,0x0000000083880000)
 Metaspace       used 56482K, capacity 58886K, committed 59160K, reserved 1101824K
  class space    used 6779K, capacity 7188K, committed 7296K, reserved 1048576K
Event: 15.561 GC heap after
Heap after GC invocations=14 (full 2):
 PSYoungGen      total 413696K, used 11046K [0x00000000d5580000, 0x00000000eff80000, 0x0000000100000000)
  eden space 400384K, 0% used [0x00000000d5580000,0x00000000d5580000,0x00000000edc80000)
  from space 13312K, 82% used [0x00000000ef280000,0x00000000efd49b98,0x00000000eff80000)
  to   space 17920K, 0% used [0x00000000edc80000,0x00000000edc80000,0x00000000eee00000)
 ParOldGen       total 57856K, used 22824K [0x0000000080000000, 0x0000000083880000, 0x00000000d5580000)
  object space 57856K, 39% used [0x0000000080000000,0x000000008164a130,0x0000000083880000)
 Metaspace       used 56482K, capacity 58886K, committed 59160K, reserved 1101824K
  class space    used 6779K, capacity 7188K, committed 7296K, reserved 1048576K
}
Event: 15.561 GC heap before
{Heap before GC invocations=15 (full 3):
 PSYoungGen      total 413696K, used 11046K [0x00000000d5580000, 0x00000000eff80000, 0x0000000100000000)
  eden space 400384K, 0% used [0x00000000d5580000,0x00000000d5580000,0x00000000edc80000)
  from space 13312K, 82% used [0x00000000ef280000,0x00000000efd49b98,0x00000000eff80000)
  to   space 17920K, 0% used [0x00000000edc80000,0x00000000edc80000,0x00000000eee00000)
 ParOldGen       total 57856K, used 22824K [0x0000000080000000, 0x0000000083880000, 0x00000000d5580000)
  object space 57856K, 39% used [0x0000000080000000,0x000000008164a130,0x0000000083880000)
 Metaspace       used 56482K, capacity 58886K, committed 59160K, reserved 1101824K
  class space    used 6779K, capacity 7188K, committed 7296K, reserved 1048576K
Event: 15.668 GC heap after
Heap after GC invocations=15 (full 3):
 PSYoungGen      total 413696K, used 0K [0x00000000d5580000, 0x00000000eff80000, 0x0000000100000000)
  eden space 400384K, 0% used [0x00000000d5580000,0x00000000d5580000,0x00000000edc80000)
  from space 13312K, 0% used [0x00000000ef280000,0x00000000ef280000,0x00000000eff80000)
  to   space 17920K, 0% used [0x00000000edc80000,0x00000000edc80000,0x00000000eee00000)
 ParOldGen       total 80896K, used 27289K [0x0000000080000000, 0x0000000084f00000, 0x00000000d5580000)
  object space 80896K, 33% used [0x0000000080000000,0x0000000081aa6420,0x0000000084f00000)
 Metaspace       used 56482K, capacity 58886K, committed 59160K, reserved 1101824K
  class space    used 6779K, capacity 7188K, committed 7296K, reserved 1048576K
}

