# JRE version: OpenJDK Runtime Environment (8.0_322-b06) (build 1.8.0_322-b06)
# Java VM: OpenJDK 64-Bit Server VM (25.322-b06 mixed mode linux-amd64 compressed oops)
Heap:
 PSYoungGen      total 320512K, used 280908K [0x00000000d5580000, 0x00000000ef280000, 0x0000000100000000)
  eden space 305664K, 87% used [0x00000000d5580000,0x00000000e595aa78,0x00000000e8000000)
  from space 14848K, 99% used [0x00000000e8000000,0x00000000e8e78880,0x00000000e8e80000)
  to   space 18432K, 0% used [0x00000000ee080000,0x00000000ee080000,0x00000000ef280000)
 ParOldGen       total 99328K, used 28318K [0x0000000080000000, 0x0000000086100000, 0x00000000d5580000)
  object space 99328K, 28% used [0x0000000080000000,0x0000000081ba7af0,0x0000000086100000)
 Metaspace       used 69436K, capacity 72878K, committed 73216K, reserved 1114112K
  class space    used 8306K, capacity 8866K, committed 8960K, reserved 1048576K
GC Heap History (10 events):
Event: 10.895 GC heap before
{Heap before GC invocations=12 (full 2):
 PSYoungGen      total 228352K, used 221184K [0x00000000d5580000, 0x00000000e4d80000, 0x0000000100000000)
  eden space 221184K, 100% used [0x00000000d5580000,0x00000000e2d80000,0x00000000e2d80000)
  from space 7168K, 0% used [0x00000000e2d80000,0x00000000e2d80000,0x00000000e3480000)
  to   space 10752K, 0% used [0x00000000e4300000,0x00000000e4300000,0x00000000e4d80000)
 ParOldGen       total 76800K, used 18708K [0x0000000080000000, 0x0000000084b00000, 0x00000000d5580000)
  object space 76800K, 24% used [0x0000000080000000,0x0000000081245318,0x0000000084b00000)
 Metaspace       used 42254K, capacity 44442K, committed 44800K, reserved 1089536K
  class space    used 5274K, capacity 5632K, committed 5632K, reserved 1048576K
Event: 10.907 GC heap after
Heap after GC invocations=12 (full 2):
 PSYoungGen      total 241664K, used 10748K [0x00000000d5580000, 0x00000000e9180000, 0x0000000100000000)
  eden space 230912K, 0% used [0x00000000d5580000,0x00000000d5580000,0x00000000e3700000)
  from space 10752K, 99% used [0x00000000e4300000,0x00000000e4d7f100,0x00000000e4d80000)
  to   space 12288K, 0% used [0x00000000e3700000,0x00000000e3700000,0x00000000e4300000)
 ParOldGen       total 76800K, used 19427K [0x0000000080000000, 0x0000000084b00000, 0x00000000d5580000)
  object space 76800K, 25% used [0x0000000080000000,0x00000000812f8f20,0x0000000084b00000)
 Metaspace       used 42254K, capacity 44442K, committed 44800K, reserved 1089536K
  class space    used 5274K, capacity 5632K, committed 5632K, reserved 1048576K
}
Event: 11.767 GC heap before
{Heap before GC invocations=13 (full 2):
 PSYoungGen      total 241664K, used 241660K [0x00000000d5580000, 0x00000000e9180000, 0x0000000100000000)
  eden space 230912K, 100% used [0x00000000d5580000,0x00000000e3700000,0x00000000e3700000)
  from space 10752K, 99% used [0x00000000e4300000,0x00000000e4d7f100,0x00000000e4d80000)
  to   space 12288K, 0% used [0x00000000e3700000,0x00000000e3700000,0x00000000e4300000)
 ParOldGen       total 76800K, used 19427K [0x0000000080000000, 0x0000000084b00000, 0x00000000d5580000)
  object space 76800K, 25% used [0x0000000080000000,0x00000000812f8f20,0x0000000084b00000)
 Metaspace       used 49507K, capacity 51830K, committed 52224K, reserved 1095680K
  class space    used 6147K, capacity 6544K, committed 6656K, reserved 1048576K
Event: 11.782 GC heap after
Heap after GC invocations=13 (full 2):
 PSYoungGen      total 243200K, used 12256K [0x00000000d5580000, 0x00000000ea380000, 0x0000000100000000)
  eden space 230912K, 0% used [0x00000000d5580000,0x00000000d5580000,0x00000000e3700000)
  from space 12288K, 99% used [0x00000000e3700000,0x00000000e42f8048,0x00000000e4300000)
  to   space 15360K, 0% used [0x00000000e9480000,0x00000000e9480000,0x00000000ea380000)
 ParOldGen       total 76800K, used 23080K [0x0000000080000000, 0x0000000084b00000, 0x00000000d5580000)
  object space 76800K, 30% used [0x0000000080000000,0x000000008168a100,0x0000000084b00000)
 Metaspace       used 49507K, capacity 51830K, committed 52224K, reserved 1095680K
  class space    used 6147K, capacity 6544K, committed 6656K, reserved 1048576K
}
Event: 16.703 GC heap before
{Heap before GC invocations=14 (full 2):
 PSYoungGen      total 243200K, used 217775K [0x00000000d5580000, 0x00000000ea380000, 0x0000000100000000)
  eden space 230912K, 89% used [0x00000000d5580000,0x00000000e1e33f18,0x00000000e3700000)
  from space 12288K, 99% used [0x00000000e3700000,0x00000000e42f8048,0x00000000e4300000)
  to   space 15360K, 0% used [0x00000000e9480000,0x00000000e9480000,0x00000000ea380000)
 ParOldGen       total 76800K, used 23080K [0x0000000080000000, 0x0000000084b00000, 0x00000000d5580000)
  object space 76800K, 30% used [0x0000000080000000,0x000000008168a100,0x0000000084b00000)
 Metaspace       used 56272K, capacity 58662K, committed 59136K, reserved 1101824K
  class space    used 6770K, capacity 7162K, committed 7168K, reserved 1048576K
Event: 16.715 GC heap after
Heap after GC invocations=14 (full 2):
 PSYoungGen      total 311808K, used 8583K [0x00000000d5580000, 0x00000000e9d00000, 0x0000000100000000)
  eden space 303104K, 0% used [0x00000000d5580000,0x00000000d5580000,0x00000000e7d80000)
  from space 8704K, 98% used [0x00000000e9480000,0x00000000e9ce1c18,0x00000000e9d00000)
  to   space 14848K, 0% used [0x00000000e8000000,0x00000000e8000000,0x00000000e8e80000)
 ParOldGen       total 76800K, used 25135K [0x0000000080000000, 0x0000000084b00000, 0x00000000d5580000)
  object space 76800K, 32% used [0x0000000080000000,0x000000008188be80,0x0000000084b00000)
 Metaspace       used 56272K, capacity 58662K, committed 59136K, reserved 1101824K
  class space    used 6770K, capacity 7162K, committed 7168K, reserved 1048576K
}
Event: 16.715 GC heap before
{Heap before GC invocations=15 (full 3):
 PSYoungGen      total 311808K, used 8583K [0x00000000d5580000, 0x00000000e9d00000, 0x0000000100000000)
  eden space 303104K, 0% used [0x00000000d5580000,0x00000000d5580000,0x00000000e7d80000)
  from space 8704K, 98% used [0x00000000e9480000,0x00000000e9ce1c18,0x00000000e9d00000)
  to   space 14848K, 0% used [0x00000000e8000000,0x00000000e8000000,0x00000000e8e80000)
 ParOldGen       total 76800K, used 25135K [0x0000000080000000, 0x0000000084b00000, 0x00000000d5580000)
  object space 76800K, 32% used [0x0000000080000000,0x000000008188be80,0x0000000084b00000)
 Metaspace       used 56272K, capacity 58662K, committed 59136K, reserved 1101824K
  class space    used 6770K, capacity 7162K, committed 7168K, reserved 1048576K
Event: 16.828 GC heap after
Heap after GC invocations=15 (full 3):
 PSYoungGen      total 311808K, used 0K [0x00000000d5580000, 0x00000000e9d00000, 0x0000000100000000)
  eden space 303104K, 0% used [0x00000000d5580000,0x00000000d5580000,0x00000000e7d80000)
  from space 8704K, 0% used [0x00000000e9480000,0x00000000e9480000,0x00000000e9d00000)
  to   space 14848K, 0% used [0x00000000e8000000,0x00000000e8000000,0x00000000e8e80000)
 ParOldGen       total 99328K, used 24442K [0x0000000080000000, 0x0000000086100000, 0x00000000d5580000)
  object space 99328K, 24% used [0x0000000080000000,0x00000000817de908,0x0000000086100000)
 Metaspace       used 56272K, capacity 58662K, committed 59136K, reserved 1101824K
  class space    used 6770K, capacity 7162K, committed 7168K, reserved 1048576K
}
Event: 21.543 GC heap before
{Heap before GC invocations=16 (full 3):
 PSYoungGen      total 311808K, used 303104K [0x00000000d5580000, 0x00000000e9d00000, 0x0000000100000000)
  eden space 303104K, 100% used [0x00000000d5580000,0x00000000e7d80000,0x00000000e7d80000)
  from space 8704K, 0% used [0x00000000e9480000,0x00000000e9480000,0x00000000e9d00000)
  to   space 14848K, 0% used [0x00000000e8000000,0x00000000e8000000,0x00000000e8e80000)
 ParOldGen       total 99328K, used 24442K [0x0000000080000000, 0x0000000086100000, 0x00000000d5580000)
  object space 99328K, 24% used [0x0000000080000000,0x00000000817de908,0x0000000086100000)
 Metaspace       used 61917K, capacity 64698K, committed 65024K, reserved 1105920K
  class space    used 7381K, capacity 7846K, committed 7936K, reserved 1048576K
Event: 21.567 GC heap after
Heap after GC invocations=16 (full 3):
 PSYoungGen      total 320512K, used 14818K [0x00000000d5580000, 0x00000000ef280000, 0x0000000100000000)
  eden space 305664K, 0% used [0x00000000d5580000,0x00000000d5580000,0x00000000e8000000)
  from space 14848K, 99% used [0x00000000e8000000,0x00000000e8e78880,0x00000000e8e80000)
  to   space 18432K, 0% used [0x00000000ee080000,0x00000000ee080000,0x00000000ef280000)
 ParOldGen       total 99328K, used 28318K [0x0000000080000000, 0x0000000086100000, 0x00000000d5580000)
  object space 99328K, 28% used [0x0000000080000000,0x0000000081ba7af0,0x0000000086100000)
 Metaspace       used 61917K, capacity 64698K, committed 65024K, reserved 1105920K
  class space    used 7381K, capacity 7846K, committed 7936K, reserved 1048576K
}

