# JRE version: OpenJDK Runtime Environment (8.0_232-b09) (build 1.8.0_232-b09)
# Java VM: OpenJDK 64-Bit Server VM (25.232-b09 mixed mode linux-amd64 compressed oops)
Heap:
 PSYoungGen      total 545792K, used 435097K [0x00000000d5580000, 0x0000000100000000, 0x0000000100000000)
  eden space 437760K, 74% used [0x00000000d5580000,0x00000000e950de70,0x00000000f0100000)
  from space 108032K, 99% used [0x00000000f0100000,0x00000000f6a58920,0x00000000f6a80000)
  to   space 143872K, 0% used [0x00000000f7380000,0x00000000f7380000,0x0000000100000000)
 ParOldGen       total 167424K, used 65916K [0x0000000080000000, 0x000000008a380000, 0x00000000d5580000)
  object space 167424K, 39% used [0x0000000080000000,0x000000008405f220,0x000000008a380000)
 Metaspace       used 79431K, capacity 83494K, committed 83864K, reserved 1124352K
  class space    used 8091K, capacity 8744K, committed 8864K, reserved 1048576K
GC Heap History (58 events):
Event: 0.469 GC heap before
{Heap before GC invocations=1 (full 0):
 PSYoungGen      total 32768K, used 28160K [0x00000000d5580000, 0x00000000d7a00000, 0x0000000100000000)
  eden space 28160K, 100% used [0x00000000d5580000,0x00000000d7100000,0x00000000d7100000)
  from space 4608K, 0% used [0x00000000d7580000,0x00000000d7580000,0x00000000d7a00000)
  to   space 4608K, 0% used [0x00000000d7100000,0x00000000d7100000,0x00000000d7580000)
 ParOldGen       total 75264K, used 0K [0x0000000080000000, 0x0000000084980000, 0x00000000d5580000)
  object space 75264K, 0% used [0x0000000080000000,0x0000000080000000,0x0000000084980000)
 Metaspace       used 4185K, capacity 4856K, committed 5120K, reserved 1056768K
  class space    used 406K, capacity 424K, committed 512K, reserved 1048576K
Event: 0.472 GC heap after
Heap after GC invocations=1 (full 0):
 PSYoungGen      total 32768K, used 2229K [0x00000000d5580000, 0x00000000d7a00000, 0x0000000100000000)
  eden space 28160K, 0% used [0x00000000d5580000,0x00000000d5580000,0x00000000d7100000)
  from space 4608K, 48% used [0x00000000d7100000,0x00000000d732d7a0,0x00000000d7580000)
  to   space 4608K, 0% used [0x00000000d7580000,0x00000000d7580000,0x00000000d7a00000)
 ParOldGen       total 75264K, used 8K [0x0000000080000000, 0x0000000084980000, 0x00000000d5580000)
  object space 75264K, 0% used [0x0000000080000000,0x0000000080002000,0x0000000084980000)
 Metaspace       used 4185K, capacity 4856K, committed 5120K, reserved 1056768K
  class space    used 406K, capacity 424K, committed 512K, reserved 1048576K
}
Event: 0.765 GC heap before
{Heap before GC invocations=2 (full 0):
 PSYoungGen      total 32768K, used 30389K [0x00000000d5580000, 0x00000000d7a00000, 0x0000000100000000)
  eden space 28160K, 100% used [0x00000000d5580000,0x00000000d7100000,0x00000000d7100000)
  from space 4608K, 48% used [0x00000000d7100000,0x00000000d732d7a0,0x00000000d7580000)
  to   space 4608K, 0% used [0x00000000d7580000,0x00000000d7580000,0x00000000d7a00000)
 ParOldGen       total 75264K, used 8K [0x0000000080000000, 0x0000000084980000, 0x00000000d5580000)
  object space 75264K, 0% used [0x0000000080000000,0x0000000080002000,0x0000000084980000)
 Metaspace       used 7565K, capacity 7786K, committed 8064K, reserved 1056768K
  class space    used 775K, capacity 867K, committed 896K, reserved 1048576K
Event: 0.770 GC heap after
Heap after GC invocations=2 (full 0):
 PSYoungGen      total 32768K, used 2966K [0x00000000d5580000, 0x00000000d9580000, 0x0000000100000000)
  eden space 28160K, 0% used [0x00000000d5580000,0x00000000d5580000,0x00000000d7100000)
  from space 4608K, 64% used [0x00000000d7580000,0x00000000d7865a48,0x00000000d7a00000)
  to   space 4608K, 0% used [0x00000000d7100000,0x00000000d7100000,0x00000000d7580000)
 ParOldGen       total 75264K, used 16K [0x0000000080000000, 0x0000000084980000, 0x00000000d5580000)
  object space 75264K, 0% used [0x0000000080000000,0x0000000080004000,0x0000000084980000)
 Metaspace       used 7565K, capacity 7786K, committed 8064K, reserved 1056768K
  class space    used 775K, capacity 867K, committed 896K, reserved 1048576K
}
Event: 1.069 GC heap before
{Heap before GC invocations=3 (full 0):
 PSYoungGen      total 32768K, used 31126K [0x00000000d5580000, 0x00000000d9580000, 0x0000000100000000)
  eden space 28160K, 100% used [0x00000000d5580000,0x00000000d7100000,0x00000000d7100000)
  from space 4608K, 64% used [0x00000000d7580000,0x00000000d7865a48,0x00000000d7a00000)
  to   space 4608K, 0% used [0x00000000d7100000,0x00000000d7100000,0x00000000d7580000)
 ParOldGen       total 75264K, used 16K [0x0000000080000000, 0x0000000084980000, 0x00000000d5580000)
  object space 75264K, 0% used [0x0000000080000000,0x0000000080004000,0x0000000084980000)
 Metaspace       used 10402K, capacity 10538K, committed 10624K, reserved 1058816K
  class space    used 1064K, capacity 1123K, committed 1152K, reserved 1048576K
Event: 1.078 GC heap after
Heap after GC invocations=3 (full 0):
 PSYoungGen      total 32768K, used 4053K [0x00000000d5580000, 0x00000000d9580000, 0x0000000100000000)
  eden space 28160K, 0% used [0x00000000d5580000,0x00000000d5580000,0x00000000d7100000)
  from space 4608K, 87% used [0x00000000d7100000,0x00000000d74f5680,0x00000000d7580000)
  to   space 4608K, 0% used [0x00000000d9100000,0x00000000d9100000,0x00000000d9580000)
 ParOldGen       total 75264K, used 24K [0x0000000080000000, 0x0000000084980000, 0x00000000d5580000)
  object space 75264K, 0% used [0x0000000080000000,0x0000000080006000,0x0000000084980000)
 Metaspace       used 10402K, capacity 10538K, committed 10624K, reserved 1058816K
  class space    used 1064K, capacity 1123K, committed 1152K, reserved 1048576K
}
Event: 1.369 GC heap before
{Heap before GC invocations=4 (full 0):
 PSYoungGen      total 32768K, used 32213K [0x00000000d5580000, 0x00000000d9580000, 0x0000000100000000)
  eden space 28160K, 100% used [0x00000000d5580000,0x00000000d7100000,0x00000000d7100000)
  from space 4608K, 87% used [0x00000000d7100000,0x00000000d74f5680,0x00000000d7580000)
  to   space 4608K, 0% used [0x00000000d9100000,0x00000000d9100000,0x00000000d9580000)
 ParOldGen       total 75264K, used 24K [0x0000000080000000, 0x0000000084980000, 0x00000000d5580000)
  object space 75264K, 0% used [0x0000000080000000,0x0000000080006000,0x0000000084980000)
 Metaspace       used 13127K, capacity 13310K, committed 13568K, reserved 1060864K
  class space    used 1365K, capacity 1447K, committed 1536K, reserved 1048576K
Event: 1.380 GC heap after
Heap after GC invocations=4 (full 0):
 PSYoungGen      total 60928K, used 4582K [0x00000000d5580000, 0x00000000d9580000, 0x0000000100000000)
  eden space 56320K, 0% used [0x00000000d5580000,0x00000000d5580000,0x00000000d8c80000)
  from space 4608K, 99% used [0x00000000d9100000,0x00000000d9579b90,0x00000000d9580000)
  to   space 4608K, 0% used [0x00000000d8c80000,0x00000000d8c80000,0x00000000d9100000)
 ParOldGen       total 75264K, used 202K [0x0000000080000000, 0x0000000084980000, 0x00000000d5580000)
  object space 75264K, 0% used [0x0000000080000000,0x0000000080032a58,0x0000000084980000)
 Metaspace       used 13127K, capacity 13310K, committed 13568K, reserved 1060864K
  class space    used 1365K, capacity 1447K, committed 1536K, reserved 1048576K
}
Event: 2.075 GC heap before
{Heap before GC invocations=5 (full 0):
 PSYoungGen      total 60928K, used 60902K [0x00000000d5580000, 0x00000000d9580000, 0x0000000100000000)
  eden space 56320K, 100% used [0x00000000d5580000,0x00000000d8c80000,0x00000000d8c80000)
  from space 4608K, 99% used [0x00000000d9100000,0x00000000d9579b90,0x00000000d9580000)
  to   space 4608K, 0% used [0x00000000d8c80000,0x00000000d8c80000,0x00000000d9100000)
 ParOldGen       total 75264K, used 202K [0x0000000080000000, 0x0000000084980000, 0x00000000d5580000)
  object space 75264K, 0% used [0x0000000080000000,0x0000000080032a58,0x0000000084980000)
 Metaspace       used 18437K, capacity 18714K, committed 19072K, reserved 1067008K
  class space    used 1961K, capacity 2053K, committed 2176K, reserved 1048576K
Event: 2.091 GC heap after
Heap after GC invocations=5 (full 0):
 PSYoungGen      total 60928K, used 4587K [0x00000000d5580000, 0x00000000dd280000, 0x0000000100000000)
  eden space 56320K, 0% used [0x00000000d5580000,0x00000000d5580000,0x00000000d8c80000)
  from space 4608K, 99% used [0x00000000d8c80000,0x00000000d90faf50,0x00000000d9100000)
  to   space 7680K, 0% used [0x00000000dcb00000,0x00000000dcb00000,0x00000000dd280000)
 ParOldGen       total 75264K, used 2894K [0x0000000080000000, 0x0000000084980000, 0x00000000d5580000)
  object space 75264K, 3% used [0x0000000080000000,0x00000000802d3978,0x0000000084980000)
 Metaspace       used 18437K, capacity 18714K, committed 19072K, reserved 1067008K
  class space    used 1961K, capacity 2053K, committed 2176K, reserved 1048576K
}
Event: 2.404 GC heap before
{Heap before GC invocations=6 (full 0):
 PSYoungGen      total 60928K, used 52619K [0x00000000d5580000, 0x00000000dd280000, 0x0000000100000000)
  eden space 56320K, 85% used [0x00000000d5580000,0x00000000d8467ec0,0x00000000d8c80000)
  from space 4608K, 99% used [0x00000000d8c80000,0x00000000d90faf50,0x00000000d9100000)
  to   space 7680K, 0% used [0x00000000dcb00000,0x00000000dcb00000,0x00000000dd280000)
 ParOldGen       total 75264K, used 2894K [0x0000000080000000, 0x0000000084980000, 0x00000000d5580000)
  object space 75264K, 3% used [0x0000000080000000,0x00000000802d3978,0x0000000084980000)
 Metaspace       used 20837K, capacity 21092K, committed 21296K, reserved 1069056K
  class space    used 2249K, capacity 2328K, committed 2352K, reserved 1048576K
Event: 2.424 GC heap after
Heap after GC invocations=6 (full 0):
 PSYoungGen      total 119296K, used 6412K [0x00000000d5580000, 0x00000000dd480000, 0x0000000100000000)
  eden space 111616K, 0% used [0x00000000d5580000,0x00000000d5580000,0x00000000dc280000)
  from space 7680K, 83% used [0x00000000dcb00000,0x00000000dd143318,0x00000000dd280000)
  to   space 8704K, 0% used [0x00000000dc280000,0x00000000dc280000,0x00000000dcb00000)
 ParOldGen       total 75264K, used 2966K [0x0000000080000000, 0x0000000084980000, 0x00000000d5580000)
  object space 75264K, 3% used [0x0000000080000000,0x00000000802e5988,0x0000000084980000)
 Metaspace       used 20837K, capacity 21092K, committed 21296K, reserved 1069056K
  class space    used 2249K, capacity 2328K, committed 2352K, reserved 1048576K
}
Event: 2.424 GC heap before
{Heap before GC invocations=7 (full 1):
 PSYoungGen      total 119296K, used 6412K [0x00000000d5580000, 0x00000000dd480000, 0x0000000100000000)
  eden space 111616K, 0% used [0x00000000d5580000,0x00000000d5580000,0x00000000dc280000)
  from space 7680K, 83% used [0x00000000dcb00000,0x00000000dd143318,0x00000000dd280000)
  to   space 8704K, 0% used [0x00000000dc280000,0x00000000dc280000,0x00000000dcb00000)
 ParOldGen       total 75264K, used 2966K [0x0000000080000000, 0x0000000084980000, 0x00000000d5580000)
  object space 75264K, 3% used [0x0000000080000000,0x00000000802e5988,0x0000000084980000)
 Metaspace       used 20837K, capacity 21092K, committed 21296K, reserved 1069056K
  class space    used 2249K, capacity 2328K, committed 2352K, reserved 1048576K
Event: 2.470 GC heap after
Heap after GC invocations=7 (full 1):
 PSYoungGen      total 119296K, used 0K [0x00000000d5580000, 0x00000000dd480000, 0x0000000100000000)
  eden space 111616K, 0% used [0x00000000d5580000,0x00000000d5580000,0x00000000dc280000)
  from space 7680K, 0% used [0x00000000dcb00000,0x00000000dcb00000,0x00000000dd280000)
  to   space 8704K, 0% used [0x00000000dc280000,0x00000000dc280000,0x00000000dcb00000)
 ParOldGen       total 47616K, used 6869K [0x0000000080000000, 0x0000000082e80000, 0x00000000d5580000)
  object space 47616K, 14% used [0x0000000080000000,0x00000000806b56b0,0x0000000082e80000)
 Metaspace       used 20837K, capacity 21092K, committed 21296K, reserved 1069056K
  class space    used 2249K, capacity 2328K, committed 2352K, reserved 1048576K
}
Event: 3.167 GC heap before
{Heap before GC invocations=8 (full 1):
 PSYoungGen      total 119296K, used 111616K [0x00000000d5580000, 0x00000000dd480000, 0x0000000100000000)
  eden space 111616K, 100% used [0x00000000d5580000,0x00000000dc280000,0x00000000dc280000)
  from space 7680K, 0% used [0x00000000dcb00000,0x00000000dcb00000,0x00000000dd280000)
  to   space 8704K, 0% used [0x00000000dc280000,0x00000000dc280000,0x00000000dcb00000)
 ParOldGen       total 47616K, used 6869K [0x0000000080000000, 0x0000000082e80000, 0x00000000d5580000)
  object space 47616K, 14% used [0x0000000080000000,0x00000000806b56b0,0x0000000082e80000)
 Metaspace       used 26515K, capacity 26904K, committed 27184K, reserved 1073152K
  class space    used 2956K, capacity 3079K, committed 3120K, reserved 1048576K
Event: 3.173 GC heap after
Heap after GC invocations=8 (full 1):
 PSYoungGen      total 120320K, used 6442K [0x00000000d5580000, 0x00000000e1380000, 0x0000000100000000)
  eden space 111616K, 0% used [0x00000000d5580000,0x00000000d5580000,0x00000000dc280000)
  from space 8704K, 74% used [0x00000000dc280000,0x00000000dc8cabb0,0x00000000dcb00000)
  to   space 9216K, 0% used [0x00000000e0a80000,0x00000000e0a80000,0x00000000e1380000)
 ParOldGen       total 47616K, used 6869K [0x0000000080000000, 0x0000000082e80000, 0x00000000d5580000)
  object space 47616K, 14% used [0x0000000080000000,0x00000000806b56b0,0x0000000082e80000)
 Metaspace       used 26515K, capacity 26904K, committed 27184K, reserved 1073152K
  class space    used 2956K, capacity 3079K, committed 3120K, reserved 1048576K
}
Event: 3.696 GC heap before
{Heap before GC invocations=9 (full 1):
 PSYoungGen      total 120320K, used 118058K [0x00000000d5580000, 0x00000000e1380000, 0x0000000100000000)
  eden space 111616K, 100% used [0x00000000d5580000,0x00000000dc280000,0x00000000dc280000)
  from space 8704K, 74% used [0x00000000dc280000,0x00000000dc8cabb0,0x00000000dcb00000)
  to   space 9216K, 0% used [0x00000000e0a80000,0x00000000e0a80000,0x00000000e1380000)
 ParOldGen       total 47616K, used 6869K [0x0000000080000000, 0x0000000082e80000, 0x00000000d5580000)
  object space 47616K, 14% used [0x0000000080000000,0x00000000806b56b0,0x0000000082e80000)
 Metaspace       used 31078K, capacity 31564K, committed 31920K, reserved 1077248K
  class space    used 3505K, capacity 3661K, committed 3760K, reserved 1048576K
Event: 3.704 GC heap after
Heap after GC invocations=9 (full 1):
 PSYoungGen      total 181248K, used 7416K [0x00000000d5580000, 0x00000000e1200000, 0x0000000100000000)
  eden space 173568K, 0% used [0x00000000d5580000,0x00000000d5580000,0x00000000dff00000)
  from space 7680K, 96% used [0x00000000e0a80000,0x00000000e11be1d0,0x00000000e1200000)
  to   space 9728K, 0% used [0x00000000dff00000,0x00000000dff00000,0x00000000e0880000)
 ParOldGen       total 47616K, used 6877K [0x0000000080000000, 0x0000000082e80000, 0x00000000d5580000)
  object space 47616K, 14% used [0x0000000080000000,0x00000000806b76b0,0x0000000082e80000)
 Metaspace       used 31078K, capacity 31564K, committed 31920K, reserved 1077248K
  class space    used 3505K, capacity 3661K, committed 3760K, reserved 1048576K
}
Event: 4.114 GC heap before
{Heap before GC invocations=10 (full 1):
 PSYoungGen      total 181248K, used 102116K [0x00000000d5580000, 0x00000000e1200000, 0x0000000100000000)
  eden space 173568K, 54% used [0x00000000d5580000,0x00000000db1faee8,0x00000000dff00000)
  from space 7680K, 96% used [0x00000000e0a80000,0x00000000e11be1d0,0x00000000e1200000)
  to   space 9728K, 0% used [0x00000000dff00000,0x00000000dff00000,0x00000000e0880000)
 ParOldGen       total 47616K, used 6877K [0x0000000080000000, 0x0000000082e80000, 0x00000000d5580000)
  object space 47616K, 14% used [0x0000000080000000,0x00000000806b76b0,0x0000000082e80000)
 Metaspace       used 34734K, capacity 35182K, committed 35496K, reserved 1081344K
  class space    used 3875K, capacity 3988K, committed 4016K, reserved 1048576K
Event: 4.126 GC heap after
Heap after GC invocations=10 (full 1):
 PSYoungGen      total 183296K, used 6819K [0x00000000d5580000, 0x00000000e4c00000, 0x0000000100000000)
  eden space 173568K, 0% used [0x00000000d5580000,0x00000000d5580000,0x00000000dff00000)
  from space 9728K, 70% used [0x00000000dff00000,0x00000000e05a8fb0,0x00000000e0880000)
  to   space 9728K, 0% used [0x00000000e4280000,0x00000000e4280000,0x00000000e4c00000)
 ParOldGen       total 47616K, used 6885K [0x0000000080000000, 0x0000000082e80000, 0x00000000d5580000)
  object space 47616K, 14% used [0x0000000080000000,0x00000000806b96b0,0x0000000082e80000)
 Metaspace       used 34734K, capacity 35182K, committed 35496K, reserved 1081344K
  class space    used 3875K, capacity 3988K, committed 4016K, reserved 1048576K
}
Event: 4.126 GC heap before
{Heap before GC invocations=11 (full 2):
 PSYoungGen      total 183296K, used 6819K [0x00000000d5580000, 0x00000000e4c00000, 0x0000000100000000)
  eden space 173568K, 0% used [0x00000000d5580000,0x00000000d5580000,0x00000000dff00000)
  from space 9728K, 70% used [0x00000000dff00000,0x00000000e05a8fb0,0x00000000e0880000)
  to   space 9728K, 0% used [0x00000000e4280000,0x00000000e4280000,0x00000000e4c00000)
 ParOldGen       total 47616K, used 6885K [0x0000000080000000, 0x0000000082e80000, 0x00000000d5580000)
  object space 47616K, 14% used [0x0000000080000000,0x00000000806b96b0,0x0000000082e80000)
 Metaspace       used 34734K, capacity 35182K, committed 35496K, reserved 1081344K
  class space    used 3875K, capacity 3988K, committed 4016K, reserved 1048576K
Event: 4.171 GC heap after
Heap after GC invocations=11 (full 2):
 PSYoungGen      total 183296K, used 0K [0x00000000d5580000, 0x00000000e4c00000, 0x0000000100000000)
  eden space 173568K, 0% used [0x00000000d5580000,0x00000000d5580000,0x00000000dff00000)
  from space 9728K, 0% used [0x00000000dff00000,0x00000000dff00000,0x00000000e0880000)
  to   space 9728K, 0% used [0x00000000e4280000,0x00000000e4280000,0x00000000e4c00000)
 ParOldGen       total 71680K, used 11945K [0x0000000080000000, 0x0000000084600000, 0x00000000d5580000)
  object space 71680K, 16% used [0x0000000080000000,0x0000000080baa7b0,0x0000000084600000)
 Metaspace       used 34734K, capacity 35182K, committed 35496K, reserved 1081344K
  class space    used 3875K, capacity 3988K, committed 4016K, reserved 1048576K
}
Event: 5.455 GC heap before
{Heap before GC invocations=12 (full 2):
 PSYoungGen      total 183296K, used 173568K [0x00000000d5580000, 0x00000000e4c00000, 0x0000000100000000)
  eden space 173568K, 100% used [0x00000000d5580000,0x00000000dff00000,0x00000000dff00000)
  from space 9728K, 0% used [0x00000000dff00000,0x00000000dff00000,0x00000000e0880000)
  to   space 9728K, 0% used [0x00000000e4280000,0x00000000e4280000,0x00000000e4c00000)
 ParOldGen       total 71680K, used 11945K [0x0000000080000000, 0x0000000084600000, 0x00000000d5580000)
  object space 71680K, 16% used [0x0000000080000000,0x0000000080baa7b0,0x0000000084600000)
 Metaspace       used 42066K, capacity 42826K, committed 43048K, reserved 1087488K
  class space    used 4662K, capacity 4846K, committed 4912K, reserved 1048576K
Event: 5.472 GC heap after
Heap after GC invocations=12 (full 2):
 PSYoungGen      total 235008K, used 9709K [0x00000000d5580000, 0x00000000e4c00000, 0x0000000100000000)
  eden space 225280K, 0% used [0x00000000d5580000,0x00000000d5580000,0x00000000e3180000)
  from space 9728K, 99% used [0x00000000e4280000,0x00000000e4bfb700,0x00000000e4c00000)
  to   space 12288K, 0% used [0x00000000e3400000,0x00000000e3400000,0x00000000e4000000)
 ParOldGen       total 71680K, used 15585K [0x0000000080000000, 0x0000000084600000, 0x00000000d5580000)
  object space 71680K, 21% used [0x0000000080000000,0x0000000080f384e8,0x0000000084600000)
 Metaspace       used 42066K, capacity 42826K, committed 43048K, reserved 1087488K
  class space    used 4662K, capacity 4846K, committed 4912K, reserved 1048576K
}
Event: 7.271 GC heap before
{Heap before GC invocations=13 (full 2):
 PSYoungGen      total 235008K, used 234989K [0x00000000d5580000, 0x00000000e4c00000, 0x0000000100000000)
  eden space 225280K, 100% used [0x00000000d5580000,0x00000000e3180000,0x00000000e3180000)
  from space 9728K, 99% used [0x00000000e4280000,0x00000000e4bfb700,0x00000000e4c00000)
  to   space 12288K, 0% used [0x00000000e3400000,0x00000000e3400000,0x00000000e4000000)
 ParOldGen       total 71680K, used 15585K [0x0000000080000000, 0x0000000084600000, 0x00000000d5580000)
  object space 71680K, 21% used [0x0000000080000000,0x0000000080f384e8,0x0000000084600000)
 Metaspace       used 47725K, capacity 48694K, committed 48936K, reserved 1093632K
  class space    used 5377K, capacity 5590K, committed 5680K, reserved 1048576K
Event: 7.298 GC heap after
Heap after GC invocations=13 (full 2):
 PSYoungGen      total 240128K, used 8435K [0x00000000d5580000, 0x00000000e8900000, 0x0000000100000000)
  eden space 227840K, 0% used [0x00000000d5580000,0x00000000d5580000,0x00000000e3400000)
  from space 12288K, 68% used [0x00000000e3400000,0x00000000e3c3cf10,0x00000000e4000000)
  to   space 12800K, 0% used [0x00000000e7c80000,0x00000000e7c80000,0x00000000e8900000)
 ParOldGen       total 71680K, used 23760K [0x0000000080000000, 0x0000000084600000, 0x00000000d5580000)
  object space 71680K, 33% used [0x0000000080000000,0x0000000081734098,0x0000000084600000)
 Metaspace       used 47725K, capacity 48694K, committed 48936K, reserved 1093632K
  class space    used 5377K, capacity 5590K, committed 5680K, reserved 1048576K
}
Event: 14.179 GC heap before
{Heap before GC invocations=14 (full 2):
 PSYoungGen      total 240128K, used 227123K [0x00000000d5580000, 0x00000000e8900000, 0x0000000100000000)
  eden space 227840K, 95% used [0x00000000d5580000,0x00000000e2b0fcf0,0x00000000e3400000)
  from space 12288K, 68% used [0x00000000e3400000,0x00000000e3c3cf10,0x00000000e4000000)
  to   space 12800K, 0% used [0x00000000e7c80000,0x00000000e7c80000,0x00000000e8900000)
 ParOldGen       total 71680K, used 23760K [0x0000000080000000, 0x0000000084600000, 0x00000000d5580000)
  object space 71680K, 33% used [0x0000000080000000,0x0000000081734098,0x0000000084600000)
 Metaspace       used 57142K, capacity 59020K, committed 59160K, reserved 1101824K
  class space    used 6507K, capacity 6863K, committed 6944K, reserved 1048576K
Event: 14.200 GC heap after
Heap after GC invocations=14 (full 2):
 PSYoungGen      total 297472K, used 12796K [0x00000000d5580000, 0x00000000e8a80000, 0x0000000100000000)
  eden space 284672K, 0% used [0x00000000d5580000,0x00000000d5580000,0x00000000e6b80000)
  from space 12800K, 99% used [0x00000000e7c80000,0x00000000e88ff1c0,0x00000000e8900000)
  to   space 15872K, 0% used [0x00000000e6b80000,0x00000000e6b80000,0x00000000e7b00000)
 ParOldGen       total 71680K, used 27278K [0x0000000080000000, 0x0000000084600000, 0x00000000d5580000)
  object space 71680K, 38% used [0x0000000080000000,0x0000000081aa3a20,0x0000000084600000)
 Metaspace       used 57142K, capacity 59020K, committed 59160K, reserved 1101824K
  class space    used 6507K, capacity 6863K, committed 6944K, reserved 1048576K
}
Event: 14.200 GC heap before
{Heap before GC invocations=15 (full 3):
 PSYoungGen      total 297472K, used 12796K [0x00000000d5580000, 0x00000000e8a80000, 0x0000000100000000)
  eden space 284672K, 0% used [0x00000000d5580000,0x00000000d5580000,0x00000000e6b80000)
  from space 12800K, 99% used [0x00000000e7c80000,0x00000000e88ff1c0,0x00000000e8900000)
  to   space 15872K, 0% used [0x00000000e6b80000,0x00000000e6b80000,0x00000000e7b00000)
 ParOldGen       total 71680K, used 27278K [0x0000000080000000, 0x0000000084600000, 0x00000000d5580000)
  object space 71680K, 38% used [0x0000000080000000,0x0000000081aa3a20,0x0000000084600000)
 Metaspace       used 57142K, capacity 59020K, committed 59160K, reserved 1101824K
  class space    used 6507K, capacity 6863K, committed 6944K, reserved 1048576K
Event: 14.343 GC heap after
Heap after GC invocations=15 (full 3):
 PSYoungGen      total 297472K, used 0K [0x00000000d5580000, 0x00000000e8a80000, 0x0000000100000000)
  eden space 284672K, 0% used [0x00000000d5580000,0x00000000d5580000,0x00000000e6b80000)
  from space 12800K, 0% used [0x00000000e7c80000,0x00000000e7c80000,0x00000000e8900000)
  to   space 15872K, 0% used [0x00000000e6b80000,0x00000000e6b80000,0x00000000e7b00000)
 ParOldGen       total 115712K, used 32415K [0x0000000080000000, 0x0000000087100000, 0x00000000d5580000)
  object space 115712K, 28% used [0x0000000080000000,0x0000000081fa7dc0,0x0000000087100000)
 Metaspace       used 57134K, capacity 58998K, committed 59160K, reserved 1101824K
  class space    used 6505K, capacity 6858K, committed 6944K, reserved 1048576K
}
Event: 20.526 GC heap before
{Heap before GC invocations=16 (full 3):
 PSYoungGen      total 297472K, used 284672K [0x00000000d5580000, 0x00000000e8a80000, 0x0000000100000000)
  eden space 284672K, 100% used [0x00000000d5580000,0x00000000e6b80000,0x00000000e6b80000)
  from space 12800K, 0% used [0x00000000e7c80000,0x00000000e7c80000,0x00000000e8900000)
  to   space 15872K, 0% used [0x00000000e6b80000,0x00000000e6b80000,0x00000000e7b00000)
 ParOldGen       total 115712K, used 32415K [0x0000000080000000, 0x0000000087100000, 0x00000000d5580000)
  object space 115712K, 28% used [0x0000000080000000,0x0000000081fa7dc0,0x0000000087100000)
 Metaspace       used 65921K, capacity 68580K, committed 68760K, reserved 1110016K
  class space    used 7356K, capacity 7833K, committed 7840K, reserved 1048576K
Event: 20.554 GC heap after
Heap after GC invocations=16 (full 3):
 PSYoungGen      total 300544K, used 15869K [0x00000000d5580000, 0x00000000ed300000, 0x0000000100000000)
  eden space 284672K, 0% used [0x00000000d5580000,0x00000000d5580000,0x00000000e6b80000)
  from space 15872K, 99% used [0x00000000e6b80000,0x00000000e7aff4b0,0x00000000e7b00000)
  to   space 18944K, 0% used [0x00000000ec080000,0x00000000ec080000,0x00000000ed300000)
 ParOldGen       total 115712K, used 35084K [0x0000000080000000, 0x0000000087100000, 0x00000000d5580000)
  object space 115712K, 30% used [0x0000000080000000,0x0000000082243120,0x0000000087100000)
 Metaspace       used 65921K, capacity 68580K, committed 68760K, reserved 1110016K
  class space    used 7356K, capacity 7833K, committed 7840K, reserved 1048576K
}
Event: 45.571 GC heap before
{Heap before GC invocations=17 (full 3):
 PSYoungGen      total 300544K, used 300541K [0x00000000d5580000, 0x00000000ed300000, 0x0000000100000000)
  eden space 284672K, 100% used [0x00000000d5580000,0x00000000e6b80000,0x00000000e6b80000)
  from space 15872K, 99% used [0x00000000e6b80000,0x00000000e7aff4b0,0x00000000e7b00000)
  to   space 18944K, 0% used [0x00000000ec080000,0x00000000ec080000,0x00000000ed300000)
 ParOldGen       total 115712K, used 35084K [0x0000000080000000, 0x0000000087100000, 0x00000000d5580000)
  object space 115712K, 30% used [0x0000000080000000,0x0000000082243120,0x0000000087100000)
 Metaspace       used 72372K, capacity 75966K, committed 76184K, reserved 1116160K
  class space    used 7945K, capacity 8550K, committed 8608K, reserved 1048576K
Event: 45.622 GC heap after
Heap after GC invocations=17 (full 3):
 PSYoungGen      total 352768K, used 18938K [0x00000000d5580000, 0x00000000eee80000, 0x0000000100000000)
  eden space 333824K, 0% used [0x00000000d5580000,0x00000000d5580000,0x00000000e9b80000)
  from space 18944K, 99% used [0x00000000ec080000,0x00000000ed2fe980,0x00000000ed300000)
  to   space 37888K, 0% used [0x00000000e9b80000,0x00000000e9b80000,0x00000000ec080000)
 ParOldGen       total 115712K, used 77936K [0x0000000080000000, 0x0000000087100000, 0x00000000d5580000)
  object space 115712K, 67% used [0x0000000080000000,0x0000000084c1c080,0x0000000087100000)
 Metaspace       used 72372K, capacity 75966K, committed 76184K, reserved 1116160K
  class space    used 7945K, capacity 8550K, committed 8608K, reserved 1048576K
}
Event: 71.254 GC heap before
{Heap before GC invocations=18 (full 3):
 PSYoungGen      total 352768K, used 352762K [0x00000000d5580000, 0x00000000eee80000, 0x0000000100000000)
  eden space 333824K, 100% used [0x00000000d5580000,0x00000000e9b80000,0x00000000e9b80000)
  from space 18944K, 99% used [0x00000000ec080000,0x00000000ed2fe980,0x00000000ed300000)
  to   space 37888K, 0% used [0x00000000e9b80000,0x00000000e9b80000,0x00000000ec080000)
 ParOldGen       total 115712K, used 77936K [0x0000000080000000, 0x0000000087100000, 0x00000000d5580000)
  object space 115712K, 67% used [0x0000000080000000,0x0000000084c1c080,0x0000000087100000)
 Metaspace       used 73917K, capacity 77710K, committed 77848K, reserved 1118208K
  class space    used 8029K, capacity 8656K, committed 8736K, reserved 1048576K
Event: 71.297 GC heap after
Heap after GC invocations=18 (full 3):
 PSYoungGen      total 371712K, used 35352K [0x00000000d5580000, 0x00000000f2980000, 0x0000000100000000)
  eden space 333824K, 0% used [0x00000000d5580000,0x00000000d5580000,0x00000000e9b80000)
  from space 37888K, 93% used [0x00000000e9b80000,0x00000000ebe063d0,0x00000000ec080000)
  to   space 43520K, 0% used [0x00000000eff00000,0x00000000eff00000,0x00000000f2980000)
 ParOldGen       total 115712K, used 80563K [0x0000000080000000, 0x0000000087100000, 0x00000000d5580000)
  object space 115712K, 69% used [0x0000000080000000,0x0000000084eacfa0,0x0000000087100000)
 Metaspace       used 73917K, capacity 77710K, committed 77848K, reserved 1118208K
  class space    used 8029K, capacity 8656K, committed 8736K, reserved 1048576K
}
Event: 100.317 GC heap before
{Heap before GC invocations=19 (full 3):
 PSYoungGen      total 371712K, used 369176K [0x00000000d5580000, 0x00000000f2980000, 0x0000000100000000)
  eden space 333824K, 100% used [0x00000000d5580000,0x00000000e9b80000,0x00000000e9b80000)
  from space 37888K, 93% used [0x00000000e9b80000,0x00000000ebe063d0,0x00000000ec080000)
  to   space 43520K, 0% used [0x00000000eff00000,0x00000000eff00000,0x00000000f2980000)
 ParOldGen       total 115712K, used 80563K [0x0000000080000000, 0x0000000087100000, 0x00000000d5580000)
  object space 115712K, 69% used [0x0000000080000000,0x0000000084eacfa0,0x0000000087100000)
 Metaspace       used 75022K, capacity 78906K, committed 79128K, reserved 1120256K
  class space    used 8045K, capacity 8672K, committed 8736K, reserved 1048576K
Event: 100.365 GC heap after
Heap after GC invocations=19 (full 3):
 PSYoungGen      total 425472K, used 43488K [0x00000000d5580000, 0x00000000f3500000, 0x0000000100000000)
  eden space 381952K, 0% used [0x00000000d5580000,0x00000000d5580000,0x00000000eca80000)
  from space 43520K, 99% used [0x00000000eff00000,0x00000000f2978250,0x00000000f2980000)
  to   space 53760K, 0% used [0x00000000eca80000,0x00000000eca80000,0x00000000eff00000)
 ParOldGen       total 115712K, used 87936K [0x0000000080000000, 0x0000000087100000, 0x00000000d5580000)
  object space 115712K, 75% used [0x0000000080000000,0x00000000855e0340,0x0000000087100000)
 Metaspace       used 75022K, capacity 78906K, committed 79128K, reserved 1120256K
  class space    used 8045K, capacity 8672K, committed 8736K, reserved 1048576K
}
Event: 101.124 GC heap before
{Heap before GC invocations=20 (full 3):
 PSYoungGen      total 425472K, used 425440K [0x00000000d5580000, 0x00000000f3500000, 0x0000000100000000)
  eden space 381952K, 100% used [0x00000000d5580000,0x00000000eca80000,0x00000000eca80000)
  from space 43520K, 99% used [0x00000000eff00000,0x00000000f2978250,0x00000000f2980000)
  to   space 53760K, 0% used [0x00000000eca80000,0x00000000eca80000,0x00000000eff00000)
 ParOldGen       total 115712K, used 87936K [0x0000000080000000, 0x0000000087100000, 0x00000000d5580000)
  object space 115712K, 75% used [0x0000000080000000,0x00000000855e0340,0x0000000087100000)
 Metaspace       used 75034K, capacity 78906K, committed 79128K, reserved 1120256K
  class space    used 8045K, capacity 8672K, committed 8736K, reserved 1048576K
Event: 101.145 GC heap after
Heap after GC invocations=20 (full 3):
 PSYoungGen      total 435712K, used 288K [0x00000000d5580000, 0x00000000f6a00000, 0x0000000100000000)
  eden space 381952K, 0% used [0x00000000d5580000,0x00000000d5580000,0x00000000eca80000)
  from space 53760K, 0% used [0x00000000eca80000,0x00000000ecac8000,0x00000000eff00000)
  to   space 53248K, 0% used [0x00000000f3600000,0x00000000f3600000,0x00000000f6a00000)
 ParOldGen       total 115712K, used 101753K [0x0000000080000000, 0x0000000087100000, 0x00000000d5580000)
  object space 115712K, 87% used [0x0000000080000000,0x000000008635e5b8,0x0000000087100000)
 Metaspace       used 75034K, capacity 78906K, committed 79128K, reserved 1120256K
  class space    used 8045K, capacity 8672K, committed 8736K, reserved 1048576K
}
Event: 101.145 GC heap before
{Heap before GC invocations=21 (full 4):
 PSYoungGen      total 435712K, used 288K [0x00000000d5580000, 0x00000000f6a00000, 0x0000000100000000)
  eden space 381952K, 0% used [0x00000000d5580000,0x00000000d5580000,0x00000000eca80000)
  from space 53760K, 0% used [0x00000000eca80000,0x00000000ecac8000,0x00000000eff00000)
  to   space 53248K, 0% used [0x00000000f3600000,0x00000000f3600000,0x00000000f6a00000)
 ParOldGen       total 115712K, used 101753K [0x0000000080000000, 0x0000000087100000, 0x00000000d5580000)
  object space 115712K, 87% used [0x0000000080000000,0x000000008635e5b8,0x0000000087100000)
 Metaspace       used 75034K, capacity 78906K, committed 79128K, reserved 1120256K
  class space    used 8045K, capacity 8672K, committed 8736K, reserved 1048576K
Event: 101.319 GC heap after
Heap after GC invocations=21 (full 4):
 PSYoungGen      total 435712K, used 0K [0x00000000d5580000, 0x00000000f6a00000, 0x0000000100000000)
  eden space 381952K, 0% used [0x00000000d5580000,0x00000000d5580000,0x00000000eca80000)
  from space 53760K, 0% used [0x00000000eca80000,0x00000000eca80000,0x00000000eff00000)
  to   space 53248K, 0% used [0x00000000f3600000,0x00000000f3600000,0x00000000f6a00000)
 ParOldGen       total 167424K, used 42899K [0x0000000080000000, 0x000000008a380000, 0x00000000d5580000)
  object space 167424K, 25% used [0x0000000080000000,0x00000000829e4e38,0x000000008a380000)
 Metaspace       used 75009K, capacity 78848K, committed 79128K, reserved 1120256K
  class space    used 8038K, capacity 8659K, committed 8736K, reserved 1048576K
}
Event: 136.319 GC heap before
{Heap before GC invocations=22 (full 4):
 PSYoungGen      total 435712K, used 381952K [0x00000000d5580000, 0x00000000f6a00000, 0x0000000100000000)
  eden space 381952K, 100% used [0x00000000d5580000,0x00000000eca80000,0x00000000eca80000)
  from space 53760K, 0% used [0x00000000eca80000,0x00000000eca80000,0x00000000eff00000)
  to   space 53248K, 0% used [0x00000000f3600000,0x00000000f3600000,0x00000000f6a00000)
 ParOldGen       total 167424K, used 42899K [0x0000000080000000, 0x000000008a380000, 0x00000000d5580000)
  object space 167424K, 25% used [0x0000000080000000,0x00000000829e4e38,0x000000008a380000)
 Metaspace       used 76121K, capacity 80056K, committed 80152K, reserved 1120256K
  class space    used 8053K, capacity 8677K, committed 8736K, reserved 1048576K
Event: 136.378 GC heap after
Heap after GC invocations=22 (full 4):
 PSYoungGen      total 476672K, used 53232K [0x00000000d5580000, 0x00000000f8880000, 0x0000000100000000)
  eden space 423424K, 0% used [0x00000000d5580000,0x00000000d5580000,0x00000000ef300000)
  from space 53248K, 99% used [0x00000000f3600000,0x00000000f69fc320,0x00000000f6a00000)
  to   space 68608K, 0% used [0x00000000ef300000,0x00000000ef300000,0x00000000f3600000)
 ParOldGen       total 167424K, used 57374K [0x0000000080000000, 0x000000008a380000, 0x00000000d5580000)
  object space 167424K, 34% used [0x0000000080000000,0x00000000838079f8,0x000000008a380000)
 Metaspace       used 76121K, capacity 80056K, committed 80152K, reserved 1120256K
  class space    used 8053K, capacity 8677K, committed 8736K, reserved 1048576K
}
Event: 198.620 GC heap before
{Heap before GC invocations=23 (full 4):
 PSYoungGen      total 476672K, used 476656K [0x00000000d5580000, 0x00000000f8880000, 0x0000000100000000)
  eden space 423424K, 100% used [0x00000000d5580000,0x00000000ef300000,0x00000000ef300000)
  from space 53248K, 99% used [0x00000000f3600000,0x00000000f69fc320,0x00000000f6a00000)
  to   space 68608K, 0% used [0x00000000ef300000,0x00000000ef300000,0x00000000f3600000)
 ParOldGen       total 167424K, used 57374K [0x0000000080000000, 0x000000008a380000, 0x00000000d5580000)
  object space 167424K, 34% used [0x0000000080000000,0x00000000838079f8,0x000000008a380000)
 Metaspace       used 76934K, capacity 80854K, committed 80920K, reserved 1122304K
  class space    used 8057K, capacity 8714K, committed 8736K, reserved 1048576K
Event: 198.683 GC heap after
Heap after GC invocations=23 (full 4):
 PSYoungGen      total 492032K, used 62880K [0x00000000d5580000, 0x00000000fc180000, 0x0000000100000000)
  eden space 423424K, 0% used [0x00000000d5580000,0x00000000d5580000,0x00000000ef300000)
  from space 68608K, 91% used [0x00000000ef300000,0x00000000f30681d0,0x00000000f3600000)
  to   space 78848K, 0% used [0x00000000f7480000,0x00000000f7480000,0x00000000fc180000)
 ParOldGen       total 167424K, used 65868K [0x0000000080000000, 0x000000008a380000, 0x00000000d5580000)
  object space 167424K, 39% used [0x0000000080000000,0x0000000084053220,0x000000008a380000)
 Metaspace       used 76934K, capacity 80854K, committed 80920K, reserved 1122304K
  class space    used 8057K, capacity 8714K, committed 8736K, reserved 1048576K
}
Event: 228.950 GC heap before
{Heap before GC invocations=24 (full 4):
 PSYoungGen      total 492032K, used 486304K [0x00000000d5580000, 0x00000000fc180000, 0x0000000100000000)
  eden space 423424K, 100% used [0x00000000d5580000,0x00000000ef300000,0x00000000ef300000)
  from space 68608K, 91% used [0x00000000ef300000,0x00000000f30681d0,0x00000000f3600000)
  to   space 78848K, 0% used [0x00000000f7480000,0x00000000f7480000,0x00000000fc180000)
 ParOldGen       total 167424K, used 65868K [0x0000000080000000, 0x000000008a380000, 0x00000000d5580000)
  object space 167424K, 39% used [0x0000000080000000,0x0000000084053220,0x000000008a380000)
 Metaspace       used 77635K, capacity 81668K, committed 81688K, reserved 1122304K
  class space    used 8061K, capacity 8721K, committed 8736K, reserved 1048576K
Event: 229.016 GC heap after
Heap after GC invocations=24 (full 4):
 PSYoungGen      total 546304K, used 66594K [0x00000000d5580000, 0x00000000fce00000, 0x0000000100000000)
  eden space 467456K, 0% used [0x00000000d5580000,0x00000000d5580000,0x00000000f1e00000)
  from space 78848K, 84% used [0x00000000f7480000,0x00000000fb588a40,0x00000000fc180000)
  to   space 88576K, 0% used [0x00000000f1e00000,0x00000000f1e00000,0x00000000f7480000)
 ParOldGen       total 167424K, used 65876K [0x0000000080000000, 0x000000008a380000, 0x00000000d5580000)
  object space 167424K, 39% used [0x0000000080000000,0x0000000084055220,0x000000008a380000)
 Metaspace       used 77635K, capacity 81668K, committed 81688K, reserved 1122304K
  class space    used 8061K, capacity 8721K, committed 8736K, reserved 1048576K
}
Event: 264.747 GC heap before
{Heap before GC invocations=25 (full 4):
 PSYoungGen      total 546304K, used 534050K [0x00000000d5580000, 0x00000000fce00000, 0x0000000100000000)
  eden space 467456K, 100% used [0x00000000d5580000,0x00000000f1e00000,0x00000000f1e00000)
  from space 78848K, 84% used [0x00000000f7480000,0x00000000fb588a40,0x00000000fc180000)
  to   space 88576K, 0% used [0x00000000f1e00000,0x00000000f1e00000,0x00000000f7480000)
 ParOldGen       total 167424K, used 65876K [0x0000000080000000, 0x000000008a380000, 0x00000000d5580000)
  object space 167424K, 39% used [0x0000000080000000,0x0000000084055220,0x000000008a380000)
 Metaspace       used 78027K, capacity 82034K, committed 82200K, reserved 1122304K
  class space    used 8065K, capacity 8728K, committed 8736K, reserved 1048576K
Event: 264.805 GC heap after
Heap after GC invocations=25 (full 4):
 PSYoungGen      total 556032K, used 77441K [0x00000000d5580000, 0x0000000100000000, 0x0000000100000000)
  eden space 467456K, 0% used [0x00000000d5580000,0x00000000d5580000,0x00000000f1e00000)
  from space 88576K, 87% used [0x00000000f1e00000,0x00000000f69a0500,0x00000000f7480000)
  to   space 99840K, 0% used [0x00000000f9e80000,0x00000000f9e80000,0x0000000100000000)
 ParOldGen       total 167424K, used 65884K [0x0000000080000000, 0x000000008a380000, 0x00000000d5580000)
  object space 167424K, 39% used [0x0000000080000000,0x0000000084057220,0x000000008a380000)
 Metaspace       used 78027K, capacity 82034K, committed 82200K, reserved 1122304K
  class space    used 8065K, capacity 8728K, committed 8736K, reserved 1048576K
}
Event: 308.264 GC heap before
{Heap before GC invocations=26 (full 4):
 PSYoungGen      total 556032K, used 544897K [0x00000000d5580000, 0x0000000100000000, 0x0000000100000000)
  eden space 467456K, 100% used [0x00000000d5580000,0x00000000f1e00000,0x00000000f1e00000)
  from space 88576K, 87% used [0x00000000f1e00000,0x00000000f69a0500,0x00000000f7480000)
  to   space 99840K, 0% used [0x00000000f9e80000,0x00000000f9e80000,0x0000000100000000)
 ParOldGen       total 167424K, used 65884K [0x0000000080000000, 0x000000008a380000, 0x00000000d5580000)
  object space 167424K, 39% used [0x0000000080000000,0x0000000084057220,0x000000008a380000)
 Metaspace       used 78360K, capacity 82382K, committed 82456K, reserved 1122304K
  class space    used 8067K, capacity 8730K, committed 8736K, reserved 1048576K
Event: 308.361 GC heap after
Heap after GC invocations=26 (full 4):
 PSYoungGen      total 575488K, used 84289K [0x00000000d5580000, 0x0000000100000000, 0x0000000100000000)
  eden space 475648K, 0% used [0x00000000d5580000,0x00000000d5580000,0x00000000f2600000)
  from space 99840K, 84% used [0x00000000f9e80000,0x00000000ff0d05c0,0x0000000100000000)
  to   space 111616K, 0% used [0x00000000f2600000,0x00000000f2600000,0x00000000f9300000)
 ParOldGen       total 167424K, used 65892K [0x0000000080000000, 0x000000008a380000, 0x00000000d5580000)
  object space 167424K, 39% used [0x0000000080000000,0x0000000084059220,0x000000008a380000)
 Metaspace       used 78360K, capacity 82382K, committed 82456K, reserved 1122304K
  class space    used 8067K, capacity 8730K, committed 8736K, reserved 1048576K
}
Event: 340.031 GC heap before
{Heap before GC invocations=27 (full 4):
 PSYoungGen      total 575488K, used 559937K [0x00000000d5580000, 0x0000000100000000, 0x0000000100000000)
  eden space 475648K, 100% used [0x00000000d5580000,0x00000000f2600000,0x00000000f2600000)
  from space 99840K, 84% used [0x00000000f9e80000,0x00000000ff0d05c0,0x0000000100000000)
  to   space 111616K, 0% used [0x00000000f2600000,0x00000000f2600000,0x00000000f9300000)
 ParOldGen       total 167424K, used 65892K [0x0000000080000000, 0x000000008a380000, 0x00000000d5580000)
  object space 167424K, 39% used [0x0000000080000000,0x0000000084059220,0x000000008a380000)
 Metaspace       used 78577K, capacity 82630K, committed 82840K, reserved 1124352K
  class space    used 8077K, capacity 8738K, committed 8864K, reserved 1048576K
Event: 340.114 GC heap after
Heap after GC invocations=27 (full 4):
 PSYoungGen      total 576000K, used 99969K [0x00000000d5580000, 0x0000000100000000, 0x0000000100000000)
  eden space 475648K, 0% used [0x00000000d5580000,0x00000000d5580000,0x00000000f2600000)
  from space 100352K, 99% used [0x00000000f2600000,0x00000000f87a0760,0x00000000f8800000)
  to   space 122880K, 0% used [0x00000000f8800000,0x00000000f8800000,0x0000000100000000)
 ParOldGen       total 167424K, used 65900K [0x0000000080000000, 0x000000008a380000, 0x00000000d5580000)
  object space 167424K, 39% used [0x0000000080000000,0x000000008405b220,0x000000008a380000)
 Metaspace       used 78577K, capacity 82630K, committed 82840K, reserved 1124352K
  class space    used 8077K, capacity 8738K, committed 8864K, reserved 1048576K
}
Event: 370.916 GC heap before
{Heap before GC invocations=28 (full 4):
 PSYoungGen      total 576000K, used 575617K [0x00000000d5580000, 0x0000000100000000, 0x0000000100000000)
  eden space 475648K, 100% used [0x00000000d5580000,0x00000000f2600000,0x00000000f2600000)
  from space 100352K, 99% used [0x00000000f2600000,0x00000000f87a0760,0x00000000f8800000)
  to   space 122880K, 0% used [0x00000000f8800000,0x00000000f8800000,0x0000000100000000)
 ParOldGen       total 167424K, used 65900K [0x0000000080000000, 0x000000008a380000, 0x00000000d5580000)
  object space 167424K, 39% used [0x0000000080000000,0x000000008405b220,0x000000008a380000)
 Metaspace       used 78913K, capacity 82976K, committed 83352K, reserved 1124352K
  class space    used 8089K, capacity 8741K, committed 8864K, reserved 1048576K
Event: 370.990 GC heap after
Heap after GC invocations=28 (full 4):
 PSYoungGen      total 560640K, used 78194K [0x00000000d5580000, 0x0000000100000000, 0x0000000100000000)
  eden space 437760K, 0% used [0x00000000d5580000,0x00000000d5580000,0x00000000f0100000)
  from space 122880K, 63% used [0x00000000f8800000,0x00000000fd45c920,0x0000000100000000)
  to   space 130560K, 0% used [0x00000000f0100000,0x00000000f0100000,0x00000000f8080000)
 ParOldGen       total 167424K, used 65908K [0x0000000080000000, 0x000000008a380000, 0x00000000d5580000)
  object space 167424K, 39% used [0x0000000080000000,0x000000008405d220,0x000000008a380000)
 Metaspace       used 78913K, capacity 82976K, committed 83352K, reserved 1124352K
  class space    used 8089K, capacity 8741K, committed 8864K, reserved 1048576K
}
Event: 407.168 GC heap before
{Heap before GC invocations=29 (full 4):
 PSYoungGen      total 560640K, used 515954K [0x00000000d5580000, 0x0000000100000000, 0x0000000100000000)
  eden space 437760K, 100% used [0x00000000d5580000,0x00000000f0100000,0x00000000f0100000)
  from space 122880K, 63% used [0x00000000f8800000,0x00000000fd45c920,0x0000000100000000)
  to   space 130560K, 0% used [0x00000000f0100000,0x00000000f0100000,0x00000000f8080000)
 ParOldGen       total 167424K, used 65908K [0x0000000080000000, 0x000000008a380000, 0x00000000d5580000)
  object space 167424K, 39% used [0x0000000080000000,0x000000008405d220,0x000000008a380000)
 Metaspace       used 79243K, capacity 83336K, committed 83608K, reserved 1124352K
  class space    used 8089K, capacity 8741K, committed 8864K, reserved 1048576K
Event: 407.257 GC heap after
Heap after GC invocations=29 (full 4):
 PSYoungGen      total 545792K, used 107874K [0x00000000d5580000, 0x0000000100000000, 0x0000000100000000)
  eden space 437760K, 0% used [0x00000000d5580000,0x00000000d5580000,0x00000000f0100000)
  from space 108032K, 99% used [0x00000000f0100000,0x00000000f6a58920,0x00000000f6a80000)
  to   space 143872K, 0% used [0x00000000f7380000,0x00000000f7380000,0x0000000100000000)
 ParOldGen       total 167424K, used 65916K [0x0000000080000000, 0x000000008a380000, 0x00000000d5580000)
  object space 167424K, 39% used [0x0000000080000000,0x000000008405f220,0x000000008a380000)
 Metaspace       used 79243K, capacity 83336K, committed 83608K, reserved 1124352K
  class space    used 8089K, capacity 8741K, committed 8864K, reserved 1048576K
}

