# JRE version: OpenJDK Runtime Environment (8.0_232-b09) (build 1.8.0_232-b09)
# Java VM: OpenJDK 64-Bit Server VM (25.232-b09 mixed mode linux-amd64 compressed oops)
Heap:
 PSYoungGen      total 303616K, used 186648K [0x00000000d5580000, 0x00000000e9400000, 0x0000000100000000)
  eden space 296448K, 62% used [0x00000000d5580000,0x00000000e0bc6258,0x00000000e7700000)
  from space 7168K, 0% used [0x00000000e8d00000,0x00000000e8d00000,0x00000000e9400000)
  to   space 14848K, 0% used [0x00000000e7700000,0x00000000e7700000,0x00000000e8580000)
 ParOldGen       total 99840K, used 23112K [0x0000000080000000, 0x0000000086180000, 0x00000000d5580000)
  object space 99840K, 23% used [0x0000000080000000,0x00000000816921c8,0x0000000086180000)
 Metaspace       used 64756K, capacity 68080K, committed 68352K, reserved 1110016K
  class space    used 7504K, capacity 8080K, committed 8192K, reserved 1048576K
GC Heap History (30 events):
Event: 0.406 GC heap before
{Heap before GC invocations=1 (full 0):
 PSYoungGen      total 32768K, used 28160K [0x00000000d5580000, 0x00000000d7a00000, 0x0000000100000000)
  eden space 28160K, 100% used [0x00000000d5580000,0x00000000d7100000,0x00000000d7100000)
  from space 4608K, 0% used [0x00000000d7580000,0x00000000d7580000,0x00000000d7a00000)
  to   space 4608K, 0% used [0x00000000d7100000,0x00000000d7100000,0x00000000d7580000)
 ParOldGen       total 75264K, used 0K [0x0000000080000000, 0x0000000084980000, 0x00000000d5580000)
  object space 75264K, 0% used [0x0000000080000000,0x0000000080000000,0x0000000084980000)
 Metaspace       used 4184K, capacity 4856K, committed 5120K, reserved 1056768K
  class space    used 406K, capacity 424K, committed 512K, reserved 1048576K
Event: 0.409 GC heap after
Heap after GC invocations=1 (full 0):
 PSYoungGen      total 32768K, used 2270K [0x00000000d5580000, 0x00000000d7a00000, 0x0000000100000000)
  eden space 28160K, 0% used [0x00000000d5580000,0x00000000d5580000,0x00000000d7100000)
  from space 4608K, 49% used [0x00000000d7100000,0x00000000d7337b48,0x00000000d7580000)
  to   space 4608K, 0% used [0x00000000d7580000,0x00000000d7580000,0x00000000d7a00000)
 ParOldGen       total 75264K, used 8K [0x0000000080000000, 0x0000000084980000, 0x00000000d5580000)
  object space 75264K, 0% used [0x0000000080000000,0x0000000080002000,0x0000000084980000)
 Metaspace       used 4184K, capacity 4856K, committed 5120K, reserved 1056768K
  class space    used 406K, capacity 424K, committed 512K, reserved 1048576K
}
Event: 0.613 GC heap before
{Heap before GC invocations=2 (full 0):
 PSYoungGen      total 32768K, used 30430K [0x00000000d5580000, 0x00000000d7a00000, 0x0000000100000000)
  eden space 28160K, 100% used [0x00000000d5580000,0x00000000d7100000,0x00000000d7100000)
  from space 4608K, 49% used [0x00000000d7100000,0x00000000d7337b48,0x00000000d7580000)
  to   space 4608K, 0% used [0x00000000d7580000,0x00000000d7580000,0x00000000d7a00000)
 ParOldGen       total 75264K, used 8K [0x0000000080000000, 0x0000000084980000, 0x00000000d5580000)
  object space 75264K, 0% used [0x0000000080000000,0x0000000080002000,0x0000000084980000)
 Metaspace       used 7207K, capacity 7364K, committed 7552K, reserved 1056768K
  class space    used 749K, capacity 808K, committed 896K, reserved 1048576K
Event: 0.616 GC heap after
Heap after GC invocations=2 (full 0):
 PSYoungGen      total 32768K, used 2840K [0x00000000d5580000, 0x00000000d9580000, 0x0000000100000000)
  eden space 28160K, 0% used [0x00000000d5580000,0x00000000d5580000,0x00000000d7100000)
  from space 4608K, 61% used [0x00000000d7580000,0x00000000d7846020,0x00000000d7a00000)
  to   space 4608K, 0% used [0x00000000d7100000,0x00000000d7100000,0x00000000d7580000)
 ParOldGen       total 75264K, used 16K [0x0000000080000000, 0x0000000084980000, 0x00000000d5580000)
  object space 75264K, 0% used [0x0000000080000000,0x0000000080004000,0x0000000084980000)
 Metaspace       used 7207K, capacity 7364K, committed 7552K, reserved 1056768K
  class space    used 749K, capacity 808K, committed 896K, reserved 1048576K
}
Event: 0.828 GC heap before
{Heap before GC invocations=3 (full 0):
 PSYoungGen      total 32768K, used 31000K [0x00000000d5580000, 0x00000000d9580000, 0x0000000100000000)
  eden space 28160K, 100% used [0x00000000d5580000,0x00000000d7100000,0x00000000d7100000)
  from space 4608K, 61% used [0x00000000d7580000,0x00000000d7846020,0x00000000d7a00000)
  to   space 4608K, 0% used [0x00000000d7100000,0x00000000d7100000,0x00000000d7580000)
 ParOldGen       total 75264K, used 16K [0x0000000080000000, 0x0000000084980000, 0x00000000d5580000)
  object space 75264K, 0% used [0x0000000080000000,0x0000000080004000,0x0000000084980000)
 Metaspace       used 9639K, capacity 9986K, committed 10240K, reserved 1058816K
  class space    used 1071K, capacity 1181K, committed 1280K, reserved 1048576K
Event: 0.833 GC heap after
Heap after GC invocations=3 (full 0):
 PSYoungGen      total 32768K, used 3579K [0x00000000d5580000, 0x00000000d9580000, 0x0000000100000000)
  eden space 28160K, 0% used [0x00000000d5580000,0x00000000d5580000,0x00000000d7100000)
  from space 4608K, 77% used [0x00000000d7100000,0x00000000d747ee28,0x00000000d7580000)
  to   space 4608K, 0% used [0x00000000d9100000,0x00000000d9100000,0x00000000d9580000)
 ParOldGen       total 75264K, used 24K [0x0000000080000000, 0x0000000084980000, 0x00000000d5580000)
  object space 75264K, 0% used [0x0000000080000000,0x0000000080006000,0x0000000084980000)
 Metaspace       used 9639K, capacity 9986K, committed 10240K, reserved 1058816K
  class space    used 1071K, capacity 1181K, committed 1280K, reserved 1048576K
}
Event: 1.047 GC heap before
{Heap before GC invocations=4 (full 0):
 PSYoungGen      total 32768K, used 31739K [0x00000000d5580000, 0x00000000d9580000, 0x0000000100000000)
  eden space 28160K, 100% used [0x00000000d5580000,0x00000000d7100000,0x00000000d7100000)
  from space 4608K, 77% used [0x00000000d7100000,0x00000000d747ee28,0x00000000d7580000)
  to   space 4608K, 0% used [0x00000000d9100000,0x00000000d9100000,0x00000000d9580000)
 ParOldGen       total 75264K, used 24K [0x0000000080000000, 0x0000000084980000, 0x00000000d5580000)
  object space 75264K, 0% used [0x0000000080000000,0x0000000080006000,0x0000000084980000)
 Metaspace       used 12495K, capacity 13254K, committed 13440K, reserved 1060864K
  class space    used 1429K, capacity 1609K, committed 1664K, reserved 1048576K
Event: 1.052 GC heap after
Heap after GC invocations=4 (full 0):
 PSYoungGen      total 60928K, used 4283K [0x00000000d5580000, 0x00000000d9580000, 0x0000000100000000)
  eden space 56320K, 0% used [0x00000000d5580000,0x00000000d5580000,0x00000000d8c80000)
  from space 4608K, 92% used [0x00000000d9100000,0x00000000d952eec8,0x00000000d9580000)
  to   space 4608K, 0% used [0x00000000d8c80000,0x00000000d8c80000,0x00000000d9100000)
 ParOldGen       total 75264K, used 32K [0x0000000080000000, 0x0000000084980000, 0x00000000d5580000)
  object space 75264K, 0% used [0x0000000080000000,0x0000000080008000,0x0000000084980000)
 Metaspace       used 12495K, capacity 13254K, committed 13440K, reserved 1060864K
  class space    used 1429K, capacity 1609K, committed 1664K, reserved 1048576K
}
Event: 1.548 GC heap before
{Heap before GC invocations=5 (full 0):
 PSYoungGen      total 60928K, used 60603K [0x00000000d5580000, 0x00000000d9580000, 0x0000000100000000)
  eden space 56320K, 100% used [0x00000000d5580000,0x00000000d8c80000,0x00000000d8c80000)
  from space 4608K, 92% used [0x00000000d9100000,0x00000000d952eec8,0x00000000d9580000)
  to   space 4608K, 0% used [0x00000000d8c80000,0x00000000d8c80000,0x00000000d9100000)
 ParOldGen       total 75264K, used 32K [0x0000000080000000, 0x0000000084980000, 0x00000000d5580000)
  object space 75264K, 0% used [0x0000000080000000,0x0000000080008000,0x0000000084980000)
 Metaspace       used 16768K, capacity 17758K, committed 18048K, reserved 1064960K
  class space    used 1892K, capacity 2109K, committed 2176K, reserved 1048576K
Event: 1.555 GC heap after
Heap after GC invocations=5 (full 0):
 PSYoungGen      total 60928K, used 4577K [0x00000000d5580000, 0x00000000dd180000, 0x0000000100000000)
  eden space 56320K, 0% used [0x00000000d5580000,0x00000000d5580000,0x00000000d8c80000)
  from space 4608K, 99% used [0x00000000d8c80000,0x00000000d90f8608,0x00000000d9100000)
  to   space 7168K, 0% used [0x00000000dca80000,0x00000000dca80000,0x00000000dd180000)
 ParOldGen       total 75264K, used 2618K [0x0000000080000000, 0x0000000084980000, 0x00000000d5580000)
  object space 75264K, 3% used [0x0000000080000000,0x000000008028eb38,0x0000000084980000)
 Metaspace       used 16768K, capacity 17758K, committed 18048K, reserved 1064960K
  class space    used 1892K, capacity 2109K, committed 2176K, reserved 1048576K
}
Event: 1.762 GC heap before
{Heap before GC invocations=6 (full 0):
 PSYoungGen      total 60928K, used 40530K [0x00000000d5580000, 0x00000000dd180000, 0x0000000100000000)
  eden space 56320K, 63% used [0x00000000d5580000,0x00000000d789c228,0x00000000d8c80000)
  from space 4608K, 99% used [0x00000000d8c80000,0x00000000d90f8608,0x00000000d9100000)
  to   space 7168K, 0% used [0x00000000dca80000,0x00000000dca80000,0x00000000dd180000)
 ParOldGen       total 75264K, used 2618K [0x0000000080000000, 0x0000000084980000, 0x00000000d5580000)
  object space 75264K, 3% used [0x0000000080000000,0x000000008028eb38,0x0000000084980000)
 Metaspace       used 20145K, capacity 21180K, committed 21248K, reserved 1069056K
  class space    used 2319K, capacity 2548K, committed 2560K, reserved 1048576K
Event: 1.771 GC heap after
Heap after GC invocations=6 (full 0):
 PSYoungGen      total 118272K, used 7152K [0x00000000d5580000, 0x00000000dd480000, 0x0000000100000000)
  eden space 111104K, 0% used [0x00000000d5580000,0x00000000d5580000,0x00000000dc200000)
  from space 7168K, 99% used [0x00000000dca80000,0x00000000dd17c050,0x00000000dd180000)
  to   space 8704K, 0% used [0x00000000dc200000,0x00000000dc200000,0x00000000dca80000)
 ParOldGen       total 75264K, used 3019K [0x0000000080000000, 0x0000000084980000, 0x00000000d5580000)
  object space 75264K, 4% used [0x0000000080000000,0x00000000802f2c68,0x0000000084980000)
 Metaspace       used 20145K, capacity 21180K, committed 21248K, reserved 1069056K
  class space    used 2319K, capacity 2548K, committed 2560K, reserved 1048576K
}
Event: 1.771 GC heap before
{Heap before GC invocations=7 (full 1):
 PSYoungGen      total 118272K, used 7152K [0x00000000d5580000, 0x00000000dd480000, 0x0000000100000000)
  eden space 111104K, 0% used [0x00000000d5580000,0x00000000d5580000,0x00000000dc200000)
  from space 7168K, 99% used [0x00000000dca80000,0x00000000dd17c050,0x00000000dd180000)
  to   space 8704K, 0% used [0x00000000dc200000,0x00000000dc200000,0x00000000dca80000)
 ParOldGen       total 75264K, used 3019K [0x0000000080000000, 0x0000000084980000, 0x00000000d5580000)
  object space 75264K, 4% used [0x0000000080000000,0x00000000802f2c68,0x0000000084980000)
 Metaspace       used 20145K, capacity 21180K, committed 21248K, reserved 1069056K
  class space    used 2319K, capacity 2548K, committed 2560K, reserved 1048576K
Event: 1.803 GC heap after
Heap after GC invocations=7 (full 1):
 PSYoungGen      total 118272K, used 0K [0x00000000d5580000, 0x00000000dd480000, 0x0000000100000000)
  eden space 111104K, 0% used [0x00000000d5580000,0x00000000d5580000,0x00000000dc200000)
  from space 7168K, 0% used [0x00000000dca80000,0x00000000dca80000,0x00000000dd180000)
  to   space 8704K, 0% used [0x00000000dc200000,0x00000000dc200000,0x00000000dca80000)
 ParOldGen       total 49664K, used 7286K [0x0000000080000000, 0x0000000083080000, 0x00000000d5580000)
  object space 49664K, 14% used [0x0000000080000000,0x000000008071da20,0x0000000083080000)
 Metaspace       used 20145K, capacity 21180K, committed 21248K, reserved 1069056K
  class space    used 2319K, capacity 2548K, committed 2560K, reserved 1048576K
}
Event: 8.717 GC heap before
{Heap before GC invocations=8 (full 1):
 PSYoungGen      total 118272K, used 111104K [0x00000000d5580000, 0x00000000dd480000, 0x0000000100000000)
  eden space 111104K, 100% used [0x00000000d5580000,0x00000000dc200000,0x00000000dc200000)
  from space 7168K, 0% used [0x00000000dca80000,0x00000000dca80000,0x00000000dd180000)
  to   space 8704K, 0% used [0x00000000dc200000,0x00000000dc200000,0x00000000dca80000)
 ParOldGen       total 49664K, used 7286K [0x0000000080000000, 0x0000000083080000, 0x00000000d5580000)
  object space 49664K, 14% used [0x0000000080000000,0x000000008071da20,0x0000000083080000)
 Metaspace       used 28027K, capacity 30022K, committed 30208K, reserved 1075200K
  class space    used 3401K, capacity 3738K, committed 3840K, reserved 1048576K
Event: 8.729 GC heap after
Heap after GC invocations=8 (full 1):
 PSYoungGen      total 119808K, used 8696K [0x00000000d5580000, 0x00000000e1000000, 0x0000000100000000)
  eden space 111104K, 0% used [0x00000000d5580000,0x00000000d5580000,0x00000000dc200000)
  from space 8704K, 99% used [0x00000000dc200000,0x00000000dca7e098,0x00000000dca80000)
  to   space 11264K, 0% used [0x00000000e0500000,0x00000000e0500000,0x00000000e1000000)
 ParOldGen       total 49664K, used 9242K [0x0000000080000000, 0x0000000083080000, 0x00000000d5580000)
  object space 49664K, 18% used [0x0000000080000000,0x0000000080906868,0x0000000083080000)
 Metaspace       used 28027K, capacity 30022K, committed 30208K, reserved 1075200K
  class space    used 3401K, capacity 3738K, committed 3840K, reserved 1048576K
}
Event: 9.378 GC heap before
{Heap before GC invocations=9 (full 1):
 PSYoungGen      total 119808K, used 88088K [0x00000000d5580000, 0x00000000e1000000, 0x0000000100000000)
  eden space 111104K, 71% used [0x00000000d5580000,0x00000000da3081c0,0x00000000dc200000)
  from space 8704K, 99% used [0x00000000dc200000,0x00000000dca7e098,0x00000000dca80000)
  to   space 11264K, 0% used [0x00000000e0500000,0x00000000e0500000,0x00000000e1000000)
 ParOldGen       total 49664K, used 9242K [0x0000000080000000, 0x0000000083080000, 0x00000000d5580000)
  object space 49664K, 18% used [0x0000000080000000,0x0000000080906868,0x0000000083080000)
 Metaspace       used 33253K, capacity 35290K, committed 35416K, reserved 1081344K
  class space    used 3930K, capacity 4286K, committed 4352K, reserved 1048576K
Event: 9.391 GC heap after
Heap after GC invocations=9 (full 1):
 PSYoungGen      total 178176K, used 10476K [0x00000000d5580000, 0x00000000e1300000, 0x0000000100000000)
  eden space 166912K, 0% used [0x00000000d5580000,0x00000000d5580000,0x00000000df880000)
  from space 11264K, 93% used [0x00000000e0500000,0x00000000e0f3b148,0x00000000e1000000)
  to   space 12800K, 0% used [0x00000000df880000,0x00000000df880000,0x00000000e0500000)
 ParOldGen       total 49664K, used 9242K [0x0000000080000000, 0x0000000083080000, 0x00000000d5580000)
  object space 49664K, 18% used [0x0000000080000000,0x0000000080906868,0x0000000083080000)
 Metaspace       used 33253K, capacity 35290K, committed 35416K, reserved 1081344K
  class space    used 3930K, capacity 4286K, committed 4352K, reserved 1048576K
}
Event: 9.391 GC heap before
{Heap before GC invocations=10 (full 2):
 PSYoungGen      total 178176K, used 10476K [0x00000000d5580000, 0x00000000e1300000, 0x0000000100000000)
  eden space 166912K, 0% used [0x00000000d5580000,0x00000000d5580000,0x00000000df880000)
  from space 11264K, 93% used [0x00000000e0500000,0x00000000e0f3b148,0x00000000e1000000)
  to   space 12800K, 0% used [0x00000000df880000,0x00000000df880000,0x00000000e0500000)
 ParOldGen       total 49664K, used 9242K [0x0000000080000000, 0x0000000083080000, 0x00000000d5580000)
  object space 49664K, 18% used [0x0000000080000000,0x0000000080906868,0x0000000083080000)
 Metaspace       used 33253K, capacity 35290K, committed 35416K, reserved 1081344K
  class space    used 3930K, capacity 4286K, committed 4352K, reserved 1048576K
Event: 9.438 GC heap after
Heap after GC invocations=10 (full 2):
 PSYoungGen      total 178176K, used 0K [0x00000000d5580000, 0x00000000e1300000, 0x0000000100000000)
  eden space 166912K, 0% used [0x00000000d5580000,0x00000000d5580000,0x00000000df880000)
  from space 11264K, 0% used [0x00000000e0500000,0x00000000e0500000,0x00000000e1000000)
  to   space 12800K, 0% used [0x00000000df880000,0x00000000df880000,0x00000000e0500000)
 ParOldGen       total 73728K, used 15262K [0x0000000080000000, 0x0000000084800000, 0x00000000d5580000)
  object space 73728K, 20% used [0x0000000080000000,0x0000000080ee7b20,0x0000000084800000)
 Metaspace       used 33253K, capacity 35290K, committed 35416K, reserved 1081344K
  class space    used 3930K, capacity 4286K, committed 4352K, reserved 1048576K
}
Event: 10.102 GC heap before
{Heap before GC invocations=11 (full 2):
 PSYoungGen      total 178176K, used 166912K [0x00000000d5580000, 0x00000000e1300000, 0x0000000100000000)
  eden space 166912K, 100% used [0x00000000d5580000,0x00000000df880000,0x00000000df880000)
  from space 11264K, 0% used [0x00000000e0500000,0x00000000e0500000,0x00000000e1000000)
  to   space 12800K, 0% used [0x00000000df880000,0x00000000df880000,0x00000000e0500000)
 ParOldGen       total 73728K, used 15262K [0x0000000080000000, 0x0000000084800000, 0x00000000d5580000)
  object space 73728K, 20% used [0x0000000080000000,0x0000000080ee7b20,0x0000000084800000)
 Metaspace       used 40354K, capacity 42456K, committed 42624K, reserved 1087488K
  class space    used 4807K, capacity 5174K, committed 5248K, reserved 1048576K
Event: 10.110 GC heap after
Heap after GC invocations=11 (full 2):
 PSYoungGen      total 179712K, used 8848K [0x00000000d5580000, 0x00000000e4c00000, 0x0000000100000000)
  eden space 166912K, 0% used [0x00000000d5580000,0x00000000d5580000,0x00000000df880000)
  from space 12800K, 69% used [0x00000000df880000,0x00000000e0124190,0x00000000e0500000)
  to   space 13312K, 0% used [0x00000000e3f00000,0x00000000e3f00000,0x00000000e4c00000)
 ParOldGen       total 73728K, used 15262K [0x0000000080000000, 0x0000000084800000, 0x00000000d5580000)
  object space 73728K, 20% used [0x0000000080000000,0x0000000080ee7b20,0x0000000084800000)
 Metaspace       used 40354K, capacity 42456K, committed 42624K, reserved 1087488K
  class space    used 4807K, capacity 5174K, committed 5248K, reserved 1048576K
}
Event: 10.778 GC heap before
{Heap before GC invocations=12 (full 2):
 PSYoungGen      total 179712K, used 175760K [0x00000000d5580000, 0x00000000e4c00000, 0x0000000100000000)
  eden space 166912K, 100% used [0x00000000d5580000,0x00000000df880000,0x00000000df880000)
  from space 12800K, 69% used [0x00000000df880000,0x00000000e0124190,0x00000000e0500000)
  to   space 13312K, 0% used [0x00000000e3f00000,0x00000000e3f00000,0x00000000e4c00000)
 ParOldGen       total 73728K, used 15262K [0x0000000080000000, 0x0000000084800000, 0x00000000d5580000)
  object space 73728K, 20% used [0x0000000080000000,0x0000000080ee7b20,0x0000000084800000)
 Metaspace       used 46417K, capacity 48642K, committed 49024K, reserved 1091584K
  class space    used 5527K, capacity 5923K, committed 6016K, reserved 1048576K
Event: 10.800 GC heap after
Heap after GC invocations=12 (full 2):
 PSYoungGen      total 239104K, used 8734K [0x00000000d5580000, 0x00000000e5100000, 0x0000000100000000)
  eden space 225792K, 0% used [0x00000000d5580000,0x00000000d5580000,0x00000000e3200000)
  from space 13312K, 65% used [0x00000000e3f00000,0x00000000e4787848,0x00000000e4c00000)
  to   space 13312K, 0% used [0x00000000e3200000,0x00000000e3200000,0x00000000e3f00000)
 ParOldGen       total 73728K, used 15270K [0x0000000080000000, 0x0000000084800000, 0x00000000d5580000)
  object space 73728K, 20% used [0x0000000080000000,0x0000000080ee9b20,0x0000000084800000)
 Metaspace       used 46417K, capacity 48642K, committed 49024K, reserved 1091584K
  class space    used 5527K, capacity 5923K, committed 6016K, reserved 1048576K
}
Event: 17.916 GC heap before
{Heap before GC invocations=13 (full 2):
 PSYoungGen      total 239104K, used 234526K [0x00000000d5580000, 0x00000000e5100000, 0x0000000100000000)
  eden space 225792K, 100% used [0x00000000d5580000,0x00000000e3200000,0x00000000e3200000)
  from space 13312K, 65% used [0x00000000e3f00000,0x00000000e4787848,0x00000000e4c00000)
  to   space 13312K, 0% used [0x00000000e3200000,0x00000000e3200000,0x00000000e3f00000)
 ParOldGen       total 73728K, used 15270K [0x0000000080000000, 0x0000000084800000, 0x00000000d5580000)
  object space 73728K, 20% used [0x0000000080000000,0x0000000080ee9b20,0x0000000084800000)
 Metaspace       used 54135K, capacity 56608K, committed 56960K, reserved 1099776K
  class space    used 6274K, capacity 6702K, committed 6784K, reserved 1048576K
Event: 17.932 GC heap after
Heap after GC invocations=13 (full 2):
 PSYoungGen      total 239104K, used 12602K [0x00000000d5580000, 0x00000000e9b80000, 0x0000000100000000)
  eden space 225792K, 0% used [0x00000000d5580000,0x00000000d5580000,0x00000000e3200000)
  from space 13312K, 94% used [0x00000000e3200000,0x00000000e3e4e810,0x00000000e3f00000)
  to   space 14848K, 0% used [0x00000000e8d00000,0x00000000e8d00000,0x00000000e9b80000)
 ParOldGen       total 73728K, used 17343K [0x0000000080000000, 0x0000000084800000, 0x00000000d5580000)
  object space 73728K, 23% used [0x0000000080000000,0x00000000810eff20,0x0000000084800000)
 Metaspace       used 54135K, capacity 56608K, committed 56960K, reserved 1099776K
  class space    used 6274K, capacity 6702K, committed 6784K, reserved 1048576K
}
Event: 22.228 GC heap before
{Heap before GC invocations=14 (full 2):
 PSYoungGen      total 239104K, used 161757K [0x00000000d5580000, 0x00000000e9b80000, 0x0000000100000000)
  eden space 225792K, 66% used [0x00000000d5580000,0x00000000de728fb8,0x00000000e3200000)
  from space 13312K, 94% used [0x00000000e3200000,0x00000000e3e4e810,0x00000000e3f00000)
  to   space 14848K, 0% used [0x00000000e8d00000,0x00000000e8d00000,0x00000000e9b80000)
 ParOldGen       total 73728K, used 17343K [0x0000000080000000, 0x0000000084800000, 0x00000000d5580000)
  object space 73728K, 23% used [0x0000000080000000,0x00000000810eff20,0x0000000084800000)
 Metaspace       used 56351K, capacity 58808K, committed 59008K, reserved 1101824K
  class space    used 6495K, capacity 6926K, committed 7040K, reserved 1048576K
Event: 22.242 GC heap after
Heap after GC invocations=14 (full 2):
 PSYoungGen      total 303616K, used 3986K [0x00000000d5580000, 0x00000000e9400000, 0x0000000100000000)
  eden space 296448K, 0% used [0x00000000d5580000,0x00000000d5580000,0x00000000e7700000)
  from space 7168K, 55% used [0x00000000e8d00000,0x00000000e90e4b60,0x00000000e9400000)
  to   space 14848K, 0% used [0x00000000e7700000,0x00000000e7700000,0x00000000e8580000)
 ParOldGen       total 73728K, used 23188K [0x0000000080000000, 0x0000000084800000, 0x00000000d5580000)
  object space 73728K, 31% used [0x0000000080000000,0x00000000816a51b8,0x0000000084800000)
 Metaspace       used 56351K, capacity 58808K, committed 59008K, reserved 1101824K
  class space    used 6495K, capacity 6926K, committed 7040K, reserved 1048576K
}
Event: 22.242 GC heap before
{Heap before GC invocations=15 (full 3):
 PSYoungGen      total 303616K, used 3986K [0x00000000d5580000, 0x00000000e9400000, 0x0000000100000000)
  eden space 296448K, 0% used [0x00000000d5580000,0x00000000d5580000,0x00000000e7700000)
  from space 7168K, 55% used [0x00000000e8d00000,0x00000000e90e4b60,0x00000000e9400000)
  to   space 14848K, 0% used [0x00000000e7700000,0x00000000e7700000,0x00000000e8580000)
 ParOldGen       total 73728K, used 23188K [0x0000000080000000, 0x0000000084800000, 0x00000000d5580000)
  object space 73728K, 31% used [0x0000000080000000,0x00000000816a51b8,0x0000000084800000)
 Metaspace       used 56351K, capacity 58808K, committed 59008K, reserved 1101824K
  class space    used 6495K, capacity 6926K, committed 7040K, reserved 1048576K
Event: 22.348 GC heap after
Heap after GC invocations=15 (full 3):
 PSYoungGen      total 303616K, used 0K [0x00000000d5580000, 0x00000000e9400000, 0x0000000100000000)
  eden space 296448K, 0% used [0x00000000d5580000,0x00000000d5580000,0x00000000e7700000)
  from space 7168K, 0% used [0x00000000e8d00000,0x00000000e8d00000,0x00000000e9400000)
  to   space 14848K, 0% used [0x00000000e7700000,0x00000000e7700000,0x00000000e8580000)
 ParOldGen       total 99840K, used 23112K [0x0000000080000000, 0x0000000086180000, 0x00000000d5580000)
  object space 99840K, 23% used [0x0000000080000000,0x00000000816921c8,0x0000000086180000)
 Metaspace       used 56351K, capacity 58808K, committed 59008K, reserved 1101824K
  class space    used 6495K, capacity 6926K, committed 7040K, reserved 1048576K
}

