<?xml version="1.0" encoding="UTF-8"?>
<testsuite xmlns:xsi="http://www.w3.org/2001/XMLSchema-instance" xsi:noNamespaceSchemaLocation="https://maven.apache.org/surefire/maven-surefire-plugin/xsd/surefire-test-report.xsd" name="org.apache.hadoop.hdds.upgrade.TestHDDSUpgrade" time="465.054" tests="13" errors="1" skipped="4" failures="0">
  <properties>
[...]
</properties>
  <testcase name="testDataNodeAndSCMFailuresTogetherDuringDataNodeUpgrade" classname="org.apache.hadoop.hdds.upgrade.TestHDDSUpgrade" time="0">
    <skipped/>
  </testcase>
  <testcase name="testDataNodeAndSCMFailuresTogetherDuringSCMUpgrade" classname="org.apache.hadoop.hdds.upgrade.TestHDDSUpgrade" time="0">
    <skipped/>
  </testcase>
  <testcase name="testScmFailuresAfterScmPostFinalizeUpgrade" classname="org.apache.hadoop.hdds.upgrade.TestHDDSUpgrade" time="59.041"/>
  <testcase name="testScmFailuresAfterScmPreFinalizeUpgrade" classname="org.apache.hadoop.hdds.upgrade.TestHDDSUpgrade" time="41.506"/>
  <testcase name="testAllDataNodeFailuresAfterScmPreFinalizeUpgrade" classname="org.apache.hadoop.hdds.upgrade.TestHDDSUpgrade" time="53.573"/>
  <testcase name="testAllDataNodeFailuresBeforeScmPreFinalizeUpgrade" classname="org.apache.hadoop.hdds.upgrade.TestHDDSUpgrade" time="55.041"/>
  <testcase name="testScmFailuresAfterScmCompleteFinalization" classname="org.apache.hadoop.hdds.upgrade.TestHDDSUpgrade" time="17.563"/>
  <testcase name="testScmFailuresBeforeScmPreFinalizeUpgrade" classname="org.apache.hadoop.hdds.upgrade.TestHDDSUpgrade" time="24.865"/>
  <testcase name="testDataNodeFailuresDuringDataNodeUpgrade" classname="org.apache.hadoop.hdds.upgrade.TestHDDSUpgrade" time="0">
    <skipped/>
  </testcase>
  <testcase name="testAllPossibleDataNodeFailuresAndSCMFailures" classname="org.apache.hadoop.hdds.upgrade.TestHDDSUpgrade" time="0">
    <skipped/>
  </testcase>
  <testcase name="testAllDataNodeFailuresAfterScmCompleteFinalization" classname="org.apache.hadoop.hdds.upgrade.TestHDDSUpgrade" time="55.96"/>
  <testcase name="testAllDataNodeFailuresAfterScmPostFinalizeUpgrade" classname="org.apache.hadoop.hdds.upgrade.TestHDDSUpgrade" time="57.023"/>
  <testcase name="testFinalizationFromInitialVersionToLatestVersion" classname="org.apache.hadoop.hdds.upgrade.TestHDDSUpgrade" time="100.129">
    <error message="Failed to obtain available cluster in time" type="java.io.IOException">java.io.IOException: Failed to obtain available cluster in time
	at org.apache.hadoop.ozone.MiniOzoneClusterProvider.provide(MiniOzoneClusterProvider.java:162)
	at org.apache.hadoop.hdds.upgrade.TestHDDSUpgrade.init(TestHDDSUpgrade.java:174)
	at org.apache.hadoop.hdds.upgrade.TestHDDSUpgrade.setUp(TestHDDSUpgrade.java:136)
	at sun.reflect.NativeMethodAccessorImpl.invoke0(Native Method)
	at sun.reflect.NativeMethodAccessorImpl.invoke(NativeMethodAccessorImpl.java:62)
	at sun.reflect.DelegatingMethodAccessorImpl.invoke(DelegatingMethodAccessorImpl.java:43)
	at java.lang.reflect.Method.invoke(Method.java:498)
	at org.junit.runners.model.FrameworkMethod$1.runReflectiveCall(FrameworkMethod.java:59)
	at org.junit.internal.runners.model.ReflectiveCallable.run(ReflectiveCallable.java:12)
	at org.junit.runners.model.FrameworkMethod.invokeExplosively(FrameworkMethod.java:56)
	at org.junit.internal.runners.statements.RunBefores.invokeMethod(RunBefores.java:33)
	at org.junit.internal.runners.statements.RunBefores.evaluate(RunBefores.java:24)
	at org.junit.internal.runners.statements.RunAfters.evaluate(RunAfters.java:27)
	at org.junit.internal.runners.statements.FailOnTimeout$CallableStatement.call(FailOnTimeout.java:288)
	at org.junit.internal.runners.statements.FailOnTimeout$CallableStatement.call(FailOnTimeout.java:282)
	at java.util.concurrent.FutureTask.run(FutureTask.java:266)
	at java.lang.Thread.run(Thread.java:750)
</error>
    <system-out><![CDATA[2022-02-21 13:08:47,148 [Mini-Cluster-Provider-Reap] INFO  ozone.MiniOzoneClusterImpl (MiniOzoneClusterImpl.java:shutdown(437)) - Shutting down the Mini Ozone Cluster
2022-02-21 13:08:47,149 [Mini-Cluster-Provider-Reap] INFO  ozone.MiniOzoneClusterImpl (MiniOzoneClusterImpl.java:stop(452)) - Stopping the Mini Ozone Cluster
2022-02-21 13:08:47,149 [Mini-Cluster-Provider-Reap] INFO  ozone.MiniOzoneClusterImpl (MiniOzoneClusterImpl.java:stopOM(534)) - Stopping the OzoneManager
2022-02-21 13:08:47,149 [Mini-Cluster-Provider-Reap] INFO  om.OzoneManager (OzoneManager.java:stop(1893)) - om1[localhost:0]: Stopping Ozone Manager
2022-02-21 13:08:47,154 [Mini-Cluster-Provider-Reap] INFO  ipc.Server (Server.java:stop(3414)) - Stopping server on 39681
2022-02-21 13:08:47,216 [IPC Server listener on 0] INFO  ipc.Server (Server.java:run(1376)) - Stopping IPC Server listener on 0
2022-02-21 13:08:47,219 [IPC Server Responder] INFO  ipc.Server (Server.java:run(1512)) - Stopping IPC Server Responder
2022-02-21 13:08:47,224 [Mini-Cluster-Provider-Reap] INFO  server.RaftServer (RaftServerProxy.java:lambda$close$6(391)) - om1: close
2022-02-21 13:08:47,226 [Mini-Cluster-Provider-Reap] INFO  server.RaftServer$Division (RaftServerImpl.java:lambda$close$4(412)) - om1@group-C5BA1605619E: shutdown
2022-02-21 13:08:47,226 [Mini-Cluster-Provider-Reap] INFO  impl.RoleInfo (RoleInfo.java:shutdownLeaderState(91)) - om1: shutdown om1@group-C5BA1605619E-LeaderStateImpl
2022-02-21 13:08:47,226 [Mini-Cluster-Provider-Reap] INFO  impl.PendingRequests (PendingRequests.java:sendNotLeaderResponses(282)) - om1@group-C5BA1605619E-PendingRequests: sendNotLeaderResponses
2022-02-21 13:08:47,230 [Mini-Cluster-Provider-Reap] INFO  impl.StateMachineUpdater (StateMachineUpdater.java:stopAndJoin(149)) - om1@group-C5BA1605619E-StateMachineUpdater: set stopIndex = 8
2022-02-21 13:08:47,230 [om1@group-C5BA1605619E-StateMachineUpdater] INFO  ratis.OzoneManagerStateMachine (OzoneManagerStateMachine.java:takeSnapshot(417)) - Current Snapshot Index (t:1, i:8)
2022-02-21 13:08:47,230 [om1@group-C5BA1605619E-StateMachineUpdater] INFO  impl.StateMachineUpdater (StateMachineUpdater.java:takeSnapshot(281)) - om1@group-C5BA1605619E-StateMachineUpdater: Took a snapshot at index 8
2022-02-21 13:08:47,230 [om1@group-C5BA1605619E-StateMachineUpdater] INFO  impl.StateMachineUpdater (StateMachineUpdater.java:lambda$new$0(89)) - om1@group-C5BA1605619E-StateMachineUpdater: snapshotIndex: updateIncreasingly -1 -> 8
2022-02-21 13:08:47,230 [om1@group-C5BA1605619E-StateMachineUpdater] INFO  ratis.OzoneManagerStateMachine (OzoneManagerStateMachine.java:close(471)) - StateMachine has shutdown. Shutdown OzoneManager if not already shutdown.
2022-02-21 13:08:47,230 [Mini-Cluster-Provider-Reap] INFO  server.RaftServer$Division (ServerState.java:close(419)) - om1@group-C5BA1605619E: closes. applyIndex: 8
2022-02-21 13:08:47,230 [om1@group-C5BA1605619E-SegmentedRaftLogWorker] INFO  segmented.SegmentedRaftLogWorker (SegmentedRaftLogWorker.java:run(327)) - om1@group-C5BA1605619E-SegmentedRaftLogWorker was interrupted, exiting. There are 0 tasks remaining in the queue.
2022-02-21 13:08:47,231 [Mini-Cluster-Provider-Reap] INFO  segmented.SegmentedRaftLogWorker (SegmentedRaftLogWorker.java:close(237)) - om1@group-C5BA1605619E-SegmentedRaftLogWorker close()
2022-02-21 13:08:47,231 [Mini-Cluster-Provider-Reap] INFO  server.GrpcService (GrpcService.java:closeImpl(262)) - om1: shutdown server with port 42179 now
2022-02-21 13:08:47,244 [Mini-Cluster-Provider-Reap] INFO  server.GrpcService (GrpcService.java:closeImpl(271)) - om1: shutdown server with port 42179 successfully
2022-02-21 13:08:47,244 [org.apache.ratis.util.JvmPauseMonitor$$Lambda$544/961638039@5a551ae1] INFO  util.JvmPauseMonitor (JvmPauseMonitor.java:run(109)) - JvmPauseMonitor-om1: Stopped
2022-02-21 13:08:47,244 [Mini-Cluster-Provider-Reap] INFO  ratis.OzoneManagerDoubleBuffer (OzoneManagerDoubleBuffer.java:stop(437)) - Stopping OMDoubleBuffer flush thread
2022-02-21 13:08:47,248 [OMDoubleBufferFlushThread] INFO  ratis.OzoneManagerDoubleBuffer (OzoneManagerDoubleBuffer.java:flushTransactions(356)) - OMDoubleBuffer flush thread OMDoubleBufferFlushThread is interrupted and will exit. OMDoubleBufferFlushThread
2022-02-21 13:08:47,248 [Mini-Cluster-Provider-Reap] INFO  utils.BackgroundService (BackgroundService.java:shutdown(132)) - Shutting down service KeyDeletingService
2022-02-21 13:08:47,249 [Mini-Cluster-Provider-Reap] INFO  utils.BackgroundService (BackgroundService.java:shutdown(132)) - Shutting down service DirectoryDeletingService
2022-02-21 13:08:47,263 [Mini-Cluster-Provider-Reap] INFO  handler.ContextHandler (ContextHandler.java:doStop(1153)) - Stopped o.e.j.w.WebAppContext@135432d7{ozoneManager,/,null,STOPPED}{file:/home/runner/work/ozone/ozone/hadoop-ozone/integration-test/target/test-classes/webapps/ozoneManager}
2022-02-21 13:08:47,263 [Mini-Cluster-Provider-Reap] INFO  server.AbstractConnector (AbstractConnector.java:doStop(381)) - Stopped ServerConnector@67f65fcf{HTTP/1.1, (http/1.1)}{0.0.0.0:0}
2022-02-21 13:08:47,263 [Mini-Cluster-Provider-Reap] INFO  server.session (HouseKeeper.java:stopScavenging(149)) - node0 Stopped scavenging
2022-02-21 13:08:47,263 [Mini-Cluster-Provider-Reap] INFO  handler.ContextHandler (ContextHandler.java:doStop(1153)) - Stopped o.e.j.s.ServletContextHandler@2fbf192f{static,/static,file:///home/runner/work/ozone/ozone/hadoop-ozone/integration-test/target/test-classes/webapps/static,STOPPED}
2022-02-21 13:08:47,263 [Mini-Cluster-Provider-Reap] INFO  handler.ContextHandler (ContextHandler.java:doStop(1153)) - Stopped o.e.j.s.ServletContextHandler@7e99a82d{logs,/logs,file:///home/runner/work/ozone/ozone/hadoop-ozone/integration-test/target/log,STOPPED}
2022-02-21 13:08:47,322 [Mini-Cluster-Provider-Reap] INFO  ozone.MiniOzoneClusterImpl (MiniOzoneClusterImpl.java:stopDatanodes(511)) - Stopping the HddsDatanodes
2022-02-21 13:08:49,109 [EndpointStateMachine task thread for /0.0.0.0:42773 - 0 ] INFO  ozoneimpl.OzoneContainer (OzoneContainer.java:start(330)) - Attempting to start container services.
2022-02-21 13:08:49,109 [EndpointStateMachine task thread for /0.0.0.0:42773 - 0 ] INFO  ozoneimpl.OzoneContainer (OzoneContainer.java:startContainerScrub(265)) - Background container scanner has been disabled.
2022-02-21 13:08:49,111 [EndpointStateMachine task thread for /0.0.0.0:42773 - 0 ] INFO  replication.ReplicationServer (ReplicationServer.java:start(111)) - ReplicationServer is started using port 40399
2022-02-21 13:08:49,111 [EndpointStateMachine task thread for /0.0.0.0:42773 - 0 ] INFO  ratis.XceiverServerRatis (XceiverServerRatis.java:start(485)) - Starting XceiverServerRatis 1e9867b3-7932-4834-bd0c-de61db3dd235
2022-02-21 13:08:49,132 [EndpointStateMachine task thread for /0.0.0.0:42773 - 0 ] INFO  server.RaftServer$Division (RaftServerImpl.java:start(301)) - 1e9867b3-7932-4834-bd0c-de61db3dd235@group-19D876E2BABC: start as a follower, conf=0: [1e9867b3-7932-4834-bd0c-de61db3dd235|rpc:10.1.0.28:38501|dataStream:|priority:1, 1f0768b2-9a60-4777-acfa-fab92a0d29ae|rpc:10.1.0.28:38289|dataStream:|priority:0, 78463046-6111-490f-bb3a-e80d5b052e75|rpc:10.1.0.28:35489|dataStream:|priority:0], old=null
2022-02-21 13:08:49,132 [EndpointStateMachine task thread for /0.0.0.0:42773 - 0 ] INFO  server.RaftServer$Division (RaftServerImpl.java:setRole(290)) - 1e9867b3-7932-4834-bd0c-de61db3dd235@group-19D876E2BABC: changes role from      null to FOLLOWER at term 2 for startAsFollower
2022-02-21 13:08:49,132 [EndpointStateMachine task thread for /0.0.0.0:42773 - 0 ] INFO  impl.RoleInfo (RoleInfo.java:updateAndGet(130)) - 1e9867b3-7932-4834-bd0c-de61db3dd235: start 1e9867b3-7932-4834-bd0c-de61db3dd235@group-19D876E2BABC-FollowerState
2022-02-21 13:08:49,137 [EndpointStateMachine task thread for /0.0.0.0:42773 - 0 ] INFO  util.JmxRegister (JmxRegister.java:tryRegister(44)) - Successfully registered JMX Bean with object name Ratis:service=RaftServer,group=group-19D876E2BABC,id=1e9867b3-7932-4834-bd0c-de61db3dd235
2022-02-21 13:08:49,138 [EndpointStateMachine task thread for /0.0.0.0:42773 - 0 ] INFO  server.RaftServer$Division (RaftServerImpl.java:start(301)) - 1e9867b3-7932-4834-bd0c-de61db3dd235@group-B91440A2EEDD: start as a follower, conf=0: [1e9867b3-7932-4834-bd0c-de61db3dd235|rpc:10.1.0.28:38501|dataStream:|priority:1], old=null
2022-02-21 13:08:49,139 [EndpointStateMachine task thread for /0.0.0.0:42773 - 0 ] INFO  server.RaftServer$Division (RaftServerImpl.java:setRole(290)) - 1e9867b3-7932-4834-bd0c-de61db3dd235@group-B91440A2EEDD: changes role from      null to FOLLOWER at term 1 for startAsFollower
2022-02-21 13:08:49,139 [EndpointStateMachine task thread for /0.0.0.0:42773 - 0 ] INFO  impl.RoleInfo (RoleInfo.java:updateAndGet(130)) - 1e9867b3-7932-4834-bd0c-de61db3dd235: start 1e9867b3-7932-4834-bd0c-de61db3dd235@group-B91440A2EEDD-FollowerState
2022-02-21 13:08:49,148 [EndpointStateMachine task thread for /0.0.0.0:42773 - 0 ] INFO  util.JmxRegister (JmxRegister.java:tryRegister(44)) - Successfully registered JMX Bean with object name Ratis:service=RaftServer,group=group-B91440A2EEDD,id=1e9867b3-7932-4834-bd0c-de61db3dd235
2022-02-21 13:08:49,152 [EndpointStateMachine task thread for /0.0.0.0:42773 - 0 ] INFO  server.RaftServer (RaftServerProxy.java:lambda$start$5(374)) - 1e9867b3-7932-4834-bd0c-de61db3dd235: start RPC server
2022-02-21 13:08:49,156 [EndpointStateMachine task thread for /0.0.0.0:42773 - 0 ] INFO  server.GrpcService (GrpcService.java:startImpl(253)) - 1e9867b3-7932-4834-bd0c-de61db3dd235: GrpcService started, listening on 38501
2022-02-21 13:08:49,170 [EndpointStateMachine task thread for /0.0.0.0:42773 - 0 ] INFO  ratis.XceiverServerRatis (XceiverServerRatis.java:getRealPort(506)) - XceiverServerRatis 1e9867b3-7932-4834-bd0c-de61db3dd235 is started using port 38501 for RATIS
2022-02-21 13:08:49,170 [EndpointStateMachine task thread for /0.0.0.0:42773 - 0 ] INFO  ratis.XceiverServerRatis (XceiverServerRatis.java:getRealPort(506)) - XceiverServerRatis 1e9867b3-7932-4834-bd0c-de61db3dd235 is started using port 38501 for RATIS_ADMIN
2022-02-21 13:08:49,170 [EndpointStateMachine task thread for /0.0.0.0:42773 - 0 ] INFO  ratis.XceiverServerRatis (XceiverServerRatis.java:getRealPort(506)) - XceiverServerRatis 1e9867b3-7932-4834-bd0c-de61db3dd235 is started using port 38501 for RATIS_SERVER
2022-02-21 13:08:49,176 [org.apache.ratis.util.JvmPauseMonitor$$Lambda$544/961638039@701abeea] INFO  util.JvmPauseMonitor (JvmPauseMonitor.java:run(103)) - JvmPauseMonitor-1e9867b3-7932-4834-bd0c-de61db3dd235: Started
2022-02-21 13:08:49,406 [grpc-default-executor-5] INFO  ratis.XceiverServerRatis (XceiverServerRatis.java:handleLeaderChangedNotification(867)) - Leader change notification received for group: group-19D876E2BABC with new leaderId: 78463046-6111-490f-bb3a-e80d5b052e75
2022-02-21 13:08:49,406 [grpc-default-executor-5] INFO  server.RaftServer$Division (ServerState.java:setLeader(285)) - 1e9867b3-7932-4834-bd0c-de61db3dd235@group-19D876E2BABC: change Leader from null to 78463046-6111-490f-bb3a-e80d5b052e75 at term 3 for appendEntries, leader elected after 2429ms
2022-02-21 13:08:49,407 [grpc-default-executor-5] INFO  server.RaftServer$Division (RaftServerImpl.java:checkInconsistentAppendEntries(1322)) - 1e9867b3-7932-4834-bd0c-de61db3dd235@group-19D876E2BABC: Failed appendEntries as previous log entry ((t:3, i:2)) is not found
2022-02-21 13:08:49,407 [grpc-default-executor-5] INFO  server.RaftServer$Division (RaftServerImpl.java:checkInconsistentAppendEntries(1288)) - 1e9867b3-7932-4834-bd0c-de61db3dd235@group-19D876E2BABC: inconsistency entries. Reply:78463046-6111-490f-bb3a-e80d5b052e75<-1e9867b3-7932-4834-bd0c-de61db3dd235#1985511:FAIL-t2,INCONSISTENCY,nextIndex=1,followerCommit=0
2022-02-21 13:08:49,408 [grpc-default-executor-5] INFO  leader.FollowerInfo (FollowerInfoImpl.java:lambda$new$0(47)) - 78463046-6111-490f-bb3a-e80d5b052e75@group-19D876E2BABC->1e9867b3-7932-4834-bd0c-de61db3dd235: nextIndex: updateUnconditionally 3 -> 1
2022-02-21 13:08:49,439 [grpc-default-executor-5] INFO  server.RaftServer$Division (ServerState.java:setRaftConf(387)) - 1e9867b3-7932-4834-bd0c-de61db3dd235@group-19D876E2BABC: set configuration 1: [1e9867b3-7932-4834-bd0c-de61db3dd235|rpc:10.1.0.28:38501|dataStream:|priority:1, 1f0768b2-9a60-4777-acfa-fab92a0d29ae|rpc:10.1.0.28:38289|dataStream:|priority:0, 78463046-6111-490f-bb3a-e80d5b052e75|rpc:10.1.0.28:35489|dataStream:|priority:0], old=null
2022-02-21 13:08:49,439 [grpc-default-executor-5] INFO  segmented.SegmentedRaftLogWorker (SegmentedRaftLogWorker.java:rollLogSegment(399)) - 1e9867b3-7932-4834-bd0c-de61db3dd235@group-19D876E2BABC-SegmentedRaftLogWorker: Rolling segment log-0_0 to index:0
2022-02-21 13:08:49,447 [1e9867b3-7932-4834-bd0c-de61db3dd235@group-19D876E2BABC-SegmentedRaftLogWorker] INFO  segmented.SegmentedRaftLogWorker (SegmentedRaftLogWorker.java:execute(558)) - 1e9867b3-7932-4834-bd0c-de61db3dd235@group-19D876E2BABC-SegmentedRaftLogWorker: Rolled log segment from /home/runner/work/ozone/ozone/hadoop-ozone/integration-test/target/test-dir/MiniOzoneClusterImpl-6c981b18-4c4b-4afe-b5f4-f7a28dfafb06/datanode-2/data/ratis/52272a55-87ff-4bec-be4c-19d876e2babc/current/log_inprogress_0 to /home/runner/work/ozone/ozone/hadoop-ozone/integration-test/target/test-dir/MiniOzoneClusterImpl-6c981b18-4c4b-4afe-b5f4-f7a28dfafb06/datanode-2/data/ratis/52272a55-87ff-4bec-be4c-19d876e2babc/current/log_0-0
2022-02-21 13:08:49,449 [1e9867b3-7932-4834-bd0c-de61db3dd235@group-19D876E2BABC-SegmentedRaftLogWorker] INFO  segmented.SegmentedRaftLogWorker (SegmentedRaftLogWorker.java:execute(601)) - 1e9867b3-7932-4834-bd0c-de61db3dd235@group-19D876E2BABC-SegmentedRaftLogWorker: created new log segment /home/runner/work/ozone/ozone/hadoop-ozone/integration-test/target/test-dir/MiniOzoneClusterImpl-6c981b18-4c4b-4afe-b5f4-f7a28dfafb06/datanode-2/data/ratis/52272a55-87ff-4bec-be4c-19d876e2babc/current/log_inprogress_1
2022-02-21 13:08:52,322 [Mini-Cluster-Provider-Reap] INFO  ozoneimpl.OzoneContainer (OzoneContainer.java:stop(351)) - Attempting to stop container services.
2022-02-21 13:08:52,361 [ForkJoinPool.commonPool-worker-1] INFO  ozoneimpl.OzoneContainer (OzoneContainer.java:stop(351)) - Attempting to stop container services.
2022-02-21 13:08:52,368 [Mini-Cluster-Provider-Reap] INFO  server.RaftServer (RaftServerProxy.java:lambda$close$6(391)) - 1f0768b2-9a60-4777-acfa-fab92a0d29ae: close
2022-02-21 13:08:52,368 [ForkJoinPool.commonPool-worker-1] INFO  server.RaftServer (RaftServerProxy.java:lambda$close$6(391)) - 78463046-6111-490f-bb3a-e80d5b052e75: close
2022-02-21 13:08:52,369 [Mini-Cluster-Provider-Reap] INFO  server.RaftServer$Division (RaftServerImpl.java:lambda$close$4(412)) - 1f0768b2-9a60-4777-acfa-fab92a0d29ae@group-6E3183D4B956: shutdown
2022-02-21 13:08:52,369 [ForkJoinPool.commonPool-worker-1] INFO  server.RaftServer$Division (RaftServerImpl.java:lambda$close$4(412)) - 78463046-6111-490f-bb3a-e80d5b052e75@group-8999BCEAE483: shutdown
2022-02-21 13:08:52,369 [Mini-Cluster-Provider-Reap] INFO  util.JmxRegister (JmxRegister.java:unregister(73)) - Successfully un-registered JMX Bean with object name Ratis:service=RaftServer,group=group-6E3183D4B956,id=1f0768b2-9a60-4777-acfa-fab92a0d29ae
2022-02-21 13:08:52,369 [Mini-Cluster-Provider-Reap] INFO  impl.RoleInfo (RoleInfo.java:shutdownLeaderState(91)) - 1f0768b2-9a60-4777-acfa-fab92a0d29ae: shutdown 1f0768b2-9a60-4777-acfa-fab92a0d29ae@group-6E3183D4B956-LeaderStateImpl
2022-02-21 13:08:52,369 [ForkJoinPool.commonPool-worker-1] INFO  util.JmxRegister (JmxRegister.java:unregister(73)) - Successfully un-registered JMX Bean with object name Ratis:service=RaftServer,group=group-8999BCEAE483,id=78463046-6111-490f-bb3a-e80d5b052e75
2022-02-21 13:08:52,369 [Mini-Cluster-Provider-Reap] INFO  impl.PendingRequests (PendingRequests.java:sendNotLeaderResponses(282)) - 1f0768b2-9a60-4777-acfa-fab92a0d29ae@group-6E3183D4B956-PendingRequests: sendNotLeaderResponses
2022-02-21 13:08:52,369 [ForkJoinPool.commonPool-worker-1] INFO  impl.RoleInfo (RoleInfo.java:shutdownLeaderState(91)) - 78463046-6111-490f-bb3a-e80d5b052e75: shutdown 78463046-6111-490f-bb3a-e80d5b052e75@group-8999BCEAE483-LeaderStateImpl
2022-02-21 13:08:52,369 [ForkJoinPool.commonPool-worker-1] INFO  impl.PendingRequests (PendingRequests.java:sendNotLeaderResponses(282)) - 78463046-6111-490f-bb3a-e80d5b052e75@group-8999BCEAE483-PendingRequests: sendNotLeaderResponses
2022-02-21 13:08:52,371 [Mini-Cluster-Provider-Reap] INFO  impl.StateMachineUpdater (StateMachineUpdater.java:stopAndJoin(149)) - 1f0768b2-9a60-4777-acfa-fab92a0d29ae@group-6E3183D4B956-StateMachineUpdater: set stopIndex = 2
2022-02-21 13:08:52,371 [1f0768b2-9a60-4777-acfa-fab92a0d29ae@group-6E3183D4B956-StateMachineUpdater] INFO  ratis.ContainerStateMachine (ContainerStateMachine.java:takeSnapshot(304)) - group-6E3183D4B956: Taking a snapshot at:(t:2, i:2) file /home/runner/work/ozone/ozone/hadoop-ozone/integration-test/target/test-dir/MiniOzoneClusterImpl-6c981b18-4c4b-4afe-b5f4-f7a28dfafb06/datanode-1/data/ratis/e719fdc1-c24c-4cfe-ae6e-6e3183d4b956/sm/snapshot.2_2
2022-02-21 13:08:52,372 [ForkJoinPool.commonPool-worker-1] INFO  impl.StateMachineUpdater (StateMachineUpdater.java:stopAndJoin(149)) - 78463046-6111-490f-bb3a-e80d5b052e75@group-8999BCEAE483-StateMachineUpdater: set stopIndex = 2
2022-02-21 13:08:52,372 [78463046-6111-490f-bb3a-e80d5b052e75@group-8999BCEAE483-StateMachineUpdater] INFO  ratis.ContainerStateMachine (ContainerStateMachine.java:takeSnapshot(304)) - group-8999BCEAE483: Taking a snapshot at:(t:2, i:2) file /home/runner/work/ozone/ozone/hadoop-ozone/integration-test/target/test-dir/MiniOzoneClusterImpl-6c981b18-4c4b-4afe-b5f4-f7a28dfafb06/datanode-0/data/ratis/da01f13f-aa65-42e7-891e-8999bceae483/sm/snapshot.2_2
2022-02-21 13:08:52,372 [1f0768b2-9a60-4777-acfa-fab92a0d29ae@group-6E3183D4B956-StateMachineUpdater] INFO  ratis.ContainerStateMachine (ContainerStateMachine.java:takeSnapshot(315)) - group-6E3183D4B956: Finished taking a snapshot at:(t:2, i:2) file:/home/runner/work/ozone/ozone/hadoop-ozone/integration-test/target/test-dir/MiniOzoneClusterImpl-6c981b18-4c4b-4afe-b5f4-f7a28dfafb06/datanode-1/data/ratis/e719fdc1-c24c-4cfe-ae6e-6e3183d4b956/sm/snapshot.2_2 took: 1 ms
2022-02-21 13:08:52,373 [1f0768b2-9a60-4777-acfa-fab92a0d29ae@group-6E3183D4B956-StateMachineUpdater] INFO  impl.StateMachineUpdater (StateMachineUpdater.java:takeSnapshot(281)) - 1f0768b2-9a60-4777-acfa-fab92a0d29ae@group-6E3183D4B956-StateMachineUpdater: Took a snapshot at index 2
2022-02-21 13:08:52,373 [1f0768b2-9a60-4777-acfa-fab92a0d29ae@group-6E3183D4B956-StateMachineUpdater] INFO  impl.StateMachineUpdater (StateMachineUpdater.java:lambda$new$0(89)) - 1f0768b2-9a60-4777-acfa-fab92a0d29ae@group-6E3183D4B956-StateMachineUpdater: snapshotIndex: updateIncreasingly 0 -> 2
2022-02-21 13:08:52,373 [Mini-Cluster-Provider-Reap] INFO  server.RaftServer$Division (ServerState.java:close(419)) - 1f0768b2-9a60-4777-acfa-fab92a0d29ae@group-6E3183D4B956: closes. applyIndex: 2
2022-02-21 13:08:52,373 [78463046-6111-490f-bb3a-e80d5b052e75@group-8999BCEAE483-StateMachineUpdater] INFO  ratis.ContainerStateMachine (ContainerStateMachine.java:takeSnapshot(315)) - group-8999BCEAE483: Finished taking a snapshot at:(t:2, i:2) file:/home/runner/work/ozone/ozone/hadoop-ozone/integration-test/target/test-dir/MiniOzoneClusterImpl-6c981b18-4c4b-4afe-b5f4-f7a28dfafb06/datanode-0/data/ratis/da01f13f-aa65-42e7-891e-8999bceae483/sm/snapshot.2_2 took: 2 ms
2022-02-21 13:08:52,373 [1f0768b2-9a60-4777-acfa-fab92a0d29ae@group-6E3183D4B956-SegmentedRaftLogWorker] INFO  segmented.SegmentedRaftLogWorker (SegmentedRaftLogWorker.java:run(327)) - 1f0768b2-9a60-4777-acfa-fab92a0d29ae@group-6E3183D4B956-SegmentedRaftLogWorker was interrupted, exiting. There are 0 tasks remaining in the queue.
2022-02-21 13:08:52,373 [78463046-6111-490f-bb3a-e80d5b052e75@group-8999BCEAE483-StateMachineUpdater] INFO  impl.StateMachineUpdater (StateMachineUpdater.java:takeSnapshot(281)) - 78463046-6111-490f-bb3a-e80d5b052e75@group-8999BCEAE483-StateMachineUpdater: Took a snapshot at index 2
2022-02-21 13:08:52,420 [78463046-6111-490f-bb3a-e80d5b052e75@group-8999BCEAE483-StateMachineUpdater] INFO  impl.StateMachineUpdater (StateMachineUpdater.java:lambda$new$0(89)) - 78463046-6111-490f-bb3a-e80d5b052e75@group-8999BCEAE483-StateMachineUpdater: snapshotIndex: updateIncreasingly 0 -> 2
2022-02-21 13:08:52,375 [Mini-Cluster-Provider-Reap] INFO  segmented.SegmentedRaftLogWorker (SegmentedRaftLogWorker.java:close(237)) - 1f0768b2-9a60-4777-acfa-fab92a0d29ae@group-6E3183D4B956-SegmentedRaftLogWorker close()
2022-02-21 13:08:52,486 [Mini-Cluster-Provider-Reap] INFO  server.RaftServer$Division (RaftServerImpl.java:lambda$close$4(412)) - 1f0768b2-9a60-4777-acfa-fab92a0d29ae@group-19D876E2BABC: shutdown
2022-02-21 13:08:52,486 [Mini-Cluster-Provider-Reap] INFO  util.JmxRegister (JmxRegister.java:unregister(73)) - Successfully un-registered JMX Bean with object name Ratis:service=RaftServer,group=group-19D876E2BABC,id=1f0768b2-9a60-4777-acfa-fab92a0d29ae
2022-02-21 13:08:52,486 [Mini-Cluster-Provider-Reap] INFO  impl.RoleInfo (RoleInfo.java:shutdownFollowerState(108)) - 1f0768b2-9a60-4777-acfa-fab92a0d29ae: shutdown 1f0768b2-9a60-4777-acfa-fab92a0d29ae@group-19D876E2BABC-FollowerState
2022-02-21 13:08:52,486 [Mini-Cluster-Provider-Reap] INFO  impl.StateMachineUpdater (StateMachineUpdater.java:stopAndJoin(149)) - 1f0768b2-9a60-4777-acfa-fab92a0d29ae@group-19D876E2BABC-StateMachineUpdater: set stopIndex = 2
2022-02-21 13:08:52,486 [1f0768b2-9a60-4777-acfa-fab92a0d29ae@group-19D876E2BABC-StateMachineUpdater] INFO  ratis.ContainerStateMachine (ContainerStateMachine.java:takeSnapshot(304)) - group-19D876E2BABC: Taking a snapshot at:(t:3, i:2) file /home/runner/work/ozone/ozone/hadoop-ozone/integration-test/target/test-dir/MiniOzoneClusterImpl-6c981b18-4c4b-4afe-b5f4-f7a28dfafb06/datanode-1/data/ratis/52272a55-87ff-4bec-be4c-19d876e2babc/sm/snapshot.3_2
2022-02-21 13:08:52,487 [1f0768b2-9a60-4777-acfa-fab92a0d29ae@group-19D876E2BABC-StateMachineUpdater] INFO  ratis.ContainerStateMachine (ContainerStateMachine.java:takeSnapshot(315)) - group-19D876E2BABC: Finished taking a snapshot at:(t:3, i:2) file:/home/runner/work/ozone/ozone/hadoop-ozone/integration-test/target/test-dir/MiniOzoneClusterImpl-6c981b18-4c4b-4afe-b5f4-f7a28dfafb06/datanode-1/data/ratis/52272a55-87ff-4bec-be4c-19d876e2babc/sm/snapshot.3_2 took: 1 ms
2022-02-21 13:08:52,488 [1f0768b2-9a60-4777-acfa-fab92a0d29ae@group-19D876E2BABC-StateMachineUpdater] INFO  impl.StateMachineUpdater (StateMachineUpdater.java:takeSnapshot(281)) - 1f0768b2-9a60-4777-acfa-fab92a0d29ae@group-19D876E2BABC-StateMachineUpdater: Took a snapshot at index 2
2022-02-21 13:08:52,488 [1f0768b2-9a60-4777-acfa-fab92a0d29ae@group-19D876E2BABC-StateMachineUpdater] INFO  impl.StateMachineUpdater (StateMachineUpdater.java:lambda$new$0(89)) - 1f0768b2-9a60-4777-acfa-fab92a0d29ae@group-19D876E2BABC-StateMachineUpdater: snapshotIndex: updateIncreasingly 0 -> 2
2022-02-21 13:08:52,488 [Mini-Cluster-Provider-Reap] INFO  server.RaftServer$Division (ServerState.java:close(419)) - 1f0768b2-9a60-4777-acfa-fab92a0d29ae@group-19D876E2BABC: closes. applyIndex: 2
2022-02-21 13:08:52,488 [1f0768b2-9a60-4777-acfa-fab92a0d29ae@group-19D876E2BABC-SegmentedRaftLogWorker] INFO  segmented.SegmentedRaftLogWorker (SegmentedRaftLogWorker.java:run(327)) - 1f0768b2-9a60-4777-acfa-fab92a0d29ae@group-19D876E2BABC-SegmentedRaftLogWorker was interrupted, exiting. There are 0 tasks remaining in the queue.
2022-02-21 13:08:52,493 [Mini-Cluster-Provider-Reap] INFO  segmented.SegmentedRaftLogWorker (SegmentedRaftLogWorker.java:close(237)) - 1f0768b2-9a60-4777-acfa-fab92a0d29ae@group-19D876E2BABC-SegmentedRaftLogWorker close()
2022-02-21 13:08:52,506 [ForkJoinPool.commonPool-worker-1] INFO  server.RaftServer$Division (ServerState.java:close(419)) - 78463046-6111-490f-bb3a-e80d5b052e75@group-8999BCEAE483: closes. applyIndex: 2
2022-02-21 13:08:52,506 [78463046-6111-490f-bb3a-e80d5b052e75@group-8999BCEAE483-SegmentedRaftLogWorker] INFO  segmented.SegmentedRaftLogWorker (SegmentedRaftLogWorker.java:run(327)) - 78463046-6111-490f-bb3a-e80d5b052e75@group-8999BCEAE483-SegmentedRaftLogWorker was interrupted, exiting. There are 0 tasks remaining in the queue.
2022-02-21 13:08:52,520 [Mini-Cluster-Provider-Reap] INFO  server.GrpcService (GrpcService.java:closeImpl(262)) - 1f0768b2-9a60-4777-acfa-fab92a0d29ae: shutdown server with port 38289 now
2022-02-21 13:08:52,522 [grpc-default-executor-1] WARN  server.GrpcServerProtocolService (LogUtils.java:warn(122)) - 1f0768b2-9a60-4777-acfa-fab92a0d29ae: installSnapshot onError, lastRequest: 78463046-6111-490f-bb3a-e80d5b052e75->1f0768b2-9a60-4777-acfa-fab92a0d29ae#2-t3,previous=(t:3, i:1),leaderCommit=1,initializing? true,entries: size=1, first=(t:3, i:2), METADATAENTRY(c:1): org.apache.ratis.thirdparty.io.grpc.StatusRuntimeException: CANCELLED: client cancelled
2022-02-21 13:08:52,568 [1f0768b2-9a60-4777-acfa-fab92a0d29ae@group-19D876E2BABC-FollowerState] INFO  impl.FollowerState (FollowerState.java:run(143)) - 1f0768b2-9a60-4777-acfa-fab92a0d29ae@group-19D876E2BABC-FollowerState was interrupted: {}
java.lang.InterruptedException: sleep interrupted
	at java.lang.Thread.sleep(Native Method)
	at java.lang.Thread.sleep(Thread.java:342)
	at java.util.concurrent.TimeUnit.sleep(TimeUnit.java:386)
	at org.apache.ratis.util.TimeDuration.sleep(TimeDuration.java:324)
	at org.apache.ratis.util.TimeDuration.sleep(TimeDuration.java:309)
	at org.apache.ratis.server.impl.FollowerState.run(FollowerState.java:118)
2022-02-21 13:08:52,576 [ForkJoinPool.commonPool-worker-1] INFO  segmented.SegmentedRaftLogWorker (SegmentedRaftLogWorker.java:close(237)) - 78463046-6111-490f-bb3a-e80d5b052e75@group-8999BCEAE483-SegmentedRaftLogWorker close()
2022-02-21 13:08:52,578 [ForkJoinPool.commonPool-worker-1] INFO  server.RaftServer$Division (RaftServerImpl.java:lambda$close$4(412)) - 78463046-6111-490f-bb3a-e80d5b052e75@group-19D876E2BABC: shutdown
2022-02-21 13:08:52,578 [ForkJoinPool.commonPool-worker-1] INFO  util.JmxRegister (JmxRegister.java:unregister(73)) - Successfully un-registered JMX Bean with object name Ratis:service=RaftServer,group=group-19D876E2BABC,id=78463046-6111-490f-bb3a-e80d5b052e75
2022-02-21 13:08:52,578 [ForkJoinPool.commonPool-worker-1] INFO  impl.RoleInfo (RoleInfo.java:shutdownLeaderState(91)) - 78463046-6111-490f-bb3a-e80d5b052e75: shutdown 78463046-6111-490f-bb3a-e80d5b052e75@group-19D876E2BABC-LeaderStateImpl
2022-02-21 13:08:52,578 [ForkJoinPool.commonPool-worker-1] INFO  impl.PendingRequests (PendingRequests.java:sendNotLeaderResponses(282)) - 78463046-6111-490f-bb3a-e80d5b052e75@group-19D876E2BABC-PendingRequests: sendNotLeaderResponses
2022-02-21 13:08:52,578 [78463046-6111-490f-bb3a-e80d5b052e75@group-19D876E2BABC->1f0768b2-9a60-4777-acfa-fab92a0d29ae-GrpcLogAppender-LogAppenderDaemon] WARN  server.GrpcLogAppender (GrpcLogAppender.java:mayWait(177)) - 78463046-6111-490f-bb3a-e80d5b052e75@group-19D876E2BABC->1f0768b2-9a60-4777-acfa-fab92a0d29ae-GrpcLogAppender: Wait interrupted by java.lang.InterruptedException
2022-02-21 13:08:52,599 [ForkJoinPool.commonPool-worker-1] INFO  impl.StateMachineUpdater (StateMachineUpdater.java:stopAndJoin(149)) - 78463046-6111-490f-bb3a-e80d5b052e75@group-19D876E2BABC-StateMachineUpdater: set stopIndex = 2
2022-02-21 13:08:52,649 [grpc-default-executor-1] INFO  server.GrpcLogAppender (GrpcLogAppender.java:onError(335)) - 78463046-6111-490f-bb3a-e80d5b052e75@group-19D876E2BABC->1f0768b2-9a60-4777-acfa-fab92a0d29ae-GrpcLogAppender is stopped
2022-02-21 13:08:52,649 [78463046-6111-490f-bb3a-e80d5b052e75@group-19D876E2BABC-StateMachineUpdater] INFO  ratis.ContainerStateMachine (ContainerStateMachine.java:takeSnapshot(304)) - group-19D876E2BABC: Taking a snapshot at:(t:3, i:2) file /home/runner/work/ozone/ozone/hadoop-ozone/integration-test/target/test-dir/MiniOzoneClusterImpl-6c981b18-4c4b-4afe-b5f4-f7a28dfafb06/datanode-0/data/ratis/52272a55-87ff-4bec-be4c-19d876e2babc/sm/snapshot.3_2
2022-02-21 13:08:52,649 [Mini-Cluster-Provider-Reap] INFO  server.GrpcService (GrpcService.java:closeImpl(271)) - 1f0768b2-9a60-4777-acfa-fab92a0d29ae: shutdown server with port 38289 successfully
2022-02-21 13:08:52,649 [org.apache.ratis.util.JvmPauseMonitor$$Lambda$544/961638039@31517cf5] INFO  util.JvmPauseMonitor (JvmPauseMonitor.java:run(109)) - JvmPauseMonitor-1f0768b2-9a60-4777-acfa-fab92a0d29ae: Stopped
2022-02-21 13:08:52,664 [78463046-6111-490f-bb3a-e80d5b052e75@group-19D876E2BABC-StateMachineUpdater] INFO  ratis.ContainerStateMachine (ContainerStateMachine.java:takeSnapshot(315)) - group-19D876E2BABC: Finished taking a snapshot at:(t:3, i:2) file:/home/runner/work/ozone/ozone/hadoop-ozone/integration-test/target/test-dir/MiniOzoneClusterImpl-6c981b18-4c4b-4afe-b5f4-f7a28dfafb06/datanode-0/data/ratis/52272a55-87ff-4bec-be4c-19d876e2babc/sm/snapshot.3_2 took: 51 ms
2022-02-21 13:08:52,664 [78463046-6111-490f-bb3a-e80d5b052e75@group-19D876E2BABC-StateMachineUpdater] INFO  impl.StateMachineUpdater (StateMachineUpdater.java:takeSnapshot(281)) - 78463046-6111-490f-bb3a-e80d5b052e75@group-19D876E2BABC-StateMachineUpdater: Took a snapshot at index 2
2022-02-21 13:08:52,664 [78463046-6111-490f-bb3a-e80d5b052e75@group-19D876E2BABC-StateMachineUpdater] INFO  impl.StateMachineUpdater (StateMachineUpdater.java:lambda$new$0(89)) - 78463046-6111-490f-bb3a-e80d5b052e75@group-19D876E2BABC-StateMachineUpdater: snapshotIndex: updateIncreasingly 0 -> 2
2022-02-21 13:08:52,665 [ForkJoinPool.commonPool-worker-1] INFO  server.RaftServer$Division (ServerState.java:close(419)) - 78463046-6111-490f-bb3a-e80d5b052e75@group-19D876E2BABC: closes. applyIndex: 2
2022-02-21 13:08:52,667 [78463046-6111-490f-bb3a-e80d5b052e75@group-19D876E2BABC-SegmentedRaftLogWorker] INFO  segmented.SegmentedRaftLogWorker (SegmentedRaftLogWorker.java:run(327)) - 78463046-6111-490f-bb3a-e80d5b052e75@group-19D876E2BABC-SegmentedRaftLogWorker was interrupted, exiting. There are 0 tasks remaining in the queue.
2022-02-21 13:08:52,686 [ForkJoinPool.commonPool-worker-1] INFO  segmented.SegmentedRaftLogWorker (SegmentedRaftLogWorker.java:close(237)) - 78463046-6111-490f-bb3a-e80d5b052e75@group-19D876E2BABC-SegmentedRaftLogWorker close()
2022-02-21 13:08:52,692 [78463046-6111-490f-bb3a-e80d5b052e75@group-19D876E2BABC->1e9867b3-7932-4834-bd0c-de61db3dd235-GrpcLogAppender-LogAppenderDaemon] WARN  server.GrpcLogAppender (GrpcLogAppender.java:mayWait(177)) - 78463046-6111-490f-bb3a-e80d5b052e75@group-19D876E2BABC->1e9867b3-7932-4834-bd0c-de61db3dd235-GrpcLogAppender: Wait interrupted by java.lang.InterruptedException
2022-02-21 13:08:52,696 [grpc-default-executor-1] INFO  server.GrpcServerProtocolService (GrpcServerProtocolService.java:onCompleted(140)) - 1e9867b3-7932-4834-bd0c-de61db3dd235: Completed APPEND_ENTRIES, lastRequest: 78463046-6111-490f-bb3a-e80d5b052e75->1e9867b3-7932-4834-bd0c-de61db3dd235#1985513-t3,previous=(t:3, i:1),leaderCommit=2,initializing? true,entries: size=1, first=(t:3, i:2), METADATAENTRY(c:1)
2022-02-21 13:08:52,700 [grpc-default-executor-5] INFO  server.GrpcLogAppender (GrpcLogAppender.java:onCompleted(346)) - 78463046-6111-490f-bb3a-e80d5b052e75@group-19D876E2BABC->1e9867b3-7932-4834-bd0c-de61db3dd235-AppendLogResponseHandler: follower responses appendEntries COMPLETED
2022-02-21 13:08:52,701 [grpc-default-executor-5] INFO  leader.FollowerInfo (FollowerInfoImpl.java:lambda$new$0(47)) - 78463046-6111-490f-bb3a-e80d5b052e75@group-19D876E2BABC->1e9867b3-7932-4834-bd0c-de61db3dd235: nextIndex: updateUnconditionally 3 -> 2
2022-02-21 13:08:52,741 [ForkJoinPool.commonPool-worker-1] INFO  server.GrpcService (GrpcService.java:closeImpl(262)) - 78463046-6111-490f-bb3a-e80d5b052e75: shutdown server with port 35489 now
2022-02-21 13:08:52,754 [ForkJoinPool.commonPool-worker-1] INFO  server.GrpcService (GrpcService.java:closeImpl(271)) - 78463046-6111-490f-bb3a-e80d5b052e75: shutdown server with port 35489 successfully
2022-02-21 13:08:52,754 [org.apache.ratis.util.JvmPauseMonitor$$Lambda$544/961638039@2566310b] INFO  util.JvmPauseMonitor (JvmPauseMonitor.java:run(109)) - JvmPauseMonitor-78463046-6111-490f-bb3a-e80d5b052e75: Stopped
2022-02-21 13:08:54,338 [1e9867b3-7932-4834-bd0c-de61db3dd235@group-B91440A2EEDD-FollowerState] INFO  impl.FollowerState (FollowerState.java:run(134)) - 1e9867b3-7932-4834-bd0c-de61db3dd235@group-B91440A2EEDD-FollowerState: change to CANDIDATE, lastRpcElapsedTime:5199400267ns, electionTimeout:5184ms
2022-02-21 13:08:54,338 [1e9867b3-7932-4834-bd0c-de61db3dd235@group-B91440A2EEDD-FollowerState] INFO  impl.RoleInfo (RoleInfo.java:shutdownFollowerState(108)) - 1e9867b3-7932-4834-bd0c-de61db3dd235: shutdown 1e9867b3-7932-4834-bd0c-de61db3dd235@group-B91440A2EEDD-FollowerState
2022-02-21 13:08:54,339 [1e9867b3-7932-4834-bd0c-de61db3dd235@group-B91440A2EEDD-FollowerState] INFO  server.RaftServer$Division (RaftServerImpl.java:setRole(290)) - 1e9867b3-7932-4834-bd0c-de61db3dd235@group-B91440A2EEDD: changes role from  FOLLOWER to CANDIDATE at term 1 for changeToCandidate
2022-02-21 13:08:54,339 [1e9867b3-7932-4834-bd0c-de61db3dd235@group-B91440A2EEDD-FollowerState] INFO  server.RaftServerConfigKeys (ConfUtils.java:logGet(44)) - raft.server.leaderelection.pre-vote = false (custom)
2022-02-21 13:08:54,339 [1e9867b3-7932-4834-bd0c-de61db3dd235@group-B91440A2EEDD-FollowerState] INFO  impl.RoleInfo (RoleInfo.java:updateAndGet(130)) - 1e9867b3-7932-4834-bd0c-de61db3dd235: start 1e9867b3-7932-4834-bd0c-de61db3dd235@group-B91440A2EEDD-LeaderElection129
2022-02-21 13:08:54,398 [1e9867b3-7932-4834-bd0c-de61db3dd235@group-B91440A2EEDD-LeaderElection129] INFO  impl.LeaderElection (LeaderElection.java:askForVotes(306)) - 1e9867b3-7932-4834-bd0c-de61db3dd235@group-B91440A2EEDD-LeaderElection129 ELECTION round 0: submit vote requests at term 2 for 0: [1e9867b3-7932-4834-bd0c-de61db3dd235|rpc:10.1.0.28:38501|dataStream:|priority:1], old=null
2022-02-21 13:08:54,398 [1e9867b3-7932-4834-bd0c-de61db3dd235@group-B91440A2EEDD-LeaderElection129] INFO  impl.LeaderElection (LeaderElection.java:askForVotes(308)) - 1e9867b3-7932-4834-bd0c-de61db3dd235@group-B91440A2EEDD-LeaderElection129 ELECTION round 0: result PASSED (term=2)
2022-02-21 13:08:54,398 [1e9867b3-7932-4834-bd0c-de61db3dd235@group-B91440A2EEDD-LeaderElection129] INFO  impl.RoleInfo (RoleInfo.java:shutdownLeaderElection(121)) - 1e9867b3-7932-4834-bd0c-de61db3dd235: shutdown 1e9867b3-7932-4834-bd0c-de61db3dd235@group-B91440A2EEDD-LeaderElection129
2022-02-21 13:08:54,398 [1e9867b3-7932-4834-bd0c-de61db3dd235@group-B91440A2EEDD-LeaderElection129] INFO  server.RaftServer$Division (RaftServerImpl.java:setRole(290)) - 1e9867b3-7932-4834-bd0c-de61db3dd235@group-B91440A2EEDD: changes role from CANDIDATE to LEADER at term 2 for changeToLeader
2022-02-21 13:08:54,398 [1e9867b3-7932-4834-bd0c-de61db3dd235@group-B91440A2EEDD-LeaderElection129] INFO  ratis.XceiverServerRatis (XceiverServerRatis.java:handleLeaderChangedNotification(867)) - Leader change notification received for group: group-B91440A2EEDD with new leaderId: 1e9867b3-7932-4834-bd0c-de61db3dd235
2022-02-21 13:08:54,399 [1e9867b3-7932-4834-bd0c-de61db3dd235@group-B91440A2EEDD-LeaderElection129] INFO  server.RaftServer$Division (ServerState.java:setLeader(285)) - 1e9867b3-7932-4834-bd0c-de61db3dd235@group-B91440A2EEDD: change Leader from null to 1e9867b3-7932-4834-bd0c-de61db3dd235 at term 2 for becomeLeader, leader elected after 7754ms
2022-02-21 13:08:54,399 [1e9867b3-7932-4834-bd0c-de61db3dd235@group-B91440A2EEDD-LeaderElection129] INFO  server.RaftServerConfigKeys (ConfUtils.java:logGet(44)) - raft.server.staging.catchup.gap = 1000 (default)
2022-02-21 13:08:54,400 [1e9867b3-7932-4834-bd0c-de61db3dd235@group-B91440A2EEDD-LeaderElection129] INFO  server.RaftServerConfigKeys (ConfUtils.java:logGet(44)) - raft.server.write.element-limit = 1024 (custom)
2022-02-21 13:08:54,400 [1e9867b3-7932-4834-bd0c-de61db3dd235@group-B91440A2EEDD-LeaderElection129] INFO  server.RaftServerConfigKeys (ConfUtils.java:logGet(44)) - raft.server.write.byte-limit = 1024 M (=1073741824) (custom)
2022-02-21 13:08:54,401 [1e9867b3-7932-4834-bd0c-de61db3dd235@group-B91440A2EEDD-LeaderElection129] INFO  server.RaftServerConfigKeys (ConfUtils.java:logGet(44)) - raft.server.watch.timeout = 180s (custom)
2022-02-21 13:08:54,401 [1e9867b3-7932-4834-bd0c-de61db3dd235@group-B91440A2EEDD-LeaderElection129] INFO  server.RaftServerConfigKeys (ConfUtils.java:logGet(44)) - raft.server.watch.timeout.denomination = 1s (default)
2022-02-21 13:08:54,401 [1e9867b3-7932-4834-bd0c-de61db3dd235@group-B91440A2EEDD-LeaderElection129] INFO  server.RaftServerConfigKeys (ConfUtils.java:logGet(44)) - raft.server.watch.element-limit = 65536 (default)
2022-02-21 13:08:54,401 [1e9867b3-7932-4834-bd0c-de61db3dd235@group-B91440A2EEDD-LeaderElection129] INFO  server.RaftServerConfigKeys (ConfUtils.java:logGet(44)) - raft.server.write.element-limit = 1024 (custom)
2022-02-21 13:08:54,401 [1e9867b3-7932-4834-bd0c-de61db3dd235@group-B91440A2EEDD-LeaderElection129] INFO  server.RaftServerConfigKeys (ConfUtils.java:logGet(44)) - raft.server.write.follower.gap.ratio.max = -1.0 (default)
2022-02-21 13:08:54,401 [1e9867b3-7932-4834-bd0c-de61db3dd235@group-B91440A2EEDD-LeaderElection129] INFO  impl.RoleInfo (RoleInfo.java:updateAndGet(130)) - 1e9867b3-7932-4834-bd0c-de61db3dd235: start 1e9867b3-7932-4834-bd0c-de61db3dd235@group-B91440A2EEDD-LeaderStateImpl
2022-02-21 13:08:54,402 [1e9867b3-7932-4834-bd0c-de61db3dd235@group-B91440A2EEDD-LeaderElection129] INFO  segmented.SegmentedRaftLogWorker (SegmentedRaftLogWorker.java:rollLogSegment(399)) - 1e9867b3-7932-4834-bd0c-de61db3dd235@group-B91440A2EEDD-SegmentedRaftLogWorker: Rolling segment log-0_0 to index:0
2022-02-21 13:08:54,405 [1e9867b3-7932-4834-bd0c-de61db3dd235@group-B91440A2EEDD-SegmentedRaftLogWorker] INFO  segmented.SegmentedRaftLogWorker (SegmentedRaftLogWorker.java:execute(558)) - 1e9867b3-7932-4834-bd0c-de61db3dd235@group-B91440A2EEDD-SegmentedRaftLogWorker: Rolled log segment from /home/runner/work/ozone/ozone/hadoop-ozone/integration-test/target/test-dir/MiniOzoneClusterImpl-6c981b18-4c4b-4afe-b5f4-f7a28dfafb06/datanode-2/data/ratis/a0149df1-cb9b-43ba-b9b4-b91440a2eedd/current/log_inprogress_0 to /home/runner/work/ozone/ozone/hadoop-ozone/integration-test/target/test-dir/MiniOzoneClusterImpl-6c981b18-4c4b-4afe-b5f4-f7a28dfafb06/datanode-2/data/ratis/a0149df1-cb9b-43ba-b9b4-b91440a2eedd/current/log_0-0
2022-02-21 13:08:54,477 [1e9867b3-7932-4834-bd0c-de61db3dd235@group-B91440A2EEDD-SegmentedRaftLogWorker] INFO  segmented.SegmentedRaftLogWorker (SegmentedRaftLogWorker.java:execute(601)) - 1e9867b3-7932-4834-bd0c-de61db3dd235@group-B91440A2EEDD-SegmentedRaftLogWorker: created new log segment /home/runner/work/ozone/ozone/hadoop-ozone/integration-test/target/test-dir/MiniOzoneClusterImpl-6c981b18-4c4b-4afe-b5f4-f7a28dfafb06/datanode-2/data/ratis/a0149df1-cb9b-43ba-b9b4-b91440a2eedd/current/log_inprogress_1
2022-02-21 13:08:54,576 [1e9867b3-7932-4834-bd0c-de61db3dd235@group-B91440A2EEDD-LeaderElection129] INFO  server.RaftServer$Division (ServerState.java:setRaftConf(387)) - 1e9867b3-7932-4834-bd0c-de61db3dd235@group-B91440A2EEDD: set configuration 1: [1e9867b3-7932-4834-bd0c-de61db3dd235|rpc:10.1.0.28:38501|dataStream:|priority:1], old=null
2022-02-21 13:08:54,716 [Mini-Cluster-Provider-Reap] INFO  utils.BackgroundService (BackgroundService.java:shutdown(132)) - Shutting down service BlockDeletingService
2022-02-21 13:08:54,808 [ForkJoinPool.commonPool-worker-1] INFO  utils.BackgroundService (BackgroundService.java:shutdown(132)) - Shutting down service BlockDeletingService
2022-02-21 13:08:57,771 [Mini-Cluster-Provider-Reap] INFO  statemachine.DatanodeStateMachine (DatanodeStateMachine.java:stopDaemon(529)) - Ozone container server stopped.
2022-02-21 13:08:57,778 [Mini-Cluster-Provider-Reap] INFO  handler.ContextHandler (ContextHandler.java:doStop(1153)) - Stopped o.e.j.w.WebAppContext@d7dcae3{hddsDatanode,/,null,STOPPED}{jar:file:/home/runner/.m2/repository/org/apache/ozone/hdds-container-service/1.3.0-SNAPSHOT/hdds-container-service-1.3.0-SNAPSHOT.jar!/webapps/hddsDatanode}
2022-02-21 13:08:57,782 [Mini-Cluster-Provider-Reap] INFO  server.AbstractConnector (AbstractConnector.java:doStop(381)) - Stopped ServerConnector@203d5834{HTTP/1.1, (http/1.1)}{0.0.0.0:43039}
2022-02-21 13:08:57,782 [Mini-Cluster-Provider-Reap] INFO  server.session (HouseKeeper.java:stopScavenging(149)) - node0 Stopped scavenging
2022-02-21 13:08:57,785 [Mini-Cluster-Provider-Reap] INFO  handler.ContextHandler (ContextHandler.java:doStop(1153)) - Stopped o.e.j.s.ServletContextHandler@1af1b6e9{static,/static,jar:file:/home/runner/.m2/repository/org/apache/ozone/hdds-container-service/1.3.0-SNAPSHOT/hdds-container-service-1.3.0-SNAPSHOT.jar!/webapps/static,STOPPED}
2022-02-21 13:08:57,785 [Mini-Cluster-Provider-Reap] INFO  handler.ContextHandler (ContextHandler.java:doStop(1153)) - Stopped o.e.j.s.ServletContextHandler@3dffc807{logs,/logs,file:///home/runner/work/ozone/ozone/hadoop-ozone/integration-test/target/log,STOPPED}
2022-02-21 13:08:57,832 [ForkJoinPool.commonPool-worker-1] INFO  statemachine.DatanodeStateMachine (DatanodeStateMachine.java:stopDaemon(529)) - Ozone container server stopped.
2022-02-21 13:08:57,850 [ForkJoinPool.commonPool-worker-1] INFO  handler.ContextHandler (ContextHandler.java:doStop(1153)) - Stopped o.e.j.w.WebAppContext@36b69044{hddsDatanode,/,null,STOPPED}{jar:file:/home/runner/.m2/repository/org/apache/ozone/hdds-container-service/1.3.0-SNAPSHOT/hdds-container-service-1.3.0-SNAPSHOT.jar!/webapps/hddsDatanode}
2022-02-21 13:08:57,879 [ForkJoinPool.commonPool-worker-1] INFO  server.AbstractConnector (AbstractConnector.java:doStop(381)) - Stopped ServerConnector@3fa603f{HTTP/1.1, (http/1.1)}{0.0.0.0:0}
2022-02-21 13:08:57,879 [ForkJoinPool.commonPool-worker-1] INFO  server.session (HouseKeeper.java:stopScavenging(149)) - node0 Stopped scavenging
2022-02-21 13:08:57,880 [ForkJoinPool.commonPool-worker-1] INFO  handler.ContextHandler (ContextHandler.java:doStop(1153)) - Stopped o.e.j.s.ServletContextHandler@703a5010{static,/static,jar:file:/home/runner/.m2/repository/org/apache/ozone/hdds-container-service/1.3.0-SNAPSHOT/hdds-container-service-1.3.0-SNAPSHOT.jar!/webapps/static,STOPPED}
2022-02-21 13:08:57,881 [ForkJoinPool.commonPool-worker-1] INFO  handler.ContextHandler (ContextHandler.java:doStop(1153)) - Stopped o.e.j.s.ServletContextHandler@370eafb3{logs,/logs,file:///home/runner/work/ozone/ozone/hadoop-ozone/integration-test/target/log,STOPPED}
2022-02-21 13:08:59,256 [1e9867b3-7932-4834-bd0c-de61db3dd235@group-19D876E2BABC-FollowerState] INFO  impl.FollowerState (FollowerState.java:run(134)) - 1e9867b3-7932-4834-bd0c-de61db3dd235@group-19D876E2BABC-FollowerState: change to CANDIDATE, lastRpcElapsedTime:7169978558ns, electionTimeout:5035ms
2022-02-21 13:08:59,256 [1e9867b3-7932-4834-bd0c-de61db3dd235@group-19D876E2BABC-FollowerState] INFO  impl.RoleInfo (RoleInfo.java:shutdownFollowerState(108)) - 1e9867b3-7932-4834-bd0c-de61db3dd235: shutdown 1e9867b3-7932-4834-bd0c-de61db3dd235@group-19D876E2BABC-FollowerState
2022-02-21 13:08:59,256 [1e9867b3-7932-4834-bd0c-de61db3dd235@group-19D876E2BABC-FollowerState] INFO  server.RaftServer$Division (RaftServerImpl.java:setRole(290)) - 1e9867b3-7932-4834-bd0c-de61db3dd235@group-19D876E2BABC: changes role from  FOLLOWER to CANDIDATE at term 3 for changeToCandidate
2022-02-21 13:08:59,257 [1e9867b3-7932-4834-bd0c-de61db3dd235@group-19D876E2BABC-FollowerState] INFO  server.RaftServerConfigKeys (ConfUtils.java:logGet(44)) - raft.server.leaderelection.pre-vote = false (custom)
2022-02-21 13:08:59,257 [1e9867b3-7932-4834-bd0c-de61db3dd235@group-19D876E2BABC-FollowerState] INFO  impl.RoleInfo (RoleInfo.java:updateAndGet(130)) - 1e9867b3-7932-4834-bd0c-de61db3dd235: start 1e9867b3-7932-4834-bd0c-de61db3dd235@group-19D876E2BABC-LeaderElection130
2022-02-21 13:08:59,276 [1e9867b3-7932-4834-bd0c-de61db3dd235@group-19D876E2BABC-LeaderElection130] INFO  server.RaftServer$Division (ServerState.java:setLeader(285)) - 1e9867b3-7932-4834-bd0c-de61db3dd235@group-19D876E2BABC: change Leader from 78463046-6111-490f-bb3a-e80d5b052e75 to null at term 3 for ELECTION
2022-02-21 13:08:59,283 [1e9867b3-7932-4834-bd0c-de61db3dd235@group-19D876E2BABC-LeaderElection130] INFO  impl.LeaderElection (LeaderElection.java:askForVotes(306)) - 1e9867b3-7932-4834-bd0c-de61db3dd235@group-19D876E2BABC-LeaderElection130 ELECTION round 0: submit vote requests at term 4 for 1: [1e9867b3-7932-4834-bd0c-de61db3dd235|rpc:10.1.0.28:38501|dataStream:|priority:1, 1f0768b2-9a60-4777-acfa-fab92a0d29ae|rpc:10.1.0.28:38289|dataStream:|priority:0, 78463046-6111-490f-bb3a-e80d5b052e75|rpc:10.1.0.28:35489|dataStream:|priority:0], old=null
2022-02-21 13:08:59,373 [1e9867b3-7932-4834-bd0c-de61db3dd235@group-19D876E2BABC-LeaderElection130] INFO  impl.LeaderElection (LogUtils.java:infoOrTrace(137)) - 1e9867b3-7932-4834-bd0c-de61db3dd235@group-19D876E2BABC-LeaderElection130 got exception when requesting votes: java.util.concurrent.ExecutionException: org.apache.ratis.thirdparty.io.grpc.StatusRuntimeException: UNAVAILABLE: io exception
2022-02-21 13:08:59,392 [1e9867b3-7932-4834-bd0c-de61db3dd235@group-19D876E2BABC-LeaderElection130] INFO  impl.LeaderElection (LogUtils.java:infoOrTrace(137)) - 1e9867b3-7932-4834-bd0c-de61db3dd235@group-19D876E2BABC-LeaderElection130 got exception when requesting votes: java.util.concurrent.ExecutionException: org.apache.ratis.thirdparty.io.grpc.StatusRuntimeException: UNAVAILABLE: io exception
2022-02-21 13:08:59,393 [1e9867b3-7932-4834-bd0c-de61db3dd235@group-19D876E2BABC-LeaderElection130] INFO  impl.LeaderElection (LeaderElection.java:logAndReturn(89)) - 1e9867b3-7932-4834-bd0c-de61db3dd235@group-19D876E2BABC-LeaderElection130: ELECTION REJECTED received 0 response(s) and 2 exception(s):
2022-02-21 13:08:59,393 [1e9867b3-7932-4834-bd0c-de61db3dd235@group-19D876E2BABC-LeaderElection130] INFO  impl.LeaderElection (LogUtils.java:infoOrTrace(137)) -   Exception 0: java.util.concurrent.ExecutionException: org.apache.ratis.thirdparty.io.grpc.StatusRuntimeException: UNAVAILABLE: io exception
2022-02-21 13:08:59,393 [1e9867b3-7932-4834-bd0c-de61db3dd235@group-19D876E2BABC-LeaderElection130] INFO  impl.LeaderElection (LogUtils.java:infoOrTrace(137)) -   Exception 1: java.util.concurrent.ExecutionException: org.apache.ratis.thirdparty.io.grpc.StatusRuntimeException: UNAVAILABLE: io exception
2022-02-21 13:08:59,393 [1e9867b3-7932-4834-bd0c-de61db3dd235@group-19D876E2BABC-LeaderElection130] INFO  impl.LeaderElection (LeaderElection.java:askForVotes(308)) - 1e9867b3-7932-4834-bd0c-de61db3dd235@group-19D876E2BABC-LeaderElection130 ELECTION round 0: result REJECTED
2022-02-21 13:08:59,393 [1e9867b3-7932-4834-bd0c-de61db3dd235@group-19D876E2BABC-LeaderElection130] INFO  server.RaftServer$Division (RaftServerImpl.java:setRole(290)) - 1e9867b3-7932-4834-bd0c-de61db3dd235@group-19D876E2BABC: changes role from CANDIDATE to FOLLOWER at term 4 for REJECTED
2022-02-21 13:08:59,393 [1e9867b3-7932-4834-bd0c-de61db3dd235@group-19D876E2BABC-LeaderElection130] INFO  impl.RoleInfo (RoleInfo.java:shutdownLeaderElection(121)) - 1e9867b3-7932-4834-bd0c-de61db3dd235: shutdown 1e9867b3-7932-4834-bd0c-de61db3dd235@group-19D876E2BABC-LeaderElection130
2022-02-21 13:08:59,393 [1e9867b3-7932-4834-bd0c-de61db3dd235@group-19D876E2BABC-LeaderElection130] INFO  impl.RoleInfo (RoleInfo.java:updateAndGet(130)) - 1e9867b3-7932-4834-bd0c-de61db3dd235: start 1e9867b3-7932-4834-bd0c-de61db3dd235@group-19D876E2BABC-FollowerState
2022-02-21 13:09:02,844 [Mini-Cluster-Provider-Reap] INFO  ozoneimpl.OzoneContainer (OzoneContainer.java:stop(351)) - Attempting to stop container services.
2022-02-21 13:09:02,848 [Mini-Cluster-Provider-Reap] INFO  server.RaftServer (RaftServerProxy.java:lambda$close$6(391)) - 1e9867b3-7932-4834-bd0c-de61db3dd235: close
2022-02-21 13:09:02,852 [Mini-Cluster-Provider-Reap] INFO  server.RaftServer$Division (RaftServerImpl.java:lambda$close$4(412)) - 1e9867b3-7932-4834-bd0c-de61db3dd235@group-B91440A2EEDD: shutdown
2022-02-21 13:09:02,852 [Mini-Cluster-Provider-Reap] INFO  util.JmxRegister (JmxRegister.java:unregister(73)) - Successfully un-registered JMX Bean with object name Ratis:service=RaftServer,group=group-B91440A2EEDD,id=1e9867b3-7932-4834-bd0c-de61db3dd235
2022-02-21 13:09:02,852 [Mini-Cluster-Provider-Reap] INFO  impl.RoleInfo (RoleInfo.java:shutdownLeaderState(91)) - 1e9867b3-7932-4834-bd0c-de61db3dd235: shutdown 1e9867b3-7932-4834-bd0c-de61db3dd235@group-B91440A2EEDD-LeaderStateImpl
2022-02-21 13:09:02,852 [Mini-Cluster-Provider-Reap] INFO  impl.PendingRequests (PendingRequests.java:sendNotLeaderResponses(282)) - 1e9867b3-7932-4834-bd0c-de61db3dd235@group-B91440A2EEDD-PendingRequests: sendNotLeaderResponses
2022-02-21 13:09:02,873 [Mini-Cluster-Provider-Reap] INFO  impl.StateMachineUpdater (StateMachineUpdater.java:stopAndJoin(149)) - 1e9867b3-7932-4834-bd0c-de61db3dd235@group-B91440A2EEDD-StateMachineUpdater: set stopIndex = 2
2022-02-21 13:09:02,874 [1e9867b3-7932-4834-bd0c-de61db3dd235@group-B91440A2EEDD-StateMachineUpdater] INFO  ratis.ContainerStateMachine (ContainerStateMachine.java:takeSnapshot(304)) - group-B91440A2EEDD: Taking a snapshot at:(t:2, i:2) file /home/runner/work/ozone/ozone/hadoop-ozone/integration-test/target/test-dir/MiniOzoneClusterImpl-6c981b18-4c4b-4afe-b5f4-f7a28dfafb06/datanode-2/data/ratis/a0149df1-cb9b-43ba-b9b4-b91440a2eedd/sm/snapshot.2_2
2022-02-21 13:09:02,882 [1e9867b3-7932-4834-bd0c-de61db3dd235@group-B91440A2EEDD-StateMachineUpdater] INFO  ratis.ContainerStateMachine (ContainerStateMachine.java:takeSnapshot(315)) - group-B91440A2EEDD: Finished taking a snapshot at:(t:2, i:2) file:/home/runner/work/ozone/ozone/hadoop-ozone/integration-test/target/test-dir/MiniOzoneClusterImpl-6c981b18-4c4b-4afe-b5f4-f7a28dfafb06/datanode-2/data/ratis/a0149df1-cb9b-43ba-b9b4-b91440a2eedd/sm/snapshot.2_2 took: 8 ms
2022-02-21 13:09:02,882 [1e9867b3-7932-4834-bd0c-de61db3dd235@group-B91440A2EEDD-StateMachineUpdater] INFO  impl.StateMachineUpdater (StateMachineUpdater.java:takeSnapshot(281)) - 1e9867b3-7932-4834-bd0c-de61db3dd235@group-B91440A2EEDD-StateMachineUpdater: Took a snapshot at index 2
2022-02-21 13:09:02,882 [1e9867b3-7932-4834-bd0c-de61db3dd235@group-B91440A2EEDD-StateMachineUpdater] INFO  impl.StateMachineUpdater (StateMachineUpdater.java:lambda$new$0(89)) - 1e9867b3-7932-4834-bd0c-de61db3dd235@group-B91440A2EEDD-StateMachineUpdater: snapshotIndex: updateIncreasingly 0 -> 2
2022-02-21 13:09:02,888 [Mini-Cluster-Provider-Reap] INFO  server.RaftServer$Division (ServerState.java:close(419)) - 1e9867b3-7932-4834-bd0c-de61db3dd235@group-B91440A2EEDD: closes. applyIndex: 2
2022-02-21 13:09:02,888 [1e9867b3-7932-4834-bd0c-de61db3dd235@group-B91440A2EEDD-SegmentedRaftLogWorker] INFO  segmented.SegmentedRaftLogWorker (SegmentedRaftLogWorker.java:run(327)) - 1e9867b3-7932-4834-bd0c-de61db3dd235@group-B91440A2EEDD-SegmentedRaftLogWorker was interrupted, exiting. There are 0 tasks remaining in the queue.
2022-02-21 13:09:02,897 [Mini-Cluster-Provider-Reap] INFO  segmented.SegmentedRaftLogWorker (SegmentedRaftLogWorker.java:close(237)) - 1e9867b3-7932-4834-bd0c-de61db3dd235@group-B91440A2EEDD-SegmentedRaftLogWorker close()
2022-02-21 13:09:02,899 [Mini-Cluster-Provider-Reap] INFO  server.RaftServer$Division (RaftServerImpl.java:lambda$close$4(412)) - 1e9867b3-7932-4834-bd0c-de61db3dd235@group-19D876E2BABC: shutdown
2022-02-21 13:09:02,899 [Mini-Cluster-Provider-Reap] INFO  util.JmxRegister (JmxRegister.java:unregister(73)) - Successfully un-registered JMX Bean with object name Ratis:service=RaftServer,group=group-19D876E2BABC,id=1e9867b3-7932-4834-bd0c-de61db3dd235
2022-02-21 13:09:02,899 [Mini-Cluster-Provider-Reap] INFO  impl.RoleInfo (RoleInfo.java:shutdownFollowerState(108)) - 1e9867b3-7932-4834-bd0c-de61db3dd235: shutdown 1e9867b3-7932-4834-bd0c-de61db3dd235@group-19D876E2BABC-FollowerState
2022-02-21 13:09:02,899 [1e9867b3-7932-4834-bd0c-de61db3dd235@group-19D876E2BABC-StateMachineUpdater] INFO  ratis.ContainerStateMachine (ContainerStateMachine.java:takeSnapshot(304)) - group-19D876E2BABC: Taking a snapshot at:(t:3, i:2) file /home/runner/work/ozone/ozone/hadoop-ozone/integration-test/target/test-dir/MiniOzoneClusterImpl-6c981b18-4c4b-4afe-b5f4-f7a28dfafb06/datanode-2/data/ratis/52272a55-87ff-4bec-be4c-19d876e2babc/sm/snapshot.3_2
2022-02-21 13:09:02,900 [Mini-Cluster-Provider-Reap] INFO  impl.StateMachineUpdater (StateMachineUpdater.java:stopAndJoin(149)) - 1e9867b3-7932-4834-bd0c-de61db3dd235@group-19D876E2BABC-StateMachineUpdater: set stopIndex = 2
2022-02-21 13:09:02,900 [1e9867b3-7932-4834-bd0c-de61db3dd235@group-19D876E2BABC-StateMachineUpdater] INFO  ratis.ContainerStateMachine (ContainerStateMachine.java:takeSnapshot(315)) - group-19D876E2BABC: Finished taking a snapshot at:(t:3, i:2) file:/home/runner/work/ozone/ozone/hadoop-ozone/integration-test/target/test-dir/MiniOzoneClusterImpl-6c981b18-4c4b-4afe-b5f4-f7a28dfafb06/datanode-2/data/ratis/52272a55-87ff-4bec-be4c-19d876e2babc/sm/snapshot.3_2 took: 1 ms
2022-02-21 13:09:02,900 [1e9867b3-7932-4834-bd0c-de61db3dd235@group-19D876E2BABC-StateMachineUpdater] INFO  impl.StateMachineUpdater (StateMachineUpdater.java:takeSnapshot(281)) - 1e9867b3-7932-4834-bd0c-de61db3dd235@group-19D876E2BABC-StateMachineUpdater: Took a snapshot at index 2
2022-02-21 13:09:02,901 [1e9867b3-7932-4834-bd0c-de61db3dd235@group-19D876E2BABC-StateMachineUpdater] INFO  impl.StateMachineUpdater (StateMachineUpdater.java:lambda$new$0(89)) - 1e9867b3-7932-4834-bd0c-de61db3dd235@group-19D876E2BABC-StateMachineUpdater: snapshotIndex: updateIncreasingly 0 -> 2
2022-02-21 13:09:02,901 [Mini-Cluster-Provider-Reap] INFO  server.RaftServer$Division (ServerState.java:close(419)) - 1e9867b3-7932-4834-bd0c-de61db3dd235@group-19D876E2BABC: closes. applyIndex: 2
2022-02-21 13:09:02,901 [1e9867b3-7932-4834-bd0c-de61db3dd235@group-19D876E2BABC-SegmentedRaftLogWorker] INFO  segmented.SegmentedRaftLogWorker (SegmentedRaftLogWorker.java:run(327)) - 1e9867b3-7932-4834-bd0c-de61db3dd235@group-19D876E2BABC-SegmentedRaftLogWorker was interrupted, exiting. There are 0 tasks remaining in the queue.
2022-02-21 13:09:02,908 [Mini-Cluster-Provider-Reap] INFO  segmented.SegmentedRaftLogWorker (SegmentedRaftLogWorker.java:close(237)) - 1e9867b3-7932-4834-bd0c-de61db3dd235@group-19D876E2BABC-SegmentedRaftLogWorker close()
2022-02-21 13:09:02,945 [Mini-Cluster-Provider-Reap] INFO  server.GrpcService (GrpcService.java:closeImpl(262)) - 1e9867b3-7932-4834-bd0c-de61db3dd235: shutdown server with port 38501 now
2022-02-21 13:09:02,980 [Mini-Cluster-Provider-Reap] INFO  server.GrpcService (GrpcService.java:closeImpl(271)) - 1e9867b3-7932-4834-bd0c-de61db3dd235: shutdown server with port 38501 successfully
2022-02-21 13:09:02,988 [org.apache.ratis.util.JvmPauseMonitor$$Lambda$544/961638039@701abeea] INFO  util.JvmPauseMonitor (JvmPauseMonitor.java:run(109)) - JvmPauseMonitor-1e9867b3-7932-4834-bd0c-de61db3dd235: Stopped
2022-02-21 13:09:02,992 [1e9867b3-7932-4834-bd0c-de61db3dd235@group-19D876E2BABC-FollowerState] INFO  impl.FollowerState (FollowerState.java:run(143)) - 1e9867b3-7932-4834-bd0c-de61db3dd235@group-19D876E2BABC-FollowerState was interrupted: {}
java.lang.InterruptedException: sleep interrupted
	at java.lang.Thread.sleep(Native Method)
	at java.lang.Thread.sleep(Thread.java:342)
	at java.util.concurrent.TimeUnit.sleep(TimeUnit.java:386)
	at org.apache.ratis.util.TimeDuration.sleep(TimeDuration.java:324)
	at org.apache.ratis.util.TimeDuration.sleep(TimeDuration.java:309)
	at org.apache.ratis.server.impl.FollowerState.run(FollowerState.java:118)
2022-02-21 13:09:05,073 [Mini-Cluster-Provider-Reap] INFO  utils.BackgroundService (BackgroundService.java:shutdown(132)) - Shutting down service BlockDeletingService
2022-02-21 13:09:08,088 [Mini-Cluster-Provider-Reap] INFO  statemachine.DatanodeStateMachine (DatanodeStateMachine.java:stopDaemon(529)) - Ozone container server stopped.
2022-02-21 13:09:08,100 [Mini-Cluster-Provider-Reap] INFO  handler.ContextHandler (ContextHandler.java:doStop(1153)) - Stopped o.e.j.w.WebAppContext@4780c76c{hddsDatanode,/,null,STOPPED}{jar:file:/home/runner/.m2/repository/org/apache/ozone/hdds-container-service/1.3.0-SNAPSHOT/hdds-container-service-1.3.0-SNAPSHOT.jar!/webapps/hddsDatanode}
2022-02-21 13:09:08,101 [Mini-Cluster-Provider-Reap] INFO  server.AbstractConnector (AbstractConnector.java:doStop(381)) - Stopped ServerConnector@4c33a037{HTTP/1.1, (http/1.1)}{0.0.0.0:40155}
2022-02-21 13:09:08,101 [Mini-Cluster-Provider-Reap] INFO  server.session (HouseKeeper.java:stopScavenging(149)) - node0 Stopped scavenging
2022-02-21 13:09:08,109 [Mini-Cluster-Provider-Reap] INFO  handler.ContextHandler (ContextHandler.java:doStop(1153)) - Stopped o.e.j.s.ServletContextHandler@2daead01{static,/static,jar:file:/home/runner/.m2/repository/org/apache/ozone/hdds-container-service/1.3.0-SNAPSHOT/hdds-container-service-1.3.0-SNAPSHOT.jar!/webapps/static,STOPPED}
2022-02-21 13:09:08,116 [Mini-Cluster-Provider-Reap] INFO  handler.ContextHandler (ContextHandler.java:doStop(1153)) - Stopped o.e.j.s.ServletContextHandler@38329055{logs,/logs,file:///home/runner/work/ozone/ozone/hadoop-ozone/integration-test/target/log,STOPPED}
2022-02-21 13:09:08,132 [Mini-Cluster-Provider-Reap] INFO  ozone.MiniOzoneClusterImpl (MiniOzoneClusterImpl.java:stopSCM(526)) - Stopping the StorageContainerManager
2022-02-21 13:09:08,133 [Mini-Cluster-Provider-Reap] INFO  server.StorageContainerManager (StorageContainerManager.java:stop(1390)) - Stopping Container Balancer service.
2022-02-21 13:09:08,133 [Mini-Cluster-Provider-Reap] INFO  balancer.ContainerBalancer (ContainerBalancer.java:stop(751)) - Container Balancer is not running.
2022-02-21 13:09:08,133 [Mini-Cluster-Provider-Reap] INFO  server.StorageContainerManager (StorageContainerManager.java:stop(1397)) - Stopping Replication Manager Service.
2022-02-21 13:09:08,133 [Mini-Cluster-Provider-Reap] INFO  container.ReplicationManager (ReplicationManager.java:stop(357)) - Stopping Replication Monitor Thread.
2022-02-21 13:09:08,133 [Mini-Cluster-Provider-Reap] INFO  server.StorageContainerManager (StorageContainerManager.java:stop(1404)) - Stopping the Datanode Admin Monitor.
2022-02-21 13:09:08,133 [Mini-Cluster-Provider-Reap] INFO  server.StorageContainerManager (StorageContainerManager.java:stop(1411)) - Stopping Lease Manager of the command watchers
2022-02-21 13:09:08,133 [Mini-Cluster-Provider-Reap] INFO  server.StorageContainerManager (StorageContainerManager.java:stop(1418)) - Stopping datanode service RPC server
2022-02-21 13:09:08,133 [Mini-Cluster-Provider-Reap] INFO  server.SCMDatanodeProtocolServer (SCMDatanodeProtocolServer.java:stop(390)) - Stopping the RPC server for DataNodes
2022-02-21 13:09:08,133 [Mini-Cluster-Provider-Reap] INFO  ipc.Server (Server.java:stop(3414)) - Stopping server on 42773
2022-02-21 13:09:08,195 [IPC Server Responder] INFO  ipc.Server (Server.java:run(1512)) - Stopping IPC Server Responder
2022-02-21 13:09:08,196 [IPC Server listener on 0] INFO  ipc.Server (Server.java:run(1376)) - Stopping IPC Server listener on 0
2022-02-21 13:09:08,240 [SCM Heartbeat Processing Thread - 0] WARN  node.NodeStateManager (NodeStateManager.java:scheduleNextHealthCheck(799)) - Current Thread is interrupted, shutting down HB processing thread for Node Manager.
2022-02-21 13:09:08,241 [Mini-Cluster-Provider-Reap] INFO  server.StorageContainerManager (StorageContainerManager.java:stop(1426)) - Stopping block service RPC server
2022-02-21 13:09:08,241 [Mini-Cluster-Provider-Reap] INFO  server.SCMBlockProtocolServer (SCMBlockProtocolServer.java:stop(160)) - Stopping the RPC server for Block Protocol
2022-02-21 13:09:08,241 [Mini-Cluster-Provider-Reap] INFO  ipc.Server (Server.java:stop(3414)) - Stopping server on 44601
2022-02-21 13:09:08,251 [IPC Server Responder] INFO  ipc.Server (Server.java:run(1512)) - Stopping IPC Server Responder
2022-02-21 13:09:08,251 [Mini-Cluster-Provider-Reap] INFO  server.StorageContainerManager (StorageContainerManager.java:stop(1433)) - Stopping the StorageContainerLocationProtocol RPC server
2022-02-21 13:09:08,251 [Mini-Cluster-Provider-Reap] INFO  server.SCMClientProtocolServer (SCMClientProtocolServer.java:stop(174)) - Stopping the RPC server for Client Protocol
2022-02-21 13:09:08,251 [Mini-Cluster-Provider-Reap] INFO  ipc.Server (Server.java:stop(3414)) - Stopping server on 33783
2022-02-21 13:09:08,258 [IPC Server listener on 0] INFO  ipc.Server (Server.java:run(1376)) - Stopping IPC Server listener on 0
2022-02-21 13:09:08,258 [Mini-Cluster-Provider-Reap] INFO  server.StorageContainerManager (StorageContainerManager.java:stop(1440)) - Stopping Storage Container Manager HTTP server.
2022-02-21 13:09:08,258 [Mini-Cluster-Provider-Reap] INFO  handler.ContextHandler (ContextHandler.java:doStop(1153)) - Stopped o.e.j.w.WebAppContext@24d04638{scm,/,null,STOPPED}{file:/home/runner/work/ozone/ozone/hadoop-ozone/integration-test/target/test-classes/webapps/scm}
2022-02-21 13:09:08,259 [IPC Server Responder] INFO  ipc.Server (Server.java:run(1512)) - Stopping IPC Server Responder
2022-02-21 13:09:08,259 [Mini-Cluster-Provider-Reap] INFO  server.AbstractConnector (AbstractConnector.java:doStop(381)) - Stopped ServerConnector@f17c238{HTTP/1.1, (http/1.1)}{0.0.0.0:0}
2022-02-21 13:09:08,259 [Mini-Cluster-Provider-Reap] INFO  server.session (HouseKeeper.java:stopScavenging(149)) - node0 Stopped scavenging
2022-02-21 13:09:08,259 [Mini-Cluster-Provider-Reap] INFO  handler.ContextHandler (ContextHandler.java:doStop(1153)) - Stopped o.e.j.s.ServletContextHandler@2893ff34{static,/static,file:///home/runner/work/ozone/ozone/hadoop-ozone/integration-test/target/test-classes/webapps/static,STOPPED}
2022-02-21 13:09:08,260 [Mini-Cluster-Provider-Reap] INFO  handler.ContextHandler (ContextHandler.java:doStop(1153)) - Stopped o.e.j.s.ServletContextHandler@5af2083{logs,/logs,file:///home/runner/work/ozone/ozone/hadoop-ozone/integration-test/target/log,STOPPED}
2022-02-21 13:09:08,264 [Mini-Cluster-Provider-Reap] INFO  server.StorageContainerManager (StorageContainerManager.java:stop(1451)) - Stopping Block Manager Service.
2022-02-21 13:09:08,264 [Mini-Cluster-Provider-Reap] INFO  utils.BackgroundService (BackgroundService.java:shutdown(132)) - Shutting down service SCMBlockDeletingService
2022-02-21 13:09:08,272 [Mini-Cluster-Provider-Reap] INFO  utils.BackgroundService (BackgroundService.java:shutdown(132)) - Shutting down service SCMBlockDeletingService
2022-02-21 13:09:08,272 [Mini-Cluster-Provider-Reap] INFO  server.StorageContainerManager (StorageContainerManager.java:stop(1478)) - Stopping SCM Event Queue.
2022-02-21 13:09:08,277 [Mini-Cluster-Provider-Reap] INFO  server.StorageContainerManager (StorageContainerManager.java:stop(1489)) - Stopping SCM HA services.
2022-02-21 13:09:08,277 [Mini-Cluster-Provider-Reap] INFO  pipeline.BackgroundPipelineCreator (BackgroundPipelineCreator.java:stop(158)) - Stopping RatisPipelineUtilsThread.
2022-02-21 13:09:08,277 [Mini-Cluster-Provider-Reap] INFO  server.StorageContainerManager (StorageContainerManager.java:stop(1499)) - Stopping SCM MetadataStore.
2022-02-21 13:09:08,278 [Mini-Cluster-Provider-Reap] INFO  impl.MetricsSystemImpl (MetricsSystemImpl.java:stop(210)) - Stopping HddsDatanode metrics system...
2022-02-21 13:09:08,328 [IPC Server listener on 0] INFO  ipc.Server (Server.java:run(1376)) - Stopping IPC Server listener on 0
2022-02-21 13:09:08,338 [prometheus] INFO  impl.MetricsSinkAdapter (MetricsSinkAdapter.java:publishMetricsFromQueue(141)) - prometheus thread interrupted.
2022-02-21 13:09:08,341 [Mini-Cluster-Provider-Reap] INFO  impl.MetricsSystemImpl (MetricsSystemImpl.java:stop(216)) - HddsDatanode metrics system stopped.
]]></system-out>
  </testcase>
</testsuite>