# JRE version: OpenJDK Runtime Environment (8.0_292-b10) (build 1.8.0_292-b10)
# Java VM: OpenJDK 64-Bit Server VM (25.292-b10 mixed mode linux-amd64 compressed oops)
Heap:
 PSYoungGen      total 688640K, used 242839K [0x00000000d5580000, 0x00000000fff00000, 0x0000000100000000)
  eden space 679936K, 35% used [0x00000000d5580000,0x00000000e426dc00,0x00000000fed80000)
  from space 8704K, 2% used [0x00000000fed80000,0x00000000fedb8000,0x00000000ff600000)
  to   space 8192K, 0% used [0x00000000ff700000,0x00000000ff700000,0x00000000fff00000)
 ParOldGen       total 191488K, used 97579K [0x0000000080000000, 0x000000008bb00000, 0x00000000d5580000)
  object space 191488K, 50% used [0x0000000080000000,0x0000000085f4af20,0x000000008bb00000)
 Metaspace       used 82599K, capacity 87066K, committed 87256K, reserved 1126400K
  class space    used 9277K, capacity 9976K, committed 9984K, reserved 1048576K
GC Heap History (10 events):
Event: 105.674 GC heap before
{Heap before GC invocations=79 (full 4):
 PSYoungGen      total 687104K, used 677760K [0x00000000d5580000, 0x00000000ffe80000, 0x0000000100000000)
  eden space 676864K, 100% used [0x00000000d5580000,0x00000000fea80000,0x00000000fea80000)
  from space 10240K, 8% used [0x00000000ff480000,0x00000000ff560000,0x00000000ffe80000)
  to   space 10240K, 0% used [0x00000000fea80000,0x00000000fea80000,0x00000000ff480000)
 ParOldGen       total 191488K, used 97491K [0x0000000080000000, 0x000000008bb00000, 0x00000000d5580000)
  object space 191488K, 50% used [0x0000000080000000,0x0000000085f34f20,0x000000008bb00000)
 Metaspace       used 82532K, capacity 86952K, committed 87000K, reserved 1126400K
  class space    used 9262K, capacity 9965K, committed 9984K, reserved 1048576K
Event: 105.678 GC heap after
Heap after GC invocations=79 (full 4):
 PSYoungGen      total 687104K, used 544K [0x00000000d5580000, 0x00000000fff00000, 0x0000000100000000)
  eden space 676864K, 0% used [0x00000000d5580000,0x00000000d5580000,0x00000000fea80000)
  from space 10240K, 5% used [0x00000000fea80000,0x00000000feb08010,0x00000000ff480000)
  to   space 9728K, 0% used [0x00000000ff580000,0x00000000ff580000,0x00000000fff00000)
 ParOldGen       total 191488K, used 97507K [0x0000000080000000, 0x000000008bb00000, 0x00000000d5580000)
  object space 191488K, 50% used [0x0000000080000000,0x0000000085f38f20,0x000000008bb00000)
 Metaspace       used 82532K, capacity 86952K, committed 87000K, reserved 1126400K
  class space    used 9262K, capacity 9965K, committed 9984K, reserved 1048576K
}
Event: 107.915 GC heap before
{Heap before GC invocations=80 (full 4):
 PSYoungGen      total 687104K, used 677408K [0x00000000d5580000, 0x00000000fff00000, 0x0000000100000000)
  eden space 676864K, 100% used [0x00000000d5580000,0x00000000fea80000,0x00000000fea80000)
  from space 10240K, 5% used [0x00000000fea80000,0x00000000feb08010,0x00000000ff480000)
  to   space 9728K, 0% used [0x00000000ff580000,0x00000000ff580000,0x00000000fff00000)
 ParOldGen       total 191488K, used 97507K [0x0000000080000000, 0x000000008bb00000, 0x00000000d5580000)
  object space 191488K, 50% used [0x0000000080000000,0x0000000085f38f20,0x000000008bb00000)
 Metaspace       used 82538K, capacity 87020K, committed 87256K, reserved 1126400K
  class space    used 9262K, capacity 9965K, committed 9984K, reserved 1048576K
Event: 107.918 GC heap after
Heap after GC invocations=80 (full 4):
 PSYoungGen      total 688128K, used 224K [0x00000000d5580000, 0x00000000fff80000, 0x0000000100000000)
  eden space 678400K, 0% used [0x00000000d5580000,0x00000000d5580000,0x00000000fec00000)
  from space 9728K, 2% used [0x00000000ff580000,0x00000000ff5b8000,0x00000000fff00000)
  to   space 9728K, 0% used [0x00000000fec00000,0x00000000fec00000,0x00000000ff580000)
 ParOldGen       total 191488K, used 97523K [0x0000000080000000, 0x000000008bb00000, 0x00000000d5580000)
  object space 191488K, 50% used [0x0000000080000000,0x0000000085f3cf20,0x000000008bb00000)
 Metaspace       used 82538K, capacity 87020K, committed 87256K, reserved 1126400K
  class space    used 9262K, capacity 9965K, committed 9984K, reserved 1048576K
}
Event: 110.373 GC heap before
{Heap before GC invocations=81 (full 4):
 PSYoungGen      total 688128K, used 678624K [0x00000000d5580000, 0x00000000fff80000, 0x0000000100000000)
  eden space 678400K, 100% used [0x00000000d5580000,0x00000000fec00000,0x00000000fec00000)
  from space 9728K, 2% used [0x00000000ff580000,0x00000000ff5b8000,0x00000000fff00000)
  to   space 9728K, 0% used [0x00000000fec00000,0x00000000fec00000,0x00000000ff580000)
 ParOldGen       total 191488K, used 97523K [0x0000000080000000, 0x000000008bb00000, 0x00000000d5580000)
  object space 191488K, 50% used [0x0000000080000000,0x0000000085f3cf20,0x000000008bb00000)
 Metaspace       used 82548K, capacity 87034K, committed 87256K, reserved 1126400K
  class space    used 9264K, capacity 9968K, committed 9984K, reserved 1048576K
Event: 110.377 GC heap after
Heap after GC invocations=81 (full 4):
 PSYoungGen      total 688128K, used 224K [0x00000000d5580000, 0x00000000fff00000, 0x0000000100000000)
  eden space 678400K, 0% used [0x00000000d5580000,0x00000000d5580000,0x00000000fec00000)
  from space 9728K, 2% used [0x00000000fec00000,0x00000000fec38000,0x00000000ff580000)
  to   space 9216K, 0% used [0x00000000ff600000,0x00000000ff600000,0x00000000fff00000)
 ParOldGen       total 191488K, used 97555K [0x0000000080000000, 0x000000008bb00000, 0x00000000d5580000)
  object space 191488K, 50% used [0x0000000080000000,0x0000000085f44f20,0x000000008bb00000)
 Metaspace       used 82548K, capacity 87034K, committed 87256K, reserved 1126400K
  class space    used 9264K, capacity 9968K, committed 9984K, reserved 1048576K
}
Event: 112.912 GC heap before
{Heap before GC invocations=82 (full 4):
 PSYoungGen      total 688128K, used 678624K [0x00000000d5580000, 0x00000000fff00000, 0x0000000100000000)
  eden space 678400K, 100% used [0x00000000d5580000,0x00000000fec00000,0x00000000fec00000)
  from space 9728K, 2% used [0x00000000fec00000,0x00000000fec38000,0x00000000ff580000)
  to   space 9216K, 0% used [0x00000000ff600000,0x00000000ff600000,0x00000000fff00000)
 ParOldGen       total 191488K, used 97555K [0x0000000080000000, 0x000000008bb00000, 0x00000000d5580000)
  object space 191488K, 50% used [0x0000000080000000,0x0000000085f44f20,0x000000008bb00000)
 Metaspace       used 82549K, capacity 87034K, committed 87256K, reserved 1126400K
  class space    used 9264K, capacity 9968K, committed 9984K, reserved 1048576K
Event: 112.917 GC heap after
Heap after GC invocations=82 (full 4):
 PSYoungGen      total 688640K, used 224K [0x00000000d5580000, 0x00000000ffe80000, 0x0000000100000000)
  eden space 679936K, 0% used [0x00000000d5580000,0x00000000d5580000,0x00000000fed80000)
  from space 8704K, 2% used [0x00000000ff600000,0x00000000ff638000,0x00000000ffe80000)
  to   space 8704K, 0% used [0x00000000fed80000,0x00000000fed80000,0x00000000ff600000)
 ParOldGen       total 191488K, used 97563K [0x0000000080000000, 0x000000008bb00000, 0x00000000d5580000)
  object space 191488K, 50% used [0x0000000080000000,0x0000000085f46f20,0x000000008bb00000)
 Metaspace       used 82549K, capacity 87034K, committed 87256K, reserved 1126400K
  class space    used 9264K, capacity 9968K, committed 9984K, reserved 1048576K
}
Event: 115.365 GC heap before
{Heap before GC invocations=83 (full 4):
 PSYoungGen      total 688640K, used 680160K [0x00000000d5580000, 0x00000000ffe80000, 0x0000000100000000)
  eden space 679936K, 100% used [0x00000000d5580000,0x00000000fed80000,0x00000000fed80000)
  from space 8704K, 2% used [0x00000000ff600000,0x00000000ff638000,0x00000000ffe80000)
  to   space 8704K, 0% used [0x00000000fed80000,0x00000000fed80000,0x00000000ff600000)
 ParOldGen       total 191488K, used 97563K [0x0000000080000000, 0x000000008bb00000, 0x00000000d5580000)
  object space 191488K, 50% used [0x0000000080000000,0x0000000085f46f20,0x000000008bb00000)
 Metaspace       used 82573K, capacity 87034K, committed 87256K, reserved 1126400K
  class space    used 9272K, capacity 9968K, committed 9984K, reserved 1048576K
Event: 115.369 GC heap after
Heap after GC invocations=83 (full 4):
 PSYoungGen      total 688640K, used 224K [0x00000000d5580000, 0x00000000fff00000, 0x0000000100000000)
  eden space 679936K, 0% used [0x00000000d5580000,0x00000000d5580000,0x00000000fed80000)
  from space 8704K, 2% used [0x00000000fed80000,0x00000000fedb8000,0x00000000ff600000)
  to   space 8192K, 0% used [0x00000000ff700000,0x00000000ff700000,0x00000000fff00000)
 ParOldGen       total 191488K, used 97579K [0x0000000080000000, 0x000000008bb00000, 0x00000000d5580000)
  object space 191488K, 50% used [0x0000000080000000,0x0000000085f4af20,0x000000008bb00000)
 Metaspace       used 82573K, capacity 87034K, committed 87256K, reserved 1126400K
  class space    used 9272K, capacity 9968K, committed 9984K, reserved 1048576K
}

