# JRE version: OpenJDK Runtime Environment (Zulu 8.64.0.19-CA-linux64) (8.0_345-b01) (build 1.8.0_345-b01)
# Java VM: OpenJDK 64-Bit Server VM (25.345-b01 mixed mode linux-amd64 compressed oops)
Heap:
 PSYoungGen      total 644608K, used 178128K [0x00000000d5580000, 0x00000000ff980000, 0x0000000100000000)
  eden space 604160K, 28% used [0x00000000d5580000,0x00000000e0047a88,0x00000000fa380000)
  from space 40448K, 8% used [0x00000000fd200000,0x00000000fd52c950,0x00000000ff980000)
  to   space 44032K, 0% used [0x00000000fa380000,0x00000000fa380000,0x00000000fce80000)
 ParOldGen       total 154112K, used 109303K [0x0000000080000000, 0x0000000089680000, 0x00000000d5580000)
  object space 154112K, 70% used [0x0000000080000000,0x0000000086abdcf0,0x0000000089680000)
 Metaspace       used 76788K, capacity 80200K, committed 80344K, reserved 1120256K
  class space    used 8882K, capacity 9465K, committed 9472K, reserved 1048576K
GC Heap History (10 events):
Event: 58.585 GC heap before
{Heap before GC invocations=33 (full 3):
 PSYoungGen      total 633856K, used 578816K [0x00000000d5580000, 0x00000000fff00000, 0x0000000100000000)
  eden space 574976K, 100% used [0x00000000d5580000,0x00000000f8700000,0x00000000f8700000)
  from space 58880K, 6% used [0x00000000f8700000,0x00000000f8ac03e8,0x00000000fc080000)
  to   space 56320K, 0% used [0x00000000fc800000,0x00000000fc800000,0x00000000fff00000)
 ParOldGen       total 154112K, used 109271K [0x0000000080000000, 0x0000000089680000, 0x00000000d5580000)
  object space 154112K, 70% used [0x0000000080000000,0x0000000086ab5cf0,0x0000000089680000)
 Metaspace       used 76760K, capacity 80200K, committed 80344K, reserved 1120256K
  class space    used 8882K, capacity 9465K, committed 9472K, reserved 1048576K
Event: 58.592 GC heap after
Heap after GC invocations=33 (full 3):
 PSYoungGen      total 633344K, used 5021K [0x00000000d5580000, 0x00000000ff880000, 0x0000000100000000)
  eden space 583680K, 0% used [0x00000000d5580000,0x00000000d5580000,0x00000000f8f80000)
  from space 49664K, 10% used [0x00000000fc800000,0x00000000fcce7490,0x00000000ff880000)
  to   space 53760K, 0% used [0x00000000f8f80000,0x00000000f8f80000,0x00000000fc400000)
 ParOldGen       total 154112K, used 109279K [0x0000000080000000, 0x0000000089680000, 0x00000000d5580000)
  object space 154112K, 70% used [0x0000000080000000,0x0000000086ab7cf0,0x0000000089680000)
 Metaspace       used 76760K, capacity 80200K, committed 80344K, reserved 1120256K
  class space    used 8882K, capacity 9465K, committed 9472K, reserved 1048576K
}
Event: 60.638 GC heap before
{Heap before GC invocations=34 (full 3):
 PSYoungGen      total 633344K, used 588701K [0x00000000d5580000, 0x00000000ff880000, 0x0000000100000000)
  eden space 583680K, 100% used [0x00000000d5580000,0x00000000f8f80000,0x00000000f8f80000)
  from space 49664K, 10% used [0x00000000fc800000,0x00000000fcce7490,0x00000000ff880000)
  to   space 53760K, 0% used [0x00000000f8f80000,0x00000000f8f80000,0x00000000fc400000)
 ParOldGen       total 154112K, used 109279K [0x0000000080000000, 0x0000000089680000, 0x00000000d5580000)
  object space 154112K, 70% used [0x0000000080000000,0x0000000086ab7cf0,0x0000000089680000)
 Metaspace       used 76762K, capacity 80200K, committed 80344K, reserved 1120256K
  class space    used 8882K, capacity 9465K, committed 9472K, reserved 1048576K
Event: 60.645 GC heap after
Heap after GC invocations=34 (full 3):
 PSYoungGen      total 637440K, used 4880K [0x00000000d5580000, 0x00000000fff00000, 0x0000000100000000)
  eden space 583680K, 0% used [0x00000000d5580000,0x00000000d5580000,0x00000000f8f80000)
  from space 53760K, 9% used [0x00000000f8f80000,0x00000000f94443c8,0x00000000fc400000)
  to   space 51200K, 0% used [0x00000000fcd00000,0x00000000fcd00000,0x00000000fff00000)
 ParOldGen       total 154112K, used 109287K [0x0000000080000000, 0x0000000089680000, 0x00000000d5580000)
  object space 154112K, 70% used [0x0000000080000000,0x0000000086ab9cf0,0x0000000089680000)
 Metaspace       used 76762K, capacity 80200K, committed 80344K, reserved 1120256K
  class space    used 8882K, capacity 9465K, committed 9472K, reserved 1048576K
}
Event: 62.699 GC heap before
{Heap before GC invocations=35 (full 3):
 PSYoungGen      total 637440K, used 588560K [0x00000000d5580000, 0x00000000fff00000, 0x0000000100000000)
  eden space 583680K, 100% used [0x00000000d5580000,0x00000000f8f80000,0x00000000f8f80000)
  from space 53760K, 9% used [0x00000000f8f80000,0x00000000f94443c8,0x00000000fc400000)
  to   space 51200K, 0% used [0x00000000fcd00000,0x00000000fcd00000,0x00000000fff00000)
 ParOldGen       total 154112K, used 109287K [0x0000000080000000, 0x0000000089680000, 0x00000000d5580000)
  object space 154112K, 70% used [0x0000000080000000,0x0000000086ab9cf0,0x0000000089680000)
 Metaspace       used 76770K, capacity 80200K, committed 80344K, reserved 1120256K
  class space    used 8882K, capacity 9465K, committed 9472K, reserved 1048576K
Event: 62.706 GC heap after
Heap after GC invocations=35 (full 3):
 PSYoungGen      total 638464K, used 5024K [0x00000000d5580000, 0x00000000ff880000, 0x0000000100000000)
  eden space 593920K, 0% used [0x00000000d5580000,0x00000000d5580000,0x00000000f9980000)
  from space 44544K, 11% used [0x00000000fcd00000,0x00000000fd1e83b8,0x00000000ff880000)
  to   space 48640K, 0% used [0x00000000f9980000,0x00000000f9980000,0x00000000fc900000)
 ParOldGen       total 154112K, used 109295K [0x0000000080000000, 0x0000000089680000, 0x00000000d5580000)
  object space 154112K, 70% used [0x0000000080000000,0x0000000086abbcf0,0x0000000089680000)
 Metaspace       used 76770K, capacity 80200K, committed 80344K, reserved 1120256K
  class space    used 8882K, capacity 9465K, committed 9472K, reserved 1048576K
}
Event: 64.791 GC heap before
{Heap before GC invocations=36 (full 3):
 PSYoungGen      total 638464K, used 598944K [0x00000000d5580000, 0x00000000ff880000, 0x0000000100000000)
  eden space 593920K, 100% used [0x00000000d5580000,0x00000000f9980000,0x00000000f9980000)
  from space 44544K, 11% used [0x00000000fcd00000,0x00000000fd1e83b8,0x00000000ff880000)
  to   space 48640K, 0% used [0x00000000f9980000,0x00000000f9980000,0x00000000fc900000)
 ParOldGen       total 154112K, used 109295K [0x0000000080000000, 0x0000000089680000, 0x00000000d5580000)
  object space 154112K, 70% used [0x0000000080000000,0x0000000086abbcf0,0x0000000089680000)
 Metaspace       used 76778K, capacity 80200K, committed 80344K, reserved 1120256K
  class space    used 8882K, capacity 9465K, committed 9472K, reserved 1048576K
Event: 64.798 GC heap after
Heap after GC invocations=36 (full 3):
 PSYoungGen      total 642560K, used 4688K [0x00000000d5580000, 0x00000000fff00000, 0x0000000100000000)
  eden space 593920K, 0% used [0x00000000d5580000,0x00000000d5580000,0x00000000f9980000)
  from space 48640K, 9% used [0x00000000f9980000,0x00000000f9e143a8,0x00000000fc900000)
  to   space 46080K, 0% used [0x00000000fd200000,0x00000000fd200000,0x00000000fff00000)
 ParOldGen       total 154112K, used 109303K [0x0000000080000000, 0x0000000089680000, 0x00000000d5580000)
  object space 154112K, 70% used [0x0000000080000000,0x0000000086abdcf0,0x0000000089680000)
 Metaspace       used 76778K, capacity 80200K, committed 80344K, reserved 1120256K
  class space    used 8882K, capacity 9465K, committed 9472K, reserved 1048576K
}
Event: 67.198 GC heap before
{Heap before GC invocations=37 (full 3):
 PSYoungGen      total 642560K, used 598608K [0x00000000d5580000, 0x00000000fff00000, 0x0000000100000000)
  eden space 593920K, 100% used [0x00000000d5580000,0x00000000f9980000,0x00000000f9980000)
  from space 48640K, 9% used [0x00000000f9980000,0x00000000f9e143a8,0x00000000fc900000)
  to   space 46080K, 0% used [0x00000000fd200000,0x00000000fd200000,0x00000000fff00000)
 ParOldGen       total 154112K, used 109303K [0x0000000080000000, 0x0000000089680000, 0x00000000d5580000)
  object space 154112K, 70% used [0x0000000080000000,0x0000000086abdcf0,0x0000000089680000)
 Metaspace       used 76778K, capacity 80200K, committed 80344K, reserved 1120256K
  class space    used 8882K, capacity 9465K, committed 9472K, reserved 1048576K
Event: 67.204 GC heap after
Heap after GC invocations=37 (full 3):
 PSYoungGen      total 644608K, used 3250K [0x00000000d5580000, 0x00000000ff980000, 0x0000000100000000)
  eden space 604160K, 0% used [0x00000000d5580000,0x00000000d5580000,0x00000000fa380000)
  from space 40448K, 8% used [0x00000000fd200000,0x00000000fd52c950,0x00000000ff980000)
  to   space 44032K, 0% used [0x00000000fa380000,0x00000000fa380000,0x00000000fce80000)
 ParOldGen       total 154112K, used 109303K [0x0000000080000000, 0x0000000089680000, 0x00000000d5580000)
  object space 154112K, 70% used [0x0000000080000000,0x0000000086abdcf0,0x0000000089680000)
 Metaspace       used 76778K, capacity 80200K, committed 80344K, reserved 1120256K
  class space    used 8882K, capacity 9465K, committed 9472K, reserved 1048576K
}

