# JRE version: OpenJDK Runtime Environment (8.0_232-b09) (build 1.8.0_232-b09)
# Java VM: OpenJDK 64-Bit Server VM (25.232-b09 mixed mode linux-amd64 compressed oops)
Heap:
 PSYoungGen      total 60928K, used 33101K [0x00000000d5580000, 0x00000000dce80000, 0x0000000100000000)
  eden space 56320K, 50% used [0x00000000d5580000,0x00000000d71572a0,0x00000000d8c80000)
  from space 4608K, 99% used [0x00000000d8c80000,0x00000000d90fc190,0x00000000d9100000)
  to   space 5632K, 0% used [0x00000000dc900000,0x00000000dc900000,0x00000000dce80000)
 ParOldGen       total 75264K, used 496K [0x0000000080000000, 0x0000000084980000, 0x00000000d5580000)
  object space 75264K, 0% used [0x0000000080000000,0x000000008007c130,0x0000000084980000)
 Metaspace       used 20076K, capacity 20400K, committed 20736K, reserved 1067008K
  class space    used 2133K, capacity 2236K, committed 2304K, reserved 1048576K
GC Heap History (10 events):
Event: 0.536 GC heap before
{Heap before GC invocations=1 (full 0):
 PSYoungGen      total 32768K, used 28160K [0x00000000d5580000, 0x00000000d7a00000, 0x0000000100000000)
  eden space 28160K, 100% used [0x00000000d5580000,0x00000000d7100000,0x00000000d7100000)
  from space 4608K, 0% used [0x00000000d7580000,0x00000000d7580000,0x00000000d7a00000)
  to   space 4608K, 0% used [0x00000000d7100000,0x00000000d7100000,0x00000000d7580000)
 ParOldGen       total 75264K, used 0K [0x0000000080000000, 0x0000000084980000, 0x00000000d5580000)
  object space 75264K, 0% used [0x0000000080000000,0x0000000080000000,0x0000000084980000)
 Metaspace       used 5917K, capacity 6002K, committed 6272K, reserved 1056768K
  class space    used 563K, capacity 593K, committed 640K, reserved 1048576K
Event: 0.540 GC heap after
Heap after GC invocations=1 (full 0):
 PSYoungGen      total 32768K, used 2718K [0x00000000d5580000, 0x00000000d7a00000, 0x0000000100000000)
  eden space 28160K, 0% used [0x00000000d5580000,0x00000000d5580000,0x00000000d7100000)
  from space 4608K, 58% used [0x00000000d7100000,0x00000000d73a7968,0x00000000d7580000)
  to   space 4608K, 0% used [0x00000000d7580000,0x00000000d7580000,0x00000000d7a00000)
 ParOldGen       total 75264K, used 8K [0x0000000080000000, 0x0000000084980000, 0x00000000d5580000)
  object space 75264K, 0% used [0x0000000080000000,0x0000000080002000,0x0000000084980000)
 Metaspace       used 5917K, capacity 6002K, committed 6272K, reserved 1056768K
  class space    used 563K, capacity 593K, committed 640K, reserved 1048576K
}
Event: 0.855 GC heap before
{Heap before GC invocations=2 (full 0):
 PSYoungGen      total 32768K, used 30878K [0x00000000d5580000, 0x00000000d7a00000, 0x0000000100000000)
  eden space 28160K, 100% used [0x00000000d5580000,0x00000000d7100000,0x00000000d7100000)
  from space 4608K, 58% used [0x00000000d7100000,0x00000000d73a7968,0x00000000d7580000)
  to   space 4608K, 0% used [0x00000000d7580000,0x00000000d7580000,0x00000000d7a00000)
 ParOldGen       total 75264K, used 8K [0x0000000080000000, 0x0000000084980000, 0x00000000d5580000)
  object space 75264K, 0% used [0x0000000080000000,0x0000000080002000,0x0000000084980000)
 Metaspace       used 8984K, capacity 9200K, committed 9472K, reserved 1058816K
  class space    used 928K, capacity 996K, committed 1024K, reserved 1048576K
Event: 0.862 GC heap after
Heap after GC invocations=2 (full 0):
 PSYoungGen      total 32768K, used 2539K [0x00000000d5580000, 0x00000000d9580000, 0x0000000100000000)
  eden space 28160K, 0% used [0x00000000d5580000,0x00000000d5580000,0x00000000d7100000)
  from space 4608K, 55% used [0x00000000d7580000,0x00000000d77fad38,0x00000000d7a00000)
  to   space 4608K, 0% used [0x00000000d7100000,0x00000000d7100000,0x00000000d7580000)
 ParOldGen       total 75264K, used 24K [0x0000000080000000, 0x0000000084980000, 0x00000000d5580000)
  object space 75264K, 0% used [0x0000000080000000,0x0000000080006000,0x0000000084980000)
 Metaspace       used 8984K, capacity 9200K, committed 9472K, reserved 1058816K
  class space    used 928K, capacity 996K, committed 1024K, reserved 1048576K
}
Event: 1.132 GC heap before
{Heap before GC invocations=3 (full 0):
 PSYoungGen      total 32768K, used 30699K [0x00000000d5580000, 0x00000000d9580000, 0x0000000100000000)
  eden space 28160K, 100% used [0x00000000d5580000,0x00000000d7100000,0x00000000d7100000)
  from space 4608K, 55% used [0x00000000d7580000,0x00000000d77fad38,0x00000000d7a00000)
  to   space 4608K, 0% used [0x00000000d7100000,0x00000000d7100000,0x00000000d7580000)
 ParOldGen       total 75264K, used 24K [0x0000000080000000, 0x0000000084980000, 0x00000000d5580000)
  object space 75264K, 0% used [0x0000000080000000,0x0000000080006000,0x0000000084980000)
 Metaspace       used 11736K, capacity 11952K, committed 12160K, reserved 1060864K
  class space    used 1241K, capacity 1316K, committed 1408K, reserved 1048576K
Event: 1.139 GC heap after
Heap after GC invocations=3 (full 0):
 PSYoungGen      total 32768K, used 4179K [0x00000000d5580000, 0x00000000d9580000, 0x0000000100000000)
  eden space 28160K, 0% used [0x00000000d5580000,0x00000000d5580000,0x00000000d7100000)
  from space 4608K, 90% used [0x00000000d7100000,0x00000000d7514c40,0x00000000d7580000)
  to   space 4608K, 0% used [0x00000000d9100000,0x00000000d9100000,0x00000000d9580000)
 ParOldGen       total 75264K, used 24K [0x0000000080000000, 0x0000000084980000, 0x00000000d5580000)
  object space 75264K, 0% used [0x0000000080000000,0x0000000080006000,0x0000000084980000)
 Metaspace       used 11736K, capacity 11952K, committed 12160K, reserved 1060864K
  class space    used 1241K, capacity 1316K, committed 1408K, reserved 1048576K
}
Event: 1.577 GC heap before
{Heap before GC invocations=4 (full 0):
 PSYoungGen      total 32768K, used 32339K [0x00000000d5580000, 0x00000000d9580000, 0x0000000100000000)
  eden space 28160K, 100% used [0x00000000d5580000,0x00000000d7100000,0x00000000d7100000)
  from space 4608K, 90% used [0x00000000d7100000,0x00000000d7514c40,0x00000000d7580000)
  to   space 4608K, 0% used [0x00000000d9100000,0x00000000d9100000,0x00000000d9580000)
 ParOldGen       total 75264K, used 24K [0x0000000080000000, 0x0000000084980000, 0x00000000d5580000)
  object space 75264K, 0% used [0x0000000080000000,0x0000000080006000,0x0000000084980000)
 Metaspace       used 14245K, capacity 14482K, committed 14720K, reserved 1062912K
  class space    used 1483K, capacity 1559K, committed 1664K, reserved 1048576K
Event: 1.585 GC heap after
Heap after GC invocations=4 (full 0):
 PSYoungGen      total 60928K, used 4069K [0x00000000d5580000, 0x00000000d9580000, 0x0000000100000000)
  eden space 56320K, 0% used [0x00000000d5580000,0x00000000d5580000,0x00000000d8c80000)
  from space 4608K, 88% used [0x00000000d9100000,0x00000000d94f9790,0x00000000d9580000)
  to   space 4608K, 0% used [0x00000000d8c80000,0x00000000d8c80000,0x00000000d9100000)
 ParOldGen       total 75264K, used 32K [0x0000000080000000, 0x0000000084980000, 0x00000000d5580000)
  object space 75264K, 0% used [0x0000000080000000,0x0000000080008000,0x0000000084980000)
 Metaspace       used 14245K, capacity 14482K, committed 14720K, reserved 1062912K
  class space    used 1483K, capacity 1559K, committed 1664K, reserved 1048576K
}
Event: 2.422 GC heap before
{Heap before GC invocations=5 (full 0):
 PSYoungGen      total 60928K, used 60389K [0x00000000d5580000, 0x00000000d9580000, 0x0000000100000000)
  eden space 56320K, 100% used [0x00000000d5580000,0x00000000d8c80000,0x00000000d8c80000)
  from space 4608K, 88% used [0x00000000d9100000,0x00000000d94f9790,0x00000000d9580000)
  to   space 4608K, 0% used [0x00000000d8c80000,0x00000000d8c80000,0x00000000d9100000)
 ParOldGen       total 75264K, used 32K [0x0000000080000000, 0x0000000084980000, 0x00000000d5580000)
  object space 75264K, 0% used [0x0000000080000000,0x0000000080008000,0x0000000084980000)
 Metaspace       used 18290K, capacity 18552K, committed 18688K, reserved 1067008K
  class space    used 1949K, capacity 2034K, committed 2048K, reserved 1048576K
Event: 2.430 GC heap after
Heap after GC invocations=5 (full 0):
 PSYoungGen      total 60928K, used 4592K [0x00000000d5580000, 0x00000000dce80000, 0x0000000100000000)
  eden space 56320K, 0% used [0x00000000d5580000,0x00000000d5580000,0x00000000d8c80000)
  from space 4608K, 99% used [0x00000000d8c80000,0x00000000d90fc190,0x00000000d9100000)
  to   space 5632K, 0% used [0x00000000dc900000,0x00000000dc900000,0x00000000dce80000)
 ParOldGen       total 75264K, used 496K [0x0000000080000000, 0x0000000084980000, 0x00000000d5580000)
  object space 75264K, 0% used [0x0000000080000000,0x000000008007c130,0x0000000084980000)
 Metaspace       used 18290K, capacity 18552K, committed 18688K, reserved 1067008K
  class space    used 1949K, capacity 2034K, committed 2048K, reserved 1048576K
}

