# JRE version: OpenJDK Runtime Environment (Zulu 8.64.0.19-CA-linux64) (8.0_345-b01) (build 1.8.0_345-b01)
# Java VM: OpenJDK 64-Bit Server VM (25.345-b01 mixed mode linux-amd64 compressed oops)
Heap:
 PSYoungGen      total 672256K, used 468067K [0x00000000d5580000, 0x0000000100000000, 0x0000000100000000)
  eden space 646656K, 72% used [0x00000000d5580000,0x00000000f1d94f80,0x00000000fcd00000)
  from space 25600K, 4% used [0x00000000fcd00000,0x00000000fce04010,0x00000000fe600000)
  to   space 25600K, 0% used [0x00000000fe700000,0x00000000fe700000,0x0000000100000000)
 ParOldGen       total 244736K, used 181594K [0x0000000080000000, 0x000000008ef00000, 0x00000000d5580000)
  object space 244736K, 74% used [0x0000000080000000,0x000000008b1568a0,0x000000008ef00000)
 Metaspace       used 97171K, capacity 102150K, committed 102400K, reserved 1140736K
  class space    used 11183K, capacity 11978K, committed 12032K, reserved 1048576K
GC Heap History (10 events):
Event: 369.981 GC heap before
{Heap before GC invocations=144 (full 5):
 PSYoungGen      total 672768K, used 652176K [0x00000000d5580000, 0x0000000100000000, 0x0000000100000000)
  eden space 646656K, 100% used [0x00000000d5580000,0x00000000fcd00000,0x00000000fcd00000)
  from space 26112K, 21% used [0x00000000fe680000,0x00000000febe40c0,0x0000000100000000)
  to   space 26112K, 0% used [0x00000000fcd00000,0x00000000fcd00000,0x00000000fe680000)
 ParOldGen       total 244736K, used 179517K [0x0000000080000000, 0x000000008ef00000, 0x00000000d5580000)
  object space 244736K, 73% used [0x0000000080000000,0x000000008af4f608,0x000000008ef00000)
 Metaspace       used 97130K, capacity 102150K, committed 102400K, reserved 1140736K
  class space    used 11183K, capacity 11978K, committed 12032K, reserved 1048576K
Event: 369.989 GC heap after
Heap after GC invocations=144 (full 5):
 PSYoungGen      total 672768K, used 4672K [0x00000000d5580000, 0x0000000100000000, 0x0000000100000000)
  eden space 646656K, 0% used [0x00000000d5580000,0x00000000d5580000,0x00000000fcd00000)
  from space 26112K, 17% used [0x00000000fcd00000,0x00000000fd190040,0x00000000fe680000)
  to   space 26112K, 0% used [0x00000000fe680000,0x00000000fe680000,0x0000000100000000)
 ParOldGen       total 244736K, used 180259K [0x0000000080000000, 0x000000008ef00000, 0x00000000d5580000)
  object space 244736K, 73% used [0x0000000080000000,0x000000008b008fb8,0x000000008ef00000)
 Metaspace       used 97130K, capacity 102150K, committed 102400K, reserved 1140736K
  class space    used 11183K, capacity 11978K, committed 12032K, reserved 1048576K
}
Event: 371.526 GC heap before
{Heap before GC invocations=145 (full 5):
 PSYoungGen      total 672768K, used 651328K [0x00000000d5580000, 0x0000000100000000, 0x0000000100000000)
  eden space 646656K, 100% used [0x00000000d5580000,0x00000000fcd00000,0x00000000fcd00000)
  from space 26112K, 17% used [0x00000000fcd00000,0x00000000fd190040,0x00000000fe680000)
  to   space 26112K, 0% used [0x00000000fe680000,0x00000000fe680000,0x0000000100000000)
 ParOldGen       total 244736K, used 180259K [0x0000000080000000, 0x000000008ef00000, 0x00000000d5580000)
  object space 244736K, 73% used [0x0000000080000000,0x000000008b008fb8,0x000000008ef00000)
 Metaspace       used 97140K, capacity 102150K, committed 102400K, reserved 1140736K
  class space    used 11183K, capacity 11978K, committed 12032K, reserved 1048576K
Event: 371.536 GC heap after
Heap after GC invocations=145 (full 5):
 PSYoungGen      total 672768K, used 4464K [0x00000000d5580000, 0x0000000100000000, 0x0000000100000000)
  eden space 646656K, 0% used [0x00000000d5580000,0x00000000d5580000,0x00000000fcd00000)
  from space 26112K, 17% used [0x00000000fe680000,0x00000000feadc020,0x0000000100000000)
  to   space 26112K, 0% used [0x00000000fcd00000,0x00000000fcd00000,0x00000000fe680000)
 ParOldGen       total 244736K, used 180485K [0x0000000080000000, 0x000000008ef00000, 0x00000000d5580000)
  object space 244736K, 73% used [0x0000000080000000,0x000000008b041730,0x000000008ef00000)
 Metaspace       used 97140K, capacity 102150K, committed 102400K, reserved 1140736K
  class space    used 11183K, capacity 11978K, committed 12032K, reserved 1048576K
}
Event: 373.053 GC heap before
{Heap before GC invocations=146 (full 5):
 PSYoungGen      total 672768K, used 651120K [0x00000000d5580000, 0x0000000100000000, 0x0000000100000000)
  eden space 646656K, 100% used [0x00000000d5580000,0x00000000fcd00000,0x00000000fcd00000)
  from space 26112K, 17% used [0x00000000fe680000,0x00000000feadc020,0x0000000100000000)
  to   space 26112K, 0% used [0x00000000fcd00000,0x00000000fcd00000,0x00000000fe680000)
 ParOldGen       total 244736K, used 180485K [0x0000000080000000, 0x000000008ef00000, 0x00000000d5580000)
  object space 244736K, 73% used [0x0000000080000000,0x000000008b041730,0x000000008ef00000)
 Metaspace       used 97152K, capacity 102150K, committed 102400K, reserved 1140736K
  class space    used 11183K, capacity 11978K, committed 12032K, reserved 1048576K
Event: 373.061 GC heap after
Heap after GC invocations=146 (full 5):
 PSYoungGen      total 651264K, used 4272K [0x00000000d5580000, 0x00000000fff00000, 0x0000000100000000)
  eden space 646656K, 0% used [0x00000000d5580000,0x00000000d5580000,0x00000000fcd00000)
  from space 4608K, 92% used [0x00000000fcd00000,0x00000000fd12c010,0x00000000fd180000)
  to   space 25600K, 0% used [0x00000000fe600000,0x00000000fe600000,0x00000000fff00000)
 ParOldGen       total 244736K, used 180687K [0x0000000080000000, 0x000000008ef00000, 0x00000000d5580000)
  object space 244736K, 73% used [0x0000000080000000,0x000000008b073f88,0x000000008ef00000)
 Metaspace       used 97152K, capacity 102150K, committed 102400K, reserved 1140736K
  class space    used 11183K, capacity 11978K, committed 12032K, reserved 1048576K
}
Event: 375.518 GC heap before
{Heap before GC invocations=147 (full 5):
 PSYoungGen      total 651264K, used 650928K [0x00000000d5580000, 0x00000000fff00000, 0x0000000100000000)
  eden space 646656K, 100% used [0x00000000d5580000,0x00000000fcd00000,0x00000000fcd00000)
  from space 4608K, 92% used [0x00000000fcd00000,0x00000000fd12c010,0x00000000fd180000)
  to   space 25600K, 0% used [0x00000000fe600000,0x00000000fe600000,0x00000000fff00000)
 ParOldGen       total 244736K, used 180687K [0x0000000080000000, 0x000000008ef00000, 0x00000000d5580000)
  object space 244736K, 73% used [0x0000000080000000,0x000000008b073f88,0x000000008ef00000)
 Metaspace       used 97166K, capacity 102150K, committed 102400K, reserved 1140736K
  class space    used 11183K, capacity 11978K, committed 12032K, reserved 1048576K
Event: 375.526 GC heap after
Heap after GC invocations=147 (full 5):
 PSYoungGen      total 672256K, used 1424K [0x00000000d5580000, 0x0000000100000000, 0x0000000100000000)
  eden space 646656K, 0% used [0x00000000d5580000,0x00000000d5580000,0x00000000fcd00000)
  from space 25600K, 5% used [0x00000000fe600000,0x00000000fe764020,0x00000000fff00000)
  to   space 25600K, 0% used [0x00000000fcd00000,0x00000000fcd00000,0x00000000fe600000)
 ParOldGen       total 244736K, used 181488K [0x0000000080000000, 0x000000008ef00000, 0x00000000d5580000)
  object space 244736K, 74% used [0x0000000080000000,0x000000008b13c028,0x000000008ef00000)
 Metaspace       used 97166K, capacity 102150K, committed 102400K, reserved 1140736K
  class space    used 11183K, capacity 11978K, committed 12032K, reserved 1048576K
}
Event: 378.471 GC heap before
{Heap before GC invocations=148 (full 5):
 PSYoungGen      total 672256K, used 648080K [0x00000000d5580000, 0x0000000100000000, 0x0000000100000000)
  eden space 646656K, 100% used [0x00000000d5580000,0x00000000fcd00000,0x00000000fcd00000)
  from space 25600K, 5% used [0x00000000fe600000,0x00000000fe764020,0x00000000fff00000)
  to   space 25600K, 0% used [0x00000000fcd00000,0x00000000fcd00000,0x00000000fe600000)
 ParOldGen       total 244736K, used 181488K [0x0000000080000000, 0x000000008ef00000, 0x00000000d5580000)
  object space 244736K, 74% used [0x0000000080000000,0x000000008b13c028,0x000000008ef00000)
 Metaspace       used 97166K, capacity 102150K, committed 102400K, reserved 1140736K
  class space    used 11183K, capacity 11978K, committed 12032K, reserved 1048576K
Event: 378.477 GC heap after
Heap after GC invocations=148 (full 5):
 PSYoungGen      total 672256K, used 1040K [0x00000000d5580000, 0x0000000100000000, 0x0000000100000000)
  eden space 646656K, 0% used [0x00000000d5580000,0x00000000d5580000,0x00000000fcd00000)
  from space 25600K, 4% used [0x00000000fcd00000,0x00000000fce04010,0x00000000fe600000)
  to   space 25600K, 0% used [0x00000000fe700000,0x00000000fe700000,0x0000000100000000)
 ParOldGen       total 244736K, used 181594K [0x0000000080000000, 0x000000008ef00000, 0x00000000d5580000)
  object space 244736K, 74% used [0x0000000080000000,0x000000008b1568a0,0x000000008ef00000)
 Metaspace       used 97166K, capacity 102150K, committed 102400K, reserved 1140736K
  class space    used 11183K, capacity 11978K, committed 12032K, reserved 1048576K
}

