# JRE version: OpenJDK Runtime Environment (Zulu 8.64.0.19-CA-linux64) (8.0_345-b01) (build 1.8.0_345-b01)
# Java VM: OpenJDK 64-Bit Server VM (25.345-b01 mixed mode linux-amd64 compressed oops)
Heap:
 PSYoungGen      total 654336K, used 64537K [0x00000000d5580000, 0x00000000ffa00000, 0x0000000100000000)
  eden space 615936K, 10% used [0x00000000d5580000,0x00000000d9436508,0x00000000faf00000)
  from space 38400K, 0% used [0x00000000fd480000,0x00000000fd4d0000,0x00000000ffa00000)
  to   space 38400K, 0% used [0x00000000faf00000,0x00000000faf00000,0x00000000fd480000)
 ParOldGen       total 180224K, used 125453K [0x0000000080000000, 0x000000008b000000, 0x00000000d5580000)
  object space 180224K, 69% used [0x0000000080000000,0x0000000087a837e8,0x000000008b000000)
 Metaspace       used 94327K, capacity 100046K, committed 100312K, reserved 1138688K
  class space    used 10301K, capacity 11186K, committed 11264K, reserved 1048576K
GC Heap History (10 events):
Event: 357.855 GC heap before
{Heap before GC invocations=195 (full 5):
 PSYoungGen      total 645120K, used 596608K [0x00000000d5580000, 0x00000000ffc80000, 0x0000000100000000)
  eden space 595968K, 100% used [0x00000000d5580000,0x00000000f9b80000,0x00000000f9b80000)
  from space 49152K, 1% used [0x00000000f9b80000,0x00000000f9c20000,0x00000000fcb80000)
  to   space 47616K, 0% used [0x00000000fce00000,0x00000000fce00000,0x00000000ffc80000)
 ParOldGen       total 180224K, used 125069K [0x0000000080000000, 0x000000008b000000, 0x00000000d5580000)
  object space 180224K, 69% used [0x0000000080000000,0x0000000087a237e8,0x000000008b000000)
 Metaspace       used 94319K, capacity 100046K, committed 100312K, reserved 1138688K
  class space    used 10301K, capacity 11186K, committed 11264K, reserved 1048576K
Event: 357.862 GC heap after
Heap after GC invocations=195 (full 5):
 PSYoungGen      total 648192K, used 608K [0x00000000d5580000, 0x00000000ffb80000, 0x0000000100000000)
  eden space 601600K, 0% used [0x00000000d5580000,0x00000000d5580000,0x00000000fa100000)
  from space 46592K, 1% used [0x00000000fce00000,0x00000000fce98000,0x00000000ffb80000)
  to   space 46080K, 0% used [0x00000000fa100000,0x00000000fa100000,0x00000000fce00000)
 ParOldGen       total 180224K, used 125085K [0x0000000080000000, 0x000000008b000000, 0x00000000d5580000)
  object space 180224K, 69% used [0x0000000080000000,0x0000000087a277e8,0x000000008b000000)
 Metaspace       used 94319K, capacity 100046K, committed 100312K, reserved 1138688K
  class space    used 10301K, capacity 11186K, committed 11264K, reserved 1048576K
}
Event: 360.478 GC heap before
{Heap before GC invocations=196 (full 5):
 PSYoungGen      total 648192K, used 602208K [0x00000000d5580000, 0x00000000ffb80000, 0x0000000100000000)
  eden space 601600K, 100% used [0x00000000d5580000,0x00000000fa100000,0x00000000fa100000)
  from space 46592K, 1% used [0x00000000fce00000,0x00000000fce98000,0x00000000ffb80000)
  to   space 46080K, 0% used [0x00000000fa100000,0x00000000fa100000,0x00000000fce00000)
 ParOldGen       total 180224K, used 125085K [0x0000000080000000, 0x000000008b000000, 0x00000000d5580000)
  object space 180224K, 69% used [0x0000000080000000,0x0000000087a277e8,0x000000008b000000)
 Metaspace       used 94321K, capacity 100046K, committed 100312K, reserved 1138688K
  class space    used 10301K, capacity 11186K, committed 11264K, reserved 1048576K
Event: 360.485 GC heap after
Heap after GC invocations=196 (full 5):
 PSYoungGen      total 647680K, used 640K [0x00000000d5580000, 0x00000000ffc80000, 0x0000000100000000)
  eden space 601600K, 0% used [0x00000000d5580000,0x00000000d5580000,0x00000000fa100000)
  from space 46080K, 1% used [0x00000000fa100000,0x00000000fa1a0000,0x00000000fce00000)
  to   space 44544K, 0% used [0x00000000fd100000,0x00000000fd100000,0x00000000ffc80000)
 ParOldGen       total 180224K, used 125093K [0x0000000080000000, 0x000000008b000000, 0x00000000d5580000)
  object space 180224K, 69% used [0x0000000080000000,0x0000000087a297e8,0x000000008b000000)
 Metaspace       used 94321K, capacity 100046K, committed 100312K, reserved 1138688K
  class space    used 10301K, capacity 11186K, committed 11264K, reserved 1048576K
}
Event: 363.274 GC heap before
{Heap before GC invocations=197 (full 5):
 PSYoungGen      total 647680K, used 602240K [0x00000000d5580000, 0x00000000ffc80000, 0x0000000100000000)
  eden space 601600K, 100% used [0x00000000d5580000,0x00000000fa100000,0x00000000fa100000)
  from space 46080K, 1% used [0x00000000fa100000,0x00000000fa1a0000,0x00000000fce00000)
  to   space 44544K, 0% used [0x00000000fd100000,0x00000000fd100000,0x00000000ffc80000)
 ParOldGen       total 180224K, used 125093K [0x0000000080000000, 0x000000008b000000, 0x00000000d5580000)
  object space 180224K, 69% used [0x0000000080000000,0x0000000087a297e8,0x000000008b000000)
 Metaspace       used 94321K, capacity 100046K, committed 100312K, reserved 1138688K
  class space    used 10301K, capacity 11186K, committed 11264K, reserved 1048576K
Event: 363.283 GC heap after
Heap after GC invocations=197 (full 5):
 PSYoungGen      total 650752K, used 640K [0x00000000d5580000, 0x00000000ffa80000, 0x0000000100000000)
  eden space 608256K, 0% used [0x00000000d5580000,0x00000000d5580000,0x00000000fa780000)
  from space 42496K, 1% used [0x00000000fd100000,0x00000000fd1a0000,0x00000000ffa80000)
  to   space 42496K, 0% used [0x00000000fa780000,0x00000000fa780000,0x00000000fd100000)
 ParOldGen       total 180224K, used 125101K [0x0000000080000000, 0x000000008b000000, 0x00000000d5580000)
  object space 180224K, 69% used [0x0000000080000000,0x0000000087a2b7e8,0x000000008b000000)
 Metaspace       used 94321K, capacity 100046K, committed 100312K, reserved 1138688K
  class space    used 10301K, capacity 11186K, committed 11264K, reserved 1048576K
}
Event: 366.132 GC heap before
{Heap before GC invocations=198 (full 5):
 PSYoungGen      total 650752K, used 608896K [0x00000000d5580000, 0x00000000ffa80000, 0x0000000100000000)
  eden space 608256K, 100% used [0x00000000d5580000,0x00000000fa780000,0x00000000fa780000)
  from space 42496K, 1% used [0x00000000fd100000,0x00000000fd1a0000,0x00000000ffa80000)
  to   space 42496K, 0% used [0x00000000fa780000,0x00000000fa780000,0x00000000fd100000)
 ParOldGen       total 180224K, used 125101K [0x0000000080000000, 0x000000008b000000, 0x00000000d5580000)
  object space 180224K, 69% used [0x0000000080000000,0x0000000087a2b7e8,0x000000008b000000)
 Metaspace       used 94321K, capacity 100046K, committed 100312K, reserved 1138688K
  class space    used 10301K, capacity 11186K, committed 11264K, reserved 1048576K
Event: 366.140 GC heap after
Heap after GC invocations=198 (full 5):
 PSYoungGen      total 650752K, used 448K [0x00000000d5580000, 0x00000000ffc00000, 0x0000000100000000)
  eden space 608256K, 0% used [0x00000000d5580000,0x00000000d5580000,0x00000000fa780000)
  from space 42496K, 1% used [0x00000000fa780000,0x00000000fa7f0000,0x00000000fd100000)
  to   space 40448K, 0% used [0x00000000fd480000,0x00000000fd480000,0x00000000ffc00000)
 ParOldGen       total 180224K, used 125341K [0x0000000080000000, 0x000000008b000000, 0x00000000d5580000)
  object space 180224K, 69% used [0x0000000080000000,0x0000000087a677e8,0x000000008b000000)
 Metaspace       used 94321K, capacity 100046K, committed 100312K, reserved 1138688K
  class space    used 10301K, capacity 11186K, committed 11264K, reserved 1048576K
}
Event: 369.039 GC heap before
{Heap before GC invocations=199 (full 5):
 PSYoungGen      total 650752K, used 608704K [0x00000000d5580000, 0x00000000ffc00000, 0x0000000100000000)
  eden space 608256K, 100% used [0x00000000d5580000,0x00000000fa780000,0x00000000fa780000)
  from space 42496K, 1% used [0x00000000fa780000,0x00000000fa7f0000,0x00000000fd100000)
  to   space 40448K, 0% used [0x00000000fd480000,0x00000000fd480000,0x00000000ffc00000)
 ParOldGen       total 180224K, used 125341K [0x0000000080000000, 0x000000008b000000, 0x00000000d5580000)
  object space 180224K, 69% used [0x0000000080000000,0x0000000087a677e8,0x000000008b000000)
 Metaspace       used 94327K, capacity 100046K, committed 100312K, reserved 1138688K
  class space    used 10301K, capacity 11186K, committed 11264K, reserved 1048576K
Event: 369.045 GC heap after
Heap after GC invocations=199 (full 5):
 PSYoungGen      total 654336K, used 320K [0x00000000d5580000, 0x00000000ffa00000, 0x0000000100000000)
  eden space 615936K, 0% used [0x00000000d5580000,0x00000000d5580000,0x00000000faf00000)
  from space 38400K, 0% used [0x00000000fd480000,0x00000000fd4d0000,0x00000000ffa00000)
  to   space 38400K, 0% used [0x00000000faf00000,0x00000000faf00000,0x00000000fd480000)
 ParOldGen       total 180224K, used 125453K [0x0000000080000000, 0x000000008b000000, 0x00000000d5580000)
  object space 180224K, 69% used [0x0000000080000000,0x0000000087a837e8,0x000000008b000000)
 Metaspace       used 94327K, capacity 100046K, committed 100312K, reserved 1138688K
  class space    used 10301K, capacity 11186K, committed 11264K, reserved 1048576K
}

