# JRE version: OpenJDK Runtime Environment (8.0_292-b10) (build 1.8.0_292-b10)
# Java VM: OpenJDK 64-Bit Server VM (25.292-b10 mixed mode linux-amd64 compressed oops)
Heap:
 PSYoungGen      total 449536K, used 397198K [0x00000000d5580000, 0x00000000f2380000, 0x0000000100000000)
  eden space 437248K, 90% used [0x00000000d5580000,0x00000000ed963918,0x00000000f0080000)
  from space 12288K, 0% used [0x00000000f1780000,0x00000000f1780000,0x00000000f2380000)
  to   space 17920K, 0% used [0x00000000f0080000,0x00000000f0080000,0x00000000f1200000)
 ParOldGen       total 74752K, used 27347K [0x0000000080000000, 0x0000000084900000, 0x00000000d5580000)
  object space 74752K, 36% used [0x0000000080000000,0x0000000081ab4e80,0x0000000084900000)
 Metaspace       used 68735K, capacity 72174K, committed 72320K, reserved 1112064K
  class space    used 8218K, capacity 8792K, committed 8832K, reserved 1048576K
GC Heap History (10 events):
Event: 9.515 GC heap before
{Heap before GC invocations=11 (full 2):
 PSYoungGen      total 226304K, used 10013K [0x00000000d5580000, 0x00000000e9480000, 0x0000000100000000)
  eden space 215040K, 0% used [0x00000000d5580000,0x00000000d5580000,0x00000000e2780000)
  from space 11264K, 88% used [0x00000000e2780000,0x00000000e3147428,0x00000000e3280000)
  to   space 12288K, 0% used [0x00000000e8880000,0x00000000e8880000,0x00000000e9480000)
 ParOldGen       total 39424K, used 6733K [0x0000000080000000, 0x0000000082680000, 0x00000000d5580000)
  object space 39424K, 17% used [0x0000000080000000,0x00000000806937d0,0x0000000082680000)
 Metaspace       used 33282K, capacity 35326K, committed 35496K, reserved 1081344K
  class space    used 4199K, capacity 4544K, committed 4608K, reserved 1048576K
Event: 9.565 GC heap after
Heap after GC invocations=11 (full 2):
 PSYoungGen      total 226304K, used 0K [0x00000000d5580000, 0x00000000e9480000, 0x0000000100000000)
  eden space 215040K, 0% used [0x00000000d5580000,0x00000000d5580000,0x00000000e2780000)
  from space 11264K, 0% used [0x00000000e2780000,0x00000000e2780000,0x00000000e3280000)
  to   space 12288K, 0% used [0x00000000e8880000,0x00000000e8880000,0x00000000e9480000)
 ParOldGen       total 53760K, used 14614K [0x0000000080000000, 0x0000000083480000, 0x00000000d5580000)
  object space 53760K, 27% used [0x0000000080000000,0x0000000080e45a10,0x0000000083480000)
 Metaspace       used 33282K, capacity 35326K, committed 35496K, reserved 1081344K
  class space    used 4199K, capacity 4544K, committed 4608K, reserved 1048576K
}
Event: 10.459 GC heap before
{Heap before GC invocations=12 (full 2):
 PSYoungGen      total 226304K, used 215040K [0x00000000d5580000, 0x00000000e9480000, 0x0000000100000000)
  eden space 215040K, 100% used [0x00000000d5580000,0x00000000e2780000,0x00000000e2780000)
  from space 11264K, 0% used [0x00000000e2780000,0x00000000e2780000,0x00000000e3280000)
  to   space 12288K, 0% used [0x00000000e8880000,0x00000000e8880000,0x00000000e9480000)
 ParOldGen       total 53760K, used 14614K [0x0000000080000000, 0x0000000083480000, 0x00000000d5580000)
  object space 53760K, 27% used [0x0000000080000000,0x0000000080e45a10,0x0000000083480000)
 Metaspace       used 41371K, capacity 43532K, committed 43776K, reserved 1087488K
  class space    used 5166K, capacity 5551K, committed 5632K, reserved 1048576K
Event: 10.469 GC heap after
Heap after GC invocations=12 (full 2):
 PSYoungGen      total 313344K, used 10516K [0x00000000d5580000, 0x00000000eaa00000, 0x0000000100000000)
  eden space 301056K, 0% used [0x00000000d5580000,0x00000000d5580000,0x00000000e7b80000)
  from space 12288K, 85% used [0x00000000e8880000,0x00000000e92c5290,0x00000000e9480000)
  to   space 13312K, 0% used [0x00000000e7b80000,0x00000000e7b80000,0x00000000e8880000)
 ParOldGen       total 53760K, used 14622K [0x0000000080000000, 0x0000000083480000, 0x00000000d5580000)
  object space 53760K, 27% used [0x0000000080000000,0x0000000080e47a10,0x0000000083480000)
 Metaspace       used 41371K, capacity 43532K, committed 43776K, reserved 1087488K
  class space    used 5166K, capacity 5551K, committed 5632K, reserved 1048576K
}
Event: 15.342 GC heap before
{Heap before GC invocations=13 (full 2):
 PSYoungGen      total 313344K, used 311572K [0x00000000d5580000, 0x00000000eaa00000, 0x0000000100000000)
  eden space 301056K, 100% used [0x00000000d5580000,0x00000000e7b80000,0x00000000e7b80000)
  from space 12288K, 85% used [0x00000000e8880000,0x00000000e92c5290,0x00000000e9480000)
  to   space 13312K, 0% used [0x00000000e7b80000,0x00000000e7b80000,0x00000000e8880000)
 ParOldGen       total 53760K, used 14622K [0x0000000080000000, 0x0000000083480000, 0x00000000d5580000)
  object space 53760K, 27% used [0x0000000080000000,0x0000000080e47a10,0x0000000083480000)
 Metaspace       used 51808K, capacity 54146K, committed 54400K, reserved 1097728K
  class space    used 6349K, capacity 6742K, committed 6784K, reserved 1048576K
Event: 15.360 GC heap after
Heap after GC invocations=13 (full 2):
 PSYoungGen      total 314368K, used 13307K [0x00000000d5580000, 0x00000000f2880000, 0x0000000100000000)
  eden space 301056K, 0% used [0x00000000d5580000,0x00000000d5580000,0x00000000e7b80000)
  from space 13312K, 99% used [0x00000000e7b80000,0x00000000e887ef90,0x00000000e8880000)
  to   space 17408K, 0% used [0x00000000f1780000,0x00000000f1780000,0x00000000f2880000)
 ParOldGen       total 53760K, used 20534K [0x0000000080000000, 0x0000000083480000, 0x00000000d5580000)
  object space 53760K, 38% used [0x0000000080000000,0x000000008140da48,0x0000000083480000)
 Metaspace       used 51808K, capacity 54146K, committed 54400K, reserved 1097728K
  class space    used 6349K, capacity 6742K, committed 6784K, reserved 1048576K
}
Event: 16.487 GC heap before
{Heap before GC invocations=14 (full 2):
 PSYoungGen      total 314368K, used 246999K [0x00000000d5580000, 0x00000000f2880000, 0x0000000100000000)
  eden space 301056K, 77% used [0x00000000d5580000,0x00000000e39b7020,0x00000000e7b80000)
  from space 13312K, 99% used [0x00000000e7b80000,0x00000000e887ef90,0x00000000e8880000)
  to   space 17408K, 0% used [0x00000000f1780000,0x00000000f1780000,0x00000000f2880000)
 ParOldGen       total 53760K, used 20534K [0x0000000080000000, 0x0000000083480000, 0x00000000d5580000)
  object space 53760K, 38% used [0x0000000080000000,0x000000008140da48,0x0000000083480000)
 Metaspace       used 56578K, capacity 58974K, committed 59160K, reserved 1101824K
  class space    used 6792K, capacity 7220K, committed 7296K, reserved 1048576K
Event: 16.501 GC heap after
Heap after GC invocations=14 (full 2):
 PSYoungGen      total 449536K, used 10992K [0x00000000d5580000, 0x00000000f2380000, 0x0000000100000000)
  eden space 437248K, 0% used [0x00000000d5580000,0x00000000d5580000,0x00000000f0080000)
  from space 12288K, 89% used [0x00000000f1780000,0x00000000f223c200,0x00000000f2380000)
  to   space 17920K, 0% used [0x00000000f0080000,0x00000000f0080000,0x00000000f1200000)
 ParOldGen       total 53760K, used 23409K [0x0000000080000000, 0x0000000083480000, 0x00000000d5580000)
  object space 53760K, 43% used [0x0000000080000000,0x00000000816dc4a0,0x0000000083480000)
 Metaspace       used 56578K, capacity 58974K, committed 59160K, reserved 1101824K
  class space    used 6792K, capacity 7220K, committed 7296K, reserved 1048576K
}
Event: 16.501 GC heap before
{Heap before GC invocations=15 (full 3):
 PSYoungGen      total 449536K, used 10992K [0x00000000d5580000, 0x00000000f2380000, 0x0000000100000000)
  eden space 437248K, 0% used [0x00000000d5580000,0x00000000d5580000,0x00000000f0080000)
  from space 12288K, 89% used [0x00000000f1780000,0x00000000f223c200,0x00000000f2380000)
  to   space 17920K, 0% used [0x00000000f0080000,0x00000000f0080000,0x00000000f1200000)
 ParOldGen       total 53760K, used 23409K [0x0000000080000000, 0x0000000083480000, 0x00000000d5580000)
  object space 53760K, 43% used [0x0000000080000000,0x00000000816dc4a0,0x0000000083480000)
 Metaspace       used 56578K, capacity 58974K, committed 59160K, reserved 1101824K
  class space    used 6792K, capacity 7220K, committed 7296K, reserved 1048576K
Event: 16.605 GC heap after
Heap after GC invocations=15 (full 3):
 PSYoungGen      total 449536K, used 0K [0x00000000d5580000, 0x00000000f2380000, 0x0000000100000000)
  eden space 437248K, 0% used [0x00000000d5580000,0x00000000d5580000,0x00000000f0080000)
  from space 12288K, 0% used [0x00000000f1780000,0x00000000f1780000,0x00000000f2380000)
  to   space 17920K, 0% used [0x00000000f0080000,0x00000000f0080000,0x00000000f1200000)
 ParOldGen       total 74752K, used 27347K [0x0000000080000000, 0x0000000084900000, 0x00000000d5580000)
  object space 74752K, 36% used [0x0000000080000000,0x0000000081ab4e80,0x0000000084900000)
 Metaspace       used 56578K, capacity 58974K, committed 59160K, reserved 1101824K
  class space    used 6792K, capacity 7220K, committed 7296K, reserved 1048576K
}

