# JRE version: OpenJDK Runtime Environment (8.0_332-b09) (build 1.8.0_332-b09)
# Java VM: OpenJDK 64-Bit Server VM (25.332-b09 mixed mode linux-amd64 compressed oops)
Heap:
 PSYoungGen      total 667136K, used 366627K [0x00000000d5580000, 0x00000000ffd00000, 0x0000000100000000)
  eden space 638464K, 57% used [0x00000000d5580000,0x00000000eb9c8d80,0x00000000fc500000)
  from space 28672K, 6% used [0x00000000fc500000,0x00000000fc6c0010,0x00000000fe100000)
  to   space 27136K, 0% used [0x00000000fe280000,0x00000000fe280000,0x00000000ffd00000)
 ParOldGen       total 118272K, used 67469K [0x0000000080000000, 0x0000000087380000, 0x00000000d5580000)
  object space 118272K, 57% used [0x0000000080000000,0x00000000841e3550,0x0000000087380000)
 Metaspace       used 87726K, capacity 92634K, committed 92888K, reserved 1132544K
  class space    used 9815K, capacity 10590K, committed 10712K, reserved 1048576K
GC Heap History (10 events):
Event: 105.448 GC heap before
{Heap before GC invocations=52 (full 3):
 PSYoungGen      total 663552K, used 634208K [0x00000000d5580000, 0x00000000ffd80000, 0x0000000100000000)
  eden space 630784K, 100% used [0x00000000d5580000,0x00000000fbd80000,0x00000000fbd80000)
  from space 32768K, 10% used [0x00000000fdd80000,0x00000000fe0d8010,0x00000000ffd80000)
  to   space 32768K, 0% used [0x00000000fbd80000,0x00000000fbd80000,0x00000000fdd80000)
 ParOldGen       total 118272K, used 67301K [0x0000000080000000, 0x0000000087380000, 0x00000000d5580000)
  object space 118272K, 56% used [0x0000000080000000,0x00000000841b9550,0x0000000087380000)
 Metaspace       used 87637K, capacity 92522K, committed 92760K, reserved 1132544K
  class space    used 9807K, capacity 10580K, committed 10584K, reserved 1048576K
Event: 105.456 GC heap after
Heap after GC invocations=52 (full 3):
 PSYoungGen      total 663552K, used 2928K [0x00000000d5580000, 0x00000000ffe00000, 0x0000000100000000)
  eden space 630784K, 0% used [0x00000000d5580000,0x00000000d5580000,0x00000000fbd80000)
  from space 32768K, 8% used [0x00000000fbd80000,0x00000000fc05c020,0x00000000fdd80000)
  to   space 31744K, 0% used [0x00000000fdf00000,0x00000000fdf00000,0x00000000ffe00000)
 ParOldGen       total 118272K, used 67325K [0x0000000080000000, 0x0000000087380000, 0x00000000d5580000)
  object space 118272K, 56% used [0x0000000080000000,0x00000000841bf550,0x0000000087380000)
 Metaspace       used 87637K, capacity 92522K, committed 92760K, reserved 1132544K
  class space    used 9807K, capacity 10580K, committed 10584K, reserved 1048576K
}
Event: 108.613 GC heap before
{Heap before GC invocations=53 (full 3):
 PSYoungGen      total 663552K, used 633712K [0x00000000d5580000, 0x00000000ffe00000, 0x0000000100000000)
  eden space 630784K, 100% used [0x00000000d5580000,0x00000000fbd80000,0x00000000fbd80000)
  from space 32768K, 8% used [0x00000000fbd80000,0x00000000fc05c020,0x00000000fdd80000)
  to   space 31744K, 0% used [0x00000000fdf00000,0x00000000fdf00000,0x00000000ffe00000)
 ParOldGen       total 118272K, used 67325K [0x0000000080000000, 0x0000000087380000, 0x00000000d5580000)
  object space 118272K, 56% used [0x0000000080000000,0x00000000841bf550,0x0000000087380000)
 Metaspace       used 87652K, capacity 92536K, committed 92760K, reserved 1132544K
  class space    used 9809K, capacity 10583K, committed 10584K, reserved 1048576K
Event: 108.620 GC heap after
Heap after GC invocations=53 (full 3):
 PSYoungGen      total 665088K, used 1920K [0x00000000d5580000, 0x00000000ffd00000, 0x0000000100000000)
  eden space 634368K, 0% used [0x00000000d5580000,0x00000000d5580000,0x00000000fc100000)
  from space 30720K, 6% used [0x00000000fdf00000,0x00000000fe0e0010,0x00000000ffd00000)
  to   space 30720K, 0% used [0x00000000fc100000,0x00000000fc100000,0x00000000fdf00000)
 ParOldGen       total 118272K, used 67341K [0x0000000080000000, 0x0000000087380000, 0x00000000d5580000)
  object space 118272K, 56% used [0x0000000080000000,0x00000000841c3550,0x0000000087380000)
 Metaspace       used 87652K, capacity 92536K, committed 92760K, reserved 1132544K
  class space    used 9809K, capacity 10583K, committed 10584K, reserved 1048576K
}
Event: 111.792 GC heap before
{Heap before GC invocations=54 (full 3):
 PSYoungGen      total 665088K, used 636288K [0x00000000d5580000, 0x00000000ffd00000, 0x0000000100000000)
  eden space 634368K, 100% used [0x00000000d5580000,0x00000000fc100000,0x00000000fc100000)
  from space 30720K, 6% used [0x00000000fdf00000,0x00000000fe0e0010,0x00000000ffd00000)
  to   space 30720K, 0% used [0x00000000fc100000,0x00000000fc100000,0x00000000fdf00000)
 ParOldGen       total 118272K, used 67341K [0x0000000080000000, 0x0000000087380000, 0x00000000d5580000)
  object space 118272K, 56% used [0x0000000080000000,0x00000000841c3550,0x0000000087380000)
 Metaspace       used 87663K, capacity 92536K, committed 92760K, reserved 1132544K
  class space    used 9809K, capacity 10583K, committed 10584K, reserved 1048576K
Event: 111.800 GC heap after
Heap after GC invocations=54 (full 3):
 PSYoungGen      total 665088K, used 1888K [0x00000000d5580000, 0x00000000ffe00000, 0x0000000100000000)
  eden space 634368K, 0% used [0x00000000d5580000,0x00000000d5580000,0x00000000fc100000)
  from space 30720K, 6% used [0x00000000fc100000,0x00000000fc2d8010,0x00000000fdf00000)
  to   space 29696K, 0% used [0x00000000fe100000,0x00000000fe100000,0x00000000ffe00000)
 ParOldGen       total 118272K, used 67405K [0x0000000080000000, 0x0000000087380000, 0x00000000d5580000)
  object space 118272K, 56% used [0x0000000080000000,0x00000000841d3550,0x0000000087380000)
 Metaspace       used 87663K, capacity 92536K, committed 92760K, reserved 1132544K
  class space    used 9809K, capacity 10583K, committed 10584K, reserved 1048576K
}
Event: 114.856 GC heap before
{Heap before GC invocations=55 (full 3):
 PSYoungGen      total 665088K, used 636256K [0x00000000d5580000, 0x00000000ffe00000, 0x0000000100000000)
  eden space 634368K, 100% used [0x00000000d5580000,0x00000000fc100000,0x00000000fc100000)
  from space 30720K, 6% used [0x00000000fc100000,0x00000000fc2d8010,0x00000000fdf00000)
  to   space 29696K, 0% used [0x00000000fe100000,0x00000000fe100000,0x00000000ffe00000)
 ParOldGen       total 118272K, used 67405K [0x0000000080000000, 0x0000000087380000, 0x00000000d5580000)
  object space 118272K, 56% used [0x0000000080000000,0x00000000841d3550,0x0000000087380000)
 Metaspace       used 87689K, capacity 92540K, committed 92760K, reserved 1132544K
  class space    used 9810K, capacity 10583K, committed 10584K, reserved 1048576K
Event: 114.862 GC heap after
Heap after GC invocations=55 (full 3):
 PSYoungGen      total 667136K, used 1824K [0x00000000d5580000, 0x00000000ffd00000, 0x0000000100000000)
  eden space 638464K, 0% used [0x00000000d5580000,0x00000000d5580000,0x00000000fc500000)
  from space 28672K, 6% used [0x00000000fe100000,0x00000000fe2c8010,0x00000000ffd00000)
  to   space 28672K, 0% used [0x00000000fc500000,0x00000000fc500000,0x00000000fe100000)
 ParOldGen       total 118272K, used 67437K [0x0000000080000000, 0x0000000087380000, 0x00000000d5580000)
  object space 118272K, 57% used [0x0000000080000000,0x00000000841db550,0x0000000087380000)
 Metaspace       used 87689K, capacity 92540K, committed 92760K, reserved 1132544K
  class space    used 9810K, capacity 10583K, committed 10584K, reserved 1048576K
}
Event: 118.027 GC heap before
{Heap before GC invocations=56 (full 3):
 PSYoungGen      total 667136K, used 640288K [0x00000000d5580000, 0x00000000ffd00000, 0x0000000100000000)
  eden space 638464K, 100% used [0x00000000d5580000,0x00000000fc500000,0x00000000fc500000)
  from space 28672K, 6% used [0x00000000fe100000,0x00000000fe2c8010,0x00000000ffd00000)
  to   space 28672K, 0% used [0x00000000fc500000,0x00000000fc500000,0x00000000fe100000)
 ParOldGen       total 118272K, used 67437K [0x0000000080000000, 0x0000000087380000, 0x00000000d5580000)
  object space 118272K, 57% used [0x0000000080000000,0x00000000841db550,0x0000000087380000)
 Metaspace       used 87690K, capacity 92540K, committed 92760K, reserved 1132544K
  class space    used 9810K, capacity 10583K, committed 10584K, reserved 1048576K
Event: 118.040 GC heap after
Heap after GC invocations=56 (full 3):
 PSYoungGen      total 667136K, used 1792K [0x00000000d5580000, 0x00000000ffd00000, 0x0000000100000000)
  eden space 638464K, 0% used [0x00000000d5580000,0x00000000d5580000,0x00000000fc500000)
  from space 28672K, 6% used [0x00000000fc500000,0x00000000fc6c0010,0x00000000fe100000)
  to   space 27136K, 0% used [0x00000000fe280000,0x00000000fe280000,0x00000000ffd00000)
 ParOldGen       total 118272K, used 67469K [0x0000000080000000, 0x0000000087380000, 0x00000000d5580000)
  object space 118272K, 57% used [0x0000000080000000,0x00000000841e3550,0x0000000087380000)
 Metaspace       used 87690K, capacity 92540K, committed 92760K, reserved 1132544K
  class space    used 9810K, capacity 10583K, committed 10584K, reserved 1048576K
}

