# JRE version: OpenJDK Runtime Environment (8.0_232-b09) (build 1.8.0_232-b09)
# Java VM: OpenJDK 64-Bit Server VM (25.232-b09 mixed mode linux-amd64 compressed oops)
Heap:
 PSYoungGen      total 291840K, used 163885K [0x00000000d5580000, 0x00000000e8800000, 0x0000000100000000)
  eden space 283648K, 57% used [0x00000000d5580000,0x00000000df58b490,0x00000000e6a80000)
  from space 8192K, 0% used [0x00000000e8000000,0x00000000e8000000,0x00000000e8800000)
  to   space 14848K, 0% used [0x00000000e6b00000,0x00000000e6b00000,0x00000000e7980000)
 ParOldGen       total 102912K, used 23029K [0x0000000080000000, 0x0000000086480000, 0x00000000d5580000)
  object space 102912K, 22% used [0x0000000080000000,0x000000008167d4b0,0x0000000086480000)
 Metaspace       used 64378K, capacity 67722K, committed 67968K, reserved 1110016K
  class space    used 7482K, capacity 8045K, committed 8064K, reserved 1048576K
GC Heap History (30 events):
Event: 0.419 GC heap before
{Heap before GC invocations=1 (full 0):
 PSYoungGen      total 32768K, used 28160K [0x00000000d5580000, 0x00000000d7a00000, 0x0000000100000000)
  eden space 28160K, 100% used [0x00000000d5580000,0x00000000d7100000,0x00000000d7100000)
  from space 4608K, 0% used [0x00000000d7580000,0x00000000d7580000,0x00000000d7a00000)
  to   space 4608K, 0% used [0x00000000d7100000,0x00000000d7100000,0x00000000d7580000)
 ParOldGen       total 75264K, used 0K [0x0000000080000000, 0x0000000084980000, 0x00000000d5580000)
  object space 75264K, 0% used [0x0000000080000000,0x0000000080000000,0x0000000084980000)
 Metaspace       used 4185K, capacity 4856K, committed 5120K, reserved 1056768K
  class space    used 406K, capacity 424K, committed 512K, reserved 1048576K
Event: 0.422 GC heap after
Heap after GC invocations=1 (full 0):
 PSYoungGen      total 32768K, used 2254K [0x00000000d5580000, 0x00000000d7a00000, 0x0000000100000000)
  eden space 28160K, 0% used [0x00000000d5580000,0x00000000d5580000,0x00000000d7100000)
  from space 4608K, 48% used [0x00000000d7100000,0x00000000d7333b38,0x00000000d7580000)
  to   space 4608K, 0% used [0x00000000d7580000,0x00000000d7580000,0x00000000d7a00000)
 ParOldGen       total 75264K, used 8K [0x0000000080000000, 0x0000000084980000, 0x00000000d5580000)
  object space 75264K, 0% used [0x0000000080000000,0x0000000080002000,0x0000000084980000)
 Metaspace       used 4185K, capacity 4856K, committed 5120K, reserved 1056768K
  class space    used 406K, capacity 424K, committed 512K, reserved 1048576K
}
Event: 0.646 GC heap before
{Heap before GC invocations=2 (full 0):
 PSYoungGen      total 32768K, used 30414K [0x00000000d5580000, 0x00000000d7a00000, 0x0000000100000000)
  eden space 28160K, 100% used [0x00000000d5580000,0x00000000d7100000,0x00000000d7100000)
  from space 4608K, 48% used [0x00000000d7100000,0x00000000d7333b38,0x00000000d7580000)
  to   space 4608K, 0% used [0x00000000d7580000,0x00000000d7580000,0x00000000d7a00000)
 ParOldGen       total 75264K, used 8K [0x0000000080000000, 0x0000000084980000, 0x00000000d5580000)
  object space 75264K, 0% used [0x0000000080000000,0x0000000080002000,0x0000000084980000)
 Metaspace       used 7357K, capacity 7526K, committed 7808K, reserved 1056768K
  class space    used 766K, capacity 841K, committed 896K, reserved 1048576K
Event: 0.652 GC heap after
Heap after GC invocations=2 (full 0):
 PSYoungGen      total 32768K, used 2856K [0x00000000d5580000, 0x00000000d9580000, 0x0000000100000000)
  eden space 28160K, 0% used [0x00000000d5580000,0x00000000d5580000,0x00000000d7100000)
  from space 4608K, 61% used [0x00000000d7580000,0x00000000d784a000,0x00000000d7a00000)
  to   space 4608K, 0% used [0x00000000d7100000,0x00000000d7100000,0x00000000d7580000)
 ParOldGen       total 75264K, used 16K [0x0000000080000000, 0x0000000084980000, 0x00000000d5580000)
  object space 75264K, 0% used [0x0000000080000000,0x0000000080004000,0x0000000084980000)
 Metaspace       used 7357K, capacity 7526K, committed 7808K, reserved 1056768K
  class space    used 766K, capacity 841K, committed 896K, reserved 1048576K
}
Event: 0.916 GC heap before
{Heap before GC invocations=3 (full 0):
 PSYoungGen      total 32768K, used 31016K [0x00000000d5580000, 0x00000000d9580000, 0x0000000100000000)
  eden space 28160K, 100% used [0x00000000d5580000,0x00000000d7100000,0x00000000d7100000)
  from space 4608K, 61% used [0x00000000d7580000,0x00000000d784a000,0x00000000d7a00000)
  to   space 4608K, 0% used [0x00000000d7100000,0x00000000d7100000,0x00000000d7580000)
 ParOldGen       total 75264K, used 16K [0x0000000080000000, 0x0000000084980000, 0x00000000d5580000)
  object space 75264K, 0% used [0x0000000080000000,0x0000000080004000,0x0000000084980000)
 Metaspace       used 9660K, capacity 10052K, committed 10240K, reserved 1058816K
  class space    used 1071K, capacity 1182K, committed 1280K, reserved 1048576K
Event: 0.921 GC heap after
Heap after GC invocations=3 (full 0):
 PSYoungGen      total 32768K, used 3579K [0x00000000d5580000, 0x00000000d9580000, 0x0000000100000000)
  eden space 28160K, 0% used [0x00000000d5580000,0x00000000d5580000,0x00000000d7100000)
  from space 4608K, 77% used [0x00000000d7100000,0x00000000d747ee00,0x00000000d7580000)
  to   space 4608K, 0% used [0x00000000d9100000,0x00000000d9100000,0x00000000d9580000)
 ParOldGen       total 75264K, used 24K [0x0000000080000000, 0x0000000084980000, 0x00000000d5580000)
  object space 75264K, 0% used [0x0000000080000000,0x0000000080006000,0x0000000084980000)
 Metaspace       used 9660K, capacity 10052K, committed 10240K, reserved 1058816K
  class space    used 1071K, capacity 1182K, committed 1280K, reserved 1048576K
}
Event: 1.129 GC heap before
{Heap before GC invocations=4 (full 0):
 PSYoungGen      total 32768K, used 31739K [0x00000000d5580000, 0x00000000d9580000, 0x0000000100000000)
  eden space 28160K, 100% used [0x00000000d5580000,0x00000000d7100000,0x00000000d7100000)
  from space 4608K, 77% used [0x00000000d7100000,0x00000000d747ee00,0x00000000d7580000)
  to   space 4608K, 0% used [0x00000000d9100000,0x00000000d9100000,0x00000000d9580000)
 ParOldGen       total 75264K, used 24K [0x0000000080000000, 0x0000000084980000, 0x00000000d5580000)
  object space 75264K, 0% used [0x0000000080000000,0x0000000080006000,0x0000000084980000)
 Metaspace       used 12471K, capacity 13190K, committed 13440K, reserved 1060864K
  class space    used 1428K, capacity 1609K, committed 1664K, reserved 1048576K
Event: 1.135 GC heap after
Heap after GC invocations=4 (full 0):
 PSYoungGen      total 60928K, used 4255K [0x00000000d5580000, 0x00000000d9580000, 0x0000000100000000)
  eden space 56320K, 0% used [0x00000000d5580000,0x00000000d5580000,0x00000000d8c80000)
  from space 4608K, 92% used [0x00000000d9100000,0x00000000d9527c70,0x00000000d9580000)
  to   space 4608K, 0% used [0x00000000d8c80000,0x00000000d8c80000,0x00000000d9100000)
 ParOldGen       total 75264K, used 32K [0x0000000080000000, 0x0000000084980000, 0x00000000d5580000)
  object space 75264K, 0% used [0x0000000080000000,0x0000000080008000,0x0000000084980000)
 Metaspace       used 12471K, capacity 13190K, committed 13440K, reserved 1060864K
  class space    used 1428K, capacity 1609K, committed 1664K, reserved 1048576K
}
Event: 1.672 GC heap before
{Heap before GC invocations=5 (full 0):
 PSYoungGen      total 60928K, used 60575K [0x00000000d5580000, 0x00000000d9580000, 0x0000000100000000)
  eden space 56320K, 100% used [0x00000000d5580000,0x00000000d8c80000,0x00000000d8c80000)
  from space 4608K, 92% used [0x00000000d9100000,0x00000000d9527c70,0x00000000d9580000)
  to   space 4608K, 0% used [0x00000000d8c80000,0x00000000d8c80000,0x00000000d9100000)
 ParOldGen       total 75264K, used 32K [0x0000000080000000, 0x0000000084980000, 0x00000000d5580000)
  object space 75264K, 0% used [0x0000000080000000,0x0000000080008000,0x0000000084980000)
 Metaspace       used 16706K, capacity 17696K, committed 17792K, reserved 1064960K
  class space    used 1891K, capacity 2110K, committed 2176K, reserved 1048576K
Event: 1.679 GC heap after
Heap after GC invocations=5 (full 0):
 PSYoungGen      total 60928K, used 4580K [0x00000000d5580000, 0x00000000dd180000, 0x0000000100000000)
  eden space 56320K, 0% used [0x00000000d5580000,0x00000000d5580000,0x00000000d8c80000)
  from space 4608K, 99% used [0x00000000d8c80000,0x00000000d90f9370,0x00000000d9100000)
  to   space 7168K, 0% used [0x00000000dca80000,0x00000000dca80000,0x00000000dd180000)
 ParOldGen       total 75264K, used 2455K [0x0000000080000000, 0x0000000084980000, 0x00000000d5580000)
  object space 75264K, 3% used [0x0000000080000000,0x0000000080265fd0,0x0000000084980000)
 Metaspace       used 16706K, capacity 17696K, committed 17792K, reserved 1064960K
  class space    used 1891K, capacity 2110K, committed 2176K, reserved 1048576K
}
Event: 1.904 GC heap before
{Heap before GC invocations=6 (full 0):
 PSYoungGen      total 60928K, used 40126K [0x00000000d5580000, 0x00000000dd180000, 0x0000000100000000)
  eden space 56320K, 63% used [0x00000000d5580000,0x00000000d7836648,0x00000000d8c80000)
  from space 4608K, 99% used [0x00000000d8c80000,0x00000000d90f9370,0x00000000d9100000)
  to   space 7168K, 0% used [0x00000000dca80000,0x00000000dca80000,0x00000000dd180000)
 ParOldGen       total 75264K, used 2455K [0x0000000080000000, 0x0000000084980000, 0x00000000d5580000)
  object space 75264K, 3% used [0x0000000080000000,0x0000000080265fd0,0x0000000084980000)
 Metaspace       used 20158K, capacity 21174K, committed 21248K, reserved 1069056K
  class space    used 2324K, capacity 2549K, committed 2560K, reserved 1048576K
Event: 1.912 GC heap after
Heap after GC invocations=6 (full 0):
 PSYoungGen      total 118272K, used 7141K [0x00000000d5580000, 0x00000000dd480000, 0x0000000100000000)
  eden space 111104K, 0% used [0x00000000d5580000,0x00000000d5580000,0x00000000dc200000)
  from space 7168K, 99% used [0x00000000dca80000,0x00000000dd1796b0,0x00000000dd180000)
  to   space 8704K, 0% used [0x00000000dc200000,0x00000000dc200000,0x00000000dca80000)
 ParOldGen       total 75264K, used 2939K [0x0000000080000000, 0x0000000084980000, 0x00000000d5580000)
  object space 75264K, 3% used [0x0000000080000000,0x00000000802decb0,0x0000000084980000)
 Metaspace       used 20158K, capacity 21174K, committed 21248K, reserved 1069056K
  class space    used 2324K, capacity 2549K, committed 2560K, reserved 1048576K
}
Event: 1.912 GC heap before
{Heap before GC invocations=7 (full 1):
 PSYoungGen      total 118272K, used 7141K [0x00000000d5580000, 0x00000000dd480000, 0x0000000100000000)
  eden space 111104K, 0% used [0x00000000d5580000,0x00000000d5580000,0x00000000dc200000)
  from space 7168K, 99% used [0x00000000dca80000,0x00000000dd1796b0,0x00000000dd180000)
  to   space 8704K, 0% used [0x00000000dc200000,0x00000000dc200000,0x00000000dca80000)
 ParOldGen       total 75264K, used 2939K [0x0000000080000000, 0x0000000084980000, 0x00000000d5580000)
  object space 75264K, 3% used [0x0000000080000000,0x00000000802decb0,0x0000000084980000)
 Metaspace       used 20158K, capacity 21174K, committed 21248K, reserved 1069056K
  class space    used 2324K, capacity 2549K, committed 2560K, reserved 1048576K
Event: 1.945 GC heap after
Heap after GC invocations=7 (full 1):
 PSYoungGen      total 118272K, used 0K [0x00000000d5580000, 0x00000000dd480000, 0x0000000100000000)
  eden space 111104K, 0% used [0x00000000d5580000,0x00000000d5580000,0x00000000dc200000)
  from space 7168K, 0% used [0x00000000dca80000,0x00000000dca80000,0x00000000dd180000)
  to   space 8704K, 0% used [0x00000000dc200000,0x00000000dc200000,0x00000000dca80000)
 ParOldGen       total 49664K, used 7368K [0x0000000080000000, 0x0000000083080000, 0x00000000d5580000)
  object space 49664K, 14% used [0x0000000080000000,0x00000000807322e0,0x0000000083080000)
 Metaspace       used 20156K, capacity 21172K, committed 21248K, reserved 1069056K
  class space    used 2323K, capacity 2548K, committed 2560K, reserved 1048576K
}
Event: 8.822 GC heap before
{Heap before GC invocations=8 (full 1):
 PSYoungGen      total 118272K, used 111104K [0x00000000d5580000, 0x00000000dd480000, 0x0000000100000000)
  eden space 111104K, 100% used [0x00000000d5580000,0x00000000dc200000,0x00000000dc200000)
  from space 7168K, 0% used [0x00000000dca80000,0x00000000dca80000,0x00000000dd180000)
  to   space 8704K, 0% used [0x00000000dc200000,0x00000000dc200000,0x00000000dca80000)
 ParOldGen       total 49664K, used 7368K [0x0000000080000000, 0x0000000083080000, 0x00000000d5580000)
  object space 49664K, 14% used [0x0000000080000000,0x00000000807322e0,0x0000000083080000)
 Metaspace       used 29338K, capacity 31250K, committed 31488K, reserved 1077248K
  class space    used 3477K, capacity 3829K, committed 3840K, reserved 1048576K
Event: 8.834 GC heap after
Heap after GC invocations=8 (full 1):
 PSYoungGen      total 119808K, used 8677K [0x00000000d5580000, 0x00000000e1100000, 0x0000000100000000)
  eden space 111104K, 0% used [0x00000000d5580000,0x00000000d5580000,0x00000000dc200000)
  from space 8704K, 99% used [0x00000000dc200000,0x00000000dca794e0,0x00000000dca80000)
  to   space 12288K, 0% used [0x00000000e0500000,0x00000000e0500000,0x00000000e1100000)
 ParOldGen       total 49664K, used 11579K [0x0000000080000000, 0x0000000083080000, 0x00000000d5580000)
  object space 49664K, 23% used [0x0000000080000000,0x0000000080b4ef78,0x0000000083080000)
 Metaspace       used 29338K, capacity 31250K, committed 31488K, reserved 1077248K
  class space    used 3477K, capacity 3829K, committed 3840K, reserved 1048576K
}
Event: 9.578 GC heap before
{Heap before GC invocations=9 (full 1):
 PSYoungGen      total 119808K, used 91774K [0x00000000d5580000, 0x00000000e1100000, 0x0000000100000000)
  eden space 111104K, 74% used [0x00000000d5580000,0x00000000da6a6500,0x00000000dc200000)
  from space 8704K, 99% used [0x00000000dc200000,0x00000000dca794e0,0x00000000dca80000)
  to   space 12288K, 0% used [0x00000000e0500000,0x00000000e0500000,0x00000000e1100000)
 ParOldGen       total 49664K, used 11579K [0x0000000080000000, 0x0000000083080000, 0x00000000d5580000)
  object space 49664K, 23% used [0x0000000080000000,0x0000000080b4ef78,0x0000000083080000)
 Metaspace       used 33237K, capacity 35290K, committed 35416K, reserved 1081344K
  class space    used 3931K, capacity 4286K, committed 4352K, reserved 1048576K
Event: 9.591 GC heap after
Heap after GC invocations=9 (full 1):
 PSYoungGen      total 178176K, used 10213K [0x00000000d5580000, 0x00000000e1400000, 0x0000000100000000)
  eden space 165888K, 0% used [0x00000000d5580000,0x00000000d5580000,0x00000000df780000)
  from space 12288K, 83% used [0x00000000e0500000,0x00000000e0ef9680,0x00000000e1100000)
  to   space 13824K, 0% used [0x00000000df780000,0x00000000df780000,0x00000000e0500000)
 ParOldGen       total 49664K, used 11579K [0x0000000080000000, 0x0000000083080000, 0x00000000d5580000)
  object space 49664K, 23% used [0x0000000080000000,0x0000000080b4ef78,0x0000000083080000)
 Metaspace       used 33237K, capacity 35290K, committed 35416K, reserved 1081344K
  class space    used 3931K, capacity 4286K, committed 4352K, reserved 1048576K
}
Event: 9.591 GC heap before
{Heap before GC invocations=10 (full 2):
 PSYoungGen      total 178176K, used 10213K [0x00000000d5580000, 0x00000000e1400000, 0x0000000100000000)
  eden space 165888K, 0% used [0x00000000d5580000,0x00000000d5580000,0x00000000df780000)
  from space 12288K, 83% used [0x00000000e0500000,0x00000000e0ef9680,0x00000000e1100000)
  to   space 13824K, 0% used [0x00000000df780000,0x00000000df780000,0x00000000e0500000)
 ParOldGen       total 49664K, used 11579K [0x0000000080000000, 0x0000000083080000, 0x00000000d5580000)
  object space 49664K, 23% used [0x0000000080000000,0x0000000080b4ef78,0x0000000083080000)
 Metaspace       used 33237K, capacity 35290K, committed 35416K, reserved 1081344K
  class space    used 3931K, capacity 4286K, committed 4352K, reserved 1048576K
Event: 9.643 GC heap after
Heap after GC invocations=10 (full 2):
 PSYoungGen      total 178176K, used 0K [0x00000000d5580000, 0x00000000e1400000, 0x0000000100000000)
  eden space 165888K, 0% used [0x00000000d5580000,0x00000000d5580000,0x00000000df780000)
  from space 12288K, 0% used [0x00000000e0500000,0x00000000e0500000,0x00000000e1100000)
  to   space 13824K, 0% used [0x00000000df780000,0x00000000df780000,0x00000000e0500000)
 ParOldGen       total 75776K, used 15131K [0x0000000080000000, 0x0000000084a00000, 0x00000000d5580000)
  object space 75776K, 19% used [0x0000000080000000,0x0000000080ec6da0,0x0000000084a00000)
 Metaspace       used 33237K, capacity 35290K, committed 35416K, reserved 1081344K
  class space    used 3931K, capacity 4286K, committed 4352K, reserved 1048576K
}
Event: 10.411 GC heap before
{Heap before GC invocations=11 (full 2):
 PSYoungGen      total 178176K, used 165888K [0x00000000d5580000, 0x00000000e1400000, 0x0000000100000000)
  eden space 165888K, 100% used [0x00000000d5580000,0x00000000df780000,0x00000000df780000)
  from space 12288K, 0% used [0x00000000e0500000,0x00000000e0500000,0x00000000e1100000)
  to   space 13824K, 0% used [0x00000000df780000,0x00000000df780000,0x00000000e0500000)
 ParOldGen       total 75776K, used 15131K [0x0000000080000000, 0x0000000084a00000, 0x00000000d5580000)
  object space 75776K, 19% used [0x0000000080000000,0x0000000080ec6da0,0x0000000084a00000)
 Metaspace       used 40428K, capacity 42520K, committed 42880K, reserved 1087488K
  class space    used 4817K, capacity 5174K, committed 5248K, reserved 1048576K
Event: 10.421 GC heap after
Heap after GC invocations=11 (full 2):
 PSYoungGen      total 179712K, used 8969K [0x00000000d5580000, 0x00000000e4a80000, 0x0000000100000000)
  eden space 165888K, 0% used [0x00000000d5580000,0x00000000d5580000,0x00000000df780000)
  from space 13824K, 64% used [0x00000000df780000,0x00000000e0042538,0x00000000e0500000)
  to   space 13824K, 0% used [0x00000000e3d00000,0x00000000e3d00000,0x00000000e4a80000)
 ParOldGen       total 75776K, used 15139K [0x0000000080000000, 0x0000000084a00000, 0x00000000d5580000)
  object space 75776K, 19% used [0x0000000080000000,0x0000000080ec8da0,0x0000000084a00000)
 Metaspace       used 40428K, capacity 42520K, committed 42880K, reserved 1087488K
  class space    used 4817K, capacity 5174K, committed 5248K, reserved 1048576K
}
Event: 11.136 GC heap before
{Heap before GC invocations=12 (full 2):
 PSYoungGen      total 179712K, used 174857K [0x00000000d5580000, 0x00000000e4a80000, 0x0000000100000000)
  eden space 165888K, 100% used [0x00000000d5580000,0x00000000df780000,0x00000000df780000)
  from space 13824K, 64% used [0x00000000df780000,0x00000000e0042538,0x00000000e0500000)
  to   space 13824K, 0% used [0x00000000e3d00000,0x00000000e3d00000,0x00000000e4a80000)
 ParOldGen       total 75776K, used 15139K [0x0000000080000000, 0x0000000084a00000, 0x00000000d5580000)
  object space 75776K, 19% used [0x0000000080000000,0x0000000080ec8da0,0x0000000084a00000)
 Metaspace       used 46532K, capacity 48802K, committed 49024K, reserved 1091584K
  class space    used 5538K, capacity 5955K, committed 6016K, reserved 1048576K
Event: 11.146 GC heap after
Heap after GC invocations=12 (full 2):
 PSYoungGen      total 235008K, used 8811K [0x00000000d5580000, 0x00000000e4980000, 0x0000000100000000)
  eden space 222208K, 0% used [0x00000000d5580000,0x00000000d5580000,0x00000000e2e80000)
  from space 12800K, 68% used [0x00000000e3d00000,0x00000000e459aff8,0x00000000e4980000)
  to   space 13824K, 0% used [0x00000000e2e80000,0x00000000e2e80000,0x00000000e3c00000)
 ParOldGen       total 75776K, used 15147K [0x0000000080000000, 0x0000000084a00000, 0x00000000d5580000)
  object space 75776K, 19% used [0x0000000080000000,0x0000000080ecada0,0x0000000084a00000)
 Metaspace       used 46532K, capacity 48802K, committed 49024K, reserved 1091584K
  class space    used 5538K, capacity 5955K, committed 6016K, reserved 1048576K
}
Event: 16.444 GC heap before
{Heap before GC invocations=13 (full 2):
 PSYoungGen      total 235008K, used 231019K [0x00000000d5580000, 0x00000000e4980000, 0x0000000100000000)
  eden space 222208K, 100% used [0x00000000d5580000,0x00000000e2e80000,0x00000000e2e80000)
  from space 12800K, 68% used [0x00000000e3d00000,0x00000000e459aff8,0x00000000e4980000)
  to   space 13824K, 0% used [0x00000000e2e80000,0x00000000e2e80000,0x00000000e3c00000)
 ParOldGen       total 75776K, used 15147K [0x0000000080000000, 0x0000000084a00000, 0x00000000d5580000)
  object space 75776K, 19% used [0x0000000080000000,0x0000000080ecada0,0x0000000084a00000)
 Metaspace       used 54108K, capacity 56530K, committed 56960K, reserved 1099776K
  class space    used 6270K, capacity 6701K, committed 6784K, reserved 1048576K
Event: 16.461 GC heap after
Heap after GC invocations=13 (full 2):
 PSYoungGen      total 236032K, used 12459K [0x00000000d5580000, 0x00000000e8f00000, 0x0000000100000000)
  eden space 222208K, 0% used [0x00000000d5580000,0x00000000d5580000,0x00000000e2e80000)
  from space 13824K, 90% used [0x00000000e2e80000,0x00000000e3aaacf8,0x00000000e3c00000)
  to   space 15360K, 0% used [0x00000000e8000000,0x00000000e8000000,0x00000000e8f00000)
 ParOldGen       total 75776K, used 17200K [0x0000000080000000, 0x0000000084a00000, 0x00000000d5580000)
  object space 75776K, 22% used [0x0000000080000000,0x00000000810cc190,0x0000000084a00000)
 Metaspace       used 54108K, capacity 56530K, committed 56960K, reserved 1099776K
  class space    used 6270K, capacity 6701K, committed 6784K, reserved 1048576K
}
Event: 20.756 GC heap before
{Heap before GC invocations=14 (full 2):
 PSYoungGen      total 236032K, used 146935K [0x00000000d5580000, 0x00000000e8f00000, 0x0000000100000000)
  eden space 222208K, 60% used [0x00000000d5580000,0x00000000dd8d3228,0x00000000e2e80000)
  from space 13824K, 90% used [0x00000000e2e80000,0x00000000e3aaacf8,0x00000000e3c00000)
  to   space 15360K, 0% used [0x00000000e8000000,0x00000000e8000000,0x00000000e8f00000)
 ParOldGen       total 75776K, used 17200K [0x0000000080000000, 0x0000000084a00000, 0x00000000d5580000)
  object space 75776K, 22% used [0x0000000080000000,0x00000000810cc190,0x0000000084a00000)
 Metaspace       used 56311K, capacity 58812K, committed 59008K, reserved 1101824K
  class space    used 6491K, capacity 6928K, committed 7040K, reserved 1048576K
Event: 20.769 GC heap after
Heap after GC invocations=14 (full 2):
 PSYoungGen      total 291840K, used 8099K [0x00000000d5580000, 0x00000000e8800000, 0x0000000100000000)
  eden space 283648K, 0% used [0x00000000d5580000,0x00000000d5580000,0x00000000e6a80000)
  from space 8192K, 98% used [0x00000000e8000000,0x00000000e87e8fb8,0x00000000e8800000)
  to   space 14848K, 0% used [0x00000000e6b00000,0x00000000e6b00000,0x00000000e7980000)
 ParOldGen       total 75776K, used 18899K [0x0000000080000000, 0x0000000084a00000, 0x00000000d5580000)
  object space 75776K, 24% used [0x0000000080000000,0x0000000081274f20,0x0000000084a00000)
 Metaspace       used 56311K, capacity 58812K, committed 59008K, reserved 1101824K
  class space    used 6491K, capacity 6928K, committed 7040K, reserved 1048576K
}
Event: 20.769 GC heap before
{Heap before GC invocations=15 (full 3):
 PSYoungGen      total 291840K, used 8099K [0x00000000d5580000, 0x00000000e8800000, 0x0000000100000000)
  eden space 283648K, 0% used [0x00000000d5580000,0x00000000d5580000,0x00000000e6a80000)
  from space 8192K, 98% used [0x00000000e8000000,0x00000000e87e8fb8,0x00000000e8800000)
  to   space 14848K, 0% used [0x00000000e6b00000,0x00000000e6b00000,0x00000000e7980000)
 ParOldGen       total 75776K, used 18899K [0x0000000080000000, 0x0000000084a00000, 0x00000000d5580000)
  object space 75776K, 24% used [0x0000000080000000,0x0000000081274f20,0x0000000084a00000)
 Metaspace       used 56311K, capacity 58812K, committed 59008K, reserved 1101824K
  class space    used 6491K, capacity 6928K, committed 7040K, reserved 1048576K
Event: 20.884 GC heap after
Heap after GC invocations=15 (full 3):
 PSYoungGen      total 291840K, used 0K [0x00000000d5580000, 0x00000000e8800000, 0x0000000100000000)
  eden space 283648K, 0% used [0x00000000d5580000,0x00000000d5580000,0x00000000e6a80000)
  from space 8192K, 0% used [0x00000000e8000000,0x00000000e8000000,0x00000000e8800000)
  to   space 14848K, 0% used [0x00000000e6b00000,0x00000000e6b00000,0x00000000e7980000)
 ParOldGen       total 102912K, used 23029K [0x0000000080000000, 0x0000000086480000, 0x00000000d5580000)
  object space 102912K, 22% used [0x0000000080000000,0x000000008167d4b0,0x0000000086480000)
 Metaspace       used 56311K, capacity 58812K, committed 59008K, reserved 1101824K
  class space    used 6491K, capacity 6928K, committed 7040K, reserved 1048576K
}

