# JRE version: OpenJDK Runtime Environment (8.0_322-b06) (build 1.8.0_322-b06)
# Java VM: OpenJDK 64-Bit Server VM (25.322-b06 mixed mode linux-amd64 compressed oops)
Heap:
 PSYoungGen      total 662528K, used 560978K [0x00000000d5580000, 0x00000000ffe80000, 0x0000000100000000)
  eden space 630272K, 88% used [0x00000000d5580000,0x00000000f7894be8,0x00000000fbd00000)
  from space 32256K, 2% used [0x00000000fbd00000,0x00000000fbdc0000,0x00000000fdc80000)
  to   space 30720K, 0% used [0x00000000fe080000,0x00000000fe080000,0x00000000ffe80000)
 ParOldGen       total 242176K, used 106711K [0x0000000080000000, 0x000000008ec80000, 0x00000000d5580000)
  object space 242176K, 44% used [0x0000000080000000,0x0000000086835ee8,0x000000008ec80000)
 Metaspace       used 87788K, capacity 92940K, committed 93144K, reserved 1132544K
  class space    used 9674K, capacity 10479K, committed 10496K, reserved 1048576K
GC Heap History (10 events):
Event: 460.927 GC heap before
{Heap before GC invocations=178 (full 5):
 PSYoungGen      total 654336K, used 620800K [0x00000000d5580000, 0x00000000ffb80000, 0x0000000100000000)
  eden space 617472K, 100% used [0x00000000d5580000,0x00000000fb080000,0x00000000fb080000)
  from space 36864K, 9% used [0x00000000fd780000,0x00000000fdac0010,0x00000000ffb80000)
  to   space 38400K, 0% used [0x00000000fb080000,0x00000000fb080000,0x00000000fd600000)
 ParOldGen       total 242176K, used 106329K [0x0000000080000000, 0x000000008ec80000, 0x00000000d5580000)
  object space 242176K, 43% used [0x0000000080000000,0x00000000867d66b0,0x000000008ec80000)
 Metaspace       used 87784K, capacity 92940K, committed 93144K, reserved 1132544K
  class space    used 9674K, capacity 10479K, committed 10496K, reserved 1048576K
Event: 460.934 GC heap after
Heap after GC invocations=178 (full 5):
 PSYoungGen      total 655872K, used 2832K [0x00000000d5580000, 0x00000000ffd80000, 0x0000000100000000)
  eden space 617472K, 0% used [0x00000000d5580000,0x00000000d5580000,0x00000000fb080000)
  from space 38400K, 7% used [0x00000000fb080000,0x00000000fb344020,0x00000000fd600000)
  to   space 36352K, 0% used [0x00000000fda00000,0x00000000fda00000,0x00000000ffd80000)
 ParOldGen       total 242176K, used 106353K [0x0000000080000000, 0x000000008ec80000, 0x00000000d5580000)
  object space 242176K, 43% used [0x0000000080000000,0x00000000867dc6b0,0x000000008ec80000)
 Metaspace       used 87784K, capacity 92940K, committed 93144K, reserved 1132544K
  class space    used 9674K, capacity 10479K, committed 10496K, reserved 1048576K
}
Event: 463.891 GC heap before
{Heap before GC invocations=179 (full 5):
 PSYoungGen      total 655872K, used 620304K [0x00000000d5580000, 0x00000000ffd80000, 0x0000000100000000)
  eden space 617472K, 100% used [0x00000000d5580000,0x00000000fb080000,0x00000000fb080000)
  from space 38400K, 7% used [0x00000000fb080000,0x00000000fb344020,0x00000000fd600000)
  to   space 36352K, 0% used [0x00000000fda00000,0x00000000fda00000,0x00000000ffd80000)
 ParOldGen       total 242176K, used 106353K [0x0000000080000000, 0x000000008ec80000, 0x00000000d5580000)
  object space 242176K, 43% used [0x0000000080000000,0x00000000867dc6b0,0x000000008ec80000)
 Metaspace       used 87784K, capacity 92940K, committed 93144K, reserved 1132544K
  class space    used 9674K, capacity 10479K, committed 10496K, reserved 1048576K
Event: 463.899 GC heap after
Heap after GC invocations=179 (full 5):
 PSYoungGen      total 657920K, used 1472K [0x00000000d5580000, 0x00000000ffb00000, 0x0000000100000000)
  eden space 624128K, 0% used [0x00000000d5580000,0x00000000d5580000,0x00000000fb700000)
  from space 33792K, 4% used [0x00000000fda00000,0x00000000fdb70010,0x00000000ffb00000)
  to   space 34816K, 0% used [0x00000000fb700000,0x00000000fb700000,0x00000000fd900000)
 ParOldGen       total 242176K, used 106369K [0x0000000080000000, 0x000000008ec80000, 0x00000000d5580000)
  object space 242176K, 43% used [0x0000000080000000,0x00000000867e06b0,0x000000008ec80000)
 Metaspace       used 87784K, capacity 92940K, committed 93144K, reserved 1132544K
  class space    used 9674K, capacity 10479K, committed 10496K, reserved 1048576K
}
Event: 466.977 GC heap before
{Heap before GC invocations=180 (full 5):
 PSYoungGen      total 657920K, used 625600K [0x00000000d5580000, 0x00000000ffb00000, 0x0000000100000000)
  eden space 624128K, 100% used [0x00000000d5580000,0x00000000fb700000,0x00000000fb700000)
  from space 33792K, 4% used [0x00000000fda00000,0x00000000fdb70010,0x00000000ffb00000)
  to   space 34816K, 0% used [0x00000000fb700000,0x00000000fb700000,0x00000000fd900000)
 ParOldGen       total 242176K, used 106369K [0x0000000080000000, 0x000000008ec80000, 0x00000000d5580000)
  object space 242176K, 43% used [0x0000000080000000,0x00000000867e06b0,0x000000008ec80000)
 Metaspace       used 87785K, capacity 92940K, committed 93144K, reserved 1132544K
  class space    used 9674K, capacity 10479K, committed 10496K, reserved 1048576K
Event: 466.986 GC heap after
Heap after GC invocations=180 (full 5):
 PSYoungGen      total 658944K, used 1072K [0x00000000d5580000, 0x00000000fff00000, 0x0000000100000000)
  eden space 624128K, 0% used [0x00000000d5580000,0x00000000d5580000,0x00000000fb700000)
  from space 34816K, 3% used [0x00000000fb700000,0x00000000fb80c020,0x00000000fd900000)
  to   space 33792K, 0% used [0x00000000fde00000,0x00000000fde00000,0x00000000fff00000)
 ParOldGen       total 242176K, used 106385K [0x0000000080000000, 0x000000008ec80000, 0x00000000d5580000)
  object space 242176K, 43% used [0x0000000080000000,0x00000000867e46b0,0x000000008ec80000)
 Metaspace       used 87785K, capacity 92940K, committed 93144K, reserved 1132544K
  class space    used 9674K, capacity 10479K, committed 10496K, reserved 1048576K
}
Event: 469.964 GC heap before
{Heap before GC invocations=181 (full 5):
 PSYoungGen      total 658944K, used 625200K [0x00000000d5580000, 0x00000000fff00000, 0x0000000100000000)
  eden space 624128K, 100% used [0x00000000d5580000,0x00000000fb700000,0x00000000fb700000)
  from space 34816K, 3% used [0x00000000fb700000,0x00000000fb80c020,0x00000000fd900000)
  to   space 33792K, 0% used [0x00000000fde00000,0x00000000fde00000,0x00000000fff00000)
 ParOldGen       total 242176K, used 106385K [0x0000000080000000, 0x000000008ec80000, 0x00000000d5580000)
  object space 242176K, 43% used [0x0000000080000000,0x00000000867e46b0,0x000000008ec80000)
 Metaspace       used 87785K, capacity 92940K, committed 93144K, reserved 1132544K
  class space    used 9674K, capacity 10479K, committed 10496K, reserved 1048576K
Event: 469.971 GC heap after
Heap after GC invocations=181 (full 5):
 PSYoungGen      total 660992K, used 1056K [0x00000000d5580000, 0x00000000ffc00000, 0x0000000100000000)
  eden space 630272K, 0% used [0x00000000d5580000,0x00000000d5580000,0x00000000fbd00000)
  from space 30720K, 3% used [0x00000000fde00000,0x00000000fdf08010,0x00000000ffc00000)
  to   space 32256K, 0% used [0x00000000fbd00000,0x00000000fbd00000,0x00000000fdc80000)
 ParOldGen       total 242176K, used 106401K [0x0000000080000000, 0x000000008ec80000, 0x00000000d5580000)
  object space 242176K, 43% used [0x0000000080000000,0x00000000867e86b0,0x000000008ec80000)
 Metaspace       used 87785K, capacity 92940K, committed 93144K, reserved 1132544K
  class space    used 9674K, capacity 10479K, committed 10496K, reserved 1048576K
}
Event: 472.889 GC heap before
{Heap before GC invocations=182 (full 5):
 PSYoungGen      total 660992K, used 631328K [0x00000000d5580000, 0x00000000ffc00000, 0x0000000100000000)
  eden space 630272K, 100% used [0x00000000d5580000,0x00000000fbd00000,0x00000000fbd00000)
  from space 30720K, 3% used [0x00000000fde00000,0x00000000fdf08010,0x00000000ffc00000)
  to   space 32256K, 0% used [0x00000000fbd00000,0x00000000fbd00000,0x00000000fdc80000)
 ParOldGen       total 242176K, used 106401K [0x0000000080000000, 0x000000008ec80000, 0x00000000d5580000)
  object space 242176K, 43% used [0x0000000080000000,0x00000000867e86b0,0x000000008ec80000)
 Metaspace       used 87787K, capacity 92940K, committed 93144K, reserved 1132544K
  class space    used 9674K, capacity 10479K, committed 10496K, reserved 1048576K
Event: 472.903 GC heap after
Heap after GC invocations=182 (full 5):
 PSYoungGen      total 662528K, used 768K [0x00000000d5580000, 0x00000000ffe80000, 0x0000000100000000)
  eden space 630272K, 0% used [0x00000000d5580000,0x00000000d5580000,0x00000000fbd00000)
  from space 32256K, 2% used [0x00000000fbd00000,0x00000000fbdc0000,0x00000000fdc80000)
  to   space 30720K, 0% used [0x00000000fe080000,0x00000000fe080000,0x00000000ffe80000)
 ParOldGen       total 242176K, used 106711K [0x0000000080000000, 0x000000008ec80000, 0x00000000d5580000)
  object space 242176K, 44% used [0x0000000080000000,0x0000000086835ee8,0x000000008ec80000)
 Metaspace       used 87787K, capacity 92940K, committed 93144K, reserved 1132544K
  class space    used 9674K, capacity 10479K, committed 10496K, reserved 1048576K
}

