# JRE version: OpenJDK Runtime Environment (8.0_232-b09) (build 1.8.0_232-b09)
# Java VM: OpenJDK 64-Bit Server VM (25.232-b09 mixed mode linux-amd64 compressed oops)
Heap:
 PSYoungGen      total 629760K, used 451269K [0x00000000d5580000, 0x00000000ff400000, 0x0000000100000000)
  eden space 569344K, 79% used [0x00000000d5580000,0x00000000f0da9768,0x00000000f8180000)
  from space 60416K, 0% used [0x00000000fb880000,0x00000000fb908000,0x00000000ff380000)
  to   space 56320K, 0% used [0x00000000f8180000,0x00000000f8180000,0x00000000fb880000)
 ParOldGen       total 469504K, used 374974K [0x0000000080000000, 0x000000009ca80000, 0x00000000d5580000)
  object space 469504K, 79% used [0x0000000080000000,0x0000000096e2f9a8,0x000000009ca80000)
 Metaspace       used 77058K, capacity 81008K, committed 81280K, reserved 1122304K
  class space    used 8127K, capacity 8775K, committed 8832K, reserved 1048576K
GC Heap History (220 events):
Event: 0.407 GC heap before
{Heap before GC invocations=1 (full 0):
 PSYoungGen      total 32768K, used 28160K [0x00000000d5580000, 0x00000000d7a00000, 0x0000000100000000)
  eden space 28160K, 100% used [0x00000000d5580000,0x00000000d7100000,0x00000000d7100000)
  from space 4608K, 0% used [0x00000000d7580000,0x00000000d7580000,0x00000000d7a00000)
  to   space 4608K, 0% used [0x00000000d7100000,0x00000000d7100000,0x00000000d7580000)
 ParOldGen       total 75264K, used 0K [0x0000000080000000, 0x0000000084980000, 0x00000000d5580000)
  object space 75264K, 0% used [0x0000000080000000,0x0000000080000000,0x0000000084980000)
 Metaspace       used 4186K, capacity 4856K, committed 5120K, reserved 1056768K
  class space    used 406K, capacity 424K, committed 512K, reserved 1048576K
Event: 0.410 GC heap after
Heap after GC invocations=1 (full 0):
 PSYoungGen      total 32768K, used 2258K [0x00000000d5580000, 0x00000000d7a00000, 0x0000000100000000)
  eden space 28160K, 0% used [0x00000000d5580000,0x00000000d5580000,0x00000000d7100000)
  from space 4608K, 49% used [0x00000000d7100000,0x00000000d7334ac8,0x00000000d7580000)
  to   space 4608K, 0% used [0x00000000d7580000,0x00000000d7580000,0x00000000d7a00000)
 ParOldGen       total 75264K, used 8K [0x0000000080000000, 0x0000000084980000, 0x00000000d5580000)
  object space 75264K, 0% used [0x0000000080000000,0x0000000080002000,0x0000000084980000)
 Metaspace       used 4186K, capacity 4856K, committed 5120K, reserved 1056768K
  class space    used 406K, capacity 424K, committed 512K, reserved 1048576K
}
Event: 0.654 GC heap before
{Heap before GC invocations=2 (full 0):
 PSYoungGen      total 32768K, used 30418K [0x00000000d5580000, 0x00000000d7a00000, 0x0000000100000000)
  eden space 28160K, 100% used [0x00000000d5580000,0x00000000d7100000,0x00000000d7100000)
  from space 4608K, 49% used [0x00000000d7100000,0x00000000d7334ac8,0x00000000d7580000)
  to   space 4608K, 0% used [0x00000000d7580000,0x00000000d7580000,0x00000000d7a00000)
 ParOldGen       total 75264K, used 8K [0x0000000080000000, 0x0000000084980000, 0x00000000d5580000)
  object space 75264K, 0% used [0x0000000080000000,0x0000000080002000,0x0000000084980000)
 Metaspace       used 7569K, capacity 7786K, committed 8064K, reserved 1056768K
  class space    used 776K, capacity 867K, committed 896K, reserved 1048576K
Event: 0.659 GC heap after
Heap after GC invocations=2 (full 0):
 PSYoungGen      total 32768K, used 2923K [0x00000000d5580000, 0x00000000d9580000, 0x0000000100000000)
  eden space 28160K, 0% used [0x00000000d5580000,0x00000000d5580000,0x00000000d7100000)
  from space 4608K, 63% used [0x00000000d7580000,0x00000000d785af28,0x00000000d7a00000)
  to   space 4608K, 0% used [0x00000000d7100000,0x00000000d7100000,0x00000000d7580000)
 ParOldGen       total 75264K, used 16K [0x0000000080000000, 0x0000000084980000, 0x00000000d5580000)
  object space 75264K, 0% used [0x0000000080000000,0x0000000080004000,0x0000000084980000)
 Metaspace       used 7569K, capacity 7786K, committed 8064K, reserved 1056768K
  class space    used 776K, capacity 867K, committed 896K, reserved 1048576K
}
Event: 0.927 GC heap before
{Heap before GC invocations=3 (full 0):
 PSYoungGen      total 32768K, used 31083K [0x00000000d5580000, 0x00000000d9580000, 0x0000000100000000)
  eden space 28160K, 100% used [0x00000000d5580000,0x00000000d7100000,0x00000000d7100000)
  from space 4608K, 63% used [0x00000000d7580000,0x00000000d785af28,0x00000000d7a00000)
  to   space 4608K, 0% used [0x00000000d7100000,0x00000000d7100000,0x00000000d7580000)
 ParOldGen       total 75264K, used 16K [0x0000000080000000, 0x0000000084980000, 0x00000000d5580000)
  object space 75264K, 0% used [0x0000000080000000,0x0000000080004000,0x0000000084980000)
 Metaspace       used 10451K, capacity 10634K, committed 11008K, reserved 1058816K
  class space    used 1083K, capacity 1155K, committed 1280K, reserved 1048576K
Event: 0.931 GC heap after
Heap after GC invocations=3 (full 0):
 PSYoungGen      total 32768K, used 4051K [0x00000000d5580000, 0x00000000d9580000, 0x0000000100000000)
  eden space 28160K, 0% used [0x00000000d5580000,0x00000000d5580000,0x00000000d7100000)
  from space 4608K, 87% used [0x00000000d7100000,0x00000000d74f4e88,0x00000000d7580000)
  to   space 4608K, 0% used [0x00000000d9100000,0x00000000d9100000,0x00000000d9580000)
 ParOldGen       total 75264K, used 24K [0x0000000080000000, 0x0000000084980000, 0x00000000d5580000)
  object space 75264K, 0% used [0x0000000080000000,0x0000000080006000,0x0000000084980000)
 Metaspace       used 10451K, capacity 10634K, committed 11008K, reserved 1058816K
  class space    used 1083K, capacity 1155K, committed 1280K, reserved 1048576K
}
Event: 1.256 GC heap before
{Heap before GC invocations=4 (full 0):
 PSYoungGen      total 32768K, used 32204K [0x00000000d5580000, 0x00000000d9580000, 0x0000000100000000)
  eden space 28160K, 99% used [0x00000000d5580000,0x00000000d70fe330,0x00000000d7100000)
  from space 4608K, 87% used [0x00000000d7100000,0x00000000d74f4e88,0x00000000d7580000)
  to   space 4608K, 0% used [0x00000000d9100000,0x00000000d9100000,0x00000000d9580000)
 ParOldGen       total 75264K, used 24K [0x0000000080000000, 0x0000000084980000, 0x00000000d5580000)
  object space 75264K, 0% used [0x0000000080000000,0x0000000080006000,0x0000000084980000)
 Metaspace       used 13198K, capacity 13380K, committed 13568K, reserved 1060864K
  class space    used 1379K, capacity 1448K, committed 1536K, reserved 1048576K
Event: 1.267 GC heap after
Heap after GC invocations=4 (full 0):
 PSYoungGen      total 60928K, used 4593K [0x00000000d5580000, 0x00000000d9580000, 0x0000000100000000)
  eden space 56320K, 0% used [0x00000000d5580000,0x00000000d5580000,0x00000000d8c80000)
  from space 4608K, 99% used [0x00000000d9100000,0x00000000d957c4a8,0x00000000d9580000)
  to   space 4608K, 0% used [0x00000000d8c80000,0x00000000d8c80000,0x00000000d9100000)
 ParOldGen       total 75264K, used 353K [0x0000000080000000, 0x0000000084980000, 0x00000000d5580000)
  object space 75264K, 0% used [0x0000000080000000,0x0000000080058610,0x0000000084980000)
 Metaspace       used 13198K, capacity 13380K, committed 13568K, reserved 1060864K
  class space    used 1379K, capacity 1448K, committed 1536K, reserved 1048576K
}
Event: 1.874 GC heap before
{Heap before GC invocations=5 (full 0):
 PSYoungGen      total 60928K, used 60913K [0x00000000d5580000, 0x00000000d9580000, 0x0000000100000000)
  eden space 56320K, 100% used [0x00000000d5580000,0x00000000d8c80000,0x00000000d8c80000)
  from space 4608K, 99% used [0x00000000d9100000,0x00000000d957c4a8,0x00000000d9580000)
  to   space 4608K, 0% used [0x00000000d8c80000,0x00000000d8c80000,0x00000000d9100000)
 ParOldGen       total 75264K, used 353K [0x0000000080000000, 0x0000000084980000, 0x00000000d5580000)
  object space 75264K, 0% used [0x0000000080000000,0x0000000080058610,0x0000000084980000)
 Metaspace       used 18560K, capacity 18778K, committed 19328K, reserved 1067008K
  class space    used 1970K, capacity 2053K, committed 2176K, reserved 1048576K
Event: 1.883 GC heap after
Heap after GC invocations=5 (full 0):
 PSYoungGen      total 60928K, used 4587K [0x00000000d5580000, 0x00000000dd280000, 0x0000000100000000)
  eden space 56320K, 0% used [0x00000000d5580000,0x00000000d5580000,0x00000000d8c80000)
  from space 4608K, 99% used [0x00000000d8c80000,0x00000000d90fac48,0x00000000d9100000)
  to   space 7680K, 0% used [0x00000000dcb00000,0x00000000dcb00000,0x00000000dd280000)
 ParOldGen       total 75264K, used 2684K [0x0000000080000000, 0x0000000084980000, 0x00000000d5580000)
  object space 75264K, 3% used [0x0000000080000000,0x000000008029f368,0x0000000084980000)
 Metaspace       used 18560K, capacity 18778K, committed 19328K, reserved 1067008K
  class space    used 1970K, capacity 2053K, committed 2176K, reserved 1048576K
}
Event: 2.135 GC heap before
{Heap before GC invocations=6 (full 0):
 PSYoungGen      total 60928K, used 46185K [0x00000000d5580000, 0x00000000dd280000, 0x0000000100000000)
  eden space 56320K, 73% used [0x00000000d5580000,0x00000000d7e1f8a0,0x00000000d8c80000)
  from space 4608K, 99% used [0x00000000d8c80000,0x00000000d90fac48,0x00000000d9100000)
  to   space 7680K, 0% used [0x00000000dcb00000,0x00000000dcb00000,0x00000000dd280000)
 ParOldGen       total 75264K, used 2684K [0x0000000080000000, 0x0000000084980000, 0x00000000d5580000)
  object space 75264K, 3% used [0x0000000080000000,0x000000008029f368,0x0000000084980000)
 Metaspace       used 20712K, capacity 20964K, committed 21296K, reserved 1069056K
  class space    used 2232K, capacity 2328K, committed 2432K, reserved 1048576K
Event: 2.151 GC heap after
Heap after GC invocations=6 (full 0):
 PSYoungGen      total 119296K, used 6590K [0x00000000d5580000, 0x00000000dd480000, 0x0000000100000000)
  eden space 111616K, 0% used [0x00000000d5580000,0x00000000d5580000,0x00000000dc280000)
  from space 7680K, 85% used [0x00000000dcb00000,0x00000000dd16f8e0,0x00000000dd280000)
  to   space 8704K, 0% used [0x00000000dc280000,0x00000000dc280000,0x00000000dcb00000)
 ParOldGen       total 75264K, used 2692K [0x0000000080000000, 0x0000000084980000, 0x00000000d5580000)
  object space 75264K, 3% used [0x0000000080000000,0x00000000802a1368,0x0000000084980000)
 Metaspace       used 20712K, capacity 20964K, committed 21296K, reserved 1069056K
  class space    used 2232K, capacity 2328K, committed 2432K, reserved 1048576K
}
Event: 2.151 GC heap before
{Heap before GC invocations=7 (full 1):
 PSYoungGen      total 119296K, used 6590K [0x00000000d5580000, 0x00000000dd480000, 0x0000000100000000)
  eden space 111616K, 0% used [0x00000000d5580000,0x00000000d5580000,0x00000000dc280000)
  from space 7680K, 85% used [0x00000000dcb00000,0x00000000dd16f8e0,0x00000000dd280000)
  to   space 8704K, 0% used [0x00000000dc280000,0x00000000dc280000,0x00000000dcb00000)
 ParOldGen       total 75264K, used 2692K [0x0000000080000000, 0x0000000084980000, 0x00000000d5580000)
  object space 75264K, 3% used [0x0000000080000000,0x00000000802a1368,0x0000000084980000)
 Metaspace       used 20712K, capacity 20964K, committed 21296K, reserved 1069056K
  class space    used 2232K, capacity 2328K, committed 2432K, reserved 1048576K
Event: 2.198 GC heap after
Heap after GC invocations=7 (full 1):
 PSYoungGen      total 119296K, used 0K [0x00000000d5580000, 0x00000000dd480000, 0x0000000100000000)
  eden space 111616K, 0% used [0x00000000d5580000,0x00000000d5580000,0x00000000dc280000)
  from space 7680K, 0% used [0x00000000dcb00000,0x00000000dcb00000,0x00000000dd280000)
  to   space 8704K, 0% used [0x00000000dc280000,0x00000000dc280000,0x00000000dcb00000)
 ParOldGen       total 49152K, used 6458K [0x0000000080000000, 0x0000000083000000, 0x00000000d5580000)
  object space 49152K, 13% used [0x0000000080000000,0x000000008064e8b8,0x0000000083000000)
 Metaspace       used 20712K, capacity 20964K, committed 21296K, reserved 1069056K
  class space    used 2232K, capacity 2328K, committed 2432K, reserved 1048576K
}
Event: 2.758 GC heap before
{Heap before GC invocations=8 (full 1):
 PSYoungGen      total 119296K, used 111616K [0x00000000d5580000, 0x00000000dd480000, 0x0000000100000000)
  eden space 111616K, 100% used [0x00000000d5580000,0x00000000dc280000,0x00000000dc280000)
  from space 7680K, 0% used [0x00000000dcb00000,0x00000000dcb00000,0x00000000dd280000)
  to   space 8704K, 0% used [0x00000000dc280000,0x00000000dc280000,0x00000000dcb00000)
 ParOldGen       total 49152K, used 6458K [0x0000000080000000, 0x0000000083000000, 0x00000000d5580000)
  object space 49152K, 13% used [0x0000000080000000,0x000000008064e8b8,0x0000000083000000)
 Metaspace       used 26186K, capacity 26608K, committed 26880K, reserved 1073152K
  class space    used 2923K, capacity 3045K, committed 3072K, reserved 1048576K
Event: 2.764 GC heap after
Heap after GC invocations=8 (full 1):
 PSYoungGen      total 120320K, used 6244K [0x00000000d5580000, 0x00000000e0b80000, 0x0000000100000000)
  eden space 111616K, 0% used [0x00000000d5580000,0x00000000d5580000,0x00000000dc280000)
  from space 8704K, 71% used [0x00000000dc280000,0x00000000dc8992f8,0x00000000dcb00000)
  to   space 8704K, 0% used [0x00000000e0300000,0x00000000e0300000,0x00000000e0b80000)
 ParOldGen       total 49152K, used 6458K [0x0000000080000000, 0x0000000083000000, 0x00000000d5580000)
  object space 49152K, 13% used [0x0000000080000000,0x000000008064e8b8,0x0000000083000000)
 Metaspace       used 26186K, capacity 26608K, committed 26880K, reserved 1073152K
  class space    used 2923K, capacity 3045K, committed 3072K, reserved 1048576K
}
Event: 3.194 GC heap before
{Heap before GC invocations=9 (full 1):
 PSYoungGen      total 120320K, used 117860K [0x00000000d5580000, 0x00000000e0b80000, 0x0000000100000000)
  eden space 111616K, 100% used [0x00000000d5580000,0x00000000dc280000,0x00000000dc280000)
  from space 8704K, 71% used [0x00000000dc280000,0x00000000dc8992f8,0x00000000dcb00000)
  to   space 8704K, 0% used [0x00000000e0300000,0x00000000e0300000,0x00000000e0b80000)
 ParOldGen       total 49152K, used 6458K [0x0000000080000000, 0x0000000083000000, 0x00000000d5580000)
  object space 49152K, 13% used [0x0000000080000000,0x000000008064e8b8,0x0000000083000000)
 Metaspace       used 30788K, capacity 31220K, committed 31616K, reserved 1077248K
  class space    used 3466K, capacity 3591K, committed 3712K, reserved 1048576K
Event: 3.202 GC heap after
Heap after GC invocations=9 (full 1):
 PSYoungGen      total 175616K, used 7291K [0x00000000d5580000, 0x00000000e0b00000, 0x0000000100000000)
  eden space 167424K, 0% used [0x00000000d5580000,0x00000000d5580000,0x00000000df900000)
  from space 8192K, 89% used [0x00000000e0300000,0x00000000e0a1ef70,0x00000000e0b00000)
  to   space 9216K, 0% used [0x00000000df900000,0x00000000df900000,0x00000000e0200000)
 ParOldGen       total 49152K, used 6466K [0x0000000080000000, 0x0000000083000000, 0x00000000d5580000)
  object space 49152K, 13% used [0x0000000080000000,0x00000000806508b8,0x0000000083000000)
 Metaspace       used 30788K, capacity 31220K, committed 31616K, reserved 1077248K
  class space    used 3466K, capacity 3591K, committed 3712K, reserved 1048576K
}
Event: 3.573 GC heap before
{Heap before GC invocations=10 (full 1):
 PSYoungGen      total 175616K, used 108191K [0x00000000d5580000, 0x00000000e0b00000, 0x0000000100000000)
  eden space 167424K, 60% used [0x00000000d5580000,0x00000000db808f10,0x00000000df900000)
  from space 8192K, 89% used [0x00000000e0300000,0x00000000e0a1ef70,0x00000000e0b00000)
  to   space 9216K, 0% used [0x00000000df900000,0x00000000df900000,0x00000000e0200000)
 ParOldGen       total 49152K, used 6466K [0x0000000080000000, 0x0000000083000000, 0x00000000d5580000)
  object space 49152K, 13% used [0x0000000080000000,0x00000000806508b8,0x0000000083000000)
 Metaspace       used 34674K, capacity 35118K, committed 35496K, reserved 1081344K
  class space    used 3870K, capacity 3988K, committed 4096K, reserved 1048576K
Event: 3.586 GC heap after
Heap after GC invocations=10 (full 1):
 PSYoungGen      total 176640K, used 6969K [0x00000000d5580000, 0x00000000e4100000, 0x0000000100000000)
  eden space 167424K, 0% used [0x00000000d5580000,0x00000000d5580000,0x00000000df900000)
  from space 9216K, 75% used [0x00000000df900000,0x00000000dffce790,0x00000000e0200000)
  to   space 9728K, 0% used [0x00000000e3780000,0x00000000e3780000,0x00000000e4100000)
 ParOldGen       total 49152K, used 6466K [0x0000000080000000, 0x0000000083000000, 0x00000000d5580000)
  object space 49152K, 13% used [0x0000000080000000,0x00000000806508b8,0x0000000083000000)
 Metaspace       used 34674K, capacity 35118K, committed 35496K, reserved 1081344K
  class space    used 3870K, capacity 3988K, committed 4096K, reserved 1048576K
}
Event: 3.586 GC heap before
{Heap before GC invocations=11 (full 2):
 PSYoungGen      total 176640K, used 6969K [0x00000000d5580000, 0x00000000e4100000, 0x0000000100000000)
  eden space 167424K, 0% used [0x00000000d5580000,0x00000000d5580000,0x00000000df900000)
  from space 9216K, 75% used [0x00000000df900000,0x00000000dffce790,0x00000000e0200000)
  to   space 9728K, 0% used [0x00000000e3780000,0x00000000e3780000,0x00000000e4100000)
 ParOldGen       total 49152K, used 6466K [0x0000000080000000, 0x0000000083000000, 0x00000000d5580000)
  object space 49152K, 13% used [0x0000000080000000,0x00000000806508b8,0x0000000083000000)
 Metaspace       used 34674K, capacity 35118K, committed 35496K, reserved 1081344K
  class space    used 3870K, capacity 3988K, committed 4096K, reserved 1048576K
Event: 3.643 GC heap after
Heap after GC invocations=11 (full 2):
 PSYoungGen      total 176640K, used 0K [0x00000000d5580000, 0x00000000e4100000, 0x0000000100000000)
  eden space 167424K, 0% used [0x00000000d5580000,0x00000000d5580000,0x00000000df900000)
  from space 9216K, 0% used [0x00000000df900000,0x00000000df900000,0x00000000e0200000)
  to   space 9728K, 0% used [0x00000000e3780000,0x00000000e3780000,0x00000000e4100000)
 ParOldGen       total 77312K, used 11888K [0x0000000080000000, 0x0000000084b80000, 0x00000000d5580000)
  object space 77312K, 15% used [0x0000000080000000,0x0000000080b9c078,0x0000000084b80000)
 Metaspace       used 34674K, capacity 35118K, committed 35496K, reserved 1081344K
  class space    used 3870K, capacity 3988K, committed 4096K, reserved 1048576K
}
Event: 4.923 GC heap before
{Heap before GC invocations=12 (full 2):
 PSYoungGen      total 176640K, used 167424K [0x00000000d5580000, 0x00000000e4100000, 0x0000000100000000)
  eden space 167424K, 100% used [0x00000000d5580000,0x00000000df900000,0x00000000df900000)
  from space 9216K, 0% used [0x00000000df900000,0x00000000df900000,0x00000000e0200000)
  to   space 9728K, 0% used [0x00000000e3780000,0x00000000e3780000,0x00000000e4100000)
 ParOldGen       total 77312K, used 11888K [0x0000000080000000, 0x0000000084b80000, 0x00000000d5580000)
  object space 77312K, 15% used [0x0000000080000000,0x0000000080b9c078,0x0000000084b80000)
 Metaspace       used 44597K, capacity 45876K, committed 46080K, reserved 1089536K
  class space    used 5125K, capacity 5365K, committed 5376K, reserved 1048576K
Event: 4.941 GC heap after
Heap after GC invocations=12 (full 2):
 PSYoungGen      total 219648K, used 9704K [0x00000000d5580000, 0x00000000e4100000, 0x0000000100000000)
  eden space 209920K, 0% used [0x00000000d5580000,0x00000000d5580000,0x00000000e2280000)
  from space 9728K, 99% used [0x00000000e3780000,0x00000000e40fa3d0,0x00000000e4100000)
  to   space 12800K, 0% used [0x00000000e2800000,0x00000000e2800000,0x00000000e3480000)
 ParOldGen       total 77312K, used 16434K [0x0000000080000000, 0x0000000084b80000, 0x00000000d5580000)
  object space 77312K, 21% used [0x0000000080000000,0x000000008100c810,0x0000000084b80000)
 Metaspace       used 44597K, capacity 45876K, committed 46080K, reserved 1089536K
  class space    used 5125K, capacity 5365K, committed 5376K, reserved 1048576K
}
Event: 6.535 GC heap before
{Heap before GC invocations=13 (full 2):
 PSYoungGen      total 219648K, used 219624K [0x00000000d5580000, 0x00000000e4100000, 0x0000000100000000)
  eden space 209920K, 100% used [0x00000000d5580000,0x00000000e2280000,0x00000000e2280000)
  from space 9728K, 99% used [0x00000000e3780000,0x00000000e40fa3d0,0x00000000e4100000)
  to   space 12800K, 0% used [0x00000000e2800000,0x00000000e2800000,0x00000000e3480000)
 ParOldGen       total 77312K, used 16434K [0x0000000080000000, 0x0000000084b80000, 0x00000000d5580000)
  object space 77312K, 21% used [0x0000000080000000,0x000000008100c810,0x0000000084b80000)
 Metaspace       used 50927K, capacity 52634K, committed 52736K, reserved 1095680K
  class space    used 5827K, capacity 6126K, committed 6144K, reserved 1048576K
Event: 6.556 GC heap after
Heap after GC invocations=13 (full 2):
 PSYoungGen      total 228352K, used 12780K [0x00000000d5580000, 0x00000000e7280000, 0x0000000100000000)
  eden space 215552K, 0% used [0x00000000d5580000,0x00000000d5580000,0x00000000e2800000)
  from space 12800K, 99% used [0x00000000e2800000,0x00000000e347b2c8,0x00000000e3480000)
  to   space 15872K, 0% used [0x00000000e6300000,0x00000000e6300000,0x00000000e7280000)
 ParOldGen       total 77312K, used 20462K [0x0000000080000000, 0x0000000084b80000, 0x00000000d5580000)
  object space 77312K, 26% used [0x0000000080000000,0x00000000813fbb30,0x0000000084b80000)
 Metaspace       used 50927K, capacity 52634K, committed 52736K, reserved 1095680K
  class space    used 5827K, capacity 6126K, committed 6144K, reserved 1048576K
}
Event: 10.186 GC heap before
{Heap before GC invocations=14 (full 2):
 PSYoungGen      total 228352K, used 228332K [0x00000000d5580000, 0x00000000e7280000, 0x0000000100000000)
  eden space 215552K, 100% used [0x00000000d5580000,0x00000000e2800000,0x00000000e2800000)
  from space 12800K, 99% used [0x00000000e2800000,0x00000000e347b2c8,0x00000000e3480000)
  to   space 15872K, 0% used [0x00000000e6300000,0x00000000e6300000,0x00000000e7280000)
 ParOldGen       total 77312K, used 20462K [0x0000000080000000, 0x0000000084b80000, 0x00000000d5580000)
  object space 77312K, 26% used [0x0000000080000000,0x00000000813fbb30,0x0000000084b80000)
 Metaspace       used 51845K, capacity 53674K, committed 53888K, reserved 1097728K
  class space    used 5892K, capacity 6242K, committed 6272K, reserved 1048576K
Event: 10.210 GC heap after
Heap after GC invocations=14 (full 2):
 PSYoungGen      total 275456K, used 10162K [0x00000000d5580000, 0x00000000e7500000, 0x0000000100000000)
  eden space 259584K, 0% used [0x00000000d5580000,0x00000000d5580000,0x00000000e5300000)
  from space 15872K, 64% used [0x00000000e6300000,0x00000000e6cecbd0,0x00000000e7280000)
  to   space 16384K, 0% used [0x00000000e5300000,0x00000000e5300000,0x00000000e6300000)
 ParOldGen       total 77312K, used 27105K [0x0000000080000000, 0x0000000084b80000, 0x00000000d5580000)
  object space 77312K, 35% used [0x0000000080000000,0x0000000081a786d0,0x0000000084b80000)
 Metaspace       used 51845K, capacity 53674K, committed 53888K, reserved 1097728K
  class space    used 5892K, capacity 6242K, committed 6272K, reserved 1048576K
}
Event: 13.564 GC heap before
{Heap before GC invocations=15 (full 2):
 PSYoungGen      total 275456K, used 139829K [0x00000000d5580000, 0x00000000e7500000, 0x0000000100000000)
  eden space 259584K, 49% used [0x00000000d5580000,0x00000000dd420bb0,0x00000000e5300000)
  from space 15872K, 64% used [0x00000000e6300000,0x00000000e6cecbd0,0x00000000e7280000)
  to   space 16384K, 0% used [0x00000000e5300000,0x00000000e5300000,0x00000000e6300000)
 ParOldGen       total 77312K, used 27105K [0x0000000080000000, 0x0000000084b80000, 0x00000000d5580000)
  object space 77312K, 35% used [0x0000000080000000,0x0000000081a786d0,0x0000000084b80000)
 Metaspace       used 56777K, capacity 58984K, committed 59136K, reserved 1101824K
  class space    used 6449K, capacity 6821K, committed 6912K, reserved 1048576K
Event: 13.582 GC heap after
Heap after GC invocations=15 (full 2):
 PSYoungGen      total 275968K, used 14794K [0x00000000d5580000, 0x00000000ea580000, 0x0000000100000000)
  eden space 259584K, 0% used [0x00000000d5580000,0x00000000d5580000,0x00000000e5300000)
  from space 16384K, 90% used [0x00000000e5300000,0x00000000e61728a8,0x00000000e6300000)
  to   space 17920K, 0% used [0x00000000e9400000,0x00000000e9400000,0x00000000ea580000)
 ParOldGen       total 77312K, used 27113K [0x0000000080000000, 0x0000000084b80000, 0x00000000d5580000)
  object space 77312K, 35% used [0x0000000080000000,0x0000000081a7a6d0,0x0000000084b80000)
 Metaspace       used 56777K, capacity 58984K, committed 59136K, reserved 1101824K
  class space    used 6449K, capacity 6821K, committed 6912K, reserved 1048576K
}
Event: 13.582 GC heap before
{Heap before GC invocations=16 (full 3):
 PSYoungGen      total 275968K, used 14794K [0x00000000d5580000, 0x00000000ea580000, 0x0000000100000000)
  eden space 259584K, 0% used [0x00000000d5580000,0x00000000d5580000,0x00000000e5300000)
  from space 16384K, 90% used [0x00000000e5300000,0x00000000e61728a8,0x00000000e6300000)
  to   space 17920K, 0% used [0x00000000e9400000,0x00000000e9400000,0x00000000ea580000)
 ParOldGen       total 77312K, used 27113K [0x0000000080000000, 0x0000000084b80000, 0x00000000d5580000)
  object space 77312K, 35% used [0x0000000080000000,0x0000000081a7a6d0,0x0000000084b80000)
 Metaspace       used 56777K, capacity 58984K, committed 59136K, reserved 1101824K
  class space    used 6449K, capacity 6821K, committed 6912K, reserved 1048576K
Event: 13.724 GC heap after
Heap after GC invocations=16 (full 3):
 PSYoungGen      total 275968K, used 0K [0x00000000d5580000, 0x00000000ea580000, 0x0000000100000000)
  eden space 259584K, 0% used [0x00000000d5580000,0x00000000d5580000,0x00000000e5300000)
  from space 16384K, 0% used [0x00000000e5300000,0x00000000e5300000,0x00000000e6300000)
  to   space 17920K, 0% used [0x00000000e9400000,0x00000000e9400000,0x00000000ea580000)
 ParOldGen       total 123904K, used 29471K [0x0000000080000000, 0x0000000087900000, 0x00000000d5580000)
  object space 123904K, 23% used [0x0000000080000000,0x0000000081cc7d78,0x0000000087900000)
 Metaspace       used 56777K, capacity 58984K, committed 59136K, reserved 1101824K
  class space    used 6449K, capacity 6821K, committed 6912K, reserved 1048576K
}
Event: 16.101 GC heap before
{Heap before GC invocations=17 (full 3):
 PSYoungGen      total 275968K, used 259584K [0x00000000d5580000, 0x00000000ea580000, 0x0000000100000000)
  eden space 259584K, 100% used [0x00000000d5580000,0x00000000e5300000,0x00000000e5300000)
  from space 16384K, 0% used [0x00000000e5300000,0x00000000e5300000,0x00000000e6300000)
  to   space 17920K, 0% used [0x00000000e9400000,0x00000000e9400000,0x00000000ea580000)
 ParOldGen       total 123904K, used 29471K [0x0000000080000000, 0x0000000087900000, 0x00000000d5580000)
  object space 123904K, 23% used [0x0000000080000000,0x0000000081cc7d78,0x0000000087900000)
 Metaspace       used 62629K, capacity 65272K, committed 65408K, reserved 1107968K
  class space    used 7042K, capacity 7517K, committed 7552K, reserved 1048576K
Event: 16.131 GC heap after
Heap after GC invocations=17 (full 3):
 PSYoungGen      total 318464K, used 17890K [0x00000000d5580000, 0x00000000eba00000, 0x0000000100000000)
  eden space 300544K, 0% used [0x00000000d5580000,0x00000000d5580000,0x00000000e7b00000)
  from space 17920K, 99% used [0x00000000e9400000,0x00000000ea578ac8,0x00000000ea580000)
  to   space 25600K, 0% used [0x00000000e7b00000,0x00000000e7b00000,0x00000000e9400000)
 ParOldGen       total 123904K, used 42401K [0x0000000080000000, 0x0000000087900000, 0x00000000d5580000)
  object space 123904K, 34% used [0x0000000080000000,0x0000000082968420,0x0000000087900000)
 Metaspace       used 62629K, capacity 65272K, committed 65408K, reserved 1107968K
  class space    used 7042K, capacity 7517K, committed 7552K, reserved 1048576K
}
Event: 22.926 GC heap before
{Heap before GC invocations=18 (full 3):
 PSYoungGen      total 318464K, used 318434K [0x00000000d5580000, 0x00000000eba00000, 0x0000000100000000)
  eden space 300544K, 100% used [0x00000000d5580000,0x00000000e7b00000,0x00000000e7b00000)
  from space 17920K, 99% used [0x00000000e9400000,0x00000000ea578ac8,0x00000000ea580000)
  to   space 25600K, 0% used [0x00000000e7b00000,0x00000000e7b00000,0x00000000e9400000)
 ParOldGen       total 123904K, used 42401K [0x0000000080000000, 0x0000000087900000, 0x00000000d5580000)
  object space 123904K, 34% used [0x0000000080000000,0x0000000082968420,0x0000000087900000)
 Metaspace       used 70935K, capacity 74286K, committed 74496K, reserved 1116160K
  class space    used 7822K, capacity 8396K, committed 8448K, reserved 1048576K
Event: 23.002 GC heap after
Heap after GC invocations=18 (full 3):
 PSYoungGen      total 326144K, used 25595K [0x00000000d5580000, 0x00000000f0e80000, 0x0000000100000000)
  eden space 300544K, 0% used [0x00000000d5580000,0x00000000d5580000,0x00000000e7b00000)
  from space 25600K, 99% used [0x00000000e7b00000,0x00000000e93fee30,0x00000000e9400000)
  to   space 45056K, 0% used [0x00000000ee280000,0x00000000ee280000,0x00000000f0e80000)
 ParOldGen       total 123904K, used 84040K [0x0000000080000000, 0x0000000087900000, 0x00000000d5580000)
  object space 123904K, 67% used [0x0000000080000000,0x0000000085212148,0x0000000087900000)
 Metaspace       used 70935K, capacity 74286K, committed 74496K, reserved 1116160K
  class space    used 7822K, capacity 8396K, committed 8448K, reserved 1048576K
}
Event: 24.653 GC heap before
{Heap before GC invocations=19 (full 3):
 PSYoungGen      total 326144K, used 326139K [0x00000000d5580000, 0x00000000f0e80000, 0x0000000100000000)
  eden space 300544K, 100% used [0x00000000d5580000,0x00000000e7b00000,0x00000000e7b00000)
  from space 25600K, 99% used [0x00000000e7b00000,0x00000000e93fee30,0x00000000e9400000)
  to   space 45056K, 0% used [0x00000000ee280000,0x00000000ee280000,0x00000000f0e80000)
 ParOldGen       total 123904K, used 84040K [0x0000000080000000, 0x0000000087900000, 0x00000000d5580000)
  object space 123904K, 67% used [0x0000000080000000,0x0000000085212148,0x0000000087900000)
 Metaspace       used 71119K, capacity 74544K, committed 74752K, reserved 1116160K
  class space    used 7830K, capacity 8403K, committed 8448K, reserved 1048576K
Event: 24.692 GC heap after
Heap after GC invocations=19 (full 3):
 PSYoungGen      total 409600K, used 16498K [0x00000000d5580000, 0x00000000f1000000, 0x0000000100000000)
  eden space 364544K, 0% used [0x00000000d5580000,0x00000000d5580000,0x00000000eb980000)
  from space 45056K, 36% used [0x00000000ee280000,0x00000000ef29c968,0x00000000f0e80000)
  to   space 41984K, 0% used [0x00000000eb980000,0x00000000eb980000,0x00000000ee280000)
 ParOldGen       total 123904K, used 97589K [0x0000000080000000, 0x0000000087900000, 0x00000000d5580000)
  object space 123904K, 78% used [0x0000000080000000,0x0000000085f4d4b8,0x0000000087900000)
 Metaspace       used 71119K, capacity 74544K, committed 74752K, reserved 1116160K
  class space    used 7830K, capacity 8403K, committed 8448K, reserved 1048576K
}
Event: 25.462 GC heap before
{Heap before GC invocations=20 (full 3):
 PSYoungGen      total 409600K, used 381042K [0x00000000d5580000, 0x00000000f1000000, 0x0000000100000000)
  eden space 364544K, 100% used [0x00000000d5580000,0x00000000eb980000,0x00000000eb980000)
  from space 45056K, 36% used [0x00000000ee280000,0x00000000ef29c968,0x00000000f0e80000)
  to   space 41984K, 0% used [0x00000000eb980000,0x00000000eb980000,0x00000000ee280000)
 ParOldGen       total 123904K, used 97589K [0x0000000080000000, 0x0000000087900000, 0x00000000d5580000)
  object space 123904K, 78% used [0x0000000080000000,0x0000000085f4d4b8,0x0000000087900000)
 Metaspace       used 71155K, capacity 74612K, committed 74752K, reserved 1116160K
  class space    used 7830K, capacity 8403K, committed 8448K, reserved 1048576K
Event: 25.477 GC heap after
Heap after GC invocations=20 (full 3):
 PSYoungGen      total 406528K, used 11335K [0x00000000d5580000, 0x00000000f4080000, 0x0000000100000000)
  eden space 364544K, 0% used [0x00000000d5580000,0x00000000d5580000,0x00000000eb980000)
  from space 41984K, 26% used [0x00000000eb980000,0x00000000ec491e30,0x00000000ee280000)
  to   space 40448K, 0% used [0x00000000f1900000,0x00000000f1900000,0x00000000f4080000)
 ParOldGen       total 123904K, used 97589K [0x0000000080000000, 0x0000000087900000, 0x00000000d5580000)
  object space 123904K, 78% used [0x0000000080000000,0x0000000085f4d4b8,0x0000000087900000)
 Metaspace       used 71155K, capacity 74612K, committed 74752K, reserved 1116160K
  class space    used 7830K, capacity 8403K, committed 8448K, reserved 1048576K
}
Event: 26.244 GC heap before
{Heap before GC invocations=21 (full 3):
 PSYoungGen      total 406528K, used 375879K [0x00000000d5580000, 0x00000000f4080000, 0x0000000100000000)
  eden space 364544K, 100% used [0x00000000d5580000,0x00000000eb980000,0x00000000eb980000)
  from space 41984K, 26% used [0x00000000eb980000,0x00000000ec491e30,0x00000000ee280000)
  to   space 40448K, 0% used [0x00000000f1900000,0x00000000f1900000,0x00000000f4080000)
 ParOldGen       total 123904K, used 97589K [0x0000000080000000, 0x0000000087900000, 0x00000000d5580000)
  object space 123904K, 78% used [0x0000000080000000,0x0000000085f4d4b8,0x0000000087900000)
 Metaspace       used 71216K, capacity 74692K, committed 74752K, reserved 1116160K
  class space    used 7830K, capacity 8403K, committed 8448K, reserved 1048576K
Event: 26.261 GC heap after
Heap after GC invocations=21 (full 3):
 PSYoungGen      total 462848K, used 12519K [0x00000000d5580000, 0x00000000f3f00000, 0x0000000100000000)
  eden space 423936K, 0% used [0x00000000d5580000,0x00000000d5580000,0x00000000ef380000)
  from space 38912K, 32% used [0x00000000f1900000,0x00000000f2539e10,0x00000000f3f00000)
  to   space 38400K, 0% used [0x00000000ef380000,0x00000000ef380000,0x00000000f1900000)
 ParOldGen       total 123904K, used 97589K [0x0000000080000000, 0x0000000087900000, 0x00000000d5580000)
  object space 123904K, 78% used [0x0000000080000000,0x0000000085f4d4b8,0x0000000087900000)
 Metaspace       used 71216K, capacity 74692K, committed 74752K, reserved 1116160K
  class space    used 7830K, capacity 8403K, committed 8448K, reserved 1048576K
}
Event: 27.184 GC heap before
{Heap before GC invocations=22 (full 3):
 PSYoungGen      total 462848K, used 436455K [0x00000000d5580000, 0x00000000f3f00000, 0x0000000100000000)
  eden space 423936K, 100% used [0x00000000d5580000,0x00000000ef380000,0x00000000ef380000)
  from space 38912K, 32% used [0x00000000f1900000,0x00000000f2539e10,0x00000000f3f00000)
  to   space 38400K, 0% used [0x00000000ef380000,0x00000000ef380000,0x00000000f1900000)
 ParOldGen       total 123904K, used 97589K [0x0000000080000000, 0x0000000087900000, 0x00000000d5580000)
  object space 123904K, 78% used [0x0000000080000000,0x0000000085f4d4b8,0x0000000087900000)
 Metaspace       used 71262K, capacity 74696K, committed 74752K, reserved 1116160K
  class space    used 7831K, capacity 8403K, committed 8448K, reserved 1048576K
Event: 27.199 GC heap after
Heap after GC invocations=22 (full 3):
 PSYoungGen      total 462336K, used 12295K [0x00000000d5580000, 0x00000000f7f00000, 0x0000000100000000)
  eden space 423936K, 0% used [0x00000000d5580000,0x00000000d5580000,0x00000000ef380000)
  from space 38400K, 32% used [0x00000000ef380000,0x00000000eff81e50,0x00000000f1900000)
  to   space 36864K, 0% used [0x00000000f5b00000,0x00000000f5b00000,0x00000000f7f00000)
 ParOldGen       total 123904K, used 97589K [0x0000000080000000, 0x0000000087900000, 0x00000000d5580000)
  object space 123904K, 78% used [0x0000000080000000,0x0000000085f4d4b8,0x0000000087900000)
 Metaspace       used 71262K, capacity 74696K, committed 74752K, reserved 1116160K
  class space    used 7831K, capacity 8403K, committed 8448K, reserved 1048576K
}
Event: 28.087 GC heap before
{Heap before GC invocations=23 (full 3):
 PSYoungGen      total 462336K, used 436231K [0x00000000d5580000, 0x00000000f7f00000, 0x0000000100000000)
  eden space 423936K, 100% used [0x00000000d5580000,0x00000000ef380000,0x00000000ef380000)
  from space 38400K, 32% used [0x00000000ef380000,0x00000000eff81e50,0x00000000f1900000)
  to   space 36864K, 0% used [0x00000000f5b00000,0x00000000f5b00000,0x00000000f7f00000)
 ParOldGen       total 123904K, used 97589K [0x0000000080000000, 0x0000000087900000, 0x00000000d5580000)
  object space 123904K, 78% used [0x0000000080000000,0x0000000085f4d4b8,0x0000000087900000)
 Metaspace       used 71298K, capacity 74760K, committed 75008K, reserved 1116160K
  class space    used 7831K, capacity 8403K, committed 8448K, reserved 1048576K
Event: 28.102 GC heap after
Heap after GC invocations=23 (full 3):
 PSYoungGen      total 525824K, used 11623K [0x00000000d5580000, 0x00000000f7b80000, 0x0000000100000000)
  eden space 492544K, 0% used [0x00000000d5580000,0x00000000d5580000,0x00000000f3680000)
  from space 33280K, 34% used [0x00000000f5b00000,0x00000000f6659e40,0x00000000f7b80000)
  to   space 35328K, 0% used [0x00000000f3680000,0x00000000f3680000,0x00000000f5900000)
 ParOldGen       total 123904K, used 97589K [0x0000000080000000, 0x0000000087900000, 0x00000000d5580000)
  object space 123904K, 78% used [0x0000000080000000,0x0000000085f4d4b8,0x0000000087900000)
 Metaspace       used 71298K, capacity 74760K, committed 75008K, reserved 1116160K
  class space    used 7831K, capacity 8403K, committed 8448K, reserved 1048576K
}
Event: 29.251 GC heap before
{Heap before GC invocations=24 (full 3):
 PSYoungGen      total 525824K, used 504167K [0x00000000d5580000, 0x00000000f7b80000, 0x0000000100000000)
  eden space 492544K, 100% used [0x00000000d5580000,0x00000000f3680000,0x00000000f3680000)
  from space 33280K, 34% used [0x00000000f5b00000,0x00000000f6659e40,0x00000000f7b80000)
  to   space 35328K, 0% used [0x00000000f3680000,0x00000000f3680000,0x00000000f5900000)
 ParOldGen       total 123904K, used 97589K [0x0000000080000000, 0x0000000087900000, 0x00000000d5580000)
  object space 123904K, 78% used [0x0000000080000000,0x0000000085f4d4b8,0x0000000087900000)
 Metaspace       used 71357K, capacity 74814K, committed 75008K, reserved 1116160K
  class space    used 7838K, capacity 8412K, committed 8448K, reserved 1048576K
Event: 29.269 GC heap after
Heap after GC invocations=24 (full 3):
 PSYoungGen      total 527872K, used 14901K [0x00000000d5580000, 0x00000000fc380000, 0x0000000100000000)
  eden space 492544K, 0% used [0x00000000d5580000,0x00000000d5580000,0x00000000f3680000)
  from space 35328K, 42% used [0x00000000f3680000,0x00000000f450d7a8,0x00000000f5900000)
  to   space 33280K, 0% used [0x00000000fa300000,0x00000000fa300000,0x00000000fc380000)
 ParOldGen       total 123904K, used 97589K [0x0000000080000000, 0x0000000087900000, 0x00000000d5580000)
  object space 123904K, 78% used [0x0000000080000000,0x0000000085f4d4b8,0x0000000087900000)
 Metaspace       used 71357K, capacity 74814K, committed 75008K, reserved 1116160K
  class space    used 7838K, capacity 8412K, committed 8448K, reserved 1048576K
}
Event: 42.940 GC heap before
{Heap before GC invocations=25 (full 3):
 PSYoungGen      total 527872K, used 507445K [0x00000000d5580000, 0x00000000fc380000, 0x0000000100000000)
  eden space 492544K, 100% used [0x00000000d5580000,0x00000000f3680000,0x00000000f3680000)
  from space 35328K, 42% used [0x00000000f3680000,0x00000000f450d7a8,0x00000000f5900000)
  to   space 33280K, 0% used [0x00000000fa300000,0x00000000fa300000,0x00000000fc380000)
 ParOldGen       total 123904K, used 97589K [0x0000000080000000, 0x0000000087900000, 0x00000000d5580000)
  object space 123904K, 78% used [0x0000000080000000,0x0000000085f4d4b8,0x0000000087900000)
 Metaspace       used 71797K, capacity 75304K, committed 75520K, reserved 1116160K
  class space    used 7850K, capacity 8427K, committed 8448K, reserved 1048576K
Event: 43.004 GC heap after
Heap after GC invocations=25 (full 3):
 PSYoungGen      total 589824K, used 33255K [0x00000000d5580000, 0x00000000fd580000, 0x0000000100000000)
  eden space 556544K, 0% used [0x00000000d5580000,0x00000000d5580000,0x00000000f7500000)
  from space 33280K, 99% used [0x00000000fa300000,0x00000000fc379e40,0x00000000fc380000)
  to   space 47104K, 0% used [0x00000000f7500000,0x00000000f7500000,0x00000000fa300000)
 ParOldGen       total 123904K, used 121639K [0x0000000080000000, 0x0000000087900000, 0x00000000d5580000)
  object space 123904K, 98% used [0x0000000080000000,0x00000000876c9db8,0x0000000087900000)
 Metaspace       used 71797K, capacity 75304K, committed 75520K, reserved 1116160K
  class space    used 7850K, capacity 8427K, committed 8448K, reserved 1048576K
}
Event: 43.004 GC heap before
{Heap before GC invocations=26 (full 4):
 PSYoungGen      total 589824K, used 33255K [0x00000000d5580000, 0x00000000fd580000, 0x0000000100000000)
  eden space 556544K, 0% used [0x00000000d5580000,0x00000000d5580000,0x00000000f7500000)
  from space 33280K, 99% used [0x00000000fa300000,0x00000000fc379e40,0x00000000fc380000)
  to   space 47104K, 0% used [0x00000000f7500000,0x00000000f7500000,0x00000000fa300000)
 ParOldGen       total 123904K, used 121639K [0x0000000080000000, 0x0000000087900000, 0x00000000d5580000)
  object space 123904K, 98% used [0x0000000080000000,0x00000000876c9db8,0x0000000087900000)
 Metaspace       used 71797K, capacity 75304K, committed 75520K, reserved 1116160K
  class space    used 7850K, capacity 8427K, committed 8448K, reserved 1048576K
Event: 43.147 GC heap after
Heap after GC invocations=26 (full 4):
 PSYoungGen      total 589824K, used 0K [0x00000000d5580000, 0x00000000fd580000, 0x0000000100000000)
  eden space 556544K, 0% used [0x00000000d5580000,0x00000000d5580000,0x00000000f7500000)
  from space 33280K, 0% used [0x00000000fa300000,0x00000000fa300000,0x00000000fc380000)
  to   space 47104K, 0% used [0x00000000f7500000,0x00000000f7500000,0x00000000fa300000)
 ParOldGen       total 238592K, used 90707K [0x0000000080000000, 0x000000008e900000, 0x00000000d5580000)
  object space 238592K, 38% used [0x0000000080000000,0x0000000085894c60,0x000000008e900000)
 Metaspace       used 71797K, capacity 75304K, committed 75520K, reserved 1116160K
  class space    used 7850K, capacity 8427K, committed 8448K, reserved 1048576K
}
Event: 64.673 GC heap before
{Heap before GC invocations=27 (full 4):
 PSYoungGen      total 589824K, used 556544K [0x00000000d5580000, 0x00000000fd580000, 0x0000000100000000)
  eden space 556544K, 100% used [0x00000000d5580000,0x00000000f7500000,0x00000000f7500000)
  from space 33280K, 0% used [0x00000000fa300000,0x00000000fa300000,0x00000000fc380000)
  to   space 47104K, 0% used [0x00000000f7500000,0x00000000f7500000,0x00000000fa300000)
 ParOldGen       total 238592K, used 90707K [0x0000000080000000, 0x000000008e900000, 0x00000000d5580000)
  object space 238592K, 38% used [0x0000000080000000,0x0000000085894c60,0x000000008e900000)
 Metaspace       used 73882K, capacity 77486K, committed 77568K, reserved 1118208K
  class space    used 8023K, capacity 8622K, committed 8704K, reserved 1048576K
Event: 64.741 GC heap after
Heap after GC invocations=27 (full 4):
 PSYoungGen      total 603648K, used 47099K [0x00000000d5580000, 0x0000000100000000, 0x0000000100000000)
  eden space 556544K, 0% used [0x00000000d5580000,0x00000000d5580000,0x00000000f7500000)
  from space 47104K, 99% used [0x00000000f7500000,0x00000000fa2fef58,0x00000000fa300000)
  to   space 66560K, 0% used [0x00000000fbf00000,0x00000000fbf00000,0x0000000100000000)
 ParOldGen       total 238592K, used 123048K [0x0000000080000000, 0x000000008e900000, 0x00000000d5580000)
  object space 238592K, 51% used [0x0000000080000000,0x000000008782a350,0x000000008e900000)
 Metaspace       used 73882K, capacity 77486K, committed 77568K, reserved 1118208K
  class space    used 8023K, capacity 8622K, committed 8704K, reserved 1048576K
}
Event: 65.326 GC heap before
{Heap before GC invocations=28 (full 4):
 PSYoungGen      total 603648K, used 603643K [0x00000000d5580000, 0x0000000100000000, 0x0000000100000000)
  eden space 556544K, 100% used [0x00000000d5580000,0x00000000f7500000,0x00000000f7500000)
  from space 47104K, 99% used [0x00000000f7500000,0x00000000fa2fef58,0x00000000fa300000)
  to   space 66560K, 0% used [0x00000000fbf00000,0x00000000fbf00000,0x0000000100000000)
 ParOldGen       total 238592K, used 123048K [0x0000000080000000, 0x000000008e900000, 0x00000000d5580000)
  object space 238592K, 51% used [0x0000000080000000,0x000000008782a350,0x000000008e900000)
 Metaspace       used 73890K, capacity 77486K, committed 77568K, reserved 1118208K
  class space    used 8023K, capacity 8622K, committed 8704K, reserved 1048576K
Event: 65.333 GC heap after
Heap after GC invocations=28 (full 4):
 PSYoungGen      total 632320K, used 3264K [0x00000000d5580000, 0x0000000100000000, 0x0000000100000000)
  eden space 565760K, 0% used [0x00000000d5580000,0x00000000d5580000,0x00000000f7e00000)
  from space 66560K, 4% used [0x00000000fbf00000,0x00000000fc230020,0x0000000100000000)
  to   space 66560K, 0% used [0x00000000f7e00000,0x00000000f7e00000,0x00000000fbf00000)
 ParOldGen       total 238592K, used 123048K [0x0000000080000000, 0x000000008e900000, 0x00000000d5580000)
  object space 238592K, 51% used [0x0000000080000000,0x000000008782a350,0x000000008e900000)
 Metaspace       used 73890K, capacity 77486K, committed 77568K, reserved 1118208K
  class space    used 8023K, capacity 8622K, committed 8704K, reserved 1048576K
}
Event: 65.980 GC heap before
{Heap before GC invocations=29 (full 4):
 PSYoungGen      total 632320K, used 569024K [0x00000000d5580000, 0x0000000100000000, 0x0000000100000000)
  eden space 565760K, 100% used [0x00000000d5580000,0x00000000f7e00000,0x00000000f7e00000)
  from space 66560K, 4% used [0x00000000fbf00000,0x00000000fc230020,0x0000000100000000)
  to   space 66560K, 0% used [0x00000000f7e00000,0x00000000f7e00000,0x00000000fbf00000)
 ParOldGen       total 238592K, used 123048K [0x0000000080000000, 0x000000008e900000, 0x00000000d5580000)
  object space 238592K, 51% used [0x0000000080000000,0x000000008782a350,0x000000008e900000)
 Metaspace       used 73895K, capacity 77486K, committed 77568K, reserved 1118208K
  class space    used 8023K, capacity 8622K, committed 8704K, reserved 1048576K
Event: 65.987 GC heap after
Heap after GC invocations=29 (full 4):
 PSYoungGen      total 569856K, used 3680K [0x00000000d5580000, 0x00000000ffd00000, 0x0000000100000000)
  eden space 565760K, 0% used [0x00000000d5580000,0x00000000d5580000,0x00000000f7e00000)
  from space 4096K, 89% used [0x00000000f7e00000,0x00000000f8198020,0x00000000f8200000)
  to   space 65024K, 0% used [0x00000000fbd80000,0x00000000fbd80000,0x00000000ffd00000)
 ParOldGen       total 238592K, used 123048K [0x0000000080000000, 0x000000008e900000, 0x00000000d5580000)
  object space 238592K, 51% used [0x0000000080000000,0x000000008782a350,0x000000008e900000)
 Metaspace       used 73895K, capacity 77486K, committed 77568K, reserved 1118208K
  class space    used 8023K, capacity 8622K, committed 8704K, reserved 1048576K
}
Event: 66.572 GC heap before
{Heap before GC invocations=30 (full 4):
 PSYoungGen      total 569856K, used 569440K [0x00000000d5580000, 0x00000000ffd00000, 0x0000000100000000)
  eden space 565760K, 100% used [0x00000000d5580000,0x00000000f7e00000,0x00000000f7e00000)
  from space 4096K, 89% used [0x00000000f7e00000,0x00000000f8198020,0x00000000f8200000)
  to   space 65024K, 0% used [0x00000000fbd80000,0x00000000fbd80000,0x00000000ffd00000)
 ParOldGen       total 238592K, used 123048K [0x0000000080000000, 0x000000008e900000, 0x00000000d5580000)
  object space 238592K, 51% used [0x0000000080000000,0x000000008782a350,0x000000008e900000)
 Metaspace       used 73896K, capacity 77486K, committed 77568K, reserved 1118208K
  class space    used 8023K, capacity 8622K, committed 8704K, reserved 1048576K
Event: 66.579 GC heap after
Heap after GC invocations=30 (full 4):
 PSYoungGen      total 631808K, used 2912K [0x00000000d5580000, 0x0000000100000000, 0x0000000100000000)
  eden space 566784K, 0% used [0x00000000d5580000,0x00000000d5580000,0x00000000f7f00000)
  from space 65024K, 4% used [0x00000000fbd80000,0x00000000fc058020,0x00000000ffd00000)
  to   space 64000K, 0% used [0x00000000f7f00000,0x00000000f7f00000,0x00000000fbd80000)
 ParOldGen       total 238592K, used 123048K [0x0000000080000000, 0x000000008e900000, 0x00000000d5580000)
  object space 238592K, 51% used [0x0000000080000000,0x000000008782a350,0x000000008e900000)
 Metaspace       used 73896K, capacity 77486K, committed 77568K, reserved 1118208K
  class space    used 8023K, capacity 8622K, committed 8704K, reserved 1048576K
}
Event: 67.158 GC heap before
{Heap before GC invocations=31 (full 4):
 PSYoungGen      total 631808K, used 569696K [0x00000000d5580000, 0x0000000100000000, 0x0000000100000000)
  eden space 566784K, 100% used [0x00000000d5580000,0x00000000f7f00000,0x00000000f7f00000)
  from space 65024K, 4% used [0x00000000fbd80000,0x00000000fc058020,0x00000000ffd00000)
  to   space 64000K, 0% used [0x00000000f7f00000,0x00000000f7f00000,0x00000000fbd80000)
 ParOldGen       total 238592K, used 123048K [0x0000000080000000, 0x000000008e900000, 0x00000000d5580000)
  object space 238592K, 51% used [0x0000000080000000,0x000000008782a350,0x000000008e900000)
 Metaspace       used 73898K, capacity 77550K, committed 77824K, reserved 1118208K
  class space    used 8023K, capacity 8622K, committed 8704K, reserved 1048576K
Event: 67.166 GC heap after
Heap after GC invocations=31 (full 4):
 PSYoungGen      total 630784K, used 2912K [0x00000000d5580000, 0x00000000ffc00000, 0x0000000100000000)
  eden space 566784K, 0% used [0x00000000d5580000,0x00000000d5580000,0x00000000f7f00000)
  from space 64000K, 4% used [0x00000000f7f00000,0x00000000f81d8020,0x00000000fbd80000)
  to   space 62464K, 0% used [0x00000000fbf00000,0x00000000fbf00000,0x00000000ffc00000)
 ParOldGen       total 238592K, used 123048K [0x0000000080000000, 0x000000008e900000, 0x00000000d5580000)
  object space 238592K, 51% used [0x0000000080000000,0x000000008782a350,0x000000008e900000)
 Metaspace       used 73898K, capacity 77550K, committed 77824K, reserved 1118208K
  class space    used 8023K, capacity 8622K, committed 8704K, reserved 1048576K
}
Event: 67.758 GC heap before
{Heap before GC invocations=32 (full 4):
 PSYoungGen      total 630784K, used 569696K [0x00000000d5580000, 0x00000000ffc00000, 0x0000000100000000)
  eden space 566784K, 100% used [0x00000000d5580000,0x00000000f7f00000,0x00000000f7f00000)
  from space 64000K, 4% used [0x00000000f7f00000,0x00000000f81d8020,0x00000000fbd80000)
  to   space 62464K, 0% used [0x00000000fbf00000,0x00000000fbf00000,0x00000000ffc00000)
 ParOldGen       total 238592K, used 123048K [0x0000000080000000, 0x000000008e900000, 0x00000000d5580000)
  object space 238592K, 51% used [0x0000000080000000,0x000000008782a350,0x000000008e900000)
 Metaspace       used 73907K, capacity 77550K, committed 77824K, reserved 1118208K
  class space    used 8023K, capacity 8622K, committed 8704K, reserved 1048576K
Event: 67.765 GC heap after
Heap after GC invocations=32 (full 4):
 PSYoungGen      total 632832K, used 2912K [0x00000000d5580000, 0x00000000ffa80000, 0x0000000100000000)
  eden space 571904K, 0% used [0x00000000d5580000,0x00000000d5580000,0x00000000f8400000)
  from space 60928K, 4% used [0x00000000fbf00000,0x00000000fc1d8020,0x00000000ffa80000)
  to   space 60416K, 0% used [0x00000000f8400000,0x00000000f8400000,0x00000000fbf00000)
 ParOldGen       total 238592K, used 123048K [0x0000000080000000, 0x000000008e900000, 0x00000000d5580000)
  object space 238592K, 51% used [0x0000000080000000,0x000000008782a350,0x000000008e900000)
 Metaspace       used 73907K, capacity 77550K, committed 77824K, reserved 1118208K
  class space    used 8023K, capacity 8622K, committed 8704K, reserved 1048576K
}
Event: 68.356 GC heap before
{Heap before GC invocations=33 (full 4):
 PSYoungGen      total 632832K, used 574816K [0x00000000d5580000, 0x00000000ffa80000, 0x0000000100000000)
  eden space 571904K, 100% used [0x00000000d5580000,0x00000000f8400000,0x00000000f8400000)
  from space 60928K, 4% used [0x00000000fbf00000,0x00000000fc1d8020,0x00000000ffa80000)
  to   space 60416K, 0% used [0x00000000f8400000,0x00000000f8400000,0x00000000fbf00000)
 ParOldGen       total 238592K, used 123048K [0x0000000080000000, 0x000000008e900000, 0x00000000d5580000)
  object space 238592K, 51% used [0x0000000080000000,0x000000008782a350,0x000000008e900000)
 Metaspace       used 73912K, capacity 77550K, committed 77824K, reserved 1118208K
  class space    used 8023K, capacity 8622K, committed 8704K, reserved 1048576K
Event: 68.363 GC heap after
Heap after GC invocations=33 (full 4):
 PSYoungGen      total 632320K, used 3328K [0x00000000d5580000, 0x00000000ffa80000, 0x0000000100000000)
  eden space 571904K, 0% used [0x00000000d5580000,0x00000000d5580000,0x00000000f8400000)
  from space 60416K, 5% used [0x00000000f8400000,0x00000000f8740020,0x00000000fbf00000)
  to   space 57856K, 0% used [0x00000000fc200000,0x00000000fc200000,0x00000000ffa80000)
 ParOldGen       total 238592K, used 123048K [0x0000000080000000, 0x000000008e900000, 0x00000000d5580000)
  object space 238592K, 51% used [0x0000000080000000,0x000000008782a350,0x000000008e900000)
 Metaspace       used 73912K, capacity 77550K, committed 77824K, reserved 1118208K
  class space    used 8023K, capacity 8622K, committed 8704K, reserved 1048576K
}
Event: 68.963 GC heap before
{Heap before GC invocations=34 (full 4):
 PSYoungGen      total 632320K, used 575232K [0x00000000d5580000, 0x00000000ffa80000, 0x0000000100000000)
  eden space 571904K, 100% used [0x00000000d5580000,0x00000000f8400000,0x00000000f8400000)
  from space 60416K, 5% used [0x00000000f8400000,0x00000000f8740020,0x00000000fbf00000)
  to   space 57856K, 0% used [0x00000000fc200000,0x00000000fc200000,0x00000000ffa80000)
 ParOldGen       total 238592K, used 123048K [0x0000000080000000, 0x000000008e900000, 0x00000000d5580000)
  object space 238592K, 51% used [0x0000000080000000,0x000000008782a350,0x000000008e900000)
 Metaspace       used 73940K, capacity 77550K, committed 77824K, reserved 1118208K
  class space    used 8023K, capacity 8622K, committed 8704K, reserved 1048576K
Event: 68.973 GC heap after
Heap after GC invocations=34 (full 4):
 PSYoungGen      total 636416K, used 3328K [0x00000000d5580000, 0x00000000ff980000, 0x0000000100000000)
  eden space 579584K, 0% used [0x00000000d5580000,0x00000000d5580000,0x00000000f8b80000)
  from space 56832K, 5% used [0x00000000fc200000,0x00000000fc540020,0x00000000ff980000)
  to   space 55808K, 0% used [0x00000000f8b80000,0x00000000f8b80000,0x00000000fc200000)
 ParOldGen       total 238592K, used 123048K [0x0000000080000000, 0x000000008e900000, 0x00000000d5580000)
  object space 238592K, 51% used [0x0000000080000000,0x000000008782a350,0x000000008e900000)
 Metaspace       used 73940K, capacity 77550K, committed 77824K, reserved 1118208K
  class space    used 8023K, capacity 8622K, committed 8704K, reserved 1048576K
}
Event: 69.780 GC heap before
{Heap before GC invocations=35 (full 4):
 PSYoungGen      total 636416K, used 582912K [0x00000000d5580000, 0x00000000ff980000, 0x0000000100000000)
  eden space 579584K, 100% used [0x00000000d5580000,0x00000000f8b80000,0x00000000f8b80000)
  from space 56832K, 5% used [0x00000000fc200000,0x00000000fc540020,0x00000000ff980000)
  to   space 55808K, 0% used [0x00000000f8b80000,0x00000000f8b80000,0x00000000fc200000)
 ParOldGen       total 238592K, used 123048K [0x0000000080000000, 0x000000008e900000, 0x00000000d5580000)
  object space 238592K, 51% used [0x0000000080000000,0x000000008782a350,0x000000008e900000)
 Metaspace       used 74026K, capacity 77614K, committed 77824K, reserved 1118208K
  class space    used 8023K, capacity 8622K, committed 8704K, reserved 1048576K
Event: 69.787 GC heap after
Heap after GC invocations=35 (full 4):
 PSYoungGen      total 635392K, used 2464K [0x00000000d5580000, 0x00000000ffa00000, 0x0000000100000000)
  eden space 579584K, 0% used [0x00000000d5580000,0x00000000d5580000,0x00000000f8b80000)
  from space 55808K, 4% used [0x00000000f8b80000,0x00000000f8de8010,0x00000000fc200000)
  to   space 53248K, 0% used [0x00000000fc600000,0x00000000fc600000,0x00000000ffa00000)
 ParOldGen       total 238592K, used 123056K [0x0000000080000000, 0x000000008e900000, 0x00000000d5580000)
  object space 238592K, 51% used [0x0000000080000000,0x000000008782c350,0x000000008e900000)
 Metaspace       used 74026K, capacity 77614K, committed 77824K, reserved 1118208K
  class space    used 8023K, capacity 8622K, committed 8704K, reserved 1048576K
}
Event: 70.548 GC heap before
{Heap before GC invocations=36 (full 4):
 PSYoungGen      total 635392K, used 582048K [0x00000000d5580000, 0x00000000ffa00000, 0x0000000100000000)
  eden space 579584K, 100% used [0x00000000d5580000,0x00000000f8b80000,0x00000000f8b80000)
  from space 55808K, 4% used [0x00000000f8b80000,0x00000000f8de8010,0x00000000fc200000)
  to   space 53248K, 0% used [0x00000000fc600000,0x00000000fc600000,0x00000000ffa00000)
 ParOldGen       total 238592K, used 123056K [0x0000000080000000, 0x000000008e900000, 0x00000000d5580000)
  object space 238592K, 51% used [0x0000000080000000,0x000000008782c350,0x000000008e900000)
 Metaspace       used 74029K, capacity 77614K, committed 77824K, reserved 1118208K
  class space    used 8023K, capacity 8622K, committed 8704K, reserved 1048576K
Event: 70.556 GC heap after
Heap after GC invocations=36 (full 4):
 PSYoungGen      total 641024K, used 2432K [0x00000000d5580000, 0x00000000ff980000, 0x0000000100000000)
  eden space 588288K, 0% used [0x00000000d5580000,0x00000000d5580000,0x00000000f9400000)
  from space 52736K, 4% used [0x00000000fc600000,0x00000000fc860010,0x00000000ff980000)
  to   space 51200K, 0% used [0x00000000f9400000,0x00000000f9400000,0x00000000fc600000)
 ParOldGen       total 238592K, used 123056K [0x0000000080000000, 0x000000008e900000, 0x00000000d5580000)
  object space 238592K, 51% used [0x0000000080000000,0x000000008782c350,0x000000008e900000)
 Metaspace       used 74029K, capacity 77614K, committed 77824K, reserved 1118208K
  class space    used 8023K, capacity 8622K, committed 8704K, reserved 1048576K
}
Event: 71.712 GC heap before
{Heap before GC invocations=37 (full 4):
 PSYoungGen      total 641024K, used 590720K [0x00000000d5580000, 0x00000000ff980000, 0x0000000100000000)
  eden space 588288K, 100% used [0x00000000d5580000,0x00000000f9400000,0x00000000f9400000)
  from space 52736K, 4% used [0x00000000fc600000,0x00000000fc860010,0x00000000ff980000)
  to   space 51200K, 0% used [0x00000000f9400000,0x00000000f9400000,0x00000000fc600000)
 ParOldGen       total 238592K, used 123056K [0x0000000080000000, 0x000000008e900000, 0x00000000d5580000)
  object space 238592K, 51% used [0x0000000080000000,0x000000008782c350,0x000000008e900000)
 Metaspace       used 74033K, capacity 77614K, committed 77824K, reserved 1118208K
  class space    used 8023K, capacity 8622K, committed 8704K, reserved 1048576K
Event: 71.718 GC heap after
Heap after GC invocations=37 (full 4):
 PSYoungGen      total 639488K, used 2464K [0x00000000d5580000, 0x00000000ff980000, 0x0000000100000000)
  eden space 588288K, 0% used [0x00000000d5580000,0x00000000d5580000,0x00000000f9400000)
  from space 51200K, 4% used [0x00000000f9400000,0x00000000f9668010,0x00000000fc600000)
  to   space 48640K, 0% used [0x00000000fca00000,0x00000000fca00000,0x00000000ff980000)
 ParOldGen       total 238592K, used 123056K [0x0000000080000000, 0x000000008e900000, 0x00000000d5580000)
  object space 238592K, 51% used [0x0000000080000000,0x000000008782c350,0x000000008e900000)
 Metaspace       used 74033K, capacity 77614K, committed 77824K, reserved 1118208K
  class space    used 8023K, capacity 8622K, committed 8704K, reserved 1048576K
}
Event: 72.904 GC heap before
{Heap before GC invocations=38 (full 4):
 PSYoungGen      total 639488K, used 590752K [0x00000000d5580000, 0x00000000ff980000, 0x0000000100000000)
  eden space 588288K, 100% used [0x00000000d5580000,0x00000000f9400000,0x00000000f9400000)
  from space 51200K, 4% used [0x00000000f9400000,0x00000000f9668010,0x00000000fc600000)
  to   space 48640K, 0% used [0x00000000fca00000,0x00000000fca00000,0x00000000ff980000)
 ParOldGen       total 238592K, used 123056K [0x0000000080000000, 0x000000008e900000, 0x00000000d5580000)
  object space 238592K, 51% used [0x0000000080000000,0x000000008782c350,0x000000008e900000)
 Metaspace       used 74041K, capacity 77614K, committed 77824K, reserved 1118208K
  class space    used 8023K, capacity 8622K, committed 8704K, reserved 1048576K
Event: 72.912 GC heap after
Heap after GC invocations=38 (full 4):
 PSYoungGen      total 645120K, used 2656K [0x00000000d5580000, 0x00000000ff880000, 0x0000000100000000)
  eden space 597504K, 0% used [0x00000000d5580000,0x00000000d5580000,0x00000000f9d00000)
  from space 47616K, 5% used [0x00000000fca00000,0x00000000fcc98010,0x00000000ff880000)
  to   space 46080K, 0% used [0x00000000f9d00000,0x00000000f9d00000,0x00000000fca00000)
 ParOldGen       total 238592K, used 123056K [0x0000000080000000, 0x000000008e900000, 0x00000000d5580000)
  object space 238592K, 51% used [0x0000000080000000,0x000000008782c350,0x000000008e900000)
 Metaspace       used 74041K, capacity 77614K, committed 77824K, reserved 1118208K
  class space    used 8023K, capacity 8622K, committed 8704K, reserved 1048576K
}
Event: 74.054 GC heap before
{Heap before GC invocations=39 (full 4):
 PSYoungGen      total 645120K, used 600160K [0x00000000d5580000, 0x00000000ff880000, 0x0000000100000000)
  eden space 597504K, 100% used [0x00000000d5580000,0x00000000f9d00000,0x00000000f9d00000)
  from space 47616K, 5% used [0x00000000fca00000,0x00000000fcc98010,0x00000000ff880000)
  to   space 46080K, 0% used [0x00000000f9d00000,0x00000000f9d00000,0x00000000fca00000)
 ParOldGen       total 238592K, used 123056K [0x0000000080000000, 0x000000008e900000, 0x00000000d5580000)
  object space 238592K, 51% used [0x0000000080000000,0x000000008782c350,0x000000008e900000)
 Metaspace       used 74044K, capacity 77622K, committed 77824K, reserved 1118208K
  class space    used 8023K, capacity 8622K, committed 8704K, reserved 1048576K
Event: 74.061 GC heap after
Heap after GC invocations=39 (full 4):
 PSYoungGen      total 643584K, used 2656K [0x00000000d5580000, 0x00000000ffa80000, 0x0000000100000000)
  eden space 597504K, 0% used [0x00000000d5580000,0x00000000d5580000,0x00000000f9d00000)
  from space 46080K, 5% used [0x00000000f9d00000,0x00000000f9f98010,0x00000000fca00000)
  to   space 44032K, 0% used [0x00000000fcf80000,0x00000000fcf80000,0x00000000ffa80000)
 ParOldGen       total 238592K, used 123056K [0x0000000080000000, 0x000000008e900000, 0x00000000d5580000)
  object space 238592K, 51% used [0x0000000080000000,0x000000008782c350,0x000000008e900000)
 Metaspace       used 74044K, capacity 77622K, committed 77824K, reserved 1118208K
  class space    used 8023K, capacity 8622K, committed 8704K, reserved 1048576K
}
Event: 89.294 GC heap before
{Heap before GC invocations=40 (full 4):
 PSYoungGen      total 643584K, used 600160K [0x00000000d5580000, 0x00000000ffa80000, 0x0000000100000000)
  eden space 597504K, 100% used [0x00000000d5580000,0x00000000f9d00000,0x00000000f9d00000)
  from space 46080K, 5% used [0x00000000f9d00000,0x00000000f9f98010,0x00000000fca00000)
  to   space 44032K, 0% used [0x00000000fcf80000,0x00000000fcf80000,0x00000000ffa80000)
 ParOldGen       total 238592K, used 123056K [0x0000000080000000, 0x000000008e900000, 0x00000000d5580000)
  object space 238592K, 51% used [0x0000000080000000,0x000000008782c350,0x000000008e900000)
 Metaspace       used 74841K, capacity 78572K, committed 78592K, reserved 1120256K
  class space    used 8062K, capacity 8701K, committed 8704K, reserved 1048576K
Event: 89.346 GC heap after
Heap after GC invocations=40 (full 4):
 PSYoungGen      total 645632K, used 28759K [0x00000000d5580000, 0x0000000100000000, 0x0000000100000000)
  eden space 601600K, 0% used [0x00000000d5580000,0x00000000d5580000,0x00000000fa100000)
  from space 44032K, 65% used [0x00000000fcf80000,0x00000000feb95e48,0x00000000ffa80000)
  to   space 47616K, 0% used [0x00000000fa100000,0x00000000fa100000,0x00000000fcf80000)
 ParOldGen       total 238592K, used 123064K [0x0000000080000000, 0x000000008e900000, 0x00000000d5580000)
  object space 238592K, 51% used [0x0000000080000000,0x000000008782e350,0x000000008e900000)
 Metaspace       used 74841K, capacity 78572K, committed 78592K, reserved 1120256K
  class space    used 8062K, capacity 8701K, committed 8704K, reserved 1048576K
}
Event: 107.350 GC heap before
{Heap before GC invocations=41 (full 4):
 PSYoungGen      total 645632K, used 630359K [0x00000000d5580000, 0x0000000100000000, 0x0000000100000000)
  eden space 601600K, 100% used [0x00000000d5580000,0x00000000fa100000,0x00000000fa100000)
  from space 44032K, 65% used [0x00000000fcf80000,0x00000000feb95e48,0x00000000ffa80000)
  to   space 47616K, 0% used [0x00000000fa100000,0x00000000fa100000,0x00000000fcf80000)
 ParOldGen       total 238592K, used 123064K [0x0000000080000000, 0x000000008e900000, 0x00000000d5580000)
  object space 238592K, 51% used [0x0000000080000000,0x000000008782e350,0x000000008e900000)
 Metaspace       used 75426K, capacity 79292K, committed 79488K, reserved 1120256K
  class space    used 8110K, capacity 8765K, committed 8832K, reserved 1048576K
Event: 107.474 GC heap after
Heap after GC invocations=41 (full 4):
 PSYoungGen      total 649216K, used 47584K [0x00000000d5580000, 0x0000000100000000, 0x0000000100000000)
  eden space 601600K, 0% used [0x00000000d5580000,0x00000000d5580000,0x00000000fa100000)
  from space 47616K, 99% used [0x00000000fa100000,0x00000000fcf78390,0x00000000fcf80000)
  to   space 49664K, 0% used [0x00000000fcf80000,0x00000000fcf80000,0x0000000100000000)
 ParOldGen       total 238592K, used 212154K [0x0000000080000000, 0x000000008e900000, 0x00000000d5580000)
  object space 238592K, 88% used [0x0000000080000000,0x000000008cf2eb48,0x000000008e900000)
 Metaspace       used 75426K, capacity 79292K, committed 79488K, reserved 1120256K
  class space    used 8110K, capacity 8765K, committed 8832K, reserved 1048576K
}
Event: 107.474 GC heap before
{Heap before GC invocations=42 (full 5):
 PSYoungGen      total 649216K, used 47584K [0x00000000d5580000, 0x0000000100000000, 0x0000000100000000)
  eden space 601600K, 0% used [0x00000000d5580000,0x00000000d5580000,0x00000000fa100000)
  from space 47616K, 99% used [0x00000000fa100000,0x00000000fcf78390,0x00000000fcf80000)
  to   space 49664K, 0% used [0x00000000fcf80000,0x00000000fcf80000,0x0000000100000000)
 ParOldGen       total 238592K, used 212154K [0x0000000080000000, 0x000000008e900000, 0x00000000d5580000)
  object space 238592K, 88% used [0x0000000080000000,0x000000008cf2eb48,0x000000008e900000)
 Metaspace       used 75426K, capacity 79292K, committed 79488K, reserved 1120256K
  class space    used 8110K, capacity 8765K, committed 8832K, reserved 1048576K
Event: 107.731 GC heap after
Heap after GC invocations=42 (full 5):
 PSYoungGen      total 649216K, used 0K [0x00000000d5580000, 0x0000000100000000, 0x0000000100000000)
  eden space 601600K, 0% used [0x00000000d5580000,0x00000000d5580000,0x00000000fa100000)
  from space 47616K, 0% used [0x00000000fa100000,0x00000000fa100000,0x00000000fcf80000)
  to   space 49664K, 0% used [0x00000000fcf80000,0x00000000fcf80000,0x0000000100000000)
 ParOldGen       total 367616K, used 157587K [0x0000000080000000, 0x0000000096700000, 0x00000000d5580000)
  object space 367616K, 42% used [0x0000000080000000,0x00000000899e4ec8,0x0000000096700000)
 Metaspace       used 75426K, capacity 79292K, committed 79488K, reserved 1120256K
  class space    used 8110K, capacity 8765K, committed 8832K, reserved 1048576K
}
Event: 109.019 GC heap before
{Heap before GC invocations=43 (full 5):
 PSYoungGen      total 649216K, used 601600K [0x00000000d5580000, 0x0000000100000000, 0x0000000100000000)
  eden space 601600K, 100% used [0x00000000d5580000,0x00000000fa100000,0x00000000fa100000)
  from space 47616K, 0% used [0x00000000fa100000,0x00000000fa100000,0x00000000fcf80000)
  to   space 49664K, 0% used [0x00000000fcf80000,0x00000000fcf80000,0x0000000100000000)
 ParOldGen       total 367616K, used 157587K [0x0000000080000000, 0x0000000096700000, 0x00000000d5580000)
  object space 367616K, 42% used [0x0000000080000000,0x00000000899e4ec8,0x0000000096700000)
 Metaspace       used 75447K, capacity 79292K, committed 79488K, reserved 1120256K
  class space    used 8110K, capacity 8765K, committed 8832K, reserved 1048576K
Event: 109.027 GC heap after
Heap after GC invocations=43 (full 5):
 PSYoungGen      total 574464K, used 5888K [0x00000000d5580000, 0x0000000100000000, 0x0000000100000000)
  eden space 524800K, 0% used [0x00000000d5580000,0x00000000d5580000,0x00000000f5600000)
  from space 49664K, 11% used [0x00000000fcf80000,0x00000000fd540000,0x0000000100000000)
  to   space 87040K, 0% used [0x00000000f5600000,0x00000000f5600000,0x00000000fab00000)
 ParOldGen       total 367616K, used 157595K [0x0000000080000000, 0x0000000096700000, 0x00000000d5580000)
  object space 367616K, 42% used [0x0000000080000000,0x00000000899e6ec8,0x0000000096700000)
 Metaspace       used 75447K, capacity 79292K, committed 79488K, reserved 1120256K
  class space    used 8110K, capacity 8765K, committed 8832K, reserved 1048576K
}
Event: 109.521 GC heap before
{Heap before GC invocations=44 (full 5):
 PSYoungGen      total 574464K, used 530688K [0x00000000d5580000, 0x0000000100000000, 0x0000000100000000)
  eden space 524800K, 100% used [0x00000000d5580000,0x00000000f5600000,0x00000000f5600000)
  from space 49664K, 11% used [0x00000000fcf80000,0x00000000fd540000,0x0000000100000000)
  to   space 87040K, 0% used [0x00000000f5600000,0x00000000f5600000,0x00000000fab00000)
 ParOldGen       total 367616K, used 157595K [0x0000000080000000, 0x0000000096700000, 0x00000000d5580000)
  object space 367616K, 42% used [0x0000000080000000,0x00000000899e6ec8,0x0000000096700000)
 Metaspace       used 75452K, capacity 79292K, committed 79488K, reserved 1120256K
  class space    used 8110K, capacity 8765K, committed 8832K, reserved 1048576K
Event: 109.527 GC heap after
Heap after GC invocations=44 (full 5):
 PSYoungGen      total 611840K, used 2144K [0x00000000d5580000, 0x0000000100000000, 0x0000000100000000)
  eden space 524800K, 0% used [0x00000000d5580000,0x00000000d5580000,0x00000000f5600000)
  from space 87040K, 2% used [0x00000000f5600000,0x00000000f5818000,0x00000000fab00000)
  to   space 83968K, 0% used [0x00000000fae00000,0x00000000fae00000,0x0000000100000000)
 ParOldGen       total 367616K, used 157595K [0x0000000080000000, 0x0000000096700000, 0x00000000d5580000)
  object space 367616K, 42% used [0x0000000080000000,0x00000000899e6ec8,0x0000000096700000)
 Metaspace       used 75452K, capacity 79292K, committed 79488K, reserved 1120256K
  class space    used 8110K, capacity 8765K, committed 8832K, reserved 1048576K
}
Event: 110.026 GC heap before
{Heap before GC invocations=45 (full 5):
 PSYoungGen      total 611840K, used 526944K [0x00000000d5580000, 0x0000000100000000, 0x0000000100000000)
  eden space 524800K, 100% used [0x00000000d5580000,0x00000000f5600000,0x00000000f5600000)
  from space 87040K, 2% used [0x00000000f5600000,0x00000000f5818000,0x00000000fab00000)
  to   space 83968K, 0% used [0x00000000fae00000,0x00000000fae00000,0x0000000100000000)
 ParOldGen       total 367616K, used 157595K [0x0000000080000000, 0x0000000096700000, 0x00000000d5580000)
  object space 367616K, 42% used [0x0000000080000000,0x00000000899e6ec8,0x0000000096700000)
 Metaspace       used 75473K, capacity 79356K, committed 79488K, reserved 1120256K
  class space    used 8110K, capacity 8765K, committed 8832K, reserved 1048576K
Event: 110.031 GC heap after
Heap after GC invocations=45 (full 5):
 PSYoungGen      total 601600K, used 2144K [0x00000000d5580000, 0x00000000ff600000, 0x0000000100000000)
  eden space 527872K, 0% used [0x00000000d5580000,0x00000000d5580000,0x00000000f5900000)
  from space 73728K, 2% used [0x00000000fae00000,0x00000000fb018000,0x00000000ff600000)
  to   space 80384K, 0% used [0x00000000f5900000,0x00000000f5900000,0x00000000fa780000)
 ParOldGen       total 367616K, used 157595K [0x0000000080000000, 0x0000000096700000, 0x00000000d5580000)
  object space 367616K, 42% used [0x0000000080000000,0x00000000899e6ec8,0x0000000096700000)
 Metaspace       used 75473K, capacity 79356K, committed 79488K, reserved 1120256K
  class space    used 8110K, capacity 8765K, committed 8832K, reserved 1048576K
}
Event: 110.530 GC heap before
{Heap before GC invocations=46 (full 5):
 PSYoungGen      total 601600K, used 530016K [0x00000000d5580000, 0x00000000ff600000, 0x0000000100000000)
  eden space 527872K, 100% used [0x00000000d5580000,0x00000000f5900000,0x00000000f5900000)
  from space 73728K, 2% used [0x00000000fae00000,0x00000000fb018000,0x00000000ff600000)
  to   space 80384K, 0% used [0x00000000f5900000,0x00000000f5900000,0x00000000fa780000)
 ParOldGen       total 367616K, used 157595K [0x0000000080000000, 0x0000000096700000, 0x00000000d5580000)
  object space 367616K, 42% used [0x0000000080000000,0x00000000899e6ec8,0x0000000096700000)
 Metaspace       used 75475K, capacity 79356K, committed 79488K, reserved 1120256K
  class space    used 8110K, capacity 8765K, committed 8832K, reserved 1048576K
Event: 110.536 GC heap after
Heap after GC invocations=46 (full 5):
 PSYoungGen      total 608256K, used 2176K [0x00000000d5580000, 0x00000000fff80000, 0x0000000100000000)
  eden space 527872K, 0% used [0x00000000d5580000,0x00000000d5580000,0x00000000f5900000)
  from space 80384K, 2% used [0x00000000f5900000,0x00000000f5b20000,0x00000000fa780000)
  to   space 76800K, 0% used [0x00000000fb480000,0x00000000fb480000,0x00000000fff80000)
 ParOldGen       total 367616K, used 157595K [0x0000000080000000, 0x0000000096700000, 0x00000000d5580000)
  object space 367616K, 42% used [0x0000000080000000,0x00000000899e6ec8,0x0000000096700000)
 Metaspace       used 75475K, capacity 79356K, committed 79488K, reserved 1120256K
  class space    used 8110K, capacity 8765K, committed 8832K, reserved 1048576K
}
Event: 111.032 GC heap before
{Heap before GC invocations=47 (full 5):
 PSYoungGen      total 608256K, used 530048K [0x00000000d5580000, 0x00000000fff80000, 0x0000000100000000)
  eden space 527872K, 100% used [0x00000000d5580000,0x00000000f5900000,0x00000000f5900000)
  from space 80384K, 2% used [0x00000000f5900000,0x00000000f5b20000,0x00000000fa780000)
  to   space 76800K, 0% used [0x00000000fb480000,0x00000000fb480000,0x00000000fff80000)
 ParOldGen       total 367616K, used 157595K [0x0000000080000000, 0x0000000096700000, 0x00000000d5580000)
  object space 367616K, 42% used [0x0000000080000000,0x00000000899e6ec8,0x0000000096700000)
 Metaspace       used 75477K, capacity 79360K, committed 79488K, reserved 1120256K
  class space    used 8110K, capacity 8765K, committed 8832K, reserved 1048576K
Event: 111.037 GC heap after
Heap after GC invocations=47 (full 5):
 PSYoungGen      total 608256K, used 2144K [0x00000000d5580000, 0x00000000ff580000, 0x0000000100000000)
  eden space 541696K, 0% used [0x00000000d5580000,0x00000000d5580000,0x00000000f6680000)
  from space 66560K, 3% used [0x00000000fb480000,0x00000000fb698000,0x00000000ff580000)
  to   space 73216K, 0% used [0x00000000f6680000,0x00000000f6680000,0x00000000fae00000)
 ParOldGen       total 367616K, used 157595K [0x0000000080000000, 0x0000000096700000, 0x00000000d5580000)
  object space 367616K, 42% used [0x0000000080000000,0x00000000899e6ec8,0x0000000096700000)
 Metaspace       used 75477K, capacity 79360K, committed 79488K, reserved 1120256K
  class space    used 8110K, capacity 8765K, committed 8832K, reserved 1048576K
}
Event: 111.545 GC heap before
{Heap before GC invocations=48 (full 5):
 PSYoungGen      total 608256K, used 543840K [0x00000000d5580000, 0x00000000ff580000, 0x0000000100000000)
  eden space 541696K, 100% used [0x00000000d5580000,0x00000000f6680000,0x00000000f6680000)
  from space 66560K, 3% used [0x00000000fb480000,0x00000000fb698000,0x00000000ff580000)
  to   space 73216K, 0% used [0x00000000f6680000,0x00000000f6680000,0x00000000fae00000)
 ParOldGen       total 367616K, used 157595K [0x0000000080000000, 0x0000000096700000, 0x00000000d5580000)
  object space 367616K, 42% used [0x0000000080000000,0x00000000899e6ec8,0x0000000096700000)
 Metaspace       used 75481K, capacity 79360K, committed 79488K, reserved 1120256K
  class space    used 8110K, capacity 8765K, committed 8832K, reserved 1048576K
Event: 111.550 GC heap after
Heap after GC invocations=48 (full 5):
 PSYoungGen      total 614912K, used 2160K [0x00000000d5580000, 0x00000000fff80000, 0x0000000100000000)
  eden space 541696K, 0% used [0x00000000d5580000,0x00000000d5580000,0x00000000f6680000)
  from space 73216K, 2% used [0x00000000f6680000,0x00000000f689c010,0x00000000fae00000)
  to   space 69632K, 0% used [0x00000000fbb80000,0x00000000fbb80000,0x00000000fff80000)
 ParOldGen       total 367616K, used 157595K [0x0000000080000000, 0x0000000096700000, 0x00000000d5580000)
  object space 367616K, 42% used [0x0000000080000000,0x00000000899e6ec8,0x0000000096700000)
 Metaspace       used 75481K, capacity 79360K, committed 79488K, reserved 1120256K
  class space    used 8110K, capacity 8765K, committed 8832K, reserved 1048576K
}
Event: 112.193 GC heap before
{Heap before GC invocations=49 (full 5):
 PSYoungGen      total 614912K, used 543856K [0x00000000d5580000, 0x00000000fff80000, 0x0000000100000000)
  eden space 541696K, 100% used [0x00000000d5580000,0x00000000f6680000,0x00000000f6680000)
  from space 73216K, 2% used [0x00000000f6680000,0x00000000f689c010,0x00000000fae00000)
  to   space 69632K, 0% used [0x00000000fbb80000,0x00000000fbb80000,0x00000000fff80000)
 ParOldGen       total 367616K, used 157595K [0x0000000080000000, 0x0000000096700000, 0x00000000d5580000)
  object space 367616K, 42% used [0x0000000080000000,0x00000000899e6ec8,0x0000000096700000)
 Metaspace       used 75565K, capacity 79424K, committed 79744K, reserved 1120256K
  class space    used 8119K, capacity 8765K, committed 8832K, reserved 1048576K
Event: 112.200 GC heap after
Heap after GC invocations=49 (full 5):
 PSYoungGen      total 615424K, used 1232K [0x00000000d5580000, 0x00000000ff580000, 0x0000000100000000)
  eden space 556032K, 0% used [0x00000000d5580000,0x00000000d5580000,0x00000000f7480000)
  from space 59392K, 2% used [0x00000000fbb80000,0x00000000fbcb4010,0x00000000ff580000)
  to   space 66048K, 0% used [0x00000000f7480000,0x00000000f7480000,0x00000000fb500000)
 ParOldGen       total 367616K, used 157595K [0x0000000080000000, 0x0000000096700000, 0x00000000d5580000)
  object space 367616K, 42% used [0x0000000080000000,0x00000000899e6ec8,0x0000000096700000)
 Metaspace       used 75565K, capacity 79424K, committed 79744K, reserved 1120256K
  class space    used 8119K, capacity 8765K, committed 8832K, reserved 1048576K
}
Event: 112.716 GC heap before
{Heap before GC invocations=50 (full 5):
 PSYoungGen      total 615424K, used 557264K [0x00000000d5580000, 0x00000000ff580000, 0x0000000100000000)
  eden space 556032K, 100% used [0x00000000d5580000,0x00000000f7480000,0x00000000f7480000)
  from space 59392K, 2% used [0x00000000fbb80000,0x00000000fbcb4010,0x00000000ff580000)
  to   space 66048K, 0% used [0x00000000f7480000,0x00000000f7480000,0x00000000fb500000)
 ParOldGen       total 367616K, used 157595K [0x0000000080000000, 0x0000000096700000, 0x00000000d5580000)
  object space 367616K, 42% used [0x0000000080000000,0x00000000899e6ec8,0x0000000096700000)
 Metaspace       used 75567K, capacity 79424K, committed 79744K, reserved 1120256K
  class space    used 8119K, capacity 8765K, committed 8832K, reserved 1048576K
Event: 112.721 GC heap after
Heap after GC invocations=50 (full 5):
 PSYoungGen      total 622080K, used 1264K [0x00000000d5580000, 0x0000000100000000, 0x0000000100000000)
  eden space 556032K, 0% used [0x00000000d5580000,0x00000000d5580000,0x00000000f7480000)
  from space 66048K, 1% used [0x00000000f7480000,0x00000000f75bc010,0x00000000fb500000)
  to   space 62976K, 0% used [0x00000000fc280000,0x00000000fc280000,0x0000000100000000)
 ParOldGen       total 367616K, used 157595K [0x0000000080000000, 0x0000000096700000, 0x00000000d5580000)
  object space 367616K, 42% used [0x0000000080000000,0x00000000899e6ec8,0x0000000096700000)
 Metaspace       used 75567K, capacity 79424K, committed 79744K, reserved 1120256K
  class space    used 8119K, capacity 8765K, committed 8832K, reserved 1048576K
}
Event: 113.240 GC heap before
{Heap before GC invocations=51 (full 5):
 PSYoungGen      total 622080K, used 557295K [0x00000000d5580000, 0x0000000100000000, 0x0000000100000000)
  eden space 556032K, 99% used [0x00000000d5580000,0x00000000f747ffb0,0x00000000f7480000)
  from space 66048K, 1% used [0x00000000f7480000,0x00000000f75bc010,0x00000000fb500000)
  to   space 62976K, 0% used [0x00000000fc280000,0x00000000fc280000,0x0000000100000000)
 ParOldGen       total 367616K, used 157595K [0x0000000080000000, 0x0000000096700000, 0x00000000d5580000)
  object space 367616K, 42% used [0x0000000080000000,0x00000000899e6ec8,0x0000000096700000)
 Metaspace       used 75571K, capacity 79424K, committed 79744K, reserved 1120256K
  class space    used 8119K, capacity 8765K, committed 8832K, reserved 1048576K
Event: 113.247 GC heap after
Heap after GC invocations=51 (full 5):
 PSYoungGen      total 622592K, used 1536K [0x00000000d5580000, 0x00000000ff600000, 0x0000000100000000)
  eden space 569856K, 0% used [0x00000000d5580000,0x00000000d5580000,0x00000000f8200000)
  from space 52736K, 2% used [0x00000000fc280000,0x00000000fc400000,0x00000000ff600000)
  to   space 59392K, 0% used [0x00000000f8200000,0x00000000f8200000,0x00000000fbc00000)
 ParOldGen       total 367616K, used 157595K [0x0000000080000000, 0x0000000096700000, 0x00000000d5580000)
  object space 367616K, 42% used [0x0000000080000000,0x00000000899e6ec8,0x0000000096700000)
 Metaspace       used 75571K, capacity 79424K, committed 79744K, reserved 1120256K
  class space    used 8119K, capacity 8765K, committed 8832K, reserved 1048576K
}
Event: 113.825 GC heap before
{Heap before GC invocations=52 (full 5):
 PSYoungGen      total 622592K, used 571392K [0x00000000d5580000, 0x00000000ff600000, 0x0000000100000000)
  eden space 569856K, 100% used [0x00000000d5580000,0x00000000f8200000,0x00000000f8200000)
  from space 52736K, 2% used [0x00000000fc280000,0x00000000fc400000,0x00000000ff600000)
  to   space 59392K, 0% used [0x00000000f8200000,0x00000000f8200000,0x00000000fbc00000)
 ParOldGen       total 367616K, used 157595K [0x0000000080000000, 0x0000000096700000, 0x00000000d5580000)
  object space 367616K, 42% used [0x0000000080000000,0x00000000899e6ec8,0x0000000096700000)
 Metaspace       used 75577K, capacity 79424K, committed 79744K, reserved 1120256K
  class space    used 8119K, capacity 8765K, committed 8832K, reserved 1048576K
Event: 113.831 GC heap after
Heap after GC invocations=52 (full 5):
 PSYoungGen      total 629248K, used 2544K [0x00000000d5580000, 0x00000000fff80000, 0x0000000100000000)
  eden space 569856K, 0% used [0x00000000d5580000,0x00000000d5580000,0x00000000f8200000)
  from space 59392K, 4% used [0x00000000f8200000,0x00000000f847c010,0x00000000fbc00000)
  to   space 55808K, 0% used [0x00000000fc900000,0x00000000fc900000,0x00000000fff80000)
 ParOldGen       total 367616K, used 157603K [0x0000000080000000, 0x0000000096700000, 0x00000000d5580000)
  object space 367616K, 42% used [0x0000000080000000,0x00000000899e8ec8,0x0000000096700000)
 Metaspace       used 75577K, capacity 79424K, committed 79744K, reserved 1120256K
  class space    used 8119K, capacity 8765K, committed 8832K, reserved 1048576K
}
Event: 114.406 GC heap before
{Heap before GC invocations=53 (full 5):
 PSYoungGen      total 629248K, used 572400K [0x00000000d5580000, 0x00000000fff80000, 0x0000000100000000)
  eden space 569856K, 100% used [0x00000000d5580000,0x00000000f8200000,0x00000000f8200000)
  from space 59392K, 4% used [0x00000000f8200000,0x00000000f847c010,0x00000000fbc00000)
  to   space 55808K, 0% used [0x00000000fc900000,0x00000000fc900000,0x00000000fff80000)
 ParOldGen       total 367616K, used 157603K [0x0000000080000000, 0x0000000096700000, 0x00000000d5580000)
  object space 367616K, 42% used [0x0000000080000000,0x00000000899e8ec8,0x0000000096700000)
 Metaspace       used 75578K, capacity 79424K, committed 79744K, reserved 1120256K
  class space    used 8119K, capacity 8765K, committed 8832K, reserved 1048576K
Event: 114.412 GC heap after
Heap after GC invocations=53 (full 5):
 PSYoungGen      total 630272K, used 1920K [0x00000000d5580000, 0x00000000ff680000, 0x0000000100000000)
  eden space 583680K, 0% used [0x00000000d5580000,0x00000000d5580000,0x00000000f8f80000)
  from space 46592K, 4% used [0x00000000fc900000,0x00000000fcae0020,0x00000000ff680000)
  to   space 52736K, 0% used [0x00000000f8f80000,0x00000000f8f80000,0x00000000fc300000)
 ParOldGen       total 367616K, used 157603K [0x0000000080000000, 0x0000000096700000, 0x00000000d5580000)
  object space 367616K, 42% used [0x0000000080000000,0x00000000899e8ec8,0x0000000096700000)
 Metaspace       used 75578K, capacity 79424K, committed 79744K, reserved 1120256K
  class space    used 8119K, capacity 8765K, committed 8832K, reserved 1048576K
}
Event: 115.142 GC heap before
{Heap before GC invocations=54 (full 5):
 PSYoungGen      total 630272K, used 585600K [0x00000000d5580000, 0x00000000ff680000, 0x0000000100000000)
  eden space 583680K, 100% used [0x00000000d5580000,0x00000000f8f80000,0x00000000f8f80000)
  from space 46592K, 4% used [0x00000000fc900000,0x00000000fcae0020,0x00000000ff680000)
  to   space 52736K, 0% used [0x00000000f8f80000,0x00000000f8f80000,0x00000000fc300000)
 ParOldGen       total 367616K, used 157603K [0x0000000080000000, 0x0000000096700000, 0x00000000d5580000)
  object space 367616K, 42% used [0x0000000080000000,0x00000000899e8ec8,0x0000000096700000)
 Metaspace       used 75579K, capacity 79424K, committed 79744K, reserved 1120256K
  class space    used 8119K, capacity 8765K, committed 8832K, reserved 1048576K
Event: 115.148 GC heap after
Heap after GC invocations=54 (full 5):
 PSYoungGen      total 636416K, used 2352K [0x00000000d5580000, 0x00000000fff00000, 0x0000000100000000)
  eden space 583680K, 0% used [0x00000000d5580000,0x00000000d5580000,0x00000000f8f80000)
  from space 52736K, 4% used [0x00000000f8f80000,0x00000000f91cc010,0x00000000fc300000)
  to   space 49152K, 0% used [0x00000000fcf00000,0x00000000fcf00000,0x00000000fff00000)
 ParOldGen       total 367616K, used 157603K [0x0000000080000000, 0x0000000096700000, 0x00000000d5580000)
  object space 367616K, 42% used [0x0000000080000000,0x00000000899e8ec8,0x0000000096700000)
 Metaspace       used 75579K, capacity 79424K, committed 79744K, reserved 1120256K
  class space    used 8119K, capacity 8765K, committed 8832K, reserved 1048576K
}
Event: 115.731 GC heap before
{Heap before GC invocations=55 (full 5):
 PSYoungGen      total 636416K, used 586032K [0x00000000d5580000, 0x00000000fff00000, 0x0000000100000000)
  eden space 583680K, 100% used [0x00000000d5580000,0x00000000f8f80000,0x00000000f8f80000)
  from space 52736K, 4% used [0x00000000f8f80000,0x00000000f91cc010,0x00000000fc300000)
  to   space 49152K, 0% used [0x00000000fcf00000,0x00000000fcf00000,0x00000000fff00000)
 ParOldGen       total 367616K, used 157603K [0x0000000080000000, 0x0000000096700000, 0x00000000d5580000)
  object space 367616K, 42% used [0x0000000080000000,0x00000000899e8ec8,0x0000000096700000)
 Metaspace       used 75583K, capacity 79424K, committed 79744K, reserved 1120256K
  class space    used 8119K, capacity 8765K, committed 8832K, reserved 1048576K
Event: 115.738 GC heap after
Heap after GC invocations=55 (full 5):
 PSYoungGen      total 638464K, used 1744K [0x00000000d5580000, 0x00000000ff780000, 0x0000000100000000)
  eden space 596992K, 0% used [0x00000000d5580000,0x00000000d5580000,0x00000000f9c80000)
  from space 41472K, 4% used [0x00000000fcf00000,0x00000000fd0b4010,0x00000000ff780000)
  to   space 46592K, 0% used [0x00000000f9c80000,0x00000000f9c80000,0x00000000fca00000)
 ParOldGen       total 367616K, used 157603K [0x0000000080000000, 0x0000000096700000, 0x00000000d5580000)
  object space 367616K, 42% used [0x0000000080000000,0x00000000899e8ec8,0x0000000096700000)
 Metaspace       used 75583K, capacity 79424K, committed 79744K, reserved 1120256K
  class space    used 8119K, capacity 8765K, committed 8832K, reserved 1048576K
}
Event: 116.336 GC heap before
{Heap before GC invocations=56 (full 5):
 PSYoungGen      total 638464K, used 598736K [0x00000000d5580000, 0x00000000ff780000, 0x0000000100000000)
  eden space 596992K, 100% used [0x00000000d5580000,0x00000000f9c80000,0x00000000f9c80000)
  from space 41472K, 4% used [0x00000000fcf00000,0x00000000fd0b4010,0x00000000ff780000)
  to   space 46592K, 0% used [0x00000000f9c80000,0x00000000f9c80000,0x00000000fca00000)
 ParOldGen       total 367616K, used 157603K [0x0000000080000000, 0x0000000096700000, 0x00000000d5580000)
  object space 367616K, 42% used [0x0000000080000000,0x00000000899e8ec8,0x0000000096700000)
 Metaspace       used 75583K, capacity 79424K, committed 79744K, reserved 1120256K
  class space    used 8119K, capacity 8765K, committed 8832K, reserved 1048576K
Event: 116.342 GC heap after
Heap after GC invocations=56 (full 5):
 PSYoungGen      total 643584K, used 1744K [0x00000000d5580000, 0x00000000fff00000, 0x0000000100000000)
  eden space 596992K, 0% used [0x00000000d5580000,0x00000000d5580000,0x00000000f9c80000)
  from space 46592K, 3% used [0x00000000f9c80000,0x00000000f9e34010,0x00000000fca00000)
  to   space 43520K, 0% used [0x00000000fd480000,0x00000000fd480000,0x00000000fff00000)
 ParOldGen       total 367616K, used 157603K [0x0000000080000000, 0x0000000096700000, 0x00000000d5580000)
  object space 367616K, 42% used [0x0000000080000000,0x00000000899e8ec8,0x0000000096700000)
 Metaspace       used 75583K, capacity 79424K, committed 79744K, reserved 1120256K
  class space    used 8119K, capacity 8765K, committed 8832K, reserved 1048576K
}
Event: 116.975 GC heap before
{Heap before GC invocations=57 (full 5):
 PSYoungGen      total 643584K, used 598736K [0x00000000d5580000, 0x00000000fff00000, 0x0000000100000000)
  eden space 596992K, 100% used [0x00000000d5580000,0x00000000f9c80000,0x00000000f9c80000)
  from space 46592K, 3% used [0x00000000f9c80000,0x00000000f9e34010,0x00000000fca00000)
  to   space 43520K, 0% used [0x00000000fd480000,0x00000000fd480000,0x00000000fff00000)
 ParOldGen       total 367616K, used 157603K [0x0000000080000000, 0x0000000096700000, 0x00000000d5580000)
  object space 367616K, 42% used [0x0000000080000000,0x00000000899e8ec8,0x0000000096700000)
 Metaspace       used 75598K, capacity 79424K, committed 79744K, reserved 1120256K
  class space    used 8119K, capacity 8765K, committed 8832K, reserved 1048576K
Event: 116.981 GC heap after
Heap after GC invocations=57 (full 5):
 PSYoungGen      total 645120K, used 1744K [0x00000000d5580000, 0x00000000ff800000, 0x0000000100000000)
  eden space 608768K, 0% used [0x00000000d5580000,0x00000000d5580000,0x00000000fa800000)
  from space 36352K, 4% used [0x00000000fd480000,0x00000000fd634010,0x00000000ff800000)
  to   space 40960K, 0% used [0x00000000fa800000,0x00000000fa800000,0x00000000fd000000)
 ParOldGen       total 367616K, used 157611K [0x0000000080000000, 0x0000000096700000, 0x00000000d5580000)
  object space 367616K, 42% used [0x0000000080000000,0x00000000899eaec8,0x0000000096700000)
 Metaspace       used 75598K, capacity 79424K, committed 79744K, reserved 1120256K
  class space    used 8119K, capacity 8765K, committed 8832K, reserved 1048576K
}
Event: 117.712 GC heap before
{Heap before GC invocations=58 (full 5):
 PSYoungGen      total 645120K, used 610512K [0x00000000d5580000, 0x00000000ff800000, 0x0000000100000000)
  eden space 608768K, 100% used [0x00000000d5580000,0x00000000fa800000,0x00000000fa800000)
  from space 36352K, 4% used [0x00000000fd480000,0x00000000fd634010,0x00000000ff800000)
  to   space 40960K, 0% used [0x00000000fa800000,0x00000000fa800000,0x00000000fd000000)
 ParOldGen       total 367616K, used 157611K [0x0000000080000000, 0x0000000096700000, 0x00000000d5580000)
  object space 367616K, 42% used [0x0000000080000000,0x00000000899eaec8,0x0000000096700000)
 Metaspace       used 75609K, capacity 79424K, committed 79744K, reserved 1120256K
  class space    used 8119K, capacity 8765K, committed 8832K, reserved 1048576K
Event: 117.719 GC heap after
Heap after GC invocations=58 (full 5):
 PSYoungGen      total 649728K, used 1680K [0x00000000d5580000, 0x00000000fff80000, 0x0000000100000000)
  eden space 608768K, 0% used [0x00000000d5580000,0x00000000d5580000,0x00000000fa800000)
  from space 40960K, 4% used [0x00000000fa800000,0x00000000fa9a4010,0x00000000fd000000)
  to   space 38400K, 0% used [0x00000000fda00000,0x00000000fda00000,0x00000000fff80000)
 ParOldGen       total 367616K, used 157707K [0x0000000080000000, 0x0000000096700000, 0x00000000d5580000)
  object space 367616K, 42% used [0x0000000080000000,0x0000000089a02ed8,0x0000000096700000)
 Metaspace       used 75609K, capacity 79424K, committed 79744K, reserved 1120256K
  class space    used 8119K, capacity 8765K, committed 8832K, reserved 1048576K
}
Event: 118.354 GC heap before
{Heap before GC invocations=59 (full 5):
 PSYoungGen      total 649728K, used 610448K [0x00000000d5580000, 0x00000000fff80000, 0x0000000100000000)
  eden space 608768K, 100% used [0x00000000d5580000,0x00000000fa800000,0x00000000fa800000)
  from space 40960K, 4% used [0x00000000fa800000,0x00000000fa9a4010,0x00000000fd000000)
  to   space 38400K, 0% used [0x00000000fda00000,0x00000000fda00000,0x00000000fff80000)
 ParOldGen       total 367616K, used 157707K [0x0000000080000000, 0x0000000096700000, 0x00000000d5580000)
  object space 367616K, 42% used [0x0000000080000000,0x0000000089a02ed8,0x0000000096700000)
 Metaspace       used 75609K, capacity 79424K, committed 79744K, reserved 1120256K
  class space    used 8119K, capacity 8765K, committed 8832K, reserved 1048576K
Event: 118.360 GC heap after
Heap after GC invocations=59 (full 5):
 PSYoungGen      total 650752K, used 1120K [0x00000000d5580000, 0x00000000ff880000, 0x0000000100000000)
  eden space 619520K, 0% used [0x00000000d5580000,0x00000000d5580000,0x00000000fb280000)
  from space 31232K, 3% used [0x00000000fda00000,0x00000000fdb18000,0x00000000ff880000)
  to   space 35840K, 0% used [0x00000000fb280000,0x00000000fb280000,0x00000000fd580000)
 ParOldGen       total 367616K, used 157723K [0x0000000080000000, 0x0000000096700000, 0x00000000d5580000)
  object space 367616K, 42% used [0x0000000080000000,0x0000000089a06ed8,0x0000000096700000)
 Metaspace       used 75609K, capacity 79424K, committed 79744K, reserved 1120256K
  class space    used 8119K, capacity 8765K, committed 8832K, reserved 1048576K
}
Event: 119.481 GC heap before
{Heap before GC invocations=60 (full 5):
 PSYoungGen      total 650752K, used 620640K [0x00000000d5580000, 0x00000000ff880000, 0x0000000100000000)
  eden space 619520K, 100% used [0x00000000d5580000,0x00000000fb280000,0x00000000fb280000)
  from space 31232K, 3% used [0x00000000fda00000,0x00000000fdb18000,0x00000000ff880000)
  to   space 35840K, 0% used [0x00000000fb280000,0x00000000fb280000,0x00000000fd580000)
 ParOldGen       total 367616K, used 157723K [0x0000000080000000, 0x0000000096700000, 0x00000000d5580000)
  object space 367616K, 42% used [0x0000000080000000,0x0000000089a06ed8,0x0000000096700000)
 Metaspace       used 75611K, capacity 79424K, committed 79744K, reserved 1120256K
  class space    used 8119K, capacity 8765K, committed 8832K, reserved 1048576K
Event: 119.487 GC heap after
Heap after GC invocations=60 (full 5):
 PSYoungGen      total 655360K, used 1328K [0x00000000d5580000, 0x00000000fff80000, 0x0000000100000000)
  eden space 619520K, 0% used [0x00000000d5580000,0x00000000d5580000,0x00000000fb280000)
  from space 35840K, 3% used [0x00000000fb280000,0x00000000fb3cc010,0x00000000fd580000)
  to   space 33280K, 0% used [0x00000000fdf00000,0x00000000fdf00000,0x00000000fff80000)
 ParOldGen       total 367616K, used 157739K [0x0000000080000000, 0x0000000096700000, 0x00000000d5580000)
  object space 367616K, 42% used [0x0000000080000000,0x0000000089a0aed8,0x0000000096700000)
 Metaspace       used 75611K, capacity 79424K, committed 79744K, reserved 1120256K
  class space    used 8119K, capacity 8765K, committed 8832K, reserved 1048576K
}
Event: 120.656 GC heap before
{Heap before GC invocations=61 (full 5):
 PSYoungGen      total 655360K, used 620848K [0x00000000d5580000, 0x00000000fff80000, 0x0000000100000000)
  eden space 619520K, 100% used [0x00000000d5580000,0x00000000fb280000,0x00000000fb280000)
  from space 35840K, 3% used [0x00000000fb280000,0x00000000fb3cc010,0x00000000fd580000)
  to   space 33280K, 0% used [0x00000000fdf00000,0x00000000fdf00000,0x00000000fff80000)
 ParOldGen       total 367616K, used 157739K [0x0000000080000000, 0x0000000096700000, 0x00000000d5580000)
  object space 367616K, 42% used [0x0000000080000000,0x0000000089a0aed8,0x0000000096700000)
 Metaspace       used 75620K, capacity 79488K, committed 79744K, reserved 1120256K
  class space    used 8119K, capacity 8765K, committed 8832K, reserved 1048576K
Event: 120.661 GC heap after
Heap after GC invocations=61 (full 5):
 PSYoungGen      total 656896K, used 1728K [0x00000000d5580000, 0x00000000ff980000, 0x0000000100000000)
  eden space 629760K, 0% used [0x00000000d5580000,0x00000000d5580000,0x00000000fbc80000)
  from space 27136K, 6% used [0x00000000fdf00000,0x00000000fe0b0000,0x00000000ff980000)
  to   space 31232K, 0% used [0x00000000fbc80000,0x00000000fbc80000,0x00000000fdb00000)
 ParOldGen       total 367616K, used 157755K [0x0000000080000000, 0x0000000096700000, 0x00000000d5580000)
  object space 367616K, 42% used [0x0000000080000000,0x0000000089a0eed8,0x0000000096700000)
 Metaspace       used 75620K, capacity 79488K, committed 79744K, reserved 1120256K
  class space    used 8119K, capacity 8765K, committed 8832K, reserved 1048576K
}
Event: 121.861 GC heap before
{Heap before GC invocations=62 (full 5):
 PSYoungGen      total 656896K, used 631488K [0x00000000d5580000, 0x00000000ff980000, 0x0000000100000000)
  eden space 629760K, 100% used [0x00000000d5580000,0x00000000fbc80000,0x00000000fbc80000)
  from space 27136K, 6% used [0x00000000fdf00000,0x00000000fe0b0000,0x00000000ff980000)
  to   space 31232K, 0% used [0x00000000fbc80000,0x00000000fbc80000,0x00000000fdb00000)
 ParOldGen       total 367616K, used 157755K [0x0000000080000000, 0x0000000096700000, 0x00000000d5580000)
  object space 367616K, 42% used [0x0000000080000000,0x0000000089a0eed8,0x0000000096700000)
 Metaspace       used 75622K, capacity 79488K, committed 79744K, reserved 1120256K
  class space    used 8119K, capacity 8765K, committed 8832K, reserved 1048576K
Event: 121.866 GC heap after
Heap after GC invocations=62 (full 5):
 PSYoungGen      total 660992K, used 1280K [0x00000000d5580000, 0x0000000100000000, 0x0000000100000000)
  eden space 629760K, 0% used [0x00000000d5580000,0x00000000d5580000,0x00000000fbc80000)
  from space 31232K, 4% used [0x00000000fbc80000,0x00000000fbdc0000,0x00000000fdb00000)
  to   space 29184K, 0% used [0x00000000fe380000,0x00000000fe380000,0x0000000100000000)
 ParOldGen       total 367616K, used 157771K [0x0000000080000000, 0x0000000096700000, 0x00000000d5580000)
  object space 367616K, 42% used [0x0000000080000000,0x0000000089a12ed8,0x0000000096700000)
 Metaspace       used 75622K, capacity 79488K, committed 79744K, reserved 1120256K
  class space    used 8119K, capacity 8765K, committed 8832K, reserved 1048576K
}
Event: 136.373 GC heap before
{Heap before GC invocations=63 (full 5):
 PSYoungGen      total 660992K, used 631040K [0x00000000d5580000, 0x0000000100000000, 0x0000000100000000)
  eden space 629760K, 100% used [0x00000000d5580000,0x00000000fbc80000,0x00000000fbc80000)
  from space 31232K, 4% used [0x00000000fbc80000,0x00000000fbdc0000,0x00000000fdb00000)
  to   space 29184K, 0% used [0x00000000fe380000,0x00000000fe380000,0x0000000100000000)
 ParOldGen       total 367616K, used 157771K [0x0000000080000000, 0x0000000096700000, 0x00000000d5580000)
  object space 367616K, 42% used [0x0000000080000000,0x0000000089a12ed8,0x0000000096700000)
 Metaspace       used 76053K, capacity 79948K, committed 80256K, reserved 1120256K
  class space    used 8119K, capacity 8765K, committed 8832K, reserved 1048576K
Event: 136.424 GC heap after
Heap after GC invocations=63 (full 5):
 PSYoungGen      total 653312K, used 29168K [0x00000000d5580000, 0x0000000100000000, 0x0000000100000000)
  eden space 624128K, 0% used [0x00000000d5580000,0x00000000d5580000,0x00000000fb700000)
  from space 29184K, 99% used [0x00000000fe380000,0x00000000ffffc350,0x0000000100000000)
  to   space 37376K, 0% used [0x00000000fb700000,0x00000000fb700000,0x00000000fdb80000)
 ParOldGen       total 367616K, used 161683K [0x0000000080000000, 0x0000000096700000, 0x00000000d5580000)
  object space 367616K, 43% used [0x0000000080000000,0x0000000089de4ed8,0x0000000096700000)
 Metaspace       used 76053K, capacity 79948K, committed 80256K, reserved 1120256K
  class space    used 8119K, capacity 8765K, committed 8832K, reserved 1048576K
}
Event: 143.019 GC heap before
{Heap before GC invocations=64 (full 5):
 PSYoungGen      total 653312K, used 653296K [0x00000000d5580000, 0x0000000100000000, 0x0000000100000000)
  eden space 624128K, 100% used [0x00000000d5580000,0x00000000fb700000,0x00000000fb700000)
  from space 29184K, 99% used [0x00000000fe380000,0x00000000ffffc350,0x0000000100000000)
  to   space 37376K, 0% used [0x00000000fb700000,0x00000000fb700000,0x00000000fdb80000)
 ParOldGen       total 367616K, used 161683K [0x0000000080000000, 0x0000000096700000, 0x00000000d5580000)
  object space 367616K, 43% used [0x0000000080000000,0x0000000089de4ed8,0x0000000096700000)
 Metaspace       used 76247K, capacity 80102K, committed 80256K, reserved 1120256K
  class space    used 8120K, capacity 8766K, committed 8832K, reserved 1048576K
Event: 143.073 GC heap after
Heap after GC invocations=64 (full 5):
 PSYoungGen      total 661504K, used 37345K [0x00000000d5580000, 0x0000000100000000, 0x0000000100000000)
  eden space 624128K, 0% used [0x00000000d5580000,0x00000000d5580000,0x00000000fb700000)
  from space 37376K, 99% used [0x00000000fb700000,0x00000000fdb78400,0x00000000fdb80000)
  to   space 37376K, 0% used [0x00000000fdb80000,0x00000000fdb80000,0x0000000100000000)
 ParOldGen       total 367616K, used 202419K [0x0000000080000000, 0x0000000096700000, 0x00000000d5580000)
  object space 367616K, 55% used [0x0000000080000000,0x000000008c5acee8,0x0000000096700000)
 Metaspace       used 76247K, capacity 80102K, committed 80256K, reserved 1120256K
  class space    used 8120K, capacity 8766K, committed 8832K, reserved 1048576K
}
Event: 143.989 GC heap before
{Heap before GC invocations=65 (full 5):
 PSYoungGen      total 661504K, used 661473K [0x00000000d5580000, 0x0000000100000000, 0x0000000100000000)
  eden space 624128K, 100% used [0x00000000d5580000,0x00000000fb700000,0x00000000fb700000)
  from space 37376K, 99% used [0x00000000fb700000,0x00000000fdb78400,0x00000000fdb80000)
  to   space 37376K, 0% used [0x00000000fdb80000,0x00000000fdb80000,0x0000000100000000)
 ParOldGen       total 367616K, used 202419K [0x0000000080000000, 0x0000000096700000, 0x00000000d5580000)
  object space 367616K, 55% used [0x0000000080000000,0x000000008c5acee8,0x0000000096700000)
 Metaspace       used 76250K, capacity 80102K, committed 80256K, reserved 1120256K
  class space    used 8120K, capacity 8766K, committed 8832K, reserved 1048576K
Event: 144.025 GC heap after
Heap after GC invocations=65 (full 5):
 PSYoungGen      total 603136K, used 37345K [0x00000000d5580000, 0x0000000100000000, 0x0000000100000000)
  eden space 565760K, 0% used [0x00000000d5580000,0x00000000d5580000,0x00000000f7e00000)
  from space 37376K, 99% used [0x00000000fdb80000,0x00000000ffff8420,0x0000000100000000)
  to   space 66560K, 0% used [0x00000000f7e00000,0x00000000f7e00000,0x00000000fbf00000)
 ParOldGen       total 367616K, used 207515K [0x0000000080000000, 0x0000000096700000, 0x00000000d5580000)
  object space 367616K, 56% used [0x0000000080000000,0x000000008caa6ee8,0x0000000096700000)
 Metaspace       used 76250K, capacity 80102K, committed 80256K, reserved 1120256K
  class space    used 8120K, capacity 8766K, committed 8832K, reserved 1048576K
}
Event: 144.629 GC heap before
{Heap before GC invocations=66 (full 5):
 PSYoungGen      total 603136K, used 603105K [0x00000000d5580000, 0x0000000100000000, 0x0000000100000000)
  eden space 565760K, 100% used [0x00000000d5580000,0x00000000f7e00000,0x00000000f7e00000)
  from space 37376K, 99% used [0x00000000fdb80000,0x00000000ffff8420,0x0000000100000000)
  to   space 66560K, 0% used [0x00000000f7e00000,0x00000000f7e00000,0x00000000fbf00000)
 ParOldGen       total 367616K, used 207515K [0x0000000080000000, 0x0000000096700000, 0x00000000d5580000)
  object space 367616K, 56% used [0x0000000080000000,0x000000008caa6ee8,0x0000000096700000)
 Metaspace       used 76254K, capacity 80102K, committed 80256K, reserved 1120256K
  class space    used 8120K, capacity 8766K, committed 8832K, reserved 1048576K
Event: 144.664 GC heap after
Heap after GC invocations=66 (full 5):
 PSYoungGen      total 605184K, used 39360K [0x00000000d5580000, 0x0000000100000000, 0x0000000100000000)
  eden space 565760K, 0% used [0x00000000d5580000,0x00000000d5580000,0x00000000f7e00000)
  from space 39424K, 99% used [0x00000000f7e00000,0x00000000fa4703d0,0x00000000fa480000)
  to   space 69632K, 0% used [0x00000000fbc00000,0x00000000fbc00000,0x0000000100000000)
 ParOldGen       total 367616K, used 207531K [0x0000000080000000, 0x0000000096700000, 0x00000000d5580000)
  object space 367616K, 56% used [0x0000000080000000,0x000000008caaaee8,0x0000000096700000)
 Metaspace       used 76254K, capacity 80102K, committed 80256K, reserved 1120256K
  class space    used 8120K, capacity 8766K, committed 8832K, reserved 1048576K
}
Event: 145.270 GC heap before
{Heap before GC invocations=67 (full 5):
 PSYoungGen      total 605184K, used 605120K [0x00000000d5580000, 0x0000000100000000, 0x0000000100000000)
  eden space 565760K, 100% used [0x00000000d5580000,0x00000000f7e00000,0x00000000f7e00000)
  from space 39424K, 99% used [0x00000000f7e00000,0x00000000fa4703d0,0x00000000fa480000)
  to   space 69632K, 0% used [0x00000000fbc00000,0x00000000fbc00000,0x0000000100000000)
 ParOldGen       total 367616K, used 207531K [0x0000000080000000, 0x0000000096700000, 0x00000000d5580000)
  object space 367616K, 56% used [0x0000000080000000,0x000000008caaaee8,0x0000000096700000)
 Metaspace       used 76254K, capacity 80102K, committed 80256K, reserved 1120256K
  class space    used 8120K, capacity 8766K, committed 8832K, reserved 1048576K
Event: 145.303 GC heap after
Heap after GC invocations=67 (full 5):
 PSYoungGen      total 624128K, used 39281K [0x00000000d5580000, 0x0000000100000000, 0x0000000100000000)
  eden space 554496K, 0% used [0x00000000d5580000,0x00000000d5580000,0x00000000f7300000)
  from space 69632K, 56% used [0x00000000fbc00000,0x00000000fe25c420,0x0000000100000000)
  to   space 72192K, 0% used [0x00000000f7300000,0x00000000f7300000,0x00000000fb980000)
 ParOldGen       total 367616K, used 207547K [0x0000000080000000, 0x0000000096700000, 0x00000000d5580000)
  object space 367616K, 56% used [0x0000000080000000,0x000000008caaeee8,0x0000000096700000)
 Metaspace       used 76254K, capacity 80102K, committed 80256K, reserved 1120256K
  class space    used 8120K, capacity 8766K, committed 8832K, reserved 1048576K
}
Event: 145.899 GC heap before
{Heap before GC invocations=68 (full 5):
 PSYoungGen      total 624128K, used 593777K [0x00000000d5580000, 0x0000000100000000, 0x0000000100000000)
  eden space 554496K, 100% used [0x00000000d5580000,0x00000000f7300000,0x00000000f7300000)
  from space 69632K, 56% used [0x00000000fbc00000,0x00000000fe25c420,0x0000000100000000)
  to   space 72192K, 0% used [0x00000000f7300000,0x00000000f7300000,0x00000000fb980000)
 ParOldGen       total 367616K, used 207547K [0x0000000080000000, 0x0000000096700000, 0x00000000d5580000)
  object space 367616K, 56% used [0x0000000080000000,0x000000008caaeee8,0x0000000096700000)
 Metaspace       used 76254K, capacity 80102K, committed 80256K, reserved 1120256K
  class space    used 8120K, capacity 8766K, committed 8832K, reserved 1048576K
Event: 145.939 GC heap after
Heap after GC invocations=68 (full 5):
 PSYoungGen      total 594944K, used 40081K [0x00000000d5580000, 0x0000000100000000, 0x0000000100000000)
  eden space 554496K, 0% used [0x00000000d5580000,0x00000000d5580000,0x00000000f7300000)
  from space 40448K, 99% used [0x00000000f7300000,0x00000000f9a24400,0x00000000f9a80000)
  to   space 73728K, 0% used [0x00000000fb800000,0x00000000fb800000,0x0000000100000000)
 ParOldGen       total 367616K, used 207611K [0x0000000080000000, 0x0000000096700000, 0x00000000d5580000)
  object space 367616K, 56% used [0x0000000080000000,0x000000008cabeee8,0x0000000096700000)
 Metaspace       used 76254K, capacity 80102K, committed 80256K, reserved 1120256K
  class space    used 8120K, capacity 8766K, committed 8832K, reserved 1048576K
}
Event: 146.503 GC heap before
{Heap before GC invocations=69 (full 5):
 PSYoungGen      total 594944K, used 594577K [0x00000000d5580000, 0x0000000100000000, 0x0000000100000000)
  eden space 554496K, 100% used [0x00000000d5580000,0x00000000f7300000,0x00000000f7300000)
  from space 40448K, 99% used [0x00000000f7300000,0x00000000f9a24400,0x00000000f9a80000)
  to   space 73728K, 0% used [0x00000000fb800000,0x00000000fb800000,0x0000000100000000)
 ParOldGen       total 367616K, used 207611K [0x0000000080000000, 0x0000000096700000, 0x00000000d5580000)
  object space 367616K, 56% used [0x0000000080000000,0x000000008cabeee8,0x0000000096700000)
 Metaspace       used 76254K, capacity 80102K, committed 80256K, reserved 1120256K
  class space    used 8120K, capacity 8766K, committed 8832K, reserved 1048576K
Event: 146.536 GC heap after
Heap after GC invocations=69 (full 5):
 PSYoungGen      total 623104K, used 38896K [0x00000000d5580000, 0x0000000100000000, 0x0000000100000000)
  eden space 549376K, 0% used [0x00000000d5580000,0x00000000d5580000,0x00000000f6e00000)
  from space 73728K, 52% used [0x00000000fb800000,0x00000000fddfc3e0,0x0000000100000000)
  to   space 74752K, 0% used [0x00000000f6e00000,0x00000000f6e00000,0x00000000fb700000)
 ParOldGen       total 367616K, used 207627K [0x0000000080000000, 0x0000000096700000, 0x00000000d5580000)
  object space 367616K, 56% used [0x0000000080000000,0x000000008cac2ee8,0x0000000096700000)
 Metaspace       used 76254K, capacity 80102K, committed 80256K, reserved 1120256K
  class space    used 8120K, capacity 8766K, committed 8832K, reserved 1048576K
}
Event: 147.086 GC heap before
{Heap before GC invocations=70 (full 5):
 PSYoungGen      total 623104K, used 588272K [0x00000000d5580000, 0x0000000100000000, 0x0000000100000000)
  eden space 549376K, 100% used [0x00000000d5580000,0x00000000f6e00000,0x00000000f6e00000)
  from space 73728K, 52% used [0x00000000fb800000,0x00000000fddfc3e0,0x0000000100000000)
  to   space 74752K, 0% used [0x00000000f6e00000,0x00000000f6e00000,0x00000000fb700000)
 ParOldGen       total 367616K, used 207627K [0x0000000080000000, 0x0000000096700000, 0x00000000d5580000)
  object space 367616K, 56% used [0x0000000080000000,0x000000008cac2ee8,0x0000000096700000)
 Metaspace       used 76254K, capacity 80102K, committed 80256K, reserved 1120256K
  class space    used 8120K, capacity 8766K, committed 8832K, reserved 1048576K
Event: 147.118 GC heap after
Heap after GC invocations=70 (full 5):
 PSYoungGen      total 624128K, used 38897K [0x00000000d5580000, 0x0000000100000000, 0x0000000100000000)
  eden space 549376K, 0% used [0x00000000d5580000,0x00000000d5580000,0x00000000f6e00000)
  from space 74752K, 52% used [0x00000000f6e00000,0x00000000f93fc420,0x00000000fb700000)
  to   space 74752K, 0% used [0x00000000fb700000,0x00000000fb700000,0x0000000100000000)
 ParOldGen       total 367616K, used 207643K [0x0000000080000000, 0x0000000096700000, 0x00000000d5580000)
  object space 367616K, 56% used [0x0000000080000000,0x000000008cac6ee8,0x0000000096700000)
 Metaspace       used 76254K, capacity 80102K, committed 80256K, reserved 1120256K
  class space    used 8120K, capacity 8766K, committed 8832K, reserved 1048576K
}
Event: 196.631 GC heap before
{Heap before GC invocations=71 (full 5):
 PSYoungGen      total 624128K, used 588273K [0x00000000d5580000, 0x0000000100000000, 0x0000000100000000)
  eden space 549376K, 100% used [0x00000000d5580000,0x00000000f6e00000,0x00000000f6e00000)
  from space 74752K, 52% used [0x00000000f6e00000,0x00000000f93fc420,0x00000000fb700000)
  to   space 74752K, 0% used [0x00000000fb700000,0x00000000fb700000,0x0000000100000000)
 ParOldGen       total 367616K, used 207643K [0x0000000080000000, 0x0000000096700000, 0x00000000d5580000)
  object space 367616K, 56% used [0x0000000080000000,0x000000008cac6ee8,0x0000000096700000)
 Metaspace       used 76370K, capacity 80244K, committed 80512K, reserved 1120256K
  class space    used 8121K, capacity 8767K, committed 8832K, reserved 1048576K
Event: 196.802 GC heap after
Heap after GC invocations=71 (full 5):
 PSYoungGen      total 505344K, used 74736K [0x00000000d5580000, 0x0000000100000000, 0x0000000100000000)
  eden space 430592K, 0% used [0x00000000d5580000,0x00000000d5580000,0x00000000efa00000)
  from space 74752K, 99% used [0x00000000fb700000,0x00000000ffffc030,0x0000000100000000)
  to   space 134144K, 0% used [0x00000000efa00000,0x00000000efa00000,0x00000000f7d00000)
 ParOldGen       total 367616K, used 332070K [0x0000000080000000, 0x0000000096700000, 0x00000000d5580000)
  object space 367616K, 90% used [0x0000000080000000,0x0000000094449a18,0x0000000096700000)
 Metaspace       used 76370K, capacity 80244K, committed 80512K, reserved 1120256K
  class space    used 8121K, capacity 8767K, committed 8832K, reserved 1048576K
}
Event: 196.802 GC heap before
{Heap before GC invocations=72 (full 6):
 PSYoungGen      total 505344K, used 74736K [0x00000000d5580000, 0x0000000100000000, 0x0000000100000000)
  eden space 430592K, 0% used [0x00000000d5580000,0x00000000d5580000,0x00000000efa00000)
  from space 74752K, 99% used [0x00000000fb700000,0x00000000ffffc030,0x0000000100000000)
  to   space 134144K, 0% used [0x00000000efa00000,0x00000000efa00000,0x00000000f7d00000)
 ParOldGen       total 367616K, used 332070K [0x0000000080000000, 0x0000000096700000, 0x00000000d5580000)
  object space 367616K, 90% used [0x0000000080000000,0x0000000094449a18,0x0000000096700000)
 Metaspace       used 76370K, capacity 80244K, committed 80512K, reserved 1120256K
  class space    used 8121K, capacity 8767K, committed 8832K, reserved 1048576K
Event: 197.105 GC heap after
Heap after GC invocations=72 (full 6):
 PSYoungGen      total 505344K, used 0K [0x00000000d5580000, 0x0000000100000000, 0x0000000100000000)
  eden space 430592K, 0% used [0x00000000d5580000,0x00000000d5580000,0x00000000efa00000)
  from space 74752K, 0% used [0x00000000fb700000,0x00000000fb700000,0x0000000100000000)
  to   space 134144K, 0% used [0x00000000efa00000,0x00000000efa00000,0x00000000f7d00000)
 ParOldGen       total 469504K, used 230383K [0x0000000080000000, 0x000000009ca80000, 0x00000000d5580000)
  object space 469504K, 49% used [0x0000000080000000,0x000000008e0fbcb0,0x000000009ca80000)
 Metaspace       used 76370K, capacity 80244K, committed 80512K, reserved 1120256K
  class space    used 8121K, capacity 8767K, committed 8832K, reserved 1048576K
}
Event: 201.886 GC heap before
{Heap before GC invocations=73 (full 6):
 PSYoungGen      total 505344K, used 430592K [0x00000000d5580000, 0x0000000100000000, 0x0000000100000000)
  eden space 430592K, 100% used [0x00000000d5580000,0x00000000efa00000,0x00000000efa00000)
  from space 74752K, 0% used [0x00000000fb700000,0x00000000fb700000,0x0000000100000000)
  to   space 134144K, 0% used [0x00000000efa00000,0x00000000efa00000,0x00000000f7d00000)
 ParOldGen       total 469504K, used 230383K [0x0000000080000000, 0x000000009ca80000, 0x00000000d5580000)
  object space 469504K, 49% used [0x0000000080000000,0x000000008e0fbcb0,0x000000009ca80000)
 Metaspace       used 76391K, capacity 80308K, committed 80512K, reserved 1120256K
  class space    used 8121K, capacity 8767K, committed 8832K, reserved 1048576K
Event: 201.896 GC heap after
Heap after GC invocations=73 (full 6):
 PSYoungGen      total 564736K, used 7296K [0x00000000d5580000, 0x0000000100000000, 0x0000000100000000)
  eden space 430592K, 0% used [0x00000000d5580000,0x00000000d5580000,0x00000000efa00000)
  from space 134144K, 5% used [0x00000000efa00000,0x00000000f0120000,0x00000000f7d00000)
  to   space 131072K, 0% used [0x00000000f8000000,0x00000000f8000000,0x0000000100000000)
 ParOldGen       total 469504K, used 230391K [0x0000000080000000, 0x000000009ca80000, 0x00000000d5580000)
  object space 469504K, 49% used [0x0000000080000000,0x000000008e0fdcb0,0x000000009ca80000)
 Metaspace       used 76391K, capacity 80308K, committed 80512K, reserved 1120256K
  class space    used 8121K, capacity 8767K, committed 8832K, reserved 1048576K
}
Event: 202.716 GC heap before
{Heap before GC invocations=74 (full 6):
 PSYoungGen      total 564736K, used 437888K [0x00000000d5580000, 0x0000000100000000, 0x0000000100000000)
  eden space 430592K, 100% used [0x00000000d5580000,0x00000000efa00000,0x00000000efa00000)
  from space 134144K, 5% used [0x00000000efa00000,0x00000000f0120000,0x00000000f7d00000)
  to   space 131072K, 0% used [0x00000000f8000000,0x00000000f8000000,0x0000000100000000)
 ParOldGen       total 469504K, used 230391K [0x0000000080000000, 0x000000009ca80000, 0x00000000d5580000)
  object space 469504K, 49% used [0x0000000080000000,0x000000008e0fdcb0,0x000000009ca80000)
 Metaspace       used 76391K, capacity 80308K, committed 80512K, reserved 1120256K
  class space    used 8121K, capacity 8767K, committed 8832K, reserved 1048576K
Event: 202.723 GC heap after
Heap after GC invocations=74 (full 6):
 PSYoungGen      total 556544K, used 960K [0x00000000d5580000, 0x00000000ff800000, 0x0000000100000000)
  eden space 433664K, 0% used [0x00000000d5580000,0x00000000d5580000,0x00000000efd00000)
  from space 122880K, 0% used [0x00000000f8000000,0x00000000f80f0000,0x00000000ff800000)
  to   space 128512K, 0% used [0x00000000efd00000,0x00000000efd00000,0x00000000f7a80000)
 ParOldGen       total 469504K, used 230391K [0x0000000080000000, 0x000000009ca80000, 0x00000000d5580000)
  object space 469504K, 49% used [0x0000000080000000,0x000000008e0fdcb0,0x000000009ca80000)
 Metaspace       used 76391K, capacity 80308K, committed 80512K, reserved 1120256K
  class space    used 8121K, capacity 8767K, committed 8832K, reserved 1048576K
}
Event: 203.540 GC heap before
{Heap before GC invocations=75 (full 6):
 PSYoungGen      total 556544K, used 434624K [0x00000000d5580000, 0x00000000ff800000, 0x0000000100000000)
  eden space 433664K, 100% used [0x00000000d5580000,0x00000000efd00000,0x00000000efd00000)
  from space 122880K, 0% used [0x00000000f8000000,0x00000000f80f0000,0x00000000ff800000)
  to   space 128512K, 0% used [0x00000000efd00000,0x00000000efd00000,0x00000000f7a80000)
 ParOldGen       total 469504K, used 230391K [0x0000000080000000, 0x000000009ca80000, 0x00000000d5580000)
  object space 469504K, 49% used [0x0000000080000000,0x000000008e0fdcb0,0x000000009ca80000)
 Metaspace       used 76396K, capacity 80308K, committed 80512K, reserved 1120256K
  class space    used 8121K, capacity 8767K, committed 8832K, reserved 1048576K
Event: 203.546 GC heap after
Heap after GC invocations=75 (full 6):
 PSYoungGen      total 562176K, used 576K [0x00000000d5580000, 0x00000000fff80000, 0x0000000100000000)
  eden space 433664K, 0% used [0x00000000d5580000,0x00000000d5580000,0x00000000efd00000)
  from space 128512K, 0% used [0x00000000efd00000,0x00000000efd90000,0x00000000f7a80000)
  to   space 125440K, 0% used [0x00000000f8500000,0x00000000f8500000,0x00000000fff80000)
 ParOldGen       total 469504K, used 230399K [0x0000000080000000, 0x000000009ca80000, 0x00000000d5580000)
  object space 469504K, 49% used [0x0000000080000000,0x000000008e0ffcb0,0x000000009ca80000)
 Metaspace       used 76396K, capacity 80308K, committed 80512K, reserved 1120256K
  class space    used 8121K, capacity 8767K, committed 8832K, reserved 1048576K
}
Event: 204.410 GC heap before
{Heap before GC invocations=76 (full 6):
 PSYoungGen      total 562176K, used 434240K [0x00000000d5580000, 0x00000000fff80000, 0x0000000100000000)
  eden space 433664K, 100% used [0x00000000d5580000,0x00000000efd00000,0x00000000efd00000)
  from space 128512K, 0% used [0x00000000efd00000,0x00000000efd90000,0x00000000f7a80000)
  to   space 125440K, 0% used [0x00000000f8500000,0x00000000f8500000,0x00000000fff80000)
 ParOldGen       total 469504K, used 230399K [0x0000000080000000, 0x000000009ca80000, 0x00000000d5580000)
  object space 469504K, 49% used [0x0000000080000000,0x000000008e0ffcb0,0x000000009ca80000)
 Metaspace       used 76400K, capacity 80308K, committed 80512K, reserved 1120256K
  class space    used 8121K, capacity 8767K, committed 8832K, reserved 1048576K
Event: 204.415 GC heap after
Heap after GC invocations=76 (full 6):
 PSYoungGen      total 559616K, used 864K [0x00000000d5580000, 0x00000000ff500000, 0x0000000100000000)
  eden space 444928K, 0% used [0x00000000d5580000,0x00000000d5580000,0x00000000f0800000)
  from space 114688K, 0% used [0x00000000f8500000,0x00000000f85d8000,0x00000000ff500000)
  to   space 121344K, 0% used [0x00000000f0800000,0x00000000f0800000,0x00000000f7e80000)
 ParOldGen       total 469504K, used 230503K [0x0000000080000000, 0x000000009ca80000, 0x00000000d5580000)
  object space 469504K, 49% used [0x0000000080000000,0x000000008e119cc0,0x000000009ca80000)
 Metaspace       used 76400K, capacity 80308K, committed 80512K, reserved 1120256K
  class space    used 8121K, capacity 8767K, committed 8832K, reserved 1048576K
}
Event: 205.230 GC heap before
{Heap before GC invocations=77 (full 6):
 PSYoungGen      total 559616K, used 445792K [0x00000000d5580000, 0x00000000ff500000, 0x0000000100000000)
  eden space 444928K, 100% used [0x00000000d5580000,0x00000000f0800000,0x00000000f0800000)
  from space 114688K, 0% used [0x00000000f8500000,0x00000000f85d8000,0x00000000ff500000)
  to   space 121344K, 0% used [0x00000000f0800000,0x00000000f0800000,0x00000000f7e80000)
 ParOldGen       total 469504K, used 230503K [0x0000000080000000, 0x000000009ca80000, 0x00000000d5580000)
  object space 469504K, 49% used [0x0000000080000000,0x000000008e119cc0,0x000000009ca80000)
 Metaspace       used 76400K, capacity 80308K, committed 80512K, reserved 1120256K
  class space    used 8121K, capacity 8767K, committed 8832K, reserved 1048576K
Event: 205.235 GC heap after
Heap after GC invocations=77 (full 6):
 PSYoungGen      total 566272K, used 864K [0x00000000d5580000, 0x00000000ffe80000, 0x0000000100000000)
  eden space 444928K, 0% used [0x00000000d5580000,0x00000000d5580000,0x00000000f0800000)
  from space 121344K, 0% used [0x00000000f0800000,0x00000000f08d8000,0x00000000f7e80000)
  to   space 117248K, 0% used [0x00000000f8c00000,0x00000000f8c00000,0x00000000ffe80000)
 ParOldGen       total 469504K, used 230519K [0x0000000080000000, 0x000000009ca80000, 0x00000000d5580000)
  object space 469504K, 49% used [0x0000000080000000,0x000000008e11dcc0,0x000000009ca80000)
 Metaspace       used 76400K, capacity 80308K, committed 80512K, reserved 1120256K
  class space    used 8121K, capacity 8767K, committed 8832K, reserved 1048576K
}
Event: 206.078 GC heap before
{Heap before GC invocations=78 (full 6):
 PSYoungGen      total 566272K, used 445792K [0x00000000d5580000, 0x00000000ffe80000, 0x0000000100000000)
  eden space 444928K, 100% used [0x00000000d5580000,0x00000000f0800000,0x00000000f0800000)
  from space 121344K, 0% used [0x00000000f0800000,0x00000000f08d8000,0x00000000f7e80000)
  to   space 117248K, 0% used [0x00000000f8c00000,0x00000000f8c00000,0x00000000ffe80000)
 ParOldGen       total 469504K, used 230519K [0x0000000080000000, 0x000000009ca80000, 0x00000000d5580000)
  object space 469504K, 49% used [0x0000000080000000,0x000000008e11dcc0,0x000000009ca80000)
 Metaspace       used 76400K, capacity 80308K, committed 80512K, reserved 1120256K
  class space    used 8121K, capacity 8767K, committed 8832K, reserved 1048576K
Event: 206.084 GC heap after
Heap after GC invocations=78 (full 6):
 PSYoungGen      total 565760K, used 480K [0x00000000d5580000, 0x00000000ff300000, 0x0000000100000000)
  eden space 460288K, 0% used [0x00000000d5580000,0x00000000d5580000,0x00000000f1700000)
  from space 105472K, 0% used [0x00000000f8c00000,0x00000000f8c78000,0x00000000ff300000)
  to   space 112640K, 0% used [0x00000000f1700000,0x00000000f1700000,0x00000000f8500000)
 ParOldGen       total 469504K, used 230535K [0x0000000080000000, 0x000000009ca80000, 0x00000000d5580000)
  object space 469504K, 49% used [0x0000000080000000,0x000000008e121cc0,0x000000009ca80000)
 Metaspace       used 76400K, capacity 80308K, committed 80512K, reserved 1120256K
  class space    used 8121K, capacity 8767K, committed 8832K, reserved 1048576K
}
Event: 207.092 GC heap before
{Heap before GC invocations=79 (full 6):
 PSYoungGen      total 565760K, used 460768K [0x00000000d5580000, 0x00000000ff300000, 0x0000000100000000)
  eden space 460288K, 100% used [0x00000000d5580000,0x00000000f1700000,0x00000000f1700000)
  from space 105472K, 0% used [0x00000000f8c00000,0x00000000f8c78000,0x00000000ff300000)
  to   space 112640K, 0% used [0x00000000f1700000,0x00000000f1700000,0x00000000f8500000)
 ParOldGen       total 469504K, used 230535K [0x0000000080000000, 0x000000009ca80000, 0x00000000d5580000)
  object space 469504K, 49% used [0x0000000080000000,0x000000008e121cc0,0x000000009ca80000)
 Metaspace       used 76408K, capacity 80312K, committed 80512K, reserved 1120256K
  class space    used 8121K, capacity 8767K, committed 8832K, reserved 1048576K
Event: 207.097 GC heap after
Heap after GC invocations=79 (full 6):
 PSYoungGen      total 572928K, used 352K [0x00000000d5580000, 0x00000000ffd00000, 0x0000000100000000)
  eden space 460288K, 0% used [0x00000000d5580000,0x00000000d5580000,0x00000000f1700000)
  from space 112640K, 0% used [0x00000000f1700000,0x00000000f1758000,0x00000000f8500000)
  to   space 107520K, 0% used [0x00000000f9400000,0x00000000f9400000,0x00000000ffd00000)
 ParOldGen       total 469504K, used 230535K [0x0000000080000000, 0x000000009ca80000, 0x00000000d5580000)
  object space 469504K, 49% used [0x0000000080000000,0x000000008e121cc0,0x000000009ca80000)
 Metaspace       used 76408K, capacity 80312K, committed 80512K, reserved 1120256K
  class space    used 8121K, capacity 8767K, committed 8832K, reserved 1048576K
}
Event: 208.066 GC heap before
{Heap before GC invocations=80 (full 6):
 PSYoungGen      total 572928K, used 460640K [0x00000000d5580000, 0x00000000ffd00000, 0x0000000100000000)
  eden space 460288K, 100% used [0x00000000d5580000,0x00000000f1700000,0x00000000f1700000)
  from space 112640K, 0% used [0x00000000f1700000,0x00000000f1758000,0x00000000f8500000)
  to   space 107520K, 0% used [0x00000000f9400000,0x00000000f9400000,0x00000000ffd00000)
 ParOldGen       total 469504K, used 230535K [0x0000000080000000, 0x000000009ca80000, 0x00000000d5580000)
  object space 469504K, 49% used [0x0000000080000000,0x000000008e121cc0,0x000000009ca80000)
 Metaspace       used 76408K, capacity 80312K, committed 80512K, reserved 1120256K
  class space    used 8121K, capacity 8767K, committed 8832K, reserved 1048576K
Event: 208.071 GC heap after
Heap after GC invocations=80 (full 6):
 PSYoungGen      total 574976K, used 160K [0x00000000d5580000, 0x00000000ff200000, 0x0000000100000000)
  eden space 478720K, 0% used [0x00000000d5580000,0x00000000d5580000,0x00000000f2900000)
  from space 96256K, 0% used [0x00000000f9400000,0x00000000f9428000,0x00000000ff200000)
  to   space 102912K, 0% used [0x00000000f2900000,0x00000000f2900000,0x00000000f8d80000)
 ParOldGen       total 469504K, used 230535K [0x0000000080000000, 0x000000009ca80000, 0x00000000d5580000)
  object space 469504K, 49% used [0x0000000080000000,0x000000008e121cc0,0x000000009ca80000)
 Metaspace       used 76408K, capacity 80312K, committed 80512K, reserved 1120256K
  class space    used 8121K, capacity 8767K, committed 8832K, reserved 1048576K
}
Event: 213.454 GC heap before
{Heap before GC invocations=81 (full 6):
 PSYoungGen      total 574976K, used 478827K [0x00000000d5580000, 0x00000000ff200000, 0x0000000100000000)
  eden space 478720K, 99% used [0x00000000d5580000,0x00000000f28f2f00,0x00000000f2900000)
  from space 96256K, 0% used [0x00000000f9400000,0x00000000f9428000,0x00000000ff200000)
  to   space 102912K, 0% used [0x00000000f2900000,0x00000000f2900000,0x00000000f8d80000)
 ParOldGen       total 469504K, used 230535K [0x0000000080000000, 0x000000009ca80000, 0x00000000d5580000)
  object space 469504K, 49% used [0x0000000080000000,0x000000008e121cc0,0x000000009ca80000)
 Metaspace       used 76512K, capacity 80338K, committed 80512K, reserved 1120256K
  class space    used 8122K, capacity 8770K, committed 8832K, reserved 1048576K
Event: 213.469 GC heap after
Heap after GC invocations=81 (full 6):
 PSYoungGen      total 581632K, used 10896K [0x00000000d5580000, 0x00000000ff880000, 0x0000000100000000)
  eden space 478720K, 0% used [0x00000000d5580000,0x00000000d5580000,0x00000000f2900000)
  from space 102912K, 10% used [0x00000000f2900000,0x00000000f33a42d0,0x00000000f8d80000)
  to   space 95744K, 0% used [0x00000000f9b00000,0x00000000f9b00000,0x00000000ff880000)
 ParOldGen       total 469504K, used 230543K [0x0000000080000000, 0x000000009ca80000, 0x00000000d5580000)
  object space 469504K, 49% used [0x0000000080000000,0x000000008e123cc0,0x000000009ca80000)
 Metaspace       used 76512K, capacity 80338K, committed 80512K, reserved 1120256K
  class space    used 8122K, capacity 8770K, committed 8832K, reserved 1048576K
}
Event: 226.434 GC heap before
{Heap before GC invocations=82 (full 6):
 PSYoungGen      total 581632K, used 489616K [0x00000000d5580000, 0x00000000ff880000, 0x0000000100000000)
  eden space 478720K, 100% used [0x00000000d5580000,0x00000000f2900000,0x00000000f2900000)
  from space 102912K, 10% used [0x00000000f2900000,0x00000000f33a42d0,0x00000000f8d80000)
  to   space 95744K, 0% used [0x00000000f9b00000,0x00000000f9b00000,0x00000000ff880000)
 ParOldGen       total 469504K, used 230543K [0x0000000080000000, 0x000000009ca80000, 0x00000000d5580000)
  object space 469504K, 49% used [0x0000000080000000,0x000000008e123cc0,0x000000009ca80000)
 Metaspace       used 76807K, capacity 80670K, committed 80768K, reserved 1122304K
  class space    used 8123K, capacity 8770K, committed 8832K, reserved 1048576K
Event: 226.500 GC heap after
Heap after GC invocations=82 (full 6):
 PSYoungGen      total 569344K, used 84544K [0x00000000d5580000, 0x0000000100000000, 0x0000000100000000)
  eden space 473600K, 0% used [0x00000000d5580000,0x00000000d5580000,0x00000000f2400000)
  from space 95744K, 88% used [0x00000000f9b00000,0x00000000fed903d0,0x00000000ff880000)
  to   space 112640K, 0% used [0x00000000f2400000,0x00000000f2400000,0x00000000f9200000)
 ParOldGen       total 469504K, used 230551K [0x0000000080000000, 0x000000009ca80000, 0x00000000d5580000)
  object space 469504K, 49% used [0x0000000080000000,0x000000008e125cc0,0x000000009ca80000)
 Metaspace       used 76807K, capacity 80670K, committed 80768K, reserved 1122304K
  class space    used 8123K, capacity 8770K, committed 8832K, reserved 1048576K
}
Event: 227.383 GC heap before
{Heap before GC invocations=83 (full 6):
 PSYoungGen      total 569344K, used 558144K [0x00000000d5580000, 0x0000000100000000, 0x0000000100000000)
  eden space 473600K, 100% used [0x00000000d5580000,0x00000000f2400000,0x00000000f2400000)
  from space 95744K, 88% used [0x00000000f9b00000,0x00000000fed903d0,0x00000000ff880000)
  to   space 112640K, 0% used [0x00000000f2400000,0x00000000f2400000,0x00000000f9200000)
 ParOldGen       total 469504K, used 230551K [0x0000000080000000, 0x000000009ca80000, 0x00000000d5580000)
  object space 469504K, 49% used [0x0000000080000000,0x000000008e125cc0,0x000000009ca80000)
 Metaspace       used 76815K, capacity 80678K, committed 80768K, reserved 1122304K
  class space    used 8123K, capacity 8770K, committed 8832K, reserved 1048576K
Event: 227.425 GC heap after
Heap after GC invocations=83 (full 6):
 PSYoungGen      total 586240K, used 48704K [0x00000000d5580000, 0x0000000100000000, 0x0000000100000000)
  eden space 473600K, 0% used [0x00000000d5580000,0x00000000d5580000,0x00000000f2400000)
  from space 112640K, 43% used [0x00000000f2400000,0x00000000f53903d0,0x00000000f9200000)
  to   space 112640K, 0% used [0x00000000f9200000,0x00000000f9200000,0x0000000100000000)
 ParOldGen       total 469504K, used 230551K [0x0000000080000000, 0x000000009ca80000, 0x00000000d5580000)
  object space 469504K, 49% used [0x0000000080000000,0x000000008e125cc0,0x000000009ca80000)
 Metaspace       used 76815K, capacity 80678K, committed 80768K, reserved 1122304K
  class space    used 8123K, capacity 8770K, committed 8832K, reserved 1048576K
}
Event: 227.911 GC heap before
{Heap before GC invocations=84 (full 6):
 PSYoungGen      total 586240K, used 522304K [0x00000000d5580000, 0x0000000100000000, 0x0000000100000000)
  eden space 473600K, 100% used [0x00000000d5580000,0x00000000f2400000,0x00000000f2400000)
  from space 112640K, 43% used [0x00000000f2400000,0x00000000f53903d0,0x00000000f9200000)
  to   space 112640K, 0% used [0x00000000f9200000,0x00000000f9200000,0x0000000100000000)
 ParOldGen       total 469504K, used 230551K [0x0000000080000000, 0x000000009ca80000, 0x00000000d5580000)
  object space 469504K, 49% used [0x0000000080000000,0x000000008e125cc0,0x000000009ca80000)
 Metaspace       used 76815K, capacity 80678K, committed 80768K, reserved 1122304K
  class space    used 8123K, capacity 8770K, committed 8832K, reserved 1048576K
Event: 227.950 GC heap after
Heap after GC invocations=84 (full 6):
 PSYoungGen      total 583168K, used 46481K [0x00000000d5580000, 0x00000000ffd00000, 0x0000000100000000)
  eden space 473600K, 0% used [0x00000000d5580000,0x00000000d5580000,0x00000000f2400000)
  from space 109568K, 42% used [0x00000000f9200000,0x00000000fbf64420,0x00000000ffd00000)
  to   space 111104K, 0% used [0x00000000f2400000,0x00000000f2400000,0x00000000f9080000)
 ParOldGen       total 469504K, used 230567K [0x0000000080000000, 0x000000009ca80000, 0x00000000d5580000)
  object space 469504K, 49% used [0x0000000080000000,0x000000008e129cc0,0x000000009ca80000)
 Metaspace       used 76815K, capacity 80678K, committed 80768K, reserved 1122304K
  class space    used 8123K, capacity 8770K, committed 8832K, reserved 1048576K
}
Event: 228.433 GC heap before
{Heap before GC invocations=85 (full 6):
 PSYoungGen      total 583168K, used 520081K [0x00000000d5580000, 0x00000000ffd00000, 0x0000000100000000)
  eden space 473600K, 100% used [0x00000000d5580000,0x00000000f2400000,0x00000000f2400000)
  from space 109568K, 42% used [0x00000000f9200000,0x00000000fbf64420,0x00000000ffd00000)
  to   space 111104K, 0% used [0x00000000f2400000,0x00000000f2400000,0x00000000f9080000)
 ParOldGen       total 469504K, used 230567K [0x0000000080000000, 0x000000009ca80000, 0x00000000d5580000)
  object space 469504K, 49% used [0x0000000080000000,0x000000008e129cc0,0x000000009ca80000)
 Metaspace       used 76815K, capacity 80678K, committed 80768K, reserved 1122304K
  class space    used 8123K, capacity 8770K, committed 8832K, reserved 1048576K
Event: 228.470 GC heap after
Heap after GC invocations=85 (full 6):
 PSYoungGen      total 584704K, used 46449K [0x00000000d5580000, 0x00000000ffe80000, 0x0000000100000000)
  eden space 473600K, 0% used [0x00000000d5580000,0x00000000d5580000,0x00000000f2400000)
  from space 111104K, 41% used [0x00000000f2400000,0x00000000f515c410,0x00000000f9080000)
  to   space 109568K, 0% used [0x00000000f9380000,0x00000000f9380000,0x00000000ffe80000)
 ParOldGen       total 469504K, used 230647K [0x0000000080000000, 0x000000009ca80000, 0x00000000d5580000)
  object space 469504K, 49% used [0x0000000080000000,0x000000008e13dcc0,0x000000009ca80000)
 Metaspace       used 76815K, capacity 80678K, committed 80768K, reserved 1122304K
  class space    used 8123K, capacity 8770K, committed 8832K, reserved 1048576K
}
Event: 228.941 GC heap before
{Heap before GC invocations=86 (full 6):
 PSYoungGen      total 584704K, used 520049K [0x00000000d5580000, 0x00000000ffe80000, 0x0000000100000000)
  eden space 473600K, 100% used [0x00000000d5580000,0x00000000f2400000,0x00000000f2400000)
  from space 111104K, 41% used [0x00000000f2400000,0x00000000f515c410,0x00000000f9080000)
  to   space 109568K, 0% used [0x00000000f9380000,0x00000000f9380000,0x00000000ffe80000)
 ParOldGen       total 469504K, used 230647K [0x0000000080000000, 0x000000009ca80000, 0x00000000d5580000)
  object space 469504K, 49% used [0x0000000080000000,0x000000008e13dcc0,0x000000009ca80000)
 Metaspace       used 76815K, capacity 80678K, committed 80768K, reserved 1122304K
  class space    used 8123K, capacity 8770K, committed 8832K, reserved 1048576K
Event: 228.984 GC heap after
Heap after GC invocations=86 (full 6):
 PSYoungGen      total 581632K, used 2688K [0x00000000d5580000, 0x00000000ff880000, 0x0000000100000000)
  eden space 478208K, 0% used [0x00000000d5580000,0x00000000d5580000,0x00000000f2880000)
  from space 103424K, 2% used [0x00000000f9380000,0x00000000f9620000,0x00000000ff880000)
  to   space 106496K, 0% used [0x00000000f2880000,0x00000000f2880000,0x00000000f9080000)
 ParOldGen       total 469504K, used 275278K [0x0000000080000000, 0x000000009ca80000, 0x00000000d5580000)
  object space 469504K, 58% used [0x0000000080000000,0x0000000090cd3808,0x000000009ca80000)
 Metaspace       used 76815K, capacity 80678K, committed 80768K, reserved 1122304K
  class space    used 8123K, capacity 8770K, committed 8832K, reserved 1048576K
}
Event: 229.456 GC heap before
{Heap before GC invocations=87 (full 6):
 PSYoungGen      total 581632K, used 480896K [0x00000000d5580000, 0x00000000ff880000, 0x0000000100000000)
  eden space 478208K, 100% used [0x00000000d5580000,0x00000000f2880000,0x00000000f2880000)
  from space 103424K, 2% used [0x00000000f9380000,0x00000000f9620000,0x00000000ff880000)
  to   space 106496K, 0% used [0x00000000f2880000,0x00000000f2880000,0x00000000f9080000)
 ParOldGen       total 469504K, used 275278K [0x0000000080000000, 0x000000009ca80000, 0x00000000d5580000)
  object space 469504K, 58% used [0x0000000080000000,0x0000000090cd3808,0x000000009ca80000)
 Metaspace       used 76815K, capacity 80678K, committed 80768K, reserved 1122304K
  class space    used 8123K, capacity 8770K, committed 8832K, reserved 1048576K
Event: 229.463 GC heap after
Heap after GC invocations=87 (full 6):
 PSYoungGen      total 584704K, used 2048K [0x00000000d5580000, 0x00000000ffc00000, 0x0000000100000000)
  eden space 478208K, 0% used [0x00000000d5580000,0x00000000d5580000,0x00000000f2880000)
  from space 106496K, 1% used [0x00000000f2880000,0x00000000f2a80000,0x00000000f9080000)
  to   space 102912K, 0% used [0x00000000f9780000,0x00000000f9780000,0x00000000ffc00000)
 ParOldGen       total 469504K, used 275942K [0x0000000080000000, 0x000000009ca80000, 0x00000000d5580000)
  object space 469504K, 58% used [0x0000000080000000,0x0000000090d79818,0x000000009ca80000)
 Metaspace       used 76815K, capacity 80678K, committed 80768K, reserved 1122304K
  class space    used 8123K, capacity 8770K, committed 8832K, reserved 1048576K
}
Event: 229.946 GC heap before
{Heap before GC invocations=88 (full 6):
 PSYoungGen      total 584704K, used 480256K [0x00000000d5580000, 0x00000000ffc00000, 0x0000000100000000)
  eden space 478208K, 100% used [0x00000000d5580000,0x00000000f2880000,0x00000000f2880000)
  from space 106496K, 1% used [0x00000000f2880000,0x00000000f2a80000,0x00000000f9080000)
  to   space 102912K, 0% used [0x00000000f9780000,0x00000000f9780000,0x00000000ffc00000)
 ParOldGen       total 469504K, used 275942K [0x0000000080000000, 0x000000009ca80000, 0x00000000d5580000)
  object space 469504K, 58% used [0x0000000080000000,0x0000000090d79818,0x000000009ca80000)
 Metaspace       used 76816K, capacity 80678K, committed 80768K, reserved 1122304K
  class space    used 8123K, capacity 8770K, committed 8832K, reserved 1048576K
Event: 229.953 GC heap after
Heap after GC invocations=88 (full 6):
 PSYoungGen      total 585728K, used 2048K [0x00000000d5580000, 0x00000000ff580000, 0x0000000100000000)
  eden space 489472K, 0% used [0x00000000d5580000,0x00000000d5580000,0x00000000f3380000)
  from space 96256K, 2% used [0x00000000f9780000,0x00000000f9980000,0x00000000ff580000)
  to   space 99328K, 0% used [0x00000000f3380000,0x00000000f3380000,0x00000000f9480000)
 ParOldGen       total 469504K, used 275966K [0x0000000080000000, 0x000000009ca80000, 0x00000000d5580000)
  object space 469504K, 58% used [0x0000000080000000,0x0000000090d7f818,0x000000009ca80000)
 Metaspace       used 76816K, capacity 80678K, committed 80768K, reserved 1122304K
  class space    used 8123K, capacity 8770K, committed 8832K, reserved 1048576K
}
Event: 230.470 GC heap before
{Heap before GC invocations=89 (full 6):
 PSYoungGen      total 585728K, used 491520K [0x00000000d5580000, 0x00000000ff580000, 0x0000000100000000)
  eden space 489472K, 100% used [0x00000000d5580000,0x00000000f3380000,0x00000000f3380000)
  from space 96256K, 2% used [0x00000000f9780000,0x00000000f9980000,0x00000000ff580000)
  to   space 99328K, 0% used [0x00000000f3380000,0x00000000f3380000,0x00000000f9480000)
 ParOldGen       total 469504K, used 275966K [0x0000000080000000, 0x000000009ca80000, 0x00000000d5580000)
  object space 469504K, 58% used [0x0000000080000000,0x0000000090d7f818,0x000000009ca80000)
 Metaspace       used 76818K, capacity 80678K, committed 80768K, reserved 1122304K
  class space    used 8123K, capacity 8770K, committed 8832K, reserved 1048576K
Event: 230.477 GC heap after
Heap after GC invocations=89 (full 6):
 PSYoungGen      total 588800K, used 2048K [0x00000000d5580000, 0x00000000ffb00000, 0x0000000100000000)
  eden space 489472K, 0% used [0x00000000d5580000,0x00000000d5580000,0x00000000f3380000)
  from space 99328K, 2% used [0x00000000f3380000,0x00000000f3580000,0x00000000f9480000)
  to   space 95232K, 0% used [0x00000000f9e00000,0x00000000f9e00000,0x00000000ffb00000)
 ParOldGen       total 469504K, used 275998K [0x0000000080000000, 0x000000009ca80000, 0x00000000d5580000)
  object space 469504K, 58% used [0x0000000080000000,0x0000000090d87818,0x000000009ca80000)
 Metaspace       used 76818K, capacity 80678K, committed 80768K, reserved 1122304K
  class space    used 8123K, capacity 8770K, committed 8832K, reserved 1048576K
}
Event: 230.985 GC heap before
{Heap before GC invocations=90 (full 6):
 PSYoungGen      total 588800K, used 491520K [0x00000000d5580000, 0x00000000ffb00000, 0x0000000100000000)
  eden space 489472K, 100% used [0x00000000d5580000,0x00000000f3380000,0x00000000f3380000)
  from space 99328K, 2% used [0x00000000f3380000,0x00000000f3580000,0x00000000f9480000)
  to   space 95232K, 0% used [0x00000000f9e00000,0x00000000f9e00000,0x00000000ffb00000)
 ParOldGen       total 469504K, used 275998K [0x0000000080000000, 0x000000009ca80000, 0x00000000d5580000)
  object space 469504K, 58% used [0x0000000080000000,0x0000000090d87818,0x000000009ca80000)
 Metaspace       used 76820K, capacity 80678K, committed 80768K, reserved 1122304K
  class space    used 8123K, capacity 8770K, committed 8832K, reserved 1048576K
Event: 230.991 GC heap after
Heap after GC invocations=90 (full 6):
 PSYoungGen      total 592384K, used 2048K [0x00000000d5580000, 0x00000000ff400000, 0x0000000100000000)
  eden space 504320K, 0% used [0x00000000d5580000,0x00000000d5580000,0x00000000f4200000)
  from space 88064K, 2% used [0x00000000f9e00000,0x00000000fa000000,0x00000000ff400000)
  to   space 91136K, 0% used [0x00000000f4200000,0x00000000f4200000,0x00000000f9b00000)
 ParOldGen       total 469504K, used 276014K [0x0000000080000000, 0x000000009ca80000, 0x00000000d5580000)
  object space 469504K, 58% used [0x0000000080000000,0x0000000090d8b818,0x000000009ca80000)
 Metaspace       used 76820K, capacity 80678K, committed 80768K, reserved 1122304K
  class space    used 8123K, capacity 8770K, committed 8832K, reserved 1048576K
}
Event: 231.660 GC heap before
{Heap before GC invocations=91 (full 6):
 PSYoungGen      total 592384K, used 506368K [0x00000000d5580000, 0x00000000ff400000, 0x0000000100000000)
  eden space 504320K, 100% used [0x00000000d5580000,0x00000000f4200000,0x00000000f4200000)
  from space 88064K, 2% used [0x00000000f9e00000,0x00000000fa000000,0x00000000ff400000)
  to   space 91136K, 0% used [0x00000000f4200000,0x00000000f4200000,0x00000000f9b00000)
 ParOldGen       total 469504K, used 276014K [0x0000000080000000, 0x000000009ca80000, 0x00000000d5580000)
  object space 469504K, 58% used [0x0000000080000000,0x0000000090d8b818,0x000000009ca80000)
 Metaspace       used 76827K, capacity 80678K, committed 80768K, reserved 1122304K
  class space    used 8123K, capacity 8770K, committed 8832K, reserved 1048576K
Event: 231.669 GC heap after
Heap after GC invocations=91 (full 6):
 PSYoungGen      total 595456K, used 3104K [0x00000000d5580000, 0x00000000ffa00000, 0x0000000100000000)
  eden space 504320K, 0% used [0x00000000d5580000,0x00000000d5580000,0x00000000f4200000)
  from space 91136K, 3% used [0x00000000f4200000,0x00000000f4508010,0x00000000f9b00000)
  to   space 86528K, 0% used [0x00000000fa580000,0x00000000fa580000,0x00000000ffa00000)
 ParOldGen       total 469504K, used 276046K [0x0000000080000000, 0x000000009ca80000, 0x00000000d5580000)
  object space 469504K, 58% used [0x0000000080000000,0x0000000090d93828,0x000000009ca80000)
 Metaspace       used 76827K, capacity 80678K, committed 80768K, reserved 1122304K
  class space    used 8123K, capacity 8770K, committed 8832K, reserved 1048576K
}
Event: 285.217 GC heap before
{Heap before GC invocations=92 (full 6):
 PSYoungGen      total 595456K, used 507424K [0x00000000d5580000, 0x00000000ffa00000, 0x0000000100000000)
  eden space 504320K, 100% used [0x00000000d5580000,0x00000000f4200000,0x00000000f4200000)
  from space 91136K, 3% used [0x00000000f4200000,0x00000000f4508010,0x00000000f9b00000)
  to   space 86528K, 0% used [0x00000000fa580000,0x00000000fa580000,0x00000000ffa00000)
 ParOldGen       total 469504K, used 276046K [0x0000000080000000, 0x000000009ca80000, 0x00000000d5580000)
  object space 469504K, 58% used [0x0000000080000000,0x0000000090d93828,0x000000009ca80000)
 Metaspace       used 76887K, capacity 80814K, committed 81024K, reserved 1122304K
  class space    used 8124K, capacity 8770K, committed 8832K, reserved 1048576K
Event: 285.329 GC heap after
Heap after GC invocations=92 (full 6):
 PSYoungGen      total 504832K, used 86528K [0x00000000d5580000, 0x0000000100000000, 0x0000000100000000)
  eden space 418304K, 0% used [0x00000000d5580000,0x00000000d5580000,0x00000000eee00000)
  from space 86528K, 100% used [0x00000000fa580000,0x00000000ffa00000,0x00000000ffa00000)
  to   space 140288K, 0% used [0x00000000eee00000,0x00000000eee00000,0x00000000f7700000)
 ParOldGen       total 469504K, used 370814K [0x0000000080000000, 0x000000009ca80000, 0x00000000d5580000)
  object space 469504K, 78% used [0x0000000080000000,0x0000000096a1f828,0x000000009ca80000)
 Metaspace       used 76887K, capacity 80814K, committed 81024K, reserved 1122304K
  class space    used 8124K, capacity 8770K, committed 8832K, reserved 1048576K
}
Event: 306.283 GC heap before
{Heap before GC invocations=93 (full 6):
 PSYoungGen      total 504832K, used 504832K [0x00000000d5580000, 0x0000000100000000, 0x0000000100000000)
  eden space 418304K, 100% used [0x00000000d5580000,0x00000000eee00000,0x00000000eee00000)
  from space 86528K, 100% used [0x00000000fa580000,0x00000000ffa00000,0x00000000ffa00000)
  to   space 140288K, 0% used [0x00000000eee00000,0x00000000eee00000,0x00000000f7700000)
 ParOldGen       total 469504K, used 370814K [0x0000000080000000, 0x000000009ca80000, 0x00000000d5580000)
  object space 469504K, 78% used [0x0000000080000000,0x0000000096a1f828,0x000000009ca80000)
 Metaspace       used 76999K, capacity 80900K, committed 81024K, reserved 1122304K
  class space    used 8125K, capacity 8773K, committed 8832K, reserved 1048576K
Event: 306.327 GC heap after
Heap after GC invocations=93 (full 6):
 PSYoungGen      total 488448K, used 70128K [0x00000000d5580000, 0x0000000100000000, 0x0000000100000000)
  eden space 418304K, 0% used [0x00000000d5580000,0x00000000d5580000,0x00000000eee00000)
  from space 70144K, 99% used [0x00000000eee00000,0x00000000f327c030,0x00000000f3280000)
  to   space 143360K, 0% used [0x00000000f7400000,0x00000000f7400000,0x0000000100000000)
 ParOldGen       total 469504K, used 371974K [0x0000000080000000, 0x000000009ca80000, 0x00000000d5580000)
  object space 469504K, 79% used [0x0000000080000000,0x0000000096b41828,0x000000009ca80000)
 Metaspace       used 76999K, capacity 80900K, committed 81024K, reserved 1122304K
  class space    used 8125K, capacity 8773K, committed 8832K, reserved 1048576K
}
Event: 306.863 GC heap before
{Heap before GC invocations=94 (full 6):
 PSYoungGen      total 488448K, used 488432K [0x00000000d5580000, 0x0000000100000000, 0x0000000100000000)
  eden space 418304K, 100% used [0x00000000d5580000,0x00000000eee00000,0x00000000eee00000)
  from space 70144K, 99% used [0x00000000eee00000,0x00000000f327c030,0x00000000f3280000)
  to   space 143360K, 0% used [0x00000000f7400000,0x00000000f7400000,0x0000000100000000)
 ParOldGen       total 469504K, used 371974K [0x0000000080000000, 0x000000009ca80000, 0x00000000d5580000)
  object space 469504K, 79% used [0x0000000080000000,0x0000000096b41828,0x000000009ca80000)
 Metaspace       used 77002K, capacity 80900K, committed 81024K, reserved 1122304K
  class space    used 8126K, capacity 8773K, committed 8832K, reserved 1048576K
Event: 306.871 GC heap after
Heap after GC invocations=94 (full 6):
 PSYoungGen      total 560128K, used 2048K [0x00000000d5580000, 0x0000000100000000, 0x0000000100000000)
  eden space 416768K, 0% used [0x00000000d5580000,0x00000000d5580000,0x00000000eec80000)
  from space 143360K, 1% used [0x00000000f7400000,0x00000000f7600000,0x0000000100000000)
  to   space 138752K, 0% used [0x00000000eec80000,0x00000000eec80000,0x00000000f7400000)
 ParOldGen       total 469504K, used 373370K [0x0000000080000000, 0x000000009ca80000, 0x00000000d5580000)
  object space 469504K, 79% used [0x0000000080000000,0x0000000096c9e928,0x000000009ca80000)
 Metaspace       used 77002K, capacity 80900K, committed 81024K, reserved 1122304K
  class space    used 8126K, capacity 8773K, committed 8832K, reserved 1048576K
}
Event: 307.314 GC heap before
{Heap before GC invocations=95 (full 6):
 PSYoungGen      total 560128K, used 418816K [0x00000000d5580000, 0x0000000100000000, 0x0000000100000000)
  eden space 416768K, 100% used [0x00000000d5580000,0x00000000eec80000,0x00000000eec80000)
  from space 143360K, 1% used [0x00000000f7400000,0x00000000f7600000,0x0000000100000000)
  to   space 138752K, 0% used [0x00000000eec80000,0x00000000eec80000,0x00000000f7400000)
 ParOldGen       total 469504K, used 373370K [0x0000000080000000, 0x000000009ca80000, 0x00000000d5580000)
  object space 469504K, 79% used [0x0000000080000000,0x0000000096c9e928,0x000000009ca80000)
 Metaspace       used 77008K, capacity 80900K, committed 81024K, reserved 1122304K
  class space    used 8126K, capacity 8773K, committed 8832K, reserved 1048576K
Event: 307.322 GC heap after
Heap after GC invocations=95 (full 6):
 PSYoungGen      total 419328K, used 2256K [0x00000000d5580000, 0x00000000ff180000, 0x0000000100000000)
  eden space 416768K, 0% used [0x00000000d5580000,0x00000000d5580000,0x00000000eec80000)
  from space 2560K, 88% used [0x00000000eec80000,0x00000000eeeb4010,0x00000000eef00000)
  to   space 133632K, 0% used [0x00000000f6f00000,0x00000000f6f00000,0x00000000ff180000)
 ParOldGen       total 469504K, used 374026K [0x0000000080000000, 0x000000009ca80000, 0x00000000d5580000)
  object space 469504K, 79% used [0x0000000080000000,0x0000000096d42938,0x000000009ca80000)
 Metaspace       used 77008K, capacity 80900K, committed 81024K, reserved 1122304K
  class space    used 8126K, capacity 8773K, committed 8832K, reserved 1048576K
}
Event: 307.736 GC heap before
{Heap before GC invocations=96 (full 6):
 PSYoungGen      total 419328K, used 419024K [0x00000000d5580000, 0x00000000ff180000, 0x0000000100000000)
  eden space 416768K, 100% used [0x00000000d5580000,0x00000000eec80000,0x00000000eec80000)
  from space 2560K, 88% used [0x00000000eec80000,0x00000000eeeb4010,0x00000000eef00000)
  to   space 133632K, 0% used [0x00000000f6f00000,0x00000000f6f00000,0x00000000ff180000)
 ParOldGen       total 469504K, used 374026K [0x0000000080000000, 0x000000009ca80000, 0x00000000d5580000)
  object space 469504K, 79% used [0x0000000080000000,0x0000000096d42938,0x000000009ca80000)
 Metaspace       used 77008K, capacity 80900K, committed 81024K, reserved 1122304K
  class space    used 8126K, capacity 8773K, committed 8832K, reserved 1048576K
Event: 307.743 GC heap after
Heap after GC invocations=96 (full 6):
 PSYoungGen      total 555520K, used 864K [0x00000000d5580000, 0x0000000100000000, 0x0000000100000000)
  eden space 421888K, 0% used [0x00000000d5580000,0x00000000d5580000,0x00000000ef180000)
  from space 133632K, 0% used [0x00000000f6f00000,0x00000000f6fd8000,0x00000000ff180000)
  to   space 128512K, 0% used [0x00000000ef180000,0x00000000ef180000,0x00000000f6f00000)
 ParOldGen       total 469504K, used 374686K [0x0000000080000000, 0x000000009ca80000, 0x00000000d5580000)
  object space 469504K, 79% used [0x0000000080000000,0x0000000096de7968,0x000000009ca80000)
 Metaspace       used 77008K, capacity 80900K, committed 81024K, reserved 1122304K
  class space    used 8126K, capacity 8773K, committed 8832K, reserved 1048576K
}
Event: 308.164 GC heap before
{Heap before GC invocations=97 (full 6):
 PSYoungGen      total 555520K, used 422752K [0x00000000d5580000, 0x0000000100000000, 0x0000000100000000)
  eden space 421888K, 100% used [0x00000000d5580000,0x00000000ef180000,0x00000000ef180000)
  from space 133632K, 0% used [0x00000000f6f00000,0x00000000f6fd8000,0x00000000ff180000)
  to   space 128512K, 0% used [0x00000000ef180000,0x00000000ef180000,0x00000000f6f00000)
 ParOldGen       total 469504K, used 374686K [0x0000000080000000, 0x000000009ca80000, 0x00000000d5580000)
  object space 469504K, 79% used [0x0000000080000000,0x0000000096de7968,0x000000009ca80000)
 Metaspace       used 77008K, capacity 80900K, committed 81024K, reserved 1122304K
  class space    used 8126K, capacity 8773K, committed 8832K, reserved 1048576K
Event: 308.170 GC heap after
Heap after GC invocations=97 (full 6):
 PSYoungGen      total 550400K, used 896K [0x00000000d5580000, 0x00000000ff000000, 0x0000000100000000)
  eden space 421888K, 0% used [0x00000000d5580000,0x00000000d5580000,0x00000000ef180000)
  from space 128512K, 0% used [0x00000000ef180000,0x00000000ef260000,0x00000000f6f00000)
  to   space 122880K, 0% used [0x00000000f7800000,0x00000000f7800000,0x00000000ff000000)
 ParOldGen       total 469504K, used 374710K [0x0000000080000000, 0x000000009ca80000, 0x00000000d5580000)
  object space 469504K, 79% used [0x0000000080000000,0x0000000096ded968,0x000000009ca80000)
 Metaspace       used 77008K, capacity 80900K, committed 81024K, reserved 1122304K
  class space    used 8126K, capacity 8773K, committed 8832K, reserved 1048576K
}
Event: 308.583 GC heap before
{Heap before GC invocations=98 (full 6):
 PSYoungGen      total 550400K, used 422784K [0x00000000d5580000, 0x00000000ff000000, 0x0000000100000000)
  eden space 421888K, 100% used [0x00000000d5580000,0x00000000ef180000,0x00000000ef180000)
  from space 128512K, 0% used [0x00000000ef180000,0x00000000ef260000,0x00000000f6f00000)
  to   space 122880K, 0% used [0x00000000f7800000,0x00000000f7800000,0x00000000ff000000)
 ParOldGen       total 469504K, used 374710K [0x0000000080000000, 0x000000009ca80000, 0x00000000d5580000)
  object space 469504K, 79% used [0x0000000080000000,0x0000000096ded968,0x000000009ca80000)
 Metaspace       used 77008K, capacity 80900K, committed 81024K, reserved 1122304K
  class space    used 8126K, capacity 8773K, committed 8832K, reserved 1048576K
Event: 308.588 GC heap after
Heap after GC invocations=98 (full 6):
 PSYoungGen      total 564736K, used 288K [0x00000000d5580000, 0x00000000ff080000, 0x0000000100000000)
  eden space 441856K, 0% used [0x00000000d5580000,0x00000000d5580000,0x00000000f0500000)
  from space 122880K, 0% used [0x00000000f7800000,0x00000000f7848000,0x00000000ff000000)
  to   space 117760K, 0% used [0x00000000f0500000,0x00000000f0500000,0x00000000f7800000)
 ParOldGen       total 469504K, used 374734K [0x0000000080000000, 0x000000009ca80000, 0x00000000d5580000)
  object space 469504K, 79% used [0x0000000080000000,0x0000000096df3978,0x000000009ca80000)
 Metaspace       used 77008K, capacity 80900K, committed 81024K, reserved 1122304K
  class space    used 8126K, capacity 8773K, committed 8832K, reserved 1048576K
}
Event: 309.016 GC heap before
{Heap before GC invocations=99 (full 6):
 PSYoungGen      total 564736K, used 442144K [0x00000000d5580000, 0x00000000ff080000, 0x0000000100000000)
  eden space 441856K, 100% used [0x00000000d5580000,0x00000000f0500000,0x00000000f0500000)
  from space 122880K, 0% used [0x00000000f7800000,0x00000000f7848000,0x00000000ff000000)
  to   space 117760K, 0% used [0x00000000f0500000,0x00000000f0500000,0x00000000f7800000)
 ParOldGen       total 469504K, used 374734K [0x0000000080000000, 0x000000009ca80000, 0x00000000d5580000)
  object space 469504K, 79% used [0x0000000080000000,0x0000000096df3978,0x000000009ca80000)
 Metaspace       used 77009K, capacity 80900K, committed 81024K, reserved 1122304K
  class space    used 8126K, capacity 8773K, committed 8832K, reserved 1048576K
Event: 309.022 GC heap after
Heap after GC invocations=99 (full 6):
 PSYoungGen      total 559616K, used 672K [0x00000000d5580000, 0x00000000fef00000, 0x0000000100000000)
  eden space 441856K, 0% used [0x00000000d5580000,0x00000000d5580000,0x00000000f0500000)
  from space 117760K, 0% used [0x00000000f0500000,0x00000000f05a8000,0x00000000f7800000)
  to   space 111616K, 0% used [0x00000000f8200000,0x00000000f8200000,0x00000000fef00000)
 ParOldGen       total 469504K, used 374758K [0x0000000080000000, 0x000000009ca80000, 0x00000000d5580000)
  object space 469504K, 79% used [0x0000000080000000,0x0000000096df9978,0x000000009ca80000)
 Metaspace       used 77009K, capacity 80900K, committed 81024K, reserved 1122304K
  class space    used 8126K, capacity 8773K, committed 8832K, reserved 1048576K
}
Event: 309.442 GC heap before
{Heap before GC invocations=100 (full 6):
 PSYoungGen      total 559616K, used 442528K [0x00000000d5580000, 0x00000000fef00000, 0x0000000100000000)
  eden space 441856K, 100% used [0x00000000d5580000,0x00000000f0500000,0x00000000f0500000)
  from space 117760K, 0% used [0x00000000f0500000,0x00000000f05a8000,0x00000000f7800000)
  to   space 111616K, 0% used [0x00000000f8200000,0x00000000f8200000,0x00000000fef00000)
 ParOldGen       total 469504K, used 374758K [0x0000000080000000, 0x000000009ca80000, 0x00000000d5580000)
  object space 469504K, 79% used [0x0000000080000000,0x0000000096df9978,0x000000009ca80000)
 Metaspace       used 77009K, capacity 80900K, committed 81024K, reserved 1122304K
  class space    used 8126K, capacity 8773K, committed 8832K, reserved 1048576K
Event: 309.448 GC heap after
Heap after GC invocations=100 (full 6):
 PSYoungGen      total 575488K, used 864K [0x00000000d5580000, 0x00000000fef00000, 0x0000000100000000)
  eden space 463872K, 0% used [0x00000000d5580000,0x00000000d5580000,0x00000000f1a80000)
  from space 111616K, 0% used [0x00000000f8200000,0x00000000f82d8000,0x00000000fef00000)
  to   space 105984K, 0% used [0x00000000f1a80000,0x00000000f1a80000,0x00000000f8200000)
 ParOldGen       total 469504K, used 374774K [0x0000000080000000, 0x000000009ca80000, 0x00000000d5580000)
  object space 469504K, 79% used [0x0000000080000000,0x0000000096dfd978,0x000000009ca80000)
 Metaspace       used 77009K, capacity 80900K, committed 81024K, reserved 1122304K
  class space    used 8126K, capacity 8773K, committed 8832K, reserved 1048576K
}
Event: 309.892 GC heap before
{Heap before GC invocations=101 (full 6):
 PSYoungGen      total 575488K, used 464736K [0x00000000d5580000, 0x00000000fef00000, 0x0000000100000000)
  eden space 463872K, 100% used [0x00000000d5580000,0x00000000f1a80000,0x00000000f1a80000)
  from space 111616K, 0% used [0x00000000f8200000,0x00000000f82d8000,0x00000000fef00000)
  to   space 105984K, 0% used [0x00000000f1a80000,0x00000000f1a80000,0x00000000f8200000)
 ParOldGen       total 469504K, used 374774K [0x0000000080000000, 0x000000009ca80000, 0x00000000d5580000)
  object space 469504K, 79% used [0x0000000080000000,0x0000000096dfd978,0x000000009ca80000)
 Metaspace       used 77009K, capacity 80900K, committed 81024K, reserved 1122304K
  class space    used 8126K, capacity 8773K, committed 8832K, reserved 1048576K
Event: 309.900 GC heap after
Heap after GC invocations=101 (full 6):
 PSYoungGen      total 569856K, used 864K [0x00000000d5580000, 0x00000000fef80000, 0x0000000100000000)
  eden space 463872K, 0% used [0x00000000d5580000,0x00000000d5580000,0x00000000f1a80000)
  from space 105984K, 0% used [0x00000000f1a80000,0x00000000f1b58000,0x00000000f8200000)
  to   space 100352K, 0% used [0x00000000f8d80000,0x00000000f8d80000,0x00000000fef80000)
 ParOldGen       total 469504K, used 374806K [0x0000000080000000, 0x000000009ca80000, 0x00000000d5580000)
  object space 469504K, 79% used [0x0000000080000000,0x0000000096e05988,0x000000009ca80000)
 Metaspace       used 77009K, capacity 80900K, committed 81024K, reserved 1122304K
  class space    used 8126K, capacity 8773K, committed 8832K, reserved 1048576K
}
Event: 310.347 GC heap before
{Heap before GC invocations=102 (full 6):
 PSYoungGen      total 569856K, used 464736K [0x00000000d5580000, 0x00000000fef80000, 0x0000000100000000)
  eden space 463872K, 100% used [0x00000000d5580000,0x00000000f1a80000,0x00000000f1a80000)
  from space 105984K, 0% used [0x00000000f1a80000,0x00000000f1b58000,0x00000000f8200000)
  to   space 100352K, 0% used [0x00000000f8d80000,0x00000000f8d80000,0x00000000fef80000)
 ParOldGen       total 469504K, used 374806K [0x0000000080000000, 0x000000009ca80000, 0x00000000d5580000)
  object space 469504K, 79% used [0x0000000080000000,0x0000000096e05988,0x000000009ca80000)
 Metaspace       used 77010K, capacity 80900K, committed 81024K, reserved 1122304K
  class space    used 8126K, capacity 8773K, committed 8832K, reserved 1048576K
Event: 310.353 GC heap after
Heap after GC invocations=102 (full 6):
 PSYoungGen      total 587264K, used 864K [0x00000000d5580000, 0x00000000fef80000, 0x0000000100000000)
  eden space 486912K, 0% used [0x00000000d5580000,0x00000000d5580000,0x00000000f3100000)
  from space 100352K, 0% used [0x00000000f8d80000,0x00000000f8e58000,0x00000000fef80000)
  to   space 94720K, 0% used [0x00000000f3100000,0x00000000f3100000,0x00000000f8d80000)
 ParOldGen       total 469504K, used 374822K [0x0000000080000000, 0x000000009ca80000, 0x00000000d5580000)
  object space 469504K, 79% used [0x0000000080000000,0x0000000096e09988,0x000000009ca80000)
 Metaspace       used 77010K, capacity 80900K, committed 81024K, reserved 1122304K
  class space    used 8126K, capacity 8773K, committed 8832K, reserved 1048576K
}
Event: 310.892 GC heap before
{Heap before GC invocations=103 (full 6):
 PSYoungGen      total 587264K, used 487776K [0x00000000d5580000, 0x00000000fef80000, 0x0000000100000000)
  eden space 486912K, 100% used [0x00000000d5580000,0x00000000f3100000,0x00000000f3100000)
  from space 100352K, 0% used [0x00000000f8d80000,0x00000000f8e58000,0x00000000fef80000)
  to   space 94720K, 0% used [0x00000000f3100000,0x00000000f3100000,0x00000000f8d80000)
 ParOldGen       total 469504K, used 374822K [0x0000000080000000, 0x000000009ca80000, 0x00000000d5580000)
  object space 469504K, 79% used [0x0000000080000000,0x0000000096e09988,0x000000009ca80000)
 Metaspace       used 77020K, capacity 80908K, committed 81024K, reserved 1122304K
  class space    used 8126K, capacity 8773K, committed 8832K, reserved 1048576K
Event: 310.900 GC heap after
Heap after GC invocations=103 (full 6):
 PSYoungGen      total 581632K, used 928K [0x00000000d5580000, 0x00000000fef80000, 0x0000000100000000)
  eden space 486912K, 0% used [0x00000000d5580000,0x00000000d5580000,0x00000000f3100000)
  from space 94720K, 0% used [0x00000000f3100000,0x00000000f31e8000,0x00000000f8d80000)
  to   space 89088K, 0% used [0x00000000f9880000,0x00000000f9880000,0x00000000fef80000)
 ParOldGen       total 469504K, used 374854K [0x0000000080000000, 0x000000009ca80000, 0x00000000d5580000)
  object space 469504K, 79% used [0x0000000080000000,0x0000000096e11998,0x000000009ca80000)
 Metaspace       used 77020K, capacity 80908K, committed 81024K, reserved 1122304K
  class space    used 8126K, capacity 8773K, committed 8832K, reserved 1048576K
}
Event: 311.450 GC heap before
{Heap before GC invocations=104 (full 6):
 PSYoungGen      total 581632K, used 487840K [0x00000000d5580000, 0x00000000fef80000, 0x0000000100000000)
  eden space 486912K, 100% used [0x00000000d5580000,0x00000000f3100000,0x00000000f3100000)
  from space 94720K, 0% used [0x00000000f3100000,0x00000000f31e8000,0x00000000f8d80000)
  to   space 89088K, 0% used [0x00000000f9880000,0x00000000f9880000,0x00000000fef80000)
 ParOldGen       total 469504K, used 374854K [0x0000000080000000, 0x000000009ca80000, 0x00000000d5580000)
  object space 469504K, 79% used [0x0000000080000000,0x0000000096e11998,0x000000009ca80000)
 Metaspace       used 77026K, capacity 80976K, committed 81280K, reserved 1122304K
  class space    used 8126K, capacity 8773K, committed 8832K, reserved 1048576K
Event: 311.456 GC heap after
Heap after GC invocations=104 (full 6):
 PSYoungGen      total 598016K, used 480K [0x00000000d5580000, 0x00000000ff080000, 0x0000000100000000)
  eden space 508928K, 0% used [0x00000000d5580000,0x00000000d5580000,0x00000000f4680000)
  from space 89088K, 0% used [0x00000000f9880000,0x00000000f98f8000,0x00000000fef80000)
  to   space 83968K, 0% used [0x00000000f4680000,0x00000000f4680000,0x00000000f9880000)
 ParOldGen       total 469504K, used 374918K [0x0000000080000000, 0x000000009ca80000, 0x00000000d5580000)
  object space 469504K, 79% used [0x0000000080000000,0x0000000096e21998,0x000000009ca80000)
 Metaspace       used 77026K, capacity 80976K, committed 81280K, reserved 1122304K
  class space    used 8126K, capacity 8773K, committed 8832K, reserved 1048576K
}
Event: 312.025 GC heap before
{Heap before GC invocations=105 (full 6):
 PSYoungGen      total 598016K, used 509408K [0x00000000d5580000, 0x00000000ff080000, 0x0000000100000000)
  eden space 508928K, 100% used [0x00000000d5580000,0x00000000f4680000,0x00000000f4680000)
  from space 89088K, 0% used [0x00000000f9880000,0x00000000f98f8000,0x00000000fef80000)
  to   space 83968K, 0% used [0x00000000f4680000,0x00000000f4680000,0x00000000f9880000)
 ParOldGen       total 469504K, used 374918K [0x0000000080000000, 0x000000009ca80000, 0x00000000d5580000)
  object space 469504K, 79% used [0x0000000080000000,0x0000000096e21998,0x000000009ca80000)
 Metaspace       used 77030K, capacity 80984K, committed 81280K, reserved 1122304K
  class space    used 8126K, capacity 8773K, committed 8832K, reserved 1048576K
Event: 312.031 GC heap after
Heap after GC invocations=105 (full 6):
 PSYoungGen      total 592896K, used 480K [0x00000000d5580000, 0x00000000ff100000, 0x0000000100000000)
  eden space 508928K, 0% used [0x00000000d5580000,0x00000000d5580000,0x00000000f4680000)
  from space 83968K, 0% used [0x00000000f4680000,0x00000000f46f8000,0x00000000f9880000)
  to   space 78848K, 0% used [0x00000000fa400000,0x00000000fa400000,0x00000000ff100000)
 ParOldGen       total 469504K, used 374950K [0x0000000080000000, 0x000000009ca80000, 0x00000000d5580000)
  object space 469504K, 79% used [0x0000000080000000,0x0000000096e299a8,0x000000009ca80000)
 Metaspace       used 77030K, capacity 80984K, committed 81280K, reserved 1122304K
  class space    used 8126K, capacity 8773K, committed 8832K, reserved 1048576K
}
Event: 312.631 GC heap before
{Heap before GC invocations=106 (full 6):
 PSYoungGen      total 592896K, used 509408K [0x00000000d5580000, 0x00000000ff100000, 0x0000000100000000)
  eden space 508928K, 100% used [0x00000000d5580000,0x00000000f4680000,0x00000000f4680000)
  from space 83968K, 0% used [0x00000000f4680000,0x00000000f46f8000,0x00000000f9880000)
  to   space 78848K, 0% used [0x00000000fa400000,0x00000000fa400000,0x00000000ff100000)
 ParOldGen       total 469504K, used 374950K [0x0000000080000000, 0x000000009ca80000, 0x00000000d5580000)
  object space 469504K, 79% used [0x0000000080000000,0x0000000096e299a8,0x000000009ca80000)
 Metaspace       used 77033K, capacity 80984K, committed 81280K, reserved 1122304K
  class space    used 8126K, capacity 8773K, committed 8832K, reserved 1048576K
Event: 312.636 GC heap after
Heap after GC invocations=106 (full 6):
 PSYoungGen      total 609792K, used 480K [0x00000000d5580000, 0x00000000ff100000, 0x0000000100000000)
  eden space 530944K, 0% used [0x00000000d5580000,0x00000000d5580000,0x00000000f5c00000)
  from space 78848K, 0% used [0x00000000fa400000,0x00000000fa478000,0x00000000ff100000)
  to   space 73728K, 0% used [0x00000000f5c00000,0x00000000f5c00000,0x00000000fa400000)
 ParOldGen       total 469504K, used 374966K [0x0000000080000000, 0x000000009ca80000, 0x00000000d5580000)
  object space 469504K, 79% used [0x0000000080000000,0x0000000096e2d9a8,0x000000009ca80000)
 Metaspace       used 77033K, capacity 80984K, committed 81280K, reserved 1122304K
  class space    used 8126K, capacity 8773K, committed 8832K, reserved 1048576K
}
Event: 313.361 GC heap before
{Heap before GC invocations=107 (full 6):
 PSYoungGen      total 609792K, used 531424K [0x00000000d5580000, 0x00000000ff100000, 0x0000000100000000)
  eden space 530944K, 100% used [0x00000000d5580000,0x00000000f5c00000,0x00000000f5c00000)
  from space 78848K, 0% used [0x00000000fa400000,0x00000000fa478000,0x00000000ff100000)
  to   space 73728K, 0% used [0x00000000f5c00000,0x00000000f5c00000,0x00000000fa400000)
 ParOldGen       total 469504K, used 374966K [0x0000000080000000, 0x000000009ca80000, 0x00000000d5580000)
  object space 469504K, 79% used [0x0000000080000000,0x0000000096e2d9a8,0x000000009ca80000)
 Metaspace       used 77033K, capacity 80984K, committed 81280K, reserved 1122304K
  class space    used 8126K, capacity 8773K, committed 8832K, reserved 1048576K
Event: 313.367 GC heap after
Heap after GC invocations=107 (full 6):
 PSYoungGen      total 604672K, used 864K [0x00000000d5580000, 0x00000000ff200000, 0x0000000100000000)
  eden space 530944K, 0% used [0x00000000d5580000,0x00000000d5580000,0x00000000f5c00000)
  from space 73728K, 1% used [0x00000000f5c00000,0x00000000f5cd8000,0x00000000fa400000)
  to   space 69120K, 0% used [0x00000000fae80000,0x00000000fae80000,0x00000000ff200000)
 ParOldGen       total 469504K, used 374966K [0x0000000080000000, 0x000000009ca80000, 0x00000000d5580000)
  object space 469504K, 79% used [0x0000000080000000,0x0000000096e2d9a8,0x000000009ca80000)
 Metaspace       used 77033K, capacity 80984K, committed 81280K, reserved 1122304K
  class space    used 8126K, capacity 8773K, committed 8832K, reserved 1048576K
}
Event: 314.382 GC heap before
{Heap before GC invocations=108 (full 6):
 PSYoungGen      total 604672K, used 531808K [0x00000000d5580000, 0x00000000ff200000, 0x0000000100000000)
  eden space 530944K, 100% used [0x00000000d5580000,0x00000000f5c00000,0x00000000f5c00000)
  from space 73728K, 1% used [0x00000000f5c00000,0x00000000f5cd8000,0x00000000fa400000)
  to   space 69120K, 0% used [0x00000000fae80000,0x00000000fae80000,0x00000000ff200000)
 ParOldGen       total 469504K, used 374966K [0x0000000080000000, 0x000000009ca80000, 0x00000000d5580000)
  object space 469504K, 79% used [0x0000000080000000,0x0000000096e2d9a8,0x000000009ca80000)
 Metaspace       used 77033K, capacity 80984K, committed 81280K, reserved 1122304K
  class space    used 8126K, capacity 8773K, committed 8832K, reserved 1048576K
Event: 314.388 GC heap after
Heap after GC invocations=108 (full 6):
 PSYoungGen      total 620032K, used 864K [0x00000000d5580000, 0x00000000ff280000, 0x0000000100000000)
  eden space 550912K, 0% used [0x00000000d5580000,0x00000000d5580000,0x00000000f6f80000)
  from space 69120K, 1% used [0x00000000fae80000,0x00000000faf58000,0x00000000ff200000)
  to   space 64512K, 0% used [0x00000000f6f80000,0x00000000f6f80000,0x00000000fae80000)
 ParOldGen       total 469504K, used 374966K [0x0000000080000000, 0x000000009ca80000, 0x00000000d5580000)
  object space 469504K, 79% used [0x0000000080000000,0x0000000096e2d9a8,0x000000009ca80000)
 Metaspace       used 77033K, capacity 80984K, committed 81280K, reserved 1122304K
  class space    used 8126K, capacity 8773K, committed 8832K, reserved 1048576K
}
Event: 315.444 GC heap before
{Heap before GC invocations=109 (full 6):
 PSYoungGen      total 620032K, used 551776K [0x00000000d5580000, 0x00000000ff280000, 0x0000000100000000)
  eden space 550912K, 100% used [0x00000000d5580000,0x00000000f6f80000,0x00000000f6f80000)
  from space 69120K, 1% used [0x00000000fae80000,0x00000000faf58000,0x00000000ff200000)
  to   space 64512K, 0% used [0x00000000f6f80000,0x00000000f6f80000,0x00000000fae80000)
 ParOldGen       total 469504K, used 374966K [0x0000000080000000, 0x000000009ca80000, 0x00000000d5580000)
  object space 469504K, 79% used [0x0000000080000000,0x0000000096e2d9a8,0x000000009ca80000)
 Metaspace       used 77033K, capacity 80984K, committed 81280K, reserved 1122304K
  class space    used 8126K, capacity 8773K, committed 8832K, reserved 1048576K
Event: 315.449 GC heap after
Heap after GC invocations=109 (full 6):
 PSYoungGen      total 615424K, used 864K [0x00000000d5580000, 0x00000000ff380000, 0x0000000100000000)
  eden space 550912K, 0% used [0x00000000d5580000,0x00000000d5580000,0x00000000f6f80000)
  from space 64512K, 1% used [0x00000000f6f80000,0x00000000f7058000,0x00000000fae80000)
  to   space 60416K, 0% used [0x00000000fb880000,0x00000000fb880000,0x00000000ff380000)
 ParOldGen       total 469504K, used 374974K [0x0000000080000000, 0x000000009ca80000, 0x00000000d5580000)
  object space 469504K, 79% used [0x0000000080000000,0x0000000096e2f9a8,0x000000009ca80000)
 Metaspace       used 77033K, capacity 80984K, committed 81280K, reserved 1122304K
  class space    used 8126K, capacity 8773K, committed 8832K, reserved 1048576K
}
Event: 316.569 GC heap before
{Heap before GC invocations=110 (full 6):
 PSYoungGen      total 615424K, used 551776K [0x00000000d5580000, 0x00000000ff380000, 0x0000000100000000)
  eden space 550912K, 100% used [0x00000000d5580000,0x00000000f6f80000,0x00000000f6f80000)
  from space 64512K, 1% used [0x00000000f6f80000,0x00000000f7058000,0x00000000fae80000)
  to   space 60416K, 0% used [0x00000000fb880000,0x00000000fb880000,0x00000000ff380000)
 ParOldGen       total 469504K, used 374974K [0x0000000080000000, 0x000000009ca80000, 0x00000000d5580000)
  object space 469504K, 79% used [0x0000000080000000,0x0000000096e2f9a8,0x000000009ca80000)
 Metaspace       used 77038K, capacity 80984K, committed 81280K, reserved 1122304K
  class space    used 8126K, capacity 8773K, committed 8832K, reserved 1048576K
Event: 316.575 GC heap after
Heap after GC invocations=110 (full 6):
 PSYoungGen      total 629760K, used 544K [0x00000000d5580000, 0x00000000ff400000, 0x0000000100000000)
  eden space 569344K, 0% used [0x00000000d5580000,0x00000000d5580000,0x00000000f8180000)
  from space 60416K, 0% used [0x00000000fb880000,0x00000000fb908000,0x00000000ff380000)
  to   space 56320K, 0% used [0x00000000f8180000,0x00000000f8180000,0x00000000fb880000)
 ParOldGen       total 469504K, used 374974K [0x0000000080000000, 0x000000009ca80000, 0x00000000d5580000)
  object space 469504K, 79% used [0x0000000080000000,0x0000000096e2f9a8,0x000000009ca80000)
 Metaspace       used 77038K, capacity 80984K, committed 81280K, reserved 1122304K
  class space    used 8126K, capacity 8773K, committed 8832K, reserved 1048576K
}

