<?xml version="1.0" encoding="UTF-8"?>
<testsuite xmlns:xsi="http://www.w3.org/2001/XMLSchema-instance" xsi:noNamespaceSchemaLocation="https://maven.apache.org/surefire/maven-surefire-plugin/xsd/surefire-test-report.xsd" name="org.apache.hadoop.ozone.scm.TestSCMInstallSnapshotWithHA" time="200.961" tests="3" errors="1" skipped="0" failures="0">
  <properties>
[...]
</properties>
  <testcase name="testInstallSnapshot" classname="org.apache.hadoop.ozone.scm.TestSCMInstallSnapshotWithHA" time="74.8"/>
  <testcase name="testInstallOldCheckpointFailure" classname="org.apache.hadoop.ozone.scm.TestSCMInstallSnapshotWithHA" time="66.023">
    <error type="java.lang.IllegalThreadStateException">java.lang.IllegalThreadStateException
	at java.lang.Thread.start(Thread.java:710)
	at org.apache.hadoop.ipc.Server.start(Server.java:3396)
	at org.apache.hadoop.hdds.scm.server.SCMDatanodeProtocolServer.start(SCMDatanodeProtocolServer.java:188)
	at org.apache.hadoop.hdds.scm.ha.SCMStateMachine.notifyTermIndexUpdated(SCMStateMachine.java:340)
	at org.apache.hadoop.ozone.scm.TestSCMInstallSnapshotWithHA.testInstallOldCheckpointFailure(TestSCMInstallSnapshotWithHA.java:183)
	at sun.reflect.NativeMethodAccessorImpl.invoke0(Native Method)
	at sun.reflect.NativeMethodAccessorImpl.invoke(NativeMethodAccessorImpl.java:62)
	at sun.reflect.DelegatingMethodAccessorImpl.invoke(DelegatingMethodAccessorImpl.java:43)
	at java.lang.reflect.Method.invoke(Method.java:498)
	at org.junit.platform.commons.util.ReflectionUtils.invokeMethod(ReflectionUtils.java:688)
	at org.junit.jupiter.engine.execution.MethodInvocation.proceed(MethodInvocation.java:60)
	at org.junit.jupiter.engine.execution.InvocationInterceptorChain$ValidatingInvocation.proceed(InvocationInterceptorChain.java:131)
	at org.junit.jupiter.engine.extension.TimeoutInvocation.proceed(TimeoutInvocation.java:46)
	at org.junit.jupiter.engine.extension.TimeoutExtension.intercept(TimeoutExtension.java:149)
	at org.junit.jupiter.engine.extension.TimeoutExtension.interceptTestableMethod(TimeoutExtension.java:140)
	at org.junit.jupiter.engine.extension.TimeoutExtension.interceptTestMethod(TimeoutExtension.java:84)
	at org.junit.jupiter.engine.execution.ExecutableInvoker$ReflectiveInterceptorCall.lambda$ofVoidMethod$0(ExecutableInvoker.java:115)
	at org.junit.jupiter.engine.execution.ExecutableInvoker.lambda$invoke$0(ExecutableInvoker.java:105)
	at org.junit.jupiter.engine.execution.InvocationInterceptorChain$InterceptedInvocation.proceed(InvocationInterceptorChain.java:106)
	at org.junit.jupiter.engine.execution.InvocationInterceptorChain.proceed(InvocationInterceptorChain.java:64)
	at org.junit.jupiter.engine.execution.InvocationInterceptorChain.chainAndInvoke(InvocationInterceptorChain.java:45)
	at org.junit.jupiter.engine.execution.InvocationInterceptorChain.invoke(InvocationInterceptorChain.java:37)
	at org.junit.jupiter.engine.execution.ExecutableInvoker.invoke(ExecutableInvoker.java:104)
	at org.junit.jupiter.engine.execution.ExecutableInvoker.invoke(ExecutableInvoker.java:98)
	at org.junit.jupiter.engine.descriptor.TestMethodTestDescriptor.lambda$invokeTestMethod$6(TestMethodTestDescriptor.java:210)
	at org.junit.platform.engine.support.hierarchical.ThrowableCollector.execute(ThrowableCollector.java:73)
	at org.junit.jupiter.engine.descriptor.TestMethodTestDescriptor.invokeTestMethod(TestMethodTestDescriptor.java:206)
	at org.junit.jupiter.engine.descriptor.TestMethodTestDescriptor.execute(TestMethodTestDescriptor.java:131)
	at org.junit.jupiter.engine.descriptor.TestMethodTestDescriptor.execute(TestMethodTestDescriptor.java:65)
	at org.junit.platform.engine.support.hierarchical.NodeTestTask.lambda$executeRecursively$5(NodeTestTask.java:139)
	at org.junit.platform.engine.support.hierarchical.ThrowableCollector.execute(ThrowableCollector.java:73)
	at org.junit.platform.engine.support.hierarchical.NodeTestTask.lambda$executeRecursively$7(NodeTestTask.java:129)
	at org.junit.platform.engine.support.hierarchical.Node.around(Node.java:137)
	at org.junit.platform.engine.support.hierarchical.NodeTestTask.lambda$executeRecursively$8(NodeTestTask.java:127)
	at org.junit.platform.engine.support.hierarchical.ThrowableCollector.execute(ThrowableCollector.java:73)
	at org.junit.platform.engine.support.hierarchical.NodeTestTask.executeRecursively(NodeTestTask.java:126)
	at org.junit.platform.engine.support.hierarchical.NodeTestTask.execute(NodeTestTask.java:84)
	at java.util.ArrayList.forEach(ArrayList.java:1259)
	at org.junit.platform.engine.support.hierarchical.SameThreadHierarchicalTestExecutorService.invokeAll(SameThreadHierarchicalTestExecutorService.java:38)
	at org.junit.platform.engine.support.hierarchical.NodeTestTask.lambda$executeRecursively$5(NodeTestTask.java:143)
	at org.junit.platform.engine.support.hierarchical.ThrowableCollector.execute(ThrowableCollector.java:73)
	at org.junit.platform.engine.support.hierarchical.NodeTestTask.lambda$executeRecursively$7(NodeTestTask.java:129)
	at org.junit.platform.engine.support.hierarchical.Node.around(Node.java:137)
	at org.junit.platform.engine.support.hierarchical.NodeTestTask.lambda$executeRecursively$8(NodeTestTask.java:127)
	at org.junit.platform.engine.support.hierarchical.ThrowableCollector.execute(ThrowableCollector.java:73)
	at org.junit.platform.engine.support.hierarchical.NodeTestTask.executeRecursively(NodeTestTask.java:126)
	at org.junit.platform.engine.support.hierarchical.NodeTestTask.execute(NodeTestTask.java:84)
	at java.util.ArrayList.forEach(ArrayList.java:1259)
	at org.junit.platform.engine.support.hierarchical.SameThreadHierarchicalTestExecutorService.invokeAll(SameThreadHierarchicalTestExecutorService.java:38)
	at org.junit.platform.engine.support.hierarchical.NodeTestTask.lambda$executeRecursively$5(NodeTestTask.java:143)
	at org.junit.platform.engine.support.hierarchical.ThrowableCollector.execute(ThrowableCollector.java:73)
	at org.junit.platform.engine.support.hierarchical.NodeTestTask.lambda$executeRecursively$7(NodeTestTask.java:129)
	at org.junit.platform.engine.support.hierarchical.Node.around(Node.java:137)
	at org.junit.platform.engine.support.hierarchical.NodeTestTask.lambda$executeRecursively$8(NodeTestTask.java:127)
	at org.junit.platform.engine.support.hierarchical.ThrowableCollector.execute(ThrowableCollector.java:73)
	at org.junit.platform.engine.support.hierarchical.NodeTestTask.executeRecursively(NodeTestTask.java:126)
	at org.junit.platform.engine.support.hierarchical.NodeTestTask.execute(NodeTestTask.java:84)
	at org.junit.platform.engine.support.hierarchical.SameThreadHierarchicalTestExecutorService.submit(SameThreadHierarchicalTestExecutorService.java:32)
	at org.junit.platform.engine.support.hierarchical.HierarchicalTestExecutor.execute(HierarchicalTestExecutor.java:57)
	at org.junit.platform.engine.support.hierarchical.HierarchicalTestEngine.execute(HierarchicalTestEngine.java:51)
	at org.junit.platform.launcher.core.EngineExecutionOrchestrator.execute(EngineExecutionOrchestrator.java:108)
	at org.junit.platform.launcher.core.EngineExecutionOrchestrator.execute(EngineExecutionOrchestrator.java:88)
	at org.junit.platform.launcher.core.EngineExecutionOrchestrator.lambda$execute$0(EngineExecutionOrchestrator.java:54)
	at org.junit.platform.launcher.core.EngineExecutionOrchestrator.withInterceptedStreams(EngineExecutionOrchestrator.java:67)
	at org.junit.platform.launcher.core.EngineExecutionOrchestrator.execute(EngineExecutionOrchestrator.java:52)
	at org.junit.platform.launcher.core.DefaultLauncher.execute(DefaultLauncher.java:96)
	at org.junit.platform.launcher.core.DefaultLauncher.execute(DefaultLauncher.java:75)
	at org.apache.maven.surefire.junitplatform.JUnitPlatformProvider.invokeAllTests(JUnitPlatformProvider.java:142)
	at org.apache.maven.surefire.junitplatform.JUnitPlatformProvider.invoke(JUnitPlatformProvider.java:113)
	at org.apache.maven.surefire.booter.ForkedBooter.invokeProviderInSameClassLoader(ForkedBooter.java:384)
	at org.apache.maven.surefire.booter.ForkedBooter.runSuitesInProcess(ForkedBooter.java:345)
	at org.apache.maven.surefire.booter.ForkedBooter.execute(ForkedBooter.java:126)
	at org.apache.maven.surefire.booter.ForkedBooter.main(ForkedBooter.java:418)
</error>
    <system-out><![CDATA[2022-03-03 08:19:54,444 [Listener at 127.0.0.1/45745] WARN  server.ServerUtils (ServerUtils.java:getScmDbDir(148)) - ozone.scm.db.dirs is not configured. We recommend adding this setting. Falling back to ozone.metadata.dirs instead.
2022-03-03 08:19:54,445 [Listener at 127.0.0.1/45745] INFO  ha.SCMHANodeDetails (SCMHANodeDetails.java:loadSCMHAConfig(157)) - ServiceID for StorageContainerManager is scm-service-test1
2022-03-03 08:19:54,445 [Listener at 127.0.0.1/45745] INFO  ha.SCMHANodeDetails (SCMHANodeDetails.java:loadSCMHAConfig(168)) - ServiceID for StorageContainerManager is scm-service-test1
2022-03-03 08:19:54,445 [Listener at 127.0.0.1/45745] WARN  scm.ScmUtils (ScmUtils.java:logWarn(179)) - ConfigKey ozone.scm.block.client.address is deprecated, For configuring different ports for each SCM use PortConfigKey ozone.scm.block.client.port appended with serviceId and nodeId. If want to configure same port configure ozone.scm.block.client.port
2022-03-03 08:19:54,445 [Listener at 127.0.0.1/45745] WARN  scm.ScmUtils (ScmUtils.java:logWarn(179)) - ConfigKey ozone.scm.client.address is deprecated, For configuring different ports for each SCM use PortConfigKey ozone.scm.client.port appended with serviceId and nodeId. If want to configure same port configure ozone.scm.client.port
2022-03-03 08:19:54,446 [Listener at 127.0.0.1/45745] WARN  scm.ScmUtils (ScmUtils.java:logWarn(179)) - ConfigKey ozone.scm.datanode.address is deprecated, For configuring different ports for each SCM use PortConfigKey ozone.scm.datanode.port appended with serviceId and nodeId. If want to configure same port configure ozone.scm.datanode.port
2022-03-03 08:19:54,446 [Listener at 127.0.0.1/45745] WARN  scm.ScmUtils (ScmUtils.java:logWarn(179)) - ConfigKey ozone.scm.block.client.address is deprecated, For configuring different ports for each SCM use PortConfigKey ozone.scm.block.client.port appended with serviceId and nodeId. If want to configure same port configure ozone.scm.block.client.port
2022-03-03 08:19:54,446 [Listener at 127.0.0.1/45745] WARN  scm.ScmUtils (ScmUtils.java:logWarn(179)) - ConfigKey ozone.scm.client.address is deprecated, For configuring different ports for each SCM use PortConfigKey ozone.scm.client.port appended with serviceId and nodeId. If want to configure same port configure ozone.scm.client.port
2022-03-03 08:19:54,447 [Listener at 127.0.0.1/45745] WARN  scm.ScmUtils (ScmUtils.java:logWarn(179)) - ConfigKey ozone.scm.datanode.address is deprecated, For configuring different ports for each SCM use PortConfigKey ozone.scm.datanode.port appended with serviceId and nodeId. If want to configure same port configure ozone.scm.datanode.port
2022-03-03 08:19:54,447 [Listener at 127.0.0.1/45745] INFO  ha.SCMHANodeDetails (SCMHANodeDetails.java:loadSCMHAConfig(250)) - Found matching SCM address with SCMServiceId: scm-service-test1, SCMNodeId: scmNode-1, RPC Address: localhost:44949 and Ratis port: 44949
2022-03-03 08:19:54,447 [Listener at 127.0.0.1/45745] INFO  ha.SCMHANodeDetails (ConfUtils.java:setNodeSpecificConfigs(108)) - Setting configuration key ozone.scm.datanode.address with value of key ozone.scm.datanode.address.scm-service-test1.scmNode-1: 127.0.0.1:35645
2022-03-03 08:19:54,448 [Listener at 127.0.0.1/45745] INFO  ha.SCMHANodeDetails (ConfUtils.java:setNodeSpecificConfigs(108)) - Setting configuration key ozone.scm.block.client.address with value of key ozone.scm.block.client.address.scm-service-test1.scmNode-1: 127.0.0.1:44091
2022-03-03 08:19:54,448 [Listener at 127.0.0.1/45745] INFO  ha.SCMHANodeDetails (ConfUtils.java:setNodeSpecificConfigs(108)) - Setting configuration key ozone.scm.client.address with value of key ozone.scm.client.address.scm-service-test1.scmNode-1: 127.0.0.1:37185
2022-03-03 08:19:54,448 [Listener at 127.0.0.1/45745] INFO  ha.SCMHANodeDetails (ConfUtils.java:setNodeSpecificConfigs(108)) - Setting configuration key ozone.scm.ratis.port with value of key ozone.scm.ratis.port.scm-service-test1.scmNode-1: 44949
2022-03-03 08:19:54,449 [Listener at 127.0.0.1/45745] INFO  ha.SCMHANodeDetails (ConfUtils.java:setNodeSpecificConfigs(108)) - Setting configuration key ozone.scm.grpc.port with value of key ozone.scm.grpc.port.scm-service-test1.scmNode-1: 37221
2022-03-03 08:19:54,449 [Listener at 127.0.0.1/45745] INFO  ha.SCMHANodeDetails (ConfUtils.java:setNodeSpecificConfigs(108)) - Setting configuration key ozone.scm.http-address with value of key ozone.scm.http-address.scm-service-test1.scmNode-1: 127.0.0.1:33199
2022-03-03 08:19:54,452 [Listener at 127.0.0.1/45745] INFO  ha.SCMHANodeDetails (ConfUtils.java:setNodeSpecificConfigs(108)) - Setting configuration key ozone.scm.https-address with value of key ozone.scm.https-address.scm-service-test1.scmNode-1: 127.0.0.1:34867
2022-03-03 08:19:54,452 [Listener at 127.0.0.1/45745] INFO  ha.SCMHANodeDetails (ConfUtils.java:setNodeSpecificConfigs(108)) - Setting configuration key ozone.scm.address with value of key ozone.scm.address.scm-service-test1.scmNode-1: 127.0.0.1
2022-03-03 08:19:54,453 [Listener at 127.0.0.1/45745] WARN  scm.ScmUtils (ScmUtils.java:logWarn(179)) - ConfigKey ozone.scm.block.client.address is deprecated, For configuring different ports for each SCM use PortConfigKey ozone.scm.block.client.port appended with serviceId and nodeId. If want to configure same port configure ozone.scm.block.client.port
2022-03-03 08:19:54,455 [Listener at 127.0.0.1/45745] WARN  scm.ScmUtils (ScmUtils.java:logWarn(179)) - ConfigKey ozone.scm.client.address is deprecated, For configuring different ports for each SCM use PortConfigKey ozone.scm.client.port appended with serviceId and nodeId. If want to configure same port configure ozone.scm.client.port
2022-03-03 08:19:54,455 [Listener at 127.0.0.1/45745] WARN  scm.ScmUtils (ScmUtils.java:logWarn(179)) - ConfigKey ozone.scm.datanode.address is deprecated, For configuring different ports for each SCM use PortConfigKey ozone.scm.datanode.port appended with serviceId and nodeId. If want to configure same port configure ozone.scm.datanode.port
2022-03-03 08:19:54,465 [Listener at 127.0.0.1/45745] INFO  server.RaftServer (ConfUtils.java:logGet(44)) - raft.rpc.type = GRPC (default)
2022-03-03 08:19:54,466 [Listener at 127.0.0.1/45745] INFO  grpc.GrpcFactory (GrpcFactory.java:checkPooledByteBufAllocatorUseCacheForAllThreads(48)) - PERFORMANCE WARNING: useCacheForAllThreads is true that may cause Netty to create a lot garbage objects and, as a result, trigger GC.
	It is recommended to disable useCacheForAllThreads by setting -Dorg.apache.ratis.thirdparty.io.netty.allocator.useCacheForAllThreads=false in command line.
2022-03-03 08:19:54,466 [Listener at 127.0.0.1/45745] INFO  grpc.GrpcConfigKeys (ConfUtils.java:logGet(44)) - raft.grpc.admin.port = -1 (default)
2022-03-03 08:19:54,466 [Listener at 127.0.0.1/45745] INFO  grpc.GrpcConfigKeys (ConfUtils.java:logGet(44)) - raft.grpc.server.port = 44949 (custom)
2022-03-03 08:19:54,466 [Listener at 127.0.0.1/45745] INFO  grpc.GrpcConfigKeys (ConfUtils.java:logGet(44)) - raft.grpc.client.port = -1 (default)
2022-03-03 08:19:54,467 [Listener at 127.0.0.1/45745] INFO  grpc.GrpcConfigKeys (ConfUtils.java:logGet(44)) - raft.grpc.server.port = 44949 (custom)
2022-03-03 08:19:54,467 [Listener at 127.0.0.1/45745] INFO  grpc.GrpcConfigKeys (ConfUtils.java:logGet(44)) - raft.grpc.server.port = 44949 (custom)
2022-03-03 08:19:54,467 [Listener at 127.0.0.1/45745] INFO  server.GrpcService (ConfUtils.java:logGet(44)) - raft.grpc.message.size.max = 32m (=33554432) (custom)
2022-03-03 08:19:54,467 [Listener at 127.0.0.1/45745] INFO  server.RaftServerConfigKeys (ConfUtils.java:logGet(44)) - raft.server.log.appender.buffer.byte-limit = 33554432 (custom)
2022-03-03 08:19:54,468 [Listener at 127.0.0.1/45745] INFO  server.GrpcService (ConfUtils.java:logGet(44)) - raft.grpc.flow.control.window = 1MB (=1048576) (default)
2022-03-03 08:19:54,468 [Listener at 127.0.0.1/45745] INFO  server.RaftServerConfigKeys (ConfUtils.java:logGet(44)) - raft.server.rpc.request.timeout = 30000ms (custom)
2022-03-03 08:19:54,471 [Listener at 127.0.0.1/45745] INFO  impl.DataStreamServerImpl (ConfUtils.java:logGet(44)) - raft.datastream.type = DISABLED (default)
2022-03-03 08:19:54,472 [Listener at 127.0.0.1/45745] INFO  server.RaftServerConfigKeys (ConfUtils.java:logGet(44)) - raft.server.rpc.slowness.timeout = 120000ms (custom)
2022-03-03 08:19:54,473 [Listener at 127.0.0.1/45745] INFO  server.RaftServerConfigKeys (ConfUtils.java:logGet(44)) - raft.server.leaderelection.leader.step-down.wait-time = 10s (default)
2022-03-03 08:19:54,474 [Listener at 127.0.0.1/45745] INFO  server.RaftServerConfigKeys (ConfUtils.java:logGet(44)) - raft.server.storage.dir = [/home/runner/work/ozone/ozone/hadoop-ozone/integration-test/target/test-dir/MiniOzoneClusterImpl-5b82a1ad-a074-4eb8-9e24-eb4e8d1567b6/scmNode-1/scm-ha] (custom)
2022-03-03 08:19:54,475 [Listener at 127.0.0.1/45745] INFO  server.RaftServer (RaftServerProxy.java:addNew(95)) - e7338982-199b-4e5a-937e-5a36927222d8: addNew group-EB4E8D1567B6:[e7338982-199b-4e5a-937e-5a36927222d8|rpc:localhost:44949|priority:0] returns group-EB4E8D1567B6:java.util.concurrent.CompletableFuture@632d04d[Not completed]
2022-03-03 08:19:54,475 [pool-226-thread-1] INFO  server.RaftServer$Division (RaftServerImpl.java:<init>(184)) - e7338982-199b-4e5a-937e-5a36927222d8: new RaftServerImpl for group-EB4E8D1567B6:[e7338982-199b-4e5a-937e-5a36927222d8|rpc:localhost:44949|priority:0] with SCMStateMachine:uninitialized
2022-03-03 08:19:54,475 [pool-226-thread-1] INFO  server.RaftServerConfigKeys (ConfUtils.java:logGet(44)) - raft.server.rpc.timeout.min = 5000ms (custom)
2022-03-03 08:19:54,476 [pool-226-thread-1] INFO  server.RaftServerConfigKeys (ConfUtils.java:logGet(44)) - raft.server.rpc.timeout.max = 5200ms (custom)
2022-03-03 08:19:54,476 [pool-226-thread-1] INFO  server.RaftServerConfigKeys (ConfUtils.java:logGet(44)) - raft.server.rpc.sleep.time = 25ms (default)
2022-03-03 08:19:54,476 [pool-226-thread-1] INFO  server.RaftServerConfigKeys (ConfUtils.java:logGet(44)) - raft.server.rpc.slowness.timeout = 120000ms (custom)
2022-03-03 08:19:54,476 [pool-226-thread-1] INFO  server.RaftServerConfigKeys (ConfUtils.java:logGet(44)) - raft.server.leaderelection.leader.step-down.wait-time = 10s (default)
2022-03-03 08:19:54,476 [pool-226-thread-1] INFO  server.RaftServerConfigKeys (ConfUtils.java:logGet(44)) - raft.server.sleep.deviation.threshold = 300ms (default)
2022-03-03 08:19:54,476 [pool-226-thread-1] INFO  server.RaftServerConfigKeys (ConfUtils.java:logGet(44)) - raft.server.log.appender.install.snapshot.enabled = false (custom)
2022-03-03 08:19:54,476 [pool-226-thread-1] INFO  server.RaftServer$Division (ServerState.java:<init>(105)) - e7338982-199b-4e5a-937e-5a36927222d8@group-EB4E8D1567B6: ConfigurationManager, init=-1: [e7338982-199b-4e5a-937e-5a36927222d8|rpc:localhost:44949|priority:0], old=null, confs=<EMPTY_MAP>
2022-03-03 08:19:54,476 [pool-226-thread-1] INFO  server.RaftServerConfigKeys (ConfUtils.java:logGet(44)) - raft.server.storage.dir = [/home/runner/work/ozone/ozone/hadoop-ozone/integration-test/target/test-dir/MiniOzoneClusterImpl-5b82a1ad-a074-4eb8-9e24-eb4e8d1567b6/scmNode-1/scm-ha] (custom)
2022-03-03 08:19:54,477 [pool-226-thread-1] INFO  server.RaftServerConfigKeys (ConfUtils.java:logGet(44)) - raft.server.log.corruption.policy = EXCEPTION (default)
2022-03-03 08:19:54,477 [pool-226-thread-1] INFO  server.RaftServerConfigKeys (ConfUtils.java:logGet(44)) - raft.server.storage.free-space.min = 0MB (=0) (default)
2022-03-03 08:19:54,477 [pool-226-thread-1] INFO  storage.RaftStorageDirectory (RaftStorageDirectoryImpl.java:analyzeStorage(135)) - The storage directory /home/runner/work/ozone/ozone/hadoop-ozone/integration-test/target/test-dir/MiniOzoneClusterImpl-5b82a1ad-a074-4eb8-9e24-eb4e8d1567b6/scmNode-1/scm-ha/5b82a1ad-a074-4eb8-9e24-eb4e8d1567b6 does not exist. Creating ...
2022-03-03 08:19:54,478 [pool-226-thread-1] INFO  storage.RaftStorageDirectory (RaftStorageDirectoryImpl.java:tryLock(230)) - Lock on /home/runner/work/ozone/ozone/hadoop-ozone/integration-test/target/test-dir/MiniOzoneClusterImpl-5b82a1ad-a074-4eb8-9e24-eb4e8d1567b6/scmNode-1/scm-ha/5b82a1ad-a074-4eb8-9e24-eb4e8d1567b6/in_use.lock acquired by nodename 8757@fv-az501-749
2022-03-03 08:19:54,480 [pool-226-thread-1] INFO  storage.RaftStorage (RaftStorageImpl.java:format(89)) - Storage directory /home/runner/work/ozone/ozone/hadoop-ozone/integration-test/target/test-dir/MiniOzoneClusterImpl-5b82a1ad-a074-4eb8-9e24-eb4e8d1567b6/scmNode-1/scm-ha/5b82a1ad-a074-4eb8-9e24-eb4e8d1567b6 has been successfully formatted.
2022-03-03 08:19:54,481 [pool-226-thread-1] INFO  server.RaftServerConfigKeys (ConfUtils.java:logGet(44)) - raft.server.notification.no-leader.timeout = 60s (default)
2022-03-03 08:19:54,481 [pool-226-thread-1] INFO  server.RaftServerConfigKeys (ConfUtils.java:logGet(44)) - raft.server.log.use.memory = false (default)
2022-03-03 08:19:54,481 [pool-226-thread-1] INFO  server.RaftServerConfigKeys (ConfUtils.java:logGet(44)) - raft.server.log.purge.gap = 5 (custom)
2022-03-03 08:19:54,481 [pool-226-thread-1] INFO  server.RaftServerConfigKeys (ConfUtils.java:logGet(44)) - raft.server.log.appender.buffer.byte-limit = 33554432 (custom)
2022-03-03 08:19:54,481 [pool-226-thread-1] INFO  server.RaftServerConfigKeys (ConfUtils.java:logGet(44)) - raft.server.log.segment.size.max = 4194304 (custom)
2022-03-03 08:19:54,482 [pool-226-thread-1] INFO  server.RaftServerConfigKeys (ConfUtils.java:logGet(44)) - raft.server.log.segment.cache.num.max = 2 (custom)
2022-03-03 08:19:54,482 [pool-226-thread-1] INFO  server.RaftServerConfigKeys (ConfUtils.java:logGet(44)) - raft.server.log.segment.cache.size.max = 200MB (=209715200) (default)
2022-03-03 08:19:54,482 [pool-226-thread-1] INFO  segmented.SegmentedRaftLogWorker (SegmentedRaftLogWorker.java:<init>(182)) - new e7338982-199b-4e5a-937e-5a36927222d8@group-EB4E8D1567B6-SegmentedRaftLogWorker for RaftStorageImpl:Storage Directory /home/runner/work/ozone/ozone/hadoop-ozone/integration-test/target/test-dir/MiniOzoneClusterImpl-5b82a1ad-a074-4eb8-9e24-eb4e8d1567b6/scmNode-1/scm-ha/5b82a1ad-a074-4eb8-9e24-eb4e8d1567b6
2022-03-03 08:19:54,482 [pool-226-thread-1] INFO  server.RaftServerConfigKeys (ConfUtils.java:logGet(44)) - raft.server.log.queue.byte-limit = 64MB (=67108864) (default)
2022-03-03 08:19:54,482 [pool-226-thread-1] INFO  server.RaftServerConfigKeys (ConfUtils.java:logGet(44)) - raft.server.log.queue.element-limit = 4096 (default)
2022-03-03 08:19:54,483 [pool-226-thread-1] INFO  server.RaftServerConfigKeys (ConfUtils.java:logGet(44)) - raft.server.log.segment.size.max = 4194304 (custom)
2022-03-03 08:19:54,483 [pool-226-thread-1] INFO  server.RaftServerConfigKeys (ConfUtils.java:logGet(44)) - raft.server.log.preallocated.size = 4194304 (custom)
2022-03-03 08:19:54,483 [pool-226-thread-1] INFO  server.RaftServerConfigKeys (ConfUtils.java:logGet(44)) - raft.server.log.force.sync.num = 128 (default)
2022-03-03 08:19:54,483 [pool-226-thread-1] INFO  server.RaftServerConfigKeys (ConfUtils.java:logGet(44)) - raft.server.log.statemachine.data.sync = true (default)
2022-03-03 08:19:54,483 [pool-226-thread-1] INFO  server.RaftServerConfigKeys (ConfUtils.java:logGet(44)) - raft.server.log.statemachine.data.sync.timeout = 10s (default)
2022-03-03 08:19:54,483 [pool-226-thread-1] INFO  server.RaftServerConfigKeys (ConfUtils.java:logGet(44)) - raft.server.log.statemachine.data.sync.timeout.retry = -1 (default)
2022-03-03 08:19:54,484 [pool-226-thread-1] INFO  server.RaftServerConfigKeys (ConfUtils.java:logGet(44)) - raft.server.log.write.buffer.size = 64KB (=65536) (default)
2022-03-03 08:19:54,485 [pool-226-thread-1] INFO  server.RaftServerConfigKeys (ConfUtils.java:logGet(44)) - raft.server.log.statemachine.data.caching.enabled = false (default)
2022-03-03 08:19:54,485 [pool-226-thread-1] INFO  segmented.SegmentedRaftLogWorker (SegmentedRaftLogWorker.java:lambda$new$0(133)) - e7338982-199b-4e5a-937e-5a36927222d8@group-EB4E8D1567B6-SegmentedRaftLogWorker: flushIndex: setUnconditionally 0 -> -1
2022-03-03 08:19:54,485 [pool-226-thread-1] INFO  segmented.SegmentedRaftLogWorker (SegmentedRaftLogWorker.java:lambda$new$0(133)) - e7338982-199b-4e5a-937e-5a36927222d8@group-EB4E8D1567B6-SegmentedRaftLogWorker: safeCacheEvictIndex: setUnconditionally 0 -> -1
2022-03-03 08:19:54,485 [pool-226-thread-1] INFO  server.RaftServerConfigKeys (ConfUtils.java:logGet(44)) - raft.server.snapshot.auto.trigger.enabled = true (custom)
2022-03-03 08:19:54,485 [pool-226-thread-1] INFO  server.RaftServerConfigKeys (ConfUtils.java:logGet(44)) - raft.server.snapshot.auto.trigger.threshold = 5 (custom)
2022-03-03 08:19:54,486 [pool-226-thread-1] INFO  server.RaftServerConfigKeys (ConfUtils.java:logGet(44)) - raft.server.snapshot.retention.file.num = -1 (default)
2022-03-03 08:19:54,486 [pool-226-thread-1] INFO  server.RaftServerConfigKeys (ConfUtils.java:logGet(44)) - raft.server.log.purge.upto.snapshot.index = true (custom)
2022-03-03 08:19:54,486 [pool-226-thread-1] INFO  server.RaftServerConfigKeys (ConfUtils.java:logGet(44)) - raft.server.retrycache.expirytime = 60000ms (default)
2022-03-03 08:19:54,486 [pool-226-thread-1] INFO  server.RaftServerConfigKeys (ConfUtils.java:logGet(44)) - raft.server.retrycache.statistics.expirytime = 100μs (default)
2022-03-03 08:19:54,487 [Listener at 127.0.0.1/45745] INFO  server.RaftServer$Division (RaftServerImpl.java:start(301)) - e7338982-199b-4e5a-937e-5a36927222d8@group-EB4E8D1567B6: start as a follower, conf=-1: [e7338982-199b-4e5a-937e-5a36927222d8|rpc:localhost:44949|priority:0], old=null
2022-03-03 08:19:54,487 [Listener at 127.0.0.1/45745] INFO  server.RaftServer$Division (RaftServerImpl.java:setRole(290)) - e7338982-199b-4e5a-937e-5a36927222d8@group-EB4E8D1567B6: changes role from      null to FOLLOWER at term 0 for startAsFollower
2022-03-03 08:19:54,487 [Listener at 127.0.0.1/45745] INFO  impl.RoleInfo (RoleInfo.java:updateAndGet(130)) - e7338982-199b-4e5a-937e-5a36927222d8: start e7338982-199b-4e5a-937e-5a36927222d8@group-EB4E8D1567B6-FollowerState
2022-03-03 08:19:54,489 [Listener at 127.0.0.1/45745] INFO  util.JmxRegister (JmxRegister.java:tryRegister(44)) - Successfully registered JMX Bean with object name Ratis:service=RaftServer,group=group-EB4E8D1567B6,id=e7338982-199b-4e5a-937e-5a36927222d8
2022-03-03 08:19:54,494 [Listener at 127.0.0.1/45745] INFO  server.RaftServer (RaftServerProxy.java:lambda$start$5(374)) - e7338982-199b-4e5a-937e-5a36927222d8: start RPC server
2022-03-03 08:19:54,495 [Listener at 127.0.0.1/45745] INFO  server.GrpcService (GrpcService.java:startImpl(253)) - e7338982-199b-4e5a-937e-5a36927222d8: GrpcService started, listening on 44949
2022-03-03 08:19:54,496 [org.apache.ratis.util.JvmPauseMonitor$$Lambda$503/666911607@3a4fccc7] INFO  util.JvmPauseMonitor (JvmPauseMonitor.java:run(103)) - JvmPauseMonitor-e7338982-199b-4e5a-937e-5a36927222d8: Started
2022-03-03 08:19:54,785 [EndpointStateMachine task thread for /127.0.0.1:43363 - 0 ] INFO  ipc.Client (Client.java:handleConnectionFailure(977)) - Retrying connect to server: localhost/127.0.0.1:43363. Already tried 7 time(s); retry policy is RetryUpToMaximumCountWithFixedSleep(maxRetries=15, sleepTime=1000 MILLISECONDS)
2022-03-03 08:19:54,864 [EndpointStateMachine task thread for /127.0.0.1:39861 - 0 ] INFO  ipc.Client (Client.java:handleConnectionFailure(977)) - Retrying connect to server: localhost/127.0.0.1:39861. Already tried 7 time(s); retry policy is RetryUpToMaximumCountWithFixedSleep(maxRetries=15, sleepTime=1000 MILLISECONDS)
2022-03-03 08:19:54,865 [EndpointStateMachine task thread for /127.0.0.1:45429 - 0 ] INFO  ipc.Client (Client.java:handleConnectionFailure(977)) - Retrying connect to server: localhost/127.0.0.1:45429. Already tried 8 time(s); retry policy is RetryUpToMaximumCountWithFixedSleep(maxRetries=15, sleepTime=1000 MILLISECONDS)
2022-03-03 08:19:55,786 [EndpointStateMachine task thread for /127.0.0.1:43363 - 0 ] INFO  ipc.Client (Client.java:handleConnectionFailure(977)) - Retrying connect to server: localhost/127.0.0.1:43363. Already tried 8 time(s); retry policy is RetryUpToMaximumCountWithFixedSleep(maxRetries=15, sleepTime=1000 MILLISECONDS)
2022-03-03 08:19:55,865 [EndpointStateMachine task thread for /127.0.0.1:45429 - 0 ] INFO  ipc.Client (Client.java:handleConnectionFailure(977)) - Retrying connect to server: localhost/127.0.0.1:45429. Already tried 9 time(s); retry policy is RetryUpToMaximumCountWithFixedSleep(maxRetries=15, sleepTime=1000 MILLISECONDS)
2022-03-03 08:19:55,865 [EndpointStateMachine task thread for /127.0.0.1:39861 - 0 ] INFO  ipc.Client (Client.java:handleConnectionFailure(977)) - Retrying connect to server: localhost/127.0.0.1:39861. Already tried 8 time(s); retry policy is RetryUpToMaximumCountWithFixedSleep(maxRetries=15, sleepTime=1000 MILLISECONDS)
2022-03-03 08:19:56,788 [EndpointStateMachine task thread for /127.0.0.1:43363 - 0 ] INFO  ipc.Client (Client.java:handleConnectionFailure(977)) - Retrying connect to server: localhost/127.0.0.1:43363. Already tried 9 time(s); retry policy is RetryUpToMaximumCountWithFixedSleep(maxRetries=15, sleepTime=1000 MILLISECONDS)
2022-03-03 08:19:56,866 [EndpointStateMachine task thread for /127.0.0.1:45429 - 0 ] INFO  ipc.Client (Client.java:handleConnectionFailure(977)) - Retrying connect to server: localhost/127.0.0.1:45429. Already tried 10 time(s); retry policy is RetryUpToMaximumCountWithFixedSleep(maxRetries=15, sleepTime=1000 MILLISECONDS)
2022-03-03 08:19:56,869 [EndpointStateMachine task thread for /127.0.0.1:39861 - 0 ] INFO  ipc.Client (Client.java:handleConnectionFailure(977)) - Retrying connect to server: localhost/127.0.0.1:39861. Already tried 9 time(s); retry policy is RetryUpToMaximumCountWithFixedSleep(maxRetries=15, sleepTime=1000 MILLISECONDS)
2022-03-03 08:19:57,789 [EndpointStateMachine task thread for /127.0.0.1:43363 - 0 ] INFO  ipc.Client (Client.java:handleConnectionFailure(977)) - Retrying connect to server: localhost/127.0.0.1:43363. Already tried 10 time(s); retry policy is RetryUpToMaximumCountWithFixedSleep(maxRetries=15, sleepTime=1000 MILLISECONDS)
2022-03-03 08:19:57,867 [EndpointStateMachine task thread for /127.0.0.1:45429 - 0 ] INFO  ipc.Client (Client.java:handleConnectionFailure(977)) - Retrying connect to server: localhost/127.0.0.1:45429. Already tried 11 time(s); retry policy is RetryUpToMaximumCountWithFixedSleep(maxRetries=15, sleepTime=1000 MILLISECONDS)
2022-03-03 08:19:57,870 [EndpointStateMachine task thread for /127.0.0.1:39861 - 0 ] INFO  ipc.Client (Client.java:handleConnectionFailure(977)) - Retrying connect to server: localhost/127.0.0.1:39861. Already tried 10 time(s); retry policy is RetryUpToMaximumCountWithFixedSleep(maxRetries=15, sleepTime=1000 MILLISECONDS)
2022-03-03 08:19:58,790 [EndpointStateMachine task thread for /127.0.0.1:43363 - 0 ] INFO  ipc.Client (Client.java:handleConnectionFailure(977)) - Retrying connect to server: localhost/127.0.0.1:43363. Already tried 11 time(s); retry policy is RetryUpToMaximumCountWithFixedSleep(maxRetries=15, sleepTime=1000 MILLISECONDS)
2022-03-03 08:19:58,867 [EndpointStateMachine task thread for /127.0.0.1:45429 - 0 ] INFO  ipc.Client (Client.java:handleConnectionFailure(977)) - Retrying connect to server: localhost/127.0.0.1:45429. Already tried 12 time(s); retry policy is RetryUpToMaximumCountWithFixedSleep(maxRetries=15, sleepTime=1000 MILLISECONDS)
2022-03-03 08:19:58,870 [EndpointStateMachine task thread for /127.0.0.1:39861 - 0 ] INFO  ipc.Client (Client.java:handleConnectionFailure(977)) - Retrying connect to server: localhost/127.0.0.1:39861. Already tried 11 time(s); retry policy is RetryUpToMaximumCountWithFixedSleep(maxRetries=15, sleepTime=1000 MILLISECONDS)
2022-03-03 08:19:59,557 [e7338982-199b-4e5a-937e-5a36927222d8@group-EB4E8D1567B6-FollowerState] INFO  impl.FollowerState (FollowerState.java:run(134)) - e7338982-199b-4e5a-937e-5a36927222d8@group-EB4E8D1567B6-FollowerState: change to CANDIDATE, lastRpcElapsedTime:5069616473ns, electionTimeout:5056ms
2022-03-03 08:19:59,557 [e7338982-199b-4e5a-937e-5a36927222d8@group-EB4E8D1567B6-FollowerState] INFO  impl.RoleInfo (RoleInfo.java:shutdownFollowerState(108)) - e7338982-199b-4e5a-937e-5a36927222d8: shutdown e7338982-199b-4e5a-937e-5a36927222d8@group-EB4E8D1567B6-FollowerState
2022-03-03 08:19:59,558 [e7338982-199b-4e5a-937e-5a36927222d8@group-EB4E8D1567B6-FollowerState] INFO  server.RaftServer$Division (RaftServerImpl.java:setRole(290)) - e7338982-199b-4e5a-937e-5a36927222d8@group-EB4E8D1567B6: changes role from  FOLLOWER to CANDIDATE at term 0 for changeToCandidate
2022-03-03 08:19:59,558 [e7338982-199b-4e5a-937e-5a36927222d8@group-EB4E8D1567B6-FollowerState] INFO  server.RaftServerConfigKeys (ConfUtils.java:logGet(44)) - raft.server.leaderelection.pre-vote = false (custom)
2022-03-03 08:19:59,558 [e7338982-199b-4e5a-937e-5a36927222d8@group-EB4E8D1567B6-FollowerState] INFO  impl.RoleInfo (RoleInfo.java:updateAndGet(130)) - e7338982-199b-4e5a-937e-5a36927222d8: start e7338982-199b-4e5a-937e-5a36927222d8@group-EB4E8D1567B6-LeaderElection18
2022-03-03 08:19:59,588 [e7338982-199b-4e5a-937e-5a36927222d8@group-EB4E8D1567B6-LeaderElection18] INFO  impl.LeaderElection (LeaderElection.java:askForVotes(306)) - e7338982-199b-4e5a-937e-5a36927222d8@group-EB4E8D1567B6-LeaderElection18 ELECTION round 0: submit vote requests at term 1 for -1: [e7338982-199b-4e5a-937e-5a36927222d8|rpc:localhost:44949|priority:0], old=null
2022-03-03 08:19:59,588 [e7338982-199b-4e5a-937e-5a36927222d8@group-EB4E8D1567B6-LeaderElection18] INFO  impl.LeaderElection (LeaderElection.java:askForVotes(308)) - e7338982-199b-4e5a-937e-5a36927222d8@group-EB4E8D1567B6-LeaderElection18 ELECTION round 0: result PASSED (term=1)
2022-03-03 08:19:59,588 [e7338982-199b-4e5a-937e-5a36927222d8@group-EB4E8D1567B6-LeaderElection18] INFO  impl.RoleInfo (RoleInfo.java:shutdownLeaderElection(121)) - e7338982-199b-4e5a-937e-5a36927222d8: shutdown e7338982-199b-4e5a-937e-5a36927222d8@group-EB4E8D1567B6-LeaderElection18
2022-03-03 08:19:59,588 [e7338982-199b-4e5a-937e-5a36927222d8@group-EB4E8D1567B6-LeaderElection18] INFO  server.RaftServer$Division (RaftServerImpl.java:setRole(290)) - e7338982-199b-4e5a-937e-5a36927222d8@group-EB4E8D1567B6: changes role from CANDIDATE to LEADER at term 1 for changeToLeader
2022-03-03 08:19:59,588 [e7338982-199b-4e5a-937e-5a36927222d8@group-EB4E8D1567B6-LeaderElection18] INFO  server.RaftServer$Division (ServerState.java:setLeader(285)) - e7338982-199b-4e5a-937e-5a36927222d8@group-EB4E8D1567B6: change Leader from null to e7338982-199b-4e5a-937e-5a36927222d8 at term 1 for becomeLeader, leader elected after 5107ms
2022-03-03 08:19:59,588 [e7338982-199b-4e5a-937e-5a36927222d8@group-EB4E8D1567B6-LeaderElection18] INFO  server.RaftServerConfigKeys (ConfUtils.java:logGet(44)) - raft.server.staging.catchup.gap = 1000 (default)
2022-03-03 08:19:59,589 [e7338982-199b-4e5a-937e-5a36927222d8@group-EB4E8D1567B6-LeaderElection18] INFO  server.RaftServerConfigKeys (ConfUtils.java:logGet(44)) - raft.server.write.element-limit = 4096 (default)
2022-03-03 08:19:59,589 [e7338982-199b-4e5a-937e-5a36927222d8@group-EB4E8D1567B6-LeaderElection18] INFO  server.RaftServerConfigKeys (ConfUtils.java:logGet(44)) - raft.server.write.byte-limit = 64MB (=67108864) (default)
2022-03-03 08:19:59,589 [e7338982-199b-4e5a-937e-5a36927222d8@group-EB4E8D1567B6-LeaderElection18] INFO  server.RaftServerConfigKeys (ConfUtils.java:logGet(44)) - raft.server.watch.timeout = 10s (default)
2022-03-03 08:19:59,589 [e7338982-199b-4e5a-937e-5a36927222d8@group-EB4E8D1567B6-LeaderElection18] INFO  server.RaftServerConfigKeys (ConfUtils.java:logGet(44)) - raft.server.watch.timeout.denomination = 1s (default)
2022-03-03 08:19:59,589 [e7338982-199b-4e5a-937e-5a36927222d8@group-EB4E8D1567B6-LeaderElection18] INFO  server.RaftServerConfigKeys (ConfUtils.java:logGet(44)) - raft.server.watch.element-limit = 65536 (default)
2022-03-03 08:19:59,589 [e7338982-199b-4e5a-937e-5a36927222d8@group-EB4E8D1567B6-LeaderElection18] INFO  server.RaftServerConfigKeys (ConfUtils.java:logGet(44)) - raft.server.write.element-limit = 4096 (default)
2022-03-03 08:19:59,589 [e7338982-199b-4e5a-937e-5a36927222d8@group-EB4E8D1567B6-LeaderElection18] INFO  server.RaftServerConfigKeys (ConfUtils.java:logGet(44)) - raft.server.write.follower.gap.ratio.max = -1.0 (default)
2022-03-03 08:19:59,589 [e7338982-199b-4e5a-937e-5a36927222d8@group-EB4E8D1567B6-LeaderElection18] INFO  impl.RoleInfo (RoleInfo.java:updateAndGet(130)) - e7338982-199b-4e5a-937e-5a36927222d8: start e7338982-199b-4e5a-937e-5a36927222d8@group-EB4E8D1567B6-LeaderStateImpl
2022-03-03 08:19:59,590 [e7338982-199b-4e5a-937e-5a36927222d8@group-EB4E8D1567B6-LeaderElection18] INFO  segmented.SegmentedRaftLogWorker (SegmentedRaftLogWorker.java:startLogSegment(394)) - e7338982-199b-4e5a-937e-5a36927222d8@group-EB4E8D1567B6-SegmentedRaftLogWorker: Starting segment from index:0
2022-03-03 08:19:59,598 [e7338982-199b-4e5a-937e-5a36927222d8@group-EB4E8D1567B6-LeaderElection18] INFO  server.RaftServer$Division (ServerState.java:setRaftConf(387)) - e7338982-199b-4e5a-937e-5a36927222d8@group-EB4E8D1567B6: set configuration 0: [e7338982-199b-4e5a-937e-5a36927222d8|rpc:localhost:44949|admin:|client:|dataStream:|priority:0], old=null
2022-03-03 08:19:59,603 [e7338982-199b-4e5a-937e-5a36927222d8@group-EB4E8D1567B6-SegmentedRaftLogWorker] INFO  segmented.SegmentedRaftLogWorker (SegmentedRaftLogWorker.java:execute(601)) - e7338982-199b-4e5a-937e-5a36927222d8@group-EB4E8D1567B6-SegmentedRaftLogWorker: created new log segment /home/runner/work/ozone/ozone/hadoop-ozone/integration-test/target/test-dir/MiniOzoneClusterImpl-5b82a1ad-a074-4eb8-9e24-eb4e8d1567b6/scmNode-1/scm-ha/5b82a1ad-a074-4eb8-9e24-eb4e8d1567b6/current/log_inprogress_0
2022-03-03 08:19:59,791 [EndpointStateMachine task thread for /127.0.0.1:43363 - 0 ] INFO  ipc.Client (Client.java:handleConnectionFailure(977)) - Retrying connect to server: localhost/127.0.0.1:43363. Already tried 12 time(s); retry policy is RetryUpToMaximumCountWithFixedSleep(maxRetries=15, sleepTime=1000 MILLISECONDS)
2022-03-03 08:19:59,868 [EndpointStateMachine task thread for /127.0.0.1:45429 - 0 ] INFO  ipc.Client (Client.java:handleConnectionFailure(977)) - Retrying connect to server: localhost/127.0.0.1:45429. Already tried 13 time(s); retry policy is RetryUpToMaximumCountWithFixedSleep(maxRetries=15, sleepTime=1000 MILLISECONDS)
2022-03-03 08:19:59,870 [EndpointStateMachine task thread for /127.0.0.1:39861 - 0 ] INFO  ipc.Client (Client.java:handleConnectionFailure(977)) - Retrying connect to server: localhost/127.0.0.1:39861. Already tried 12 time(s); retry policy is RetryUpToMaximumCountWithFixedSleep(maxRetries=15, sleepTime=1000 MILLISECONDS)
2022-03-03 08:20:00,497 [Listener at 127.0.0.1/45745] INFO  server.RaftServer (RaftServerProxy.java:lambda$close$6(391)) - e7338982-199b-4e5a-937e-5a36927222d8: close
2022-03-03 08:20:00,497 [Listener at 127.0.0.1/45745] INFO  server.RaftServer$Division (RaftServerImpl.java:lambda$close$4(412)) - e7338982-199b-4e5a-937e-5a36927222d8@group-EB4E8D1567B6: shutdown
2022-03-03 08:20:00,497 [Listener at 127.0.0.1/45745] INFO  util.JmxRegister (JmxRegister.java:unregister(73)) - Successfully un-registered JMX Bean with object name Ratis:service=RaftServer,group=group-EB4E8D1567B6,id=e7338982-199b-4e5a-937e-5a36927222d8
2022-03-03 08:20:00,497 [Listener at 127.0.0.1/45745] INFO  impl.RoleInfo (RoleInfo.java:shutdownLeaderState(91)) - e7338982-199b-4e5a-937e-5a36927222d8: shutdown e7338982-199b-4e5a-937e-5a36927222d8@group-EB4E8D1567B6-LeaderStateImpl
2022-03-03 08:20:00,498 [Listener at 127.0.0.1/45745] INFO  impl.PendingRequests (PendingRequests.java:sendNotLeaderResponses(282)) - e7338982-199b-4e5a-937e-5a36927222d8@group-EB4E8D1567B6-PendingRequests: sendNotLeaderResponses
2022-03-03 08:20:00,499 [e7338982-199b-4e5a-937e-5a36927222d8@group-EB4E8D1567B6-StateMachineUpdater] INFO  impl.StateMachineUpdater (StateMachineUpdater.java:takeSnapshot(281)) - e7338982-199b-4e5a-937e-5a36927222d8@group-EB4E8D1567B6-StateMachineUpdater: Took a snapshot at index 0
2022-03-03 08:20:00,500 [e7338982-199b-4e5a-937e-5a36927222d8@group-EB4E8D1567B6-StateMachineUpdater] INFO  impl.StateMachineUpdater (StateMachineUpdater.java:lambda$new$0(89)) - e7338982-199b-4e5a-937e-5a36927222d8@group-EB4E8D1567B6-StateMachineUpdater: snapshotIndex: updateIncreasingly -1 -> 0
2022-03-03 08:20:00,500 [Listener at 127.0.0.1/45745] INFO  impl.StateMachineUpdater (StateMachineUpdater.java:stopAndJoin(149)) - e7338982-199b-4e5a-937e-5a36927222d8@group-EB4E8D1567B6-StateMachineUpdater: set stopIndex = 0
2022-03-03 08:20:00,500 [Listener at 127.0.0.1/45745] INFO  server.RaftServer$Division (ServerState.java:close(419)) - e7338982-199b-4e5a-937e-5a36927222d8@group-EB4E8D1567B6: closes. applyIndex: 0
2022-03-03 08:20:00,500 [e7338982-199b-4e5a-937e-5a36927222d8@group-EB4E8D1567B6-SegmentedRaftLogWorker] INFO  segmented.SegmentedRaftLogWorker (SegmentedRaftLogWorker.java:run(327)) - e7338982-199b-4e5a-937e-5a36927222d8@group-EB4E8D1567B6-SegmentedRaftLogWorker was interrupted, exiting. There are 0 tasks remaining in the queue.
2022-03-03 08:20:00,502 [Listener at 127.0.0.1/45745] INFO  segmented.SegmentedRaftLogWorker (SegmentedRaftLogWorker.java:close(237)) - e7338982-199b-4e5a-937e-5a36927222d8@group-EB4E8D1567B6-SegmentedRaftLogWorker close()
2022-03-03 08:20:00,503 [Listener at 127.0.0.1/45745] INFO  server.GrpcService (GrpcService.java:closeImpl(262)) - e7338982-199b-4e5a-937e-5a36927222d8: shutdown server with port 44949 now
2022-03-03 08:20:00,509 [Listener at 127.0.0.1/45745] INFO  server.GrpcService (GrpcService.java:closeImpl(271)) - e7338982-199b-4e5a-937e-5a36927222d8: shutdown server with port 44949 successfully
2022-03-03 08:20:00,509 [org.apache.ratis.util.JvmPauseMonitor$$Lambda$503/666911607@3a4fccc7] INFO  util.JvmPauseMonitor (JvmPauseMonitor.java:run(109)) - JvmPauseMonitor-e7338982-199b-4e5a-937e-5a36927222d8: Stopped
2022-03-03 08:20:00,510 [Listener at 127.0.0.1/45745] WARN  server.ServerUtils (ServerUtils.java:getScmDbDir(148)) - ozone.scm.db.dirs is not configured. We recommend adding this setting. Falling back to ozone.metadata.dirs instead.
2022-03-03 08:20:00,513 [Listener at 127.0.0.1/45745] INFO  server.StorageContainerManager (StorageContainerManager.java:scmInit(1107)) - SCM initialization succeeded. Current cluster id for sd=/home/runner/work/ozone/ozone/hadoop-ozone/integration-test/target/test-dir/MiniOzoneClusterImpl-5b82a1ad-a074-4eb8-9e24-eb4e8d1567b6/scmNode-1/scm; cid=5b82a1ad-a074-4eb8-9e24-eb4e8d1567b6; layoutVersion=2; scmId=e7338982-199b-4e5a-937e-5a36927222d8
2022-03-03 08:20:00,513 [Listener at 127.0.0.1/45745] INFO  ha.SCMHANodeDetails (SCMHANodeDetails.java:loadSCMHAConfig(157)) - ServiceID for StorageContainerManager is scm-service-test1
2022-03-03 08:20:00,513 [Listener at 127.0.0.1/45745] INFO  ha.SCMHANodeDetails (SCMHANodeDetails.java:loadSCMHAConfig(168)) - ServiceID for StorageContainerManager is scm-service-test1
2022-03-03 08:20:00,513 [Listener at 127.0.0.1/45745] WARN  scm.ScmUtils (ScmUtils.java:logWarn(179)) - ConfigKey ozone.scm.block.client.address is deprecated, For configuring different ports for each SCM use PortConfigKey ozone.scm.block.client.port appended with serviceId and nodeId. If want to configure same port configure ozone.scm.block.client.port
2022-03-03 08:20:00,513 [Listener at 127.0.0.1/45745] WARN  scm.ScmUtils (ScmUtils.java:logWarn(179)) - ConfigKey ozone.scm.client.address is deprecated, For configuring different ports for each SCM use PortConfigKey ozone.scm.client.port appended with serviceId and nodeId. If want to configure same port configure ozone.scm.client.port
2022-03-03 08:20:00,514 [Listener at 127.0.0.1/45745] WARN  scm.ScmUtils (ScmUtils.java:logWarn(179)) - ConfigKey ozone.scm.datanode.address is deprecated, For configuring different ports for each SCM use PortConfigKey ozone.scm.datanode.port appended with serviceId and nodeId. If want to configure same port configure ozone.scm.datanode.port
2022-03-03 08:20:00,514 [Listener at 127.0.0.1/45745] WARN  scm.ScmUtils (ScmUtils.java:logWarn(179)) - ConfigKey ozone.scm.block.client.address is deprecated, For configuring different ports for each SCM use PortConfigKey ozone.scm.block.client.port appended with serviceId and nodeId. If want to configure same port configure ozone.scm.block.client.port
2022-03-03 08:20:00,516 [Listener at 127.0.0.1/45745] WARN  scm.ScmUtils (ScmUtils.java:logWarn(179)) - ConfigKey ozone.scm.client.address is deprecated, For configuring different ports for each SCM use PortConfigKey ozone.scm.client.port appended with serviceId and nodeId. If want to configure same port configure ozone.scm.client.port
2022-03-03 08:20:00,516 [Listener at 127.0.0.1/45745] WARN  scm.ScmUtils (ScmUtils.java:logWarn(179)) - ConfigKey ozone.scm.datanode.address is deprecated, For configuring different ports for each SCM use PortConfigKey ozone.scm.datanode.port appended with serviceId and nodeId. If want to configure same port configure ozone.scm.datanode.port
2022-03-03 08:20:00,518 [Listener at 127.0.0.1/45745] INFO  ha.SCMHANodeDetails (SCMHANodeDetails.java:loadSCMHAConfig(250)) - Found matching SCM address with SCMServiceId: scm-service-test1, SCMNodeId: scmNode-1, RPC Address: localhost:44949 and Ratis port: 44949
2022-03-03 08:20:00,518 [Listener at 127.0.0.1/45745] INFO  ha.SCMHANodeDetails (ConfUtils.java:setNodeSpecificConfigs(108)) - Setting configuration key ozone.scm.datanode.address with value of key ozone.scm.datanode.address.scm-service-test1.scmNode-1: 127.0.0.1:35645
2022-03-03 08:20:00,518 [Listener at 127.0.0.1/45745] INFO  ha.SCMHANodeDetails (ConfUtils.java:setNodeSpecificConfigs(108)) - Setting configuration key ozone.scm.block.client.address with value of key ozone.scm.block.client.address.scm-service-test1.scmNode-1: 127.0.0.1:44091
2022-03-03 08:20:00,519 [Listener at 127.0.0.1/45745] INFO  ha.SCMHANodeDetails (ConfUtils.java:setNodeSpecificConfigs(108)) - Setting configuration key ozone.scm.client.address with value of key ozone.scm.client.address.scm-service-test1.scmNode-1: 127.0.0.1:37185
2022-03-03 08:20:00,519 [Listener at 127.0.0.1/45745] INFO  ha.SCMHANodeDetails (ConfUtils.java:setNodeSpecificConfigs(108)) - Setting configuration key ozone.scm.ratis.port with value of key ozone.scm.ratis.port.scm-service-test1.scmNode-1: 44949
2022-03-03 08:20:00,519 [Listener at 127.0.0.1/45745] INFO  ha.SCMHANodeDetails (ConfUtils.java:setNodeSpecificConfigs(108)) - Setting configuration key ozone.scm.grpc.port with value of key ozone.scm.grpc.port.scm-service-test1.scmNode-1: 37221
2022-03-03 08:20:00,519 [Listener at 127.0.0.1/45745] INFO  ha.SCMHANodeDetails (ConfUtils.java:setNodeSpecificConfigs(108)) - Setting configuration key ozone.scm.http-address with value of key ozone.scm.http-address.scm-service-test1.scmNode-1: 127.0.0.1:33199
2022-03-03 08:20:00,519 [Listener at 127.0.0.1/45745] INFO  ha.SCMHANodeDetails (ConfUtils.java:setNodeSpecificConfigs(108)) - Setting configuration key ozone.scm.https-address with value of key ozone.scm.https-address.scm-service-test1.scmNode-1: 127.0.0.1:34867
2022-03-03 08:20:00,520 [Listener at 127.0.0.1/45745] INFO  ha.SCMHANodeDetails (ConfUtils.java:setNodeSpecificConfigs(108)) - Setting configuration key ozone.scm.address with value of key ozone.scm.address.scm-service-test1.scmNode-1: 127.0.0.1
2022-03-03 08:20:00,520 [Listener at 127.0.0.1/45745] WARN  scm.ScmUtils (ScmUtils.java:logWarn(179)) - ConfigKey ozone.scm.block.client.address is deprecated, For configuring different ports for each SCM use PortConfigKey ozone.scm.block.client.port appended with serviceId and nodeId. If want to configure same port configure ozone.scm.block.client.port
2022-03-03 08:20:00,520 [Listener at 127.0.0.1/45745] WARN  scm.ScmUtils (ScmUtils.java:logWarn(179)) - ConfigKey ozone.scm.client.address is deprecated, For configuring different ports for each SCM use PortConfigKey ozone.scm.client.port appended with serviceId and nodeId. If want to configure same port configure ozone.scm.client.port
2022-03-03 08:20:00,520 [Listener at 127.0.0.1/45745] WARN  scm.ScmUtils (ScmUtils.java:logWarn(179)) - ConfigKey ozone.scm.datanode.address is deprecated, For configuring different ports for each SCM use PortConfigKey ozone.scm.datanode.port appended with serviceId and nodeId. If want to configure same port configure ozone.scm.datanode.port
2022-03-03 08:20:00,521 [Listener at 127.0.0.1/45745] WARN  server.ServerUtils (ServerUtils.java:getScmDbDir(148)) - ozone.scm.db.dirs is not configured. We recommend adding this setting. Falling back to ozone.metadata.dirs instead.
2022-03-03 08:20:00,522 [Listener at 127.0.0.1/45745] INFO  upgrade.AbstractLayoutVersionManager (AbstractLayoutVersionManager.java:init(79)) - Initializing Layout version manager with metadata layout = SCM_HA (version = 2), software layout = SCM_HA (version = 2)
2022-03-03 08:20:00,623 [Listener at 127.0.0.1/45745] INFO  reflections.Reflections (Reflections.java:scan(232)) - Reflections took 100 ms to scan 7 urls, producing 122 keys and 286 values 
2022-03-03 08:20:00,625 [Listener at 127.0.0.1/45745] WARN  utils.HAUtils (HAUtils.java:getMetaDir(342)) - ozone.scm.db.dirs is not configured. We recommend adding this setting. Falling back to ozone.metadata.dirs instead.
2022-03-03 08:20:00,630 [Listener at 127.0.0.1/45745] WARN  db.DBStoreBuilder (DBStoreBuilder.java:applyDBDefinition(145)) - ozone.scm.db.dirs is not configured. We recommend adding this setting. Falling back to ozone.metadata.dirs instead.
2022-03-03 08:20:00,792 [EndpointStateMachine task thread for /127.0.0.1:43363 - 0 ] INFO  ipc.Client (Client.java:handleConnectionFailure(977)) - Retrying connect to server: localhost/127.0.0.1:43363. Already tried 13 time(s); retry policy is RetryUpToMaximumCountWithFixedSleep(maxRetries=15, sleepTime=1000 MILLISECONDS)
2022-03-03 08:20:00,831 [Listener at 127.0.0.1/45745] INFO  net.NodeSchemaLoader (NodeSchemaLoader.java:loadSchemaFromFile(129)) - Loading schema from [jar:file:/home/runner/.m2/repository/org/apache/ozone/hdds-common/1.3.0-SNAPSHOT/hdds-common-1.3.0-SNAPSHOT.jar!/network-topology-default.xml]
2022-03-03 08:20:00,834 [Listener at 127.0.0.1/45745] INFO  net.NodeSchemaLoader (NodeSchemaLoader.java:loadSchema(176)) - Loading network topology layer schema file
2022-03-03 08:20:00,852 [Listener at 127.0.0.1/45745] INFO  ha.SCMRatisServerImpl (SCMRatisServerImpl.java:<init>(87)) - starting Raft server for scm:e7338982-199b-4e5a-937e-5a36927222d8
2022-03-03 08:20:00,853 [Listener at 127.0.0.1/45745] INFO  server.RaftServer (ConfUtils.java:logGet(44)) - raft.rpc.type = GRPC (default)
2022-03-03 08:20:00,853 [Listener at 127.0.0.1/45745] INFO  grpc.GrpcFactory (GrpcFactory.java:checkPooledByteBufAllocatorUseCacheForAllThreads(48)) - PERFORMANCE WARNING: useCacheForAllThreads is true that may cause Netty to create a lot garbage objects and, as a result, trigger GC.
	It is recommended to disable useCacheForAllThreads by setting -Dorg.apache.ratis.thirdparty.io.netty.allocator.useCacheForAllThreads=false in command line.
2022-03-03 08:20:00,854 [Listener at 127.0.0.1/45745] INFO  grpc.GrpcConfigKeys (ConfUtils.java:logGet(44)) - raft.grpc.admin.port = -1 (default)
2022-03-03 08:20:00,854 [Listener at 127.0.0.1/45745] INFO  grpc.GrpcConfigKeys (ConfUtils.java:logGet(44)) - raft.grpc.server.port = 44949 (custom)
2022-03-03 08:20:00,854 [Listener at 127.0.0.1/45745] INFO  grpc.GrpcConfigKeys (ConfUtils.java:logGet(44)) - raft.grpc.client.port = -1 (default)
2022-03-03 08:20:00,854 [Listener at 127.0.0.1/45745] INFO  grpc.GrpcConfigKeys (ConfUtils.java:logGet(44)) - raft.grpc.server.port = 44949 (custom)
2022-03-03 08:20:00,855 [Listener at 127.0.0.1/45745] INFO  grpc.GrpcConfigKeys (ConfUtils.java:logGet(44)) - raft.grpc.server.port = 44949 (custom)
2022-03-03 08:20:00,855 [Listener at 127.0.0.1/45745] INFO  server.GrpcService (ConfUtils.java:logGet(44)) - raft.grpc.message.size.max = 32m (=33554432) (custom)
2022-03-03 08:20:00,855 [Listener at 127.0.0.1/45745] INFO  server.RaftServerConfigKeys (ConfUtils.java:logGet(44)) - raft.server.log.appender.buffer.byte-limit = 33554432 (custom)
2022-03-03 08:20:00,855 [Listener at 127.0.0.1/45745] INFO  server.GrpcService (ConfUtils.java:logGet(44)) - raft.grpc.flow.control.window = 1MB (=1048576) (default)
2022-03-03 08:20:00,856 [Listener at 127.0.0.1/45745] INFO  server.RaftServerConfigKeys (ConfUtils.java:logGet(44)) - raft.server.rpc.request.timeout = 30000ms (custom)
2022-03-03 08:20:00,859 [Listener at 127.0.0.1/45745] INFO  impl.DataStreamServerImpl (ConfUtils.java:logGet(44)) - raft.datastream.type = DISABLED (default)
2022-03-03 08:20:00,860 [Listener at 127.0.0.1/45745] INFO  server.RaftServerConfigKeys (ConfUtils.java:logGet(44)) - raft.server.rpc.slowness.timeout = 120000ms (custom)
2022-03-03 08:20:00,860 [Listener at 127.0.0.1/45745] INFO  server.RaftServerConfigKeys (ConfUtils.java:logGet(44)) - raft.server.leaderelection.leader.step-down.wait-time = 10s (default)
2022-03-03 08:20:00,865 [Listener at 127.0.0.1/45745] INFO  server.RaftServerConfigKeys (ConfUtils.java:logGet(44)) - raft.server.storage.dir = [/home/runner/work/ozone/ozone/hadoop-ozone/integration-test/target/test-dir/MiniOzoneClusterImpl-5b82a1ad-a074-4eb8-9e24-eb4e8d1567b6/scmNode-1/scm-ha] (custom)
2022-03-03 08:20:00,865 [Listener at 127.0.0.1/45745] INFO  server.RaftServer (RaftServerProxy.java:lambda$null$1(235)) - e7338982-199b-4e5a-937e-5a36927222d8: found a subdirectory /home/runner/work/ozone/ozone/hadoop-ozone/integration-test/target/test-dir/MiniOzoneClusterImpl-5b82a1ad-a074-4eb8-9e24-eb4e8d1567b6/scmNode-1/scm-ha/5b82a1ad-a074-4eb8-9e24-eb4e8d1567b6
2022-03-03 08:20:00,867 [Listener at 127.0.0.1/45745] INFO  server.RaftServer (RaftServerProxy.java:addNew(95)) - e7338982-199b-4e5a-937e-5a36927222d8: addNew group-EB4E8D1567B6:[] returns group-EB4E8D1567B6:java.util.concurrent.CompletableFuture@7553d28b[Not completed]
2022-03-03 08:20:00,868 [pool-241-thread-1] INFO  server.RaftServer$Division (RaftServerImpl.java:<init>(184)) - e7338982-199b-4e5a-937e-5a36927222d8: new RaftServerImpl for group-EB4E8D1567B6:[] with SCMStateMachine:uninitialized
2022-03-03 08:20:00,868 [pool-241-thread-1] INFO  server.RaftServerConfigKeys (ConfUtils.java:logGet(44)) - raft.server.rpc.timeout.min = 5000ms (custom)
2022-03-03 08:20:00,868 [pool-241-thread-1] INFO  server.RaftServerConfigKeys (ConfUtils.java:logGet(44)) - raft.server.rpc.timeout.max = 5200ms (custom)
2022-03-03 08:20:00,869 [pool-241-thread-1] INFO  server.RaftServerConfigKeys (ConfUtils.java:logGet(44)) - raft.server.rpc.sleep.time = 25ms (default)
2022-03-03 08:20:00,869 [pool-241-thread-1] INFO  server.RaftServerConfigKeys (ConfUtils.java:logGet(44)) - raft.server.rpc.slowness.timeout = 120000ms (custom)
2022-03-03 08:20:00,869 [EndpointStateMachine task thread for /127.0.0.1:45429 - 0 ] INFO  ipc.Client (Client.java:handleConnectionFailure(977)) - Retrying connect to server: localhost/127.0.0.1:45429. Already tried 14 time(s); retry policy is RetryUpToMaximumCountWithFixedSleep(maxRetries=15, sleepTime=1000 MILLISECONDS)
2022-03-03 08:20:00,871 [pool-241-thread-1] INFO  server.RaftServerConfigKeys (ConfUtils.java:logGet(44)) - raft.server.leaderelection.leader.step-down.wait-time = 10s (default)
2022-03-03 08:20:00,871 [pool-241-thread-1] INFO  server.RaftServerConfigKeys (ConfUtils.java:logGet(44)) - raft.server.sleep.deviation.threshold = 300ms (default)
2022-03-03 08:20:00,871 [pool-241-thread-1] INFO  server.RaftServerConfigKeys (ConfUtils.java:logGet(44)) - raft.server.log.appender.install.snapshot.enabled = false (custom)
2022-03-03 08:20:00,871 [pool-241-thread-1] INFO  server.RaftServer$Division (ServerState.java:<init>(105)) - e7338982-199b-4e5a-937e-5a36927222d8@group-EB4E8D1567B6: ConfigurationManager, init=-1: [], old=null, confs=<EMPTY_MAP>
2022-03-03 08:20:00,871 [EndpointStateMachine task thread for /127.0.0.1:39861 - 0 ] INFO  ipc.Client (Client.java:handleConnectionFailure(977)) - Retrying connect to server: localhost/127.0.0.1:39861. Already tried 13 time(s); retry policy is RetryUpToMaximumCountWithFixedSleep(maxRetries=15, sleepTime=1000 MILLISECONDS)
2022-03-03 08:20:00,871 [pool-241-thread-1] INFO  server.RaftServerConfigKeys (ConfUtils.java:logGet(44)) - raft.server.storage.dir = [/home/runner/work/ozone/ozone/hadoop-ozone/integration-test/target/test-dir/MiniOzoneClusterImpl-5b82a1ad-a074-4eb8-9e24-eb4e8d1567b6/scmNode-1/scm-ha] (custom)
2022-03-03 08:20:00,871 [pool-241-thread-1] INFO  server.RaftServerConfigKeys (ConfUtils.java:logGet(44)) - raft.server.log.corruption.policy = EXCEPTION (default)
2022-03-03 08:20:00,872 [pool-241-thread-1] INFO  server.RaftServerConfigKeys (ConfUtils.java:logGet(44)) - raft.server.storage.free-space.min = 0MB (=0) (default)
2022-03-03 08:20:00,873 [pool-241-thread-1] INFO  storage.RaftStorageDirectory (RaftStorageDirectoryImpl.java:tryLock(230)) - Lock on /home/runner/work/ozone/ozone/hadoop-ozone/integration-test/target/test-dir/MiniOzoneClusterImpl-5b82a1ad-a074-4eb8-9e24-eb4e8d1567b6/scmNode-1/scm-ha/5b82a1ad-a074-4eb8-9e24-eb4e8d1567b6/in_use.lock acquired by nodename 8757@fv-az501-749
2022-03-03 08:20:00,873 [pool-241-thread-1] INFO  storage.RaftStorage (RaftStorageImpl.java:analyzeAndRecoverStorage(110)) - Read RaftStorageMetadata{term=1, votedFor=e7338982-199b-4e5a-937e-5a36927222d8} from /home/runner/work/ozone/ozone/hadoop-ozone/integration-test/target/test-dir/MiniOzoneClusterImpl-5b82a1ad-a074-4eb8-9e24-eb4e8d1567b6/scmNode-1/scm-ha/5b82a1ad-a074-4eb8-9e24-eb4e8d1567b6/current/raft-meta
2022-03-03 08:20:00,874 [pool-241-thread-1] INFO  server.RaftServer$Division (ServerState.java:setRaftConf(387)) - e7338982-199b-4e5a-937e-5a36927222d8@group-EB4E8D1567B6: set configuration 0: [e7338982-199b-4e5a-937e-5a36927222d8|rpc:localhost:44949|admin:|client:|dataStream:|priority:0], old=null
2022-03-03 08:20:00,874 [pool-241-thread-1] INFO  server.RaftServerConfigKeys (ConfUtils.java:logGet(44)) - raft.server.notification.no-leader.timeout = 60s (default)
2022-03-03 08:20:00,874 [pool-241-thread-1] INFO  server.RaftServerConfigKeys (ConfUtils.java:logGet(44)) - raft.server.log.use.memory = false (default)
2022-03-03 08:20:00,874 [pool-241-thread-1] INFO  server.RaftServerConfigKeys (ConfUtils.java:logGet(44)) - raft.server.log.purge.gap = 5 (custom)
2022-03-03 08:20:00,874 [pool-241-thread-1] INFO  server.RaftServerConfigKeys (ConfUtils.java:logGet(44)) - raft.server.log.appender.buffer.byte-limit = 33554432 (custom)
2022-03-03 08:20:00,875 [pool-241-thread-1] INFO  server.RaftServerConfigKeys (ConfUtils.java:logGet(44)) - raft.server.log.segment.size.max = 4194304 (custom)
2022-03-03 08:20:00,875 [pool-241-thread-1] INFO  server.RaftServerConfigKeys (ConfUtils.java:logGet(44)) - raft.server.log.segment.cache.num.max = 2 (custom)
2022-03-03 08:20:00,876 [pool-241-thread-1] INFO  server.RaftServerConfigKeys (ConfUtils.java:logGet(44)) - raft.server.log.segment.cache.size.max = 200MB (=209715200) (default)
2022-03-03 08:20:00,876 [pool-241-thread-1] INFO  segmented.SegmentedRaftLogWorker (SegmentedRaftLogWorker.java:<init>(182)) - new e7338982-199b-4e5a-937e-5a36927222d8@group-EB4E8D1567B6-SegmentedRaftLogWorker for RaftStorageImpl:Storage Directory /home/runner/work/ozone/ozone/hadoop-ozone/integration-test/target/test-dir/MiniOzoneClusterImpl-5b82a1ad-a074-4eb8-9e24-eb4e8d1567b6/scmNode-1/scm-ha/5b82a1ad-a074-4eb8-9e24-eb4e8d1567b6
2022-03-03 08:20:00,876 [pool-241-thread-1] INFO  server.RaftServerConfigKeys (ConfUtils.java:logGet(44)) - raft.server.log.queue.byte-limit = 64MB (=67108864) (default)
2022-03-03 08:20:00,876 [pool-241-thread-1] INFO  server.RaftServerConfigKeys (ConfUtils.java:logGet(44)) - raft.server.log.queue.element-limit = 4096 (default)
2022-03-03 08:20:00,876 [pool-241-thread-1] INFO  server.RaftServerConfigKeys (ConfUtils.java:logGet(44)) - raft.server.log.segment.size.max = 4194304 (custom)
2022-03-03 08:20:00,876 [pool-241-thread-1] INFO  server.RaftServerConfigKeys (ConfUtils.java:logGet(44)) - raft.server.log.preallocated.size = 4194304 (custom)
2022-03-03 08:20:00,876 [pool-241-thread-1] INFO  server.RaftServerConfigKeys (ConfUtils.java:logGet(44)) - raft.server.log.force.sync.num = 128 (default)
2022-03-03 08:20:00,876 [pool-241-thread-1] INFO  server.RaftServerConfigKeys (ConfUtils.java:logGet(44)) - raft.server.log.statemachine.data.sync = true (default)
2022-03-03 08:20:00,876 [pool-241-thread-1] INFO  server.RaftServerConfigKeys (ConfUtils.java:logGet(44)) - raft.server.log.statemachine.data.sync.timeout = 10s (default)
2022-03-03 08:20:00,877 [pool-241-thread-1] INFO  server.RaftServerConfigKeys (ConfUtils.java:logGet(44)) - raft.server.log.statemachine.data.sync.timeout.retry = -1 (default)
2022-03-03 08:20:00,886 [pool-241-thread-1] INFO  server.RaftServerConfigKeys (ConfUtils.java:logGet(44)) - raft.server.log.write.buffer.size = 64KB (=65536) (default)
2022-03-03 08:20:00,889 [pool-241-thread-1] INFO  server.RaftServerConfigKeys (ConfUtils.java:logGet(44)) - raft.server.log.statemachine.data.caching.enabled = false (default)
2022-03-03 08:20:00,890 [pool-241-thread-1] INFO  server.RaftServer$Division (ServerState.java:setRaftConf(387)) - e7338982-199b-4e5a-937e-5a36927222d8@group-EB4E8D1567B6: set configuration 0: [e7338982-199b-4e5a-937e-5a36927222d8|rpc:localhost:44949|admin:|client:|dataStream:|priority:0], old=null
2022-03-03 08:20:00,893 [pool-241-thread-1] INFO  segmented.LogSegment (LogSegment.java:loadSegment(173)) - Successfully read 1 entries from segment file /home/runner/work/ozone/ozone/hadoop-ozone/integration-test/target/test-dir/MiniOzoneClusterImpl-5b82a1ad-a074-4eb8-9e24-eb4e8d1567b6/scmNode-1/scm-ha/5b82a1ad-a074-4eb8-9e24-eb4e8d1567b6/current/log_inprogress_0
2022-03-03 08:20:00,893 [pool-241-thread-1] INFO  segmented.SegmentedRaftLogWorker (SegmentedRaftLogWorker.java:lambda$new$0(133)) - e7338982-199b-4e5a-937e-5a36927222d8@group-EB4E8D1567B6-SegmentedRaftLogWorker: flushIndex: setUnconditionally 0 -> 0
2022-03-03 08:20:00,893 [pool-241-thread-1] INFO  segmented.SegmentedRaftLogWorker (SegmentedRaftLogWorker.java:lambda$new$0(133)) - e7338982-199b-4e5a-937e-5a36927222d8@group-EB4E8D1567B6-SegmentedRaftLogWorker: safeCacheEvictIndex: setUnconditionally 0 -> -1
2022-03-03 08:20:00,901 [pool-241-thread-1] INFO  server.RaftServerConfigKeys (ConfUtils.java:logGet(44)) - raft.server.snapshot.auto.trigger.enabled = true (custom)
2022-03-03 08:20:00,901 [pool-241-thread-1] INFO  server.RaftServerConfigKeys (ConfUtils.java:logGet(44)) - raft.server.snapshot.auto.trigger.threshold = 5 (custom)
2022-03-03 08:20:00,902 [pool-241-thread-1] INFO  server.RaftServerConfigKeys (ConfUtils.java:logGet(44)) - raft.server.snapshot.retention.file.num = -1 (default)
2022-03-03 08:20:00,902 [pool-241-thread-1] INFO  server.RaftServerConfigKeys (ConfUtils.java:logGet(44)) - raft.server.log.purge.upto.snapshot.index = true (custom)
2022-03-03 08:20:00,902 [pool-241-thread-1] INFO  server.RaftServerConfigKeys (ConfUtils.java:logGet(44)) - raft.server.retrycache.expirytime = 60000ms (default)
2022-03-03 08:20:00,902 [pool-241-thread-1] INFO  server.RaftServerConfigKeys (ConfUtils.java:logGet(44)) - raft.server.retrycache.statistics.expirytime = 100μs (default)
2022-03-03 08:20:00,906 [Listener at 127.0.0.1/45745] INFO  ha.SCMSnapshotProvider (SCMSnapshotProvider.java:<init>(66)) - Initializing SCM Snapshot Provider
2022-03-03 08:20:00,906 [Listener at 127.0.0.1/45745] WARN  server.ServerUtils (ServerUtils.java:getDefaultRatisDirectory(237)) - Storage directory for Ratis is not configured. It is a good idea to map this to an SSD disk. Falling back to ozone.metadata.dirs
2022-03-03 08:20:00,907 [Listener at 127.0.0.1/45745] WARN  ha.SCMHAUtils (SCMHAUtils.java:getSCMRatisSnapshotDirectory(151)) - SCM snapshot dir is not configured. Falling back to ozone.metadata.dirs config
2022-03-03 08:20:00,910 [Listener at 127.0.0.1/45745] INFO  ha.SequenceIdGenerator (SequenceIdGenerator.java:upgradeToSequenceId(347)) - upgrade localId to 109611004723200000
2022-03-03 08:20:00,910 [Listener at 127.0.0.1/45745] INFO  ha.SequenceIdGenerator (SequenceIdGenerator.java:upgradeToSequenceId(357)) - upgrade delTxnId to 0
2022-03-03 08:20:00,911 [Listener at 127.0.0.1/45745] INFO  ha.SequenceIdGenerator (SequenceIdGenerator.java:upgradeToSequenceId(371)) - upgrade containerId to 0
2022-03-03 08:20:00,911 [Listener at 127.0.0.1/45745] INFO  ha.SequenceIdGenerator (SequenceIdGenerator.java:<init>(218)) - Init the HA SequenceIdGenerator.
2022-03-03 08:20:00,913 [Listener at 127.0.0.1/45745] INFO  node.SCMNodeManager (SCMNodeManager.java:<init>(146)) - Entering startup safe mode.
2022-03-03 08:20:00,916 [Listener at 127.0.0.1/45745] INFO  algorithms.ContainerPlacementPolicyFactory (ContainerPlacementPolicyFactory.java:getPolicy(60)) - Create container placement policy of type org.apache.hadoop.hdds.scm.container.placement.algorithms.SCMContainerPlacementRandom
2022-03-03 08:20:00,916 [Listener at 127.0.0.1/45745] INFO  pipeline.PipelineStateManagerImpl (PipelineStateManagerImpl.java:initialize(78)) - No pipeline exists in current db
2022-03-03 08:20:00,916 [Listener at 127.0.0.1/45745] INFO  algorithms.LeaderChoosePolicyFactory (LeaderChoosePolicyFactory.java:getPolicy(57)) - Create leader choose policy of type org.apache.hadoop.hdds.scm.pipeline.leader.choose.algorithms.MinLeaderCountChoosePolicy
2022-03-03 08:20:00,921 [Listener at 127.0.0.1/45745] INFO  ha.SCMServiceManager (SCMServiceManager.java:register(42)) - Registering service BackgroundPipelineCreator.
2022-03-03 08:20:00,921 [Listener at 127.0.0.1/45745] INFO  pipeline.BackgroundPipelineCreator (BackgroundPipelineCreator.java:start(130)) - Starting RatisPipelineUtilsThread.
2022-03-03 08:20:00,925 [Listener at 127.0.0.1/45745] INFO  algorithms.PipelineChoosePolicyFactory (PipelineChoosePolicyFactory.java:createPipelineChoosePolicyFromClass(73)) - Create pipeline choose policy of type org.apache.hadoop.hdds.scm.pipeline.choose.algorithms.RandomPipelineChoosePolicy
2022-03-03 08:20:00,926 [Listener at 127.0.0.1/45745] INFO  ha.SCMServiceManager (SCMServiceManager.java:register(42)) - Registering service SCMBlockDeletingService.
2022-03-03 08:20:00,927 [Listener at 127.0.0.1/45745] INFO  ha.SCMServiceManager (SCMServiceManager.java:register(42)) - Registering service ReplicationManager.
2022-03-03 08:20:00,927 [Listener at 127.0.0.1/45745] INFO  container.ReplicationManager (ReplicationManager.java:start(326)) - Starting Replication Monitor Thread.
2022-03-03 08:20:00,930 [Listener at 127.0.0.1/45745] INFO  safemode.ContainerSafeModeRule (ContainerSafeModeRule.java:<init>(89)) - containers with one replica threshold count 0
2022-03-03 08:20:00,931 [Listener at 127.0.0.1/45745] INFO  safemode.HealthyPipelineSafeModeRule (HealthyPipelineSafeModeRule.java:initializeRule(156)) - Total pipeline count is 0, healthy pipeline threshold count is 1
2022-03-03 08:20:00,931 [Listener at 127.0.0.1/45745] INFO  safemode.OneReplicaPipelineSafeModeRule (OneReplicaPipelineSafeModeRule.java:initializeRule(180)) - Total pipeline count is 0, pipeline's with at least one datanode reported threshold count is 0
2022-03-03 08:20:00,932 [Listener at 127.0.0.1/45745] INFO  ipc.CallQueueManager (CallQueueManager.java:<init>(90)) - Using callQueue: class java.util.concurrent.LinkedBlockingQueue, queueCapacity: 10000, scheduler: class org.apache.hadoop.ipc.DefaultRpcScheduler, ipcBackoff: false.
2022-03-03 08:20:00,936 [Socket Reader #1 for port 35645] INFO  ipc.Server (Server.java:run(1265)) - Starting Socket Reader #1 for port 35645
2022-03-03 08:20:00,937 [Listener at 0.0.0.0/35645] INFO  ipc.CallQueueManager (CallQueueManager.java:<init>(90)) - Using callQueue: class java.util.concurrent.LinkedBlockingQueue, queueCapacity: 10000, scheduler: class org.apache.hadoop.ipc.DefaultRpcScheduler, ipcBackoff: false.
2022-03-03 08:20:00,938 [Socket Reader #1 for port 44091] INFO  ipc.Server (Server.java:run(1265)) - Starting Socket Reader #1 for port 44091
2022-03-03 08:20:00,939 [Listener at 0.0.0.0/44091] INFO  ipc.CallQueueManager (CallQueueManager.java:<init>(90)) - Using callQueue: class java.util.concurrent.LinkedBlockingQueue, queueCapacity: 10000, scheduler: class org.apache.hadoop.ipc.DefaultRpcScheduler, ipcBackoff: false.
2022-03-03 08:20:00,940 [Socket Reader #1 for port 37185] INFO  ipc.Server (Server.java:run(1265)) - Starting Socket Reader #1 for port 37185
2022-03-03 08:20:00,948 [ReplicationMonitor] INFO  container.ReplicationManager (ReplicationManager.java:processAll(374)) - Replication Manager is not ready to run until 300000ms after safemode exit
2022-03-03 08:20:00,975 [Listener at 0.0.0.0/37185] INFO  server.StorageContainerManager (StorageContainerManager.java:<init>(389)) - 
Container Balancer status:
Key                            Value
Running                        false
Container Balancer Configuration values:
Key                                                Value
Threshold                                          10
Max Datanodes to Involve per Iteration(percent)    20
Max Size to Move per Iteration                     500GB
Max Size Entering Target per Iteration             26GB
Max Size Leaving Source per Iteration              26GB

2022-03-03 08:20:00,975 [Listener at 0.0.0.0/37185] WARN  events.EventQueue (EventQueue.java:fireEvent(194)) - No event handler registered for event TypedEvent{payloadType=SafeModeStatus, name='Safe mode status'}
2022-03-03 08:20:00,975 [Listener at 0.0.0.0/37185] INFO  ha.SCMContext (SCMContext.java:updateSafeModeStatus(211)) - Update SafeModeStatus from SafeModeStatus{safeModeStatus=true, preCheckPassed=false} to SafeModeStatus{safeModeStatus=true, preCheckPassed=false}.
2022-03-03 08:20:00,976 [Listener at 0.0.0.0/37185] INFO  server.StorageContainerManager (StorageContainerManager.java:start(1327)) - StorageContainerLocationProtocol RPC server is listening at /0.0.0.0:37185
2022-03-03 08:20:00,976 [Listener at 0.0.0.0/37185] INFO  ha.SCMRatisServerImpl (SCMRatisServerImpl.java:start(177)) - starting ratis server 0.0.0.0:44949
2022-03-03 08:20:00,976 [Listener at 0.0.0.0/37185] INFO  server.RaftServer$Division (RaftServerImpl.java:start(301)) - e7338982-199b-4e5a-937e-5a36927222d8@group-EB4E8D1567B6: start as a follower, conf=0: [e7338982-199b-4e5a-937e-5a36927222d8|rpc:localhost:44949|admin:|client:|dataStream:|priority:0], old=null
2022-03-03 08:20:00,976 [Listener at 0.0.0.0/37185] INFO  server.RaftServer$Division (RaftServerImpl.java:setRole(290)) - e7338982-199b-4e5a-937e-5a36927222d8@group-EB4E8D1567B6: changes role from      null to FOLLOWER at term 1 for startAsFollower
2022-03-03 08:20:00,977 [Listener at 0.0.0.0/37185] INFO  impl.RoleInfo (RoleInfo.java:updateAndGet(130)) - e7338982-199b-4e5a-937e-5a36927222d8: start e7338982-199b-4e5a-937e-5a36927222d8@group-EB4E8D1567B6-FollowerState
2022-03-03 08:20:00,987 [Listener at 0.0.0.0/37185] INFO  util.JmxRegister (JmxRegister.java:tryRegister(44)) - Successfully registered JMX Bean with object name Ratis:service=RaftServer,group=group-EB4E8D1567B6,id=e7338982-199b-4e5a-937e-5a36927222d8
2022-03-03 08:20:00,993 [Listener at 0.0.0.0/37185] INFO  server.RaftServer (RaftServerProxy.java:lambda$start$5(374)) - e7338982-199b-4e5a-937e-5a36927222d8: start RPC server
2022-03-03 08:20:00,994 [Listener at 0.0.0.0/37185] INFO  server.GrpcService (GrpcService.java:startImpl(253)) - e7338982-199b-4e5a-937e-5a36927222d8: GrpcService started, listening on 44949
2022-03-03 08:20:00,998 [Listener at 0.0.0.0/37185] INFO  ha.SCMHAManagerImpl (SCMHAManagerImpl.java:start(121)) -  scm role is FOLLOWER peers [e7338982-199b-4e5a-937e-5a36927222d8|rpc:localhost:44949|admin:|client:|dataStream:|priority:0]
2022-03-03 08:20:00,998 [Listener at 0.0.0.0/37185] INFO  ha.InterSCMGrpcService (InterSCMGrpcProtocolService.java:start(94)) - Starting SCM Grpc Service at port 37221
2022-03-03 08:20:01,001 [Listener at 0.0.0.0/37185] WARN  impl.MetricsConfig (MetricsConfig.java:loadFirst(136)) - Cannot locate configuration: tried hadoop-metrics2-storagecontainermanager.properties,hadoop-metrics2.properties
2022-03-03 08:20:01,007 [org.apache.ratis.util.JvmPauseMonitor$$Lambda$503/666911607@251dd78f] INFO  util.JvmPauseMonitor (JvmPauseMonitor.java:run(103)) - JvmPauseMonitor-e7338982-199b-4e5a-937e-5a36927222d8: Started
2022-03-03 08:20:01,016 [Listener at 0.0.0.0/37185] INFO  impl.MetricsSystemImpl (MetricsSystemImpl.java:startTimer(378)) - Scheduled Metric snapshot period at 10 second(s).
2022-03-03 08:20:01,016 [Listener at 0.0.0.0/37185] INFO  impl.MetricsSystemImpl (MetricsSystemImpl.java:start(191)) - StorageContainerManager metrics system started
2022-03-03 08:20:01,044 [Listener at 0.0.0.0/37185] INFO  impl.MetricsSinkAdapter (MetricsSinkAdapter.java:start(204)) - Sink prometheus started
2022-03-03 08:20:01,051 [Listener at 0.0.0.0/37185] INFO  impl.MetricsSystemImpl (MetricsSystemImpl.java:registerSink(305)) - Registered sink prometheus
2022-03-03 08:20:01,073 [Listener at 0.0.0.0/37185] INFO  server.SCMClientProtocolServer (SCMClientProtocolServer.java:start(165)) - RPC server for Client  is listening at /0.0.0.0:37185
2022-03-03 08:20:01,074 [IPC Server Responder] INFO  ipc.Server (Server.java:run(1507)) - IPC Server Responder: starting
2022-03-03 08:20:01,074 [IPC Server listener on 37185] INFO  ipc.Server (Server.java:run(1344)) - IPC Server listener on 37185: starting
2022-03-03 08:20:01,140 [Listener at 0.0.0.0/37185] INFO  server.StorageContainerManager (StorageContainerManager.java:start(1342)) - ScmBlockLocationProtocol RPC server is listening at /0.0.0.0:44091
2022-03-03 08:20:01,140 [Listener at 0.0.0.0/37185] INFO  server.SCMBlockProtocolServer (SCMBlockProtocolServer.java:start(151)) - RPC server for Block Protocol is listening at /0.0.0.0:44091
2022-03-03 08:20:01,141 [IPC Server Responder] INFO  ipc.Server (Server.java:run(1507)) - IPC Server Responder: starting
2022-03-03 08:20:01,178 [IPC Server listener on 44091] INFO  ipc.Server (Server.java:run(1344)) - IPC Server listener on 44091: starting
2022-03-03 08:20:01,250 [Listener at 0.0.0.0/37185] INFO  http.BaseHttpServer (BaseHttpServer.java:newHttpServer2BuilderForOzone(209)) - Starting Web-server for scm at: http://0.0.0.0:33199
2022-03-03 08:20:01,250 [Listener at 0.0.0.0/37185] INFO  http.BaseHttpServer (BaseHttpServer.java:<init>(107)) - Hadoop Security Enabled: false Ozone Security Enabled: false Ozone HTTP Security Enabled: false 
2022-03-03 08:20:01,252 [Listener at 0.0.0.0/37185] INFO  server.AuthenticationFilter (AuthenticationFilter.java:constructSecretProvider(240)) - Unable to initialize FileSignerSecretProvider, falling back to use random secrets.
2022-03-03 08:20:01,256 [Listener at 0.0.0.0/37185] WARN  http.HttpRequestLog (HttpRequestLog.java:getRequestLog(103)) - Jetty request log can only be enabled using Log4j
2022-03-03 08:20:01,257 [org.apache.hadoop.util.JvmPauseMonitor$Monitor@4971134b] INFO  util.JvmPauseMonitor (JvmPauseMonitor.java:run(188)) - Starting JVM pause monitor
2022-03-03 08:20:01,258 [Listener at 0.0.0.0/37185] INFO  http.HttpServer2 (HttpServer2.java:addGlobalFilter(1030)) - Added global filter 'safety' (class=org.apache.hadoop.hdds.server.http.HttpServer2$QuotingInputFilter)
2022-03-03 08:20:01,259 [Listener at 0.0.0.0/37185] INFO  http.HttpServer2 (HttpServer2.java:addFilter(1006)) - Added filter static_user_filter (class=org.apache.hadoop.http.lib.StaticUserWebFilter$StaticUserFilter) to context scm
2022-03-03 08:20:01,259 [Listener at 0.0.0.0/37185] INFO  http.HttpServer2 (HttpServer2.java:addFilter(1014)) - Added filter static_user_filter (class=org.apache.hadoop.http.lib.StaticUserWebFilter$StaticUserFilter) to context logs
2022-03-03 08:20:01,259 [Listener at 0.0.0.0/37185] INFO  http.HttpServer2 (HttpServer2.java:addFilter(1014)) - Added filter static_user_filter (class=org.apache.hadoop.http.lib.StaticUserWebFilter$StaticUserFilter) to context static
2022-03-03 08:20:01,260 [Listener at 0.0.0.0/37185] INFO  http.HttpServer2 (HttpServer2.java:bindListener(1249)) - Jetty bound to port 33199
2022-03-03 08:20:01,260 [Listener at 0.0.0.0/37185] INFO  server.Server (Server.java:doStart(375)) - jetty-9.4.43.v20210629; built: 2021-06-30T11:07:22.254Z; git: 526006ecfa3af7f1a27ef3a288e2bef7ea9dd7e8; jvm 1.8.0_322-b06
2022-03-03 08:20:01,289 [Listener at 0.0.0.0/37185] INFO  server.session (DefaultSessionIdManager.java:doStart(334)) - DefaultSessionIdManager workerName=node0
2022-03-03 08:20:01,290 [Listener at 0.0.0.0/37185] INFO  server.session (DefaultSessionIdManager.java:doStart(339)) - No SessionScavenger set, using defaults
2022-03-03 08:20:01,290 [Listener at 0.0.0.0/37185] INFO  server.session (HouseKeeper.java:startScavenging(132)) - node0 Scavenging every 660000ms
2022-03-03 08:20:01,302 [Listener at 0.0.0.0/37185] INFO  handler.ContextHandler (ContextHandler.java:doStart(915)) - Started o.e.j.s.ServletContextHandler@7e811458{logs,/logs,file:///home/runner/work/ozone/ozone/hadoop-ozone/integration-test/target/log,AVAILABLE}
2022-03-03 08:20:01,302 [Listener at 0.0.0.0/37185] INFO  handler.ContextHandler (ContextHandler.java:doStart(915)) - Started o.e.j.s.ServletContextHandler@6d21e89c{static,/static,file:///home/runner/work/ozone/ozone/hadoop-ozone/integration-test/target/test-classes/webapps/static,AVAILABLE}
2022-03-03 08:20:01,309 [Listener at 0.0.0.0/37185] INFO  handler.ContextHandler (ContextHandler.java:doStart(915)) - Started o.e.j.w.WebAppContext@7ba5e21c{scm,/,file:///home/runner/work/ozone/ozone/hadoop-ozone/integration-test/target/test-classes/webapps/scm/,AVAILABLE}{file:/home/runner/work/ozone/ozone/hadoop-ozone/integration-test/target/test-classes/webapps/scm}
2022-03-03 08:20:01,321 [Listener at 0.0.0.0/37185] INFO  server.AbstractConnector (AbstractConnector.java:doStart(331)) - Started ServerConnector@5785b1b7{HTTP/1.1, (http/1.1)}{0.0.0.0:33199}
2022-03-03 08:20:01,322 [Listener at 0.0.0.0/37185] INFO  server.Server (Server.java:doStart(415)) - Started @83186ms
2022-03-03 08:20:01,322 [Listener at 0.0.0.0/37185] WARN  impl.MetricsSystemImpl (MetricsSystemImpl.java:register(279)) - Sink prometheus already exists!
2022-03-03 08:20:01,329 [Listener at 0.0.0.0/37185] INFO  http.BaseHttpServer (BaseHttpServer.java:updateConnectorAddress(329)) - HTTP server of scm listening at http://0.0.0.0:33199
2022-03-03 08:20:01,330 [Listener at 0.0.0.0/37185] INFO  ozone.MiniOzoneHAClusterImpl (MiniOzoneHAClusterImpl.java:createSCMService(600)) - Started SCM RPC server at /0.0.0.0:37185
2022-03-03 08:20:01,331 [Listener at 0.0.0.0/37185] INFO  ha.SCMHANodeDetails (SCMHANodeDetails.java:loadSCMHAConfig(157)) - ServiceID for StorageContainerManager is scm-service-test1
2022-03-03 08:20:01,331 [Listener at 0.0.0.0/37185] INFO  ha.SCMHANodeDetails (SCMHANodeDetails.java:loadSCMHAConfig(168)) - ServiceID for StorageContainerManager is scm-service-test1
2022-03-03 08:20:01,331 [Listener at 0.0.0.0/37185] WARN  scm.ScmUtils (ScmUtils.java:logWarn(179)) - ConfigKey ozone.scm.block.client.address is deprecated, For configuring different ports for each SCM use PortConfigKey ozone.scm.block.client.port appended with serviceId and nodeId. If want to configure same port configure ozone.scm.block.client.port
[...]
2022-03-03 08:20:55,261 [Listener at 127.0.0.1/42883] INFO  impl.RoleInfo (RoleInfo.java:shutdownFollowerState(108)) - abae3395-e125-494e-95ee-7e13e0096d36: shutdown abae3395-e125-494e-95ee-7e13e0096d36@group-904C6079E864-FollowerState
2022-03-03 08:20:55,262 [EndpointStateMachine task thread for /127.0.0.1:42215 - 0 ] INFO  ipc.Client (Client.java:handleConnectionFailure(977)) - Retrying connect to server: localhost/127.0.0.1:42215. Already tried 2 time(s); retry policy is RetryUpToMaximumCountWithFixedSleep(maxRetries=15, sleepTime=1000 MILLISECONDS)
2022-03-03 08:20:55,266 [Listener at 127.0.0.1/42883] INFO  impl.StateMachineUpdater (StateMachineUpdater.java:stopAndJoin(149)) - abae3395-e125-494e-95ee-7e13e0096d36@group-904C6079E864-StateMachineUpdater: set stopIndex = 0
2022-03-03 08:20:55,266 [abae3395-e125-494e-95ee-7e13e0096d36@group-904C6079E864-FollowerState] INFO  impl.FollowerState (FollowerState.java:run(143)) - abae3395-e125-494e-95ee-7e13e0096d36@group-904C6079E864-FollowerState was interrupted: {}
java.lang.InterruptedException: sleep interrupted
	at java.lang.Thread.sleep(Native Method)
	at java.lang.Thread.sleep(Thread.java:342)
	at java.util.concurrent.TimeUnit.sleep(TimeUnit.java:386)
	at org.apache.ratis.util.TimeDuration.sleep(TimeDuration.java:324)
	at org.apache.ratis.util.TimeDuration.sleep(TimeDuration.java:309)
	at org.apache.ratis.server.impl.FollowerState.run(FollowerState.java:118)
2022-03-03 08:20:55,267 [abae3395-e125-494e-95ee-7e13e0096d36@group-904C6079E864-StateMachineUpdater] INFO  ratis.ContainerStateMachine (ContainerStateMachine.java:takeSnapshot(304)) - group-904C6079E864: Taking a snapshot at:(t:3, i:0) file /home/runner/work/ozone/ozone/hadoop-ozone/integration-test/target/test-dir/MiniOzoneClusterImpl-5b82a1ad-a074-4eb8-9e24-eb4e8d1567b6/datanode-2/data/ratis/e4306fd5-4074-480c-9276-904c6079e864/sm/snapshot.3_0
2022-03-03 08:20:55,273 [EndpointStateMachine task thread for /127.0.0.1:34037 - 0 ] INFO  ipc.Client (Client.java:handleConnectionFailure(977)) - Retrying connect to server: localhost/127.0.0.1:34037. Already tried 2 time(s); retry policy is RetryUpToMaximumCountWithFixedSleep(maxRetries=15, sleepTime=1000 MILLISECONDS)
2022-03-03 08:20:55,275 [abae3395-e125-494e-95ee-7e13e0096d36@group-904C6079E864-StateMachineUpdater] INFO  ratis.ContainerStateMachine (ContainerStateMachine.java:takeSnapshot(315)) - group-904C6079E864: Finished taking a snapshot at:(t:3, i:0) file:/home/runner/work/ozone/ozone/hadoop-ozone/integration-test/target/test-dir/MiniOzoneClusterImpl-5b82a1ad-a074-4eb8-9e24-eb4e8d1567b6/datanode-2/data/ratis/e4306fd5-4074-480c-9276-904c6079e864/sm/snapshot.3_0 took: 8 ms
2022-03-03 08:20:55,275 [abae3395-e125-494e-95ee-7e13e0096d36@group-904C6079E864-StateMachineUpdater] INFO  impl.StateMachineUpdater (StateMachineUpdater.java:takeSnapshot(281)) - abae3395-e125-494e-95ee-7e13e0096d36@group-904C6079E864-StateMachineUpdater: Took a snapshot at index 0
2022-03-03 08:20:55,275 [abae3395-e125-494e-95ee-7e13e0096d36@group-904C6079E864-StateMachineUpdater] INFO  impl.StateMachineUpdater (StateMachineUpdater.java:lambda$new$0(89)) - abae3395-e125-494e-95ee-7e13e0096d36@group-904C6079E864-StateMachineUpdater: snapshotIndex: updateIncreasingly -1 -> 0
2022-03-03 08:20:55,276 [Listener at 127.0.0.1/42883] INFO  server.RaftServer$Division (ServerState.java:close(419)) - abae3395-e125-494e-95ee-7e13e0096d36@group-904C6079E864: closes. applyIndex: 0
2022-03-03 08:20:55,276 [abae3395-e125-494e-95ee-7e13e0096d36@group-904C6079E864-SegmentedRaftLogWorker] INFO  segmented.SegmentedRaftLogWorker (SegmentedRaftLogWorker.java:run(327)) - abae3395-e125-494e-95ee-7e13e0096d36@group-904C6079E864-SegmentedRaftLogWorker was interrupted, exiting. There are 0 tasks remaining in the queue.
2022-03-03 08:20:55,278 [Listener at 127.0.0.1/42883] INFO  segmented.SegmentedRaftLogWorker (SegmentedRaftLogWorker.java:close(237)) - abae3395-e125-494e-95ee-7e13e0096d36@group-904C6079E864-SegmentedRaftLogWorker close()
2022-03-03 08:20:55,278 [Listener at 127.0.0.1/42883] INFO  server.RaftServer$Division (RaftServerImpl.java:lambda$close$4(412)) - abae3395-e125-494e-95ee-7e13e0096d36@group-736048A98C4E: shutdown
2022-03-03 08:20:55,278 [Listener at 127.0.0.1/42883] INFO  util.JmxRegister (JmxRegister.java:unregister(73)) - Successfully un-registered JMX Bean with object name Ratis:service=RaftServer,group=group-736048A98C4E,id=abae3395-e125-494e-95ee-7e13e0096d36
2022-03-03 08:20:55,279 [Listener at 127.0.0.1/42883] INFO  impl.RoleInfo (RoleInfo.java:shutdownFollowerState(108)) - abae3395-e125-494e-95ee-7e13e0096d36: shutdown abae3395-e125-494e-95ee-7e13e0096d36@group-736048A98C4E-FollowerState
2022-03-03 08:20:55,288 [abae3395-e125-494e-95ee-7e13e0096d36@group-736048A98C4E-FollowerState] INFO  impl.FollowerState (FollowerState.java:run(143)) - abae3395-e125-494e-95ee-7e13e0096d36@group-736048A98C4E-FollowerState was interrupted: {}
java.lang.InterruptedException: sleep interrupted
	at java.lang.Thread.sleep(Native Method)
	at java.lang.Thread.sleep(Thread.java:342)
	at java.util.concurrent.TimeUnit.sleep(TimeUnit.java:386)
	at org.apache.ratis.util.TimeDuration.sleep(TimeDuration.java:324)
	at org.apache.ratis.util.TimeDuration.sleep(TimeDuration.java:309)
	at org.apache.ratis.server.impl.FollowerState.run(FollowerState.java:118)
2022-03-03 08:20:55,293 [Listener at 127.0.0.1/42883] INFO  impl.StateMachineUpdater (StateMachineUpdater.java:stopAndJoin(149)) - abae3395-e125-494e-95ee-7e13e0096d36@group-736048A98C4E-StateMachineUpdater: set stopIndex = 0
2022-03-03 08:20:55,294 [abae3395-e125-494e-95ee-7e13e0096d36@group-736048A98C4E-StateMachineUpdater] INFO  ratis.ContainerStateMachine (ContainerStateMachine.java:takeSnapshot(304)) - group-736048A98C4E: Taking a snapshot at:(t:2, i:0) file /home/runner/work/ozone/ozone/hadoop-ozone/integration-test/target/test-dir/MiniOzoneClusterImpl-5b82a1ad-a074-4eb8-9e24-eb4e8d1567b6/datanode-2/data/ratis/e9d922ff-3b74-428d-a214-736048a98c4e/sm/snapshot.2_0
2022-03-03 08:20:55,296 [abae3395-e125-494e-95ee-7e13e0096d36@group-736048A98C4E-StateMachineUpdater] INFO  ratis.ContainerStateMachine (ContainerStateMachine.java:takeSnapshot(315)) - group-736048A98C4E: Finished taking a snapshot at:(t:2, i:0) file:/home/runner/work/ozone/ozone/hadoop-ozone/integration-test/target/test-dir/MiniOzoneClusterImpl-5b82a1ad-a074-4eb8-9e24-eb4e8d1567b6/datanode-2/data/ratis/e9d922ff-3b74-428d-a214-736048a98c4e/sm/snapshot.2_0 took: 2 ms
2022-03-03 08:20:55,296 [abae3395-e125-494e-95ee-7e13e0096d36@group-736048A98C4E-StateMachineUpdater] INFO  impl.StateMachineUpdater (StateMachineUpdater.java:takeSnapshot(281)) - abae3395-e125-494e-95ee-7e13e0096d36@group-736048A98C4E-StateMachineUpdater: Took a snapshot at index 0
2022-03-03 08:20:55,296 [abae3395-e125-494e-95ee-7e13e0096d36@group-736048A98C4E-StateMachineUpdater] INFO  impl.StateMachineUpdater (StateMachineUpdater.java:lambda$new$0(89)) - abae3395-e125-494e-95ee-7e13e0096d36@group-736048A98C4E-StateMachineUpdater: snapshotIndex: updateIncreasingly -1 -> 0
2022-03-03 08:20:55,298 [Listener at 127.0.0.1/42883] INFO  server.RaftServer$Division (ServerState.java:close(419)) - abae3395-e125-494e-95ee-7e13e0096d36@group-736048A98C4E: closes. applyIndex: 0
2022-03-03 08:20:55,298 [abae3395-e125-494e-95ee-7e13e0096d36@group-736048A98C4E-SegmentedRaftLogWorker] INFO  segmented.SegmentedRaftLogWorker (SegmentedRaftLogWorker.java:run(327)) - abae3395-e125-494e-95ee-7e13e0096d36@group-736048A98C4E-SegmentedRaftLogWorker was interrupted, exiting. There are 0 tasks remaining in the queue.
2022-03-03 08:20:55,298 [Listener at 127.0.0.1/42883] INFO  segmented.SegmentedRaftLogWorker (SegmentedRaftLogWorker.java:close(237)) - abae3395-e125-494e-95ee-7e13e0096d36@group-736048A98C4E-SegmentedRaftLogWorker close()
2022-03-03 08:20:55,299 [Listener at 127.0.0.1/42883] INFO  server.GrpcService (GrpcService.java:closeImpl(262)) - abae3395-e125-494e-95ee-7e13e0096d36: shutdown server with port 37079 now
2022-03-03 08:20:55,313 [Listener at 127.0.0.1/42883] INFO  server.GrpcService (GrpcService.java:closeImpl(271)) - abae3395-e125-494e-95ee-7e13e0096d36: shutdown server with port 37079 successfully
2022-03-03 08:20:55,314 [org.apache.ratis.util.JvmPauseMonitor$$Lambda$503/666911607@1953548e] INFO  util.JvmPauseMonitor (JvmPauseMonitor.java:run(109)) - JvmPauseMonitor-abae3395-e125-494e-95ee-7e13e0096d36: Stopped
2022-03-03 08:20:55,505 [EndpointStateMachine task thread for /127.0.0.1:35645 - 0 ] INFO  ipc.Client (Client.java:handleConnectionFailure(977)) - Retrying connect to server: localhost/127.0.0.1:35645. Already tried 2 time(s); retry policy is RetryUpToMaximumCountWithFixedSleep(maxRetries=15, sleepTime=1000 MILLISECONDS)
2022-03-03 08:20:55,900 [EndpointStateMachine task thread for /127.0.0.1:43363 - 0 ] INFO  ipc.Client (Client.java:handleConnectionFailure(977)) - Retrying connect to server: localhost/127.0.0.1:43363. Already tried 8 time(s); retry policy is RetryUpToMaximumCountWithFixedSleep(maxRetries=15, sleepTime=1000 MILLISECONDS)
2022-03-03 08:20:55,956 [EndpointStateMachine task thread for /127.0.0.1:39861 - 0 ] INFO  ipc.Client (Client.java:handleConnectionFailure(977)) - Retrying connect to server: localhost/127.0.0.1:39861. Already tried 8 time(s); retry policy is RetryUpToMaximumCountWithFixedSleep(maxRetries=15, sleepTime=1000 MILLISECONDS)
2022-03-03 08:20:55,968 [EndpointStateMachine task thread for /127.0.0.1:45429 - 0 ] INFO  ipc.Client (Client.java:handleConnectionFailure(977)) - Retrying connect to server: localhost/127.0.0.1:45429. Already tried 9 time(s); retry policy is RetryUpToMaximumCountWithFixedSleep(maxRetries=15, sleepTime=1000 MILLISECONDS)
2022-03-03 08:20:56,274 [EndpointStateMachine task thread for /127.0.0.1:42215 - 0 ] INFO  ipc.Client (Client.java:handleConnectionFailure(977)) - Retrying connect to server: localhost/127.0.0.1:42215. Already tried 3 time(s); retry policy is RetryUpToMaximumCountWithFixedSleep(maxRetries=15, sleepTime=1000 MILLISECONDS)
2022-03-03 08:20:56,275 [EndpointStateMachine task thread for /127.0.0.1:34037 - 0 ] INFO  ipc.Client (Client.java:handleConnectionFailure(977)) - Retrying connect to server: localhost/127.0.0.1:34037. Already tried 3 time(s); retry policy is RetryUpToMaximumCountWithFixedSleep(maxRetries=15, sleepTime=1000 MILLISECONDS)
2022-03-03 08:20:56,506 [EndpointStateMachine task thread for /127.0.0.1:35645 - 0 ] INFO  ipc.Client (Client.java:handleConnectionFailure(977)) - Retrying connect to server: localhost/127.0.0.1:35645. Already tried 3 time(s); retry policy is RetryUpToMaximumCountWithFixedSleep(maxRetries=15, sleepTime=1000 MILLISECONDS)
2022-03-03 08:20:56,901 [EndpointStateMachine task thread for /127.0.0.1:43363 - 0 ] INFO  ipc.Client (Client.java:handleConnectionFailure(977)) - Retrying connect to server: localhost/127.0.0.1:43363. Already tried 9 time(s); retry policy is RetryUpToMaximumCountWithFixedSleep(maxRetries=15, sleepTime=1000 MILLISECONDS)
2022-03-03 08:20:56,957 [EndpointStateMachine task thread for /127.0.0.1:39861 - 0 ] INFO  ipc.Client (Client.java:handleConnectionFailure(977)) - Retrying connect to server: localhost/127.0.0.1:39861. Already tried 9 time(s); retry policy is RetryUpToMaximumCountWithFixedSleep(maxRetries=15, sleepTime=1000 MILLISECONDS)
2022-03-03 08:20:56,969 [EndpointStateMachine task thread for /127.0.0.1:45429 - 0 ] INFO  ipc.Client (Client.java:handleConnectionFailure(977)) - Retrying connect to server: localhost/127.0.0.1:45429. Already tried 10 time(s); retry policy is RetryUpToMaximumCountWithFixedSleep(maxRetries=15, sleepTime=1000 MILLISECONDS)
2022-03-03 08:20:57,275 [EndpointStateMachine task thread for /127.0.0.1:42215 - 0 ] INFO  ipc.Client (Client.java:handleConnectionFailure(977)) - Retrying connect to server: localhost/127.0.0.1:42215. Already tried 4 time(s); retry policy is RetryUpToMaximumCountWithFixedSleep(maxRetries=15, sleepTime=1000 MILLISECONDS)
2022-03-03 08:20:57,275 [EndpointStateMachine task thread for /127.0.0.1:34037 - 0 ] INFO  ipc.Client (Client.java:handleConnectionFailure(977)) - Retrying connect to server: localhost/127.0.0.1:34037. Already tried 4 time(s); retry policy is RetryUpToMaximumCountWithFixedSleep(maxRetries=15, sleepTime=1000 MILLISECONDS)
2022-03-03 08:20:57,330 [Listener at 127.0.0.1/42883] INFO  utils.BackgroundService (BackgroundService.java:shutdown(132)) - Shutting down service BlockDeletingService
2022-03-03 08:20:57,506 [EndpointStateMachine task thread for /127.0.0.1:35645 - 0 ] INFO  ipc.Client (Client.java:handleConnectionFailure(977)) - Retrying connect to server: localhost/127.0.0.1:35645. Already tried 4 time(s); retry policy is RetryUpToMaximumCountWithFixedSleep(maxRetries=15, sleepTime=1000 MILLISECONDS)
2022-03-03 08:20:57,901 [EndpointStateMachine task thread for /127.0.0.1:43363 - 0 ] INFO  ipc.Client (Client.java:handleConnectionFailure(977)) - Retrying connect to server: localhost/127.0.0.1:43363. Already tried 10 time(s); retry policy is RetryUpToMaximumCountWithFixedSleep(maxRetries=15, sleepTime=1000 MILLISECONDS)
2022-03-03 08:20:57,957 [EndpointStateMachine task thread for /127.0.0.1:39861 - 0 ] INFO  ipc.Client (Client.java:handleConnectionFailure(977)) - Retrying connect to server: localhost/127.0.0.1:39861. Already tried 10 time(s); retry policy is RetryUpToMaximumCountWithFixedSleep(maxRetries=15, sleepTime=1000 MILLISECONDS)
2022-03-03 08:20:57,969 [EndpointStateMachine task thread for /127.0.0.1:45429 - 0 ] INFO  ipc.Client (Client.java:handleConnectionFailure(977)) - Retrying connect to server: localhost/127.0.0.1:45429. Already tried 11 time(s); retry policy is RetryUpToMaximumCountWithFixedSleep(maxRetries=15, sleepTime=1000 MILLISECONDS)
2022-03-03 08:20:58,275 [EndpointStateMachine task thread for /127.0.0.1:42215 - 0 ] INFO  ipc.Client (Client.java:handleConnectionFailure(977)) - Retrying connect to server: localhost/127.0.0.1:42215. Already tried 5 time(s); retry policy is RetryUpToMaximumCountWithFixedSleep(maxRetries=15, sleepTime=1000 MILLISECONDS)
2022-03-03 08:20:58,279 [EndpointStateMachine task thread for /127.0.0.1:34037 - 0 ] INFO  ipc.Client (Client.java:handleConnectionFailure(977)) - Retrying connect to server: localhost/127.0.0.1:34037. Already tried 5 time(s); retry policy is RetryUpToMaximumCountWithFixedSleep(maxRetries=15, sleepTime=1000 MILLISECONDS)
2022-03-03 08:20:58,508 [EndpointStateMachine task thread for /127.0.0.1:35645 - 0 ] INFO  ipc.Client (Client.java:handleConnectionFailure(977)) - Retrying connect to server: localhost/127.0.0.1:35645. Already tried 5 time(s); retry policy is RetryUpToMaximumCountWithFixedSleep(maxRetries=15, sleepTime=1000 MILLISECONDS)
2022-03-03 08:20:58,902 [EndpointStateMachine task thread for /127.0.0.1:43363 - 0 ] INFO  ipc.Client (Client.java:handleConnectionFailure(977)) - Retrying connect to server: localhost/127.0.0.1:43363. Already tried 11 time(s); retry policy is RetryUpToMaximumCountWithFixedSleep(maxRetries=15, sleepTime=1000 MILLISECONDS)
2022-03-03 08:20:58,958 [EndpointStateMachine task thread for /127.0.0.1:39861 - 0 ] INFO  ipc.Client (Client.java:handleConnectionFailure(977)) - Retrying connect to server: localhost/127.0.0.1:39861. Already tried 11 time(s); retry policy is RetryUpToMaximumCountWithFixedSleep(maxRetries=15, sleepTime=1000 MILLISECONDS)
2022-03-03 08:20:58,970 [EndpointStateMachine task thread for /127.0.0.1:45429 - 0 ] INFO  ipc.Client (Client.java:handleConnectionFailure(977)) - Retrying connect to server: localhost/127.0.0.1:45429. Already tried 12 time(s); retry policy is RetryUpToMaximumCountWithFixedSleep(maxRetries=15, sleepTime=1000 MILLISECONDS)
2022-03-03 08:20:59,280 [EndpointStateMachine task thread for /127.0.0.1:34037 - 0 ] INFO  ipc.Client (Client.java:handleConnectionFailure(977)) - Retrying connect to server: localhost/127.0.0.1:34037. Already tried 6 time(s); retry policy is RetryUpToMaximumCountWithFixedSleep(maxRetries=15, sleepTime=1000 MILLISECONDS)
2022-03-03 08:20:59,281 [EndpointStateMachine task thread for /127.0.0.1:42215 - 0 ] INFO  ipc.Client (Client.java:handleConnectionFailure(977)) - Retrying connect to server: localhost/127.0.0.1:42215. Already tried 6 time(s); retry policy is RetryUpToMaximumCountWithFixedSleep(maxRetries=15, sleepTime=1000 MILLISECONDS)
2022-03-03 08:20:59,508 [EndpointStateMachine task thread for /127.0.0.1:35645 - 0 ] INFO  ipc.Client (Client.java:handleConnectionFailure(977)) - Retrying connect to server: localhost/127.0.0.1:35645. Already tried 6 time(s); retry policy is RetryUpToMaximumCountWithFixedSleep(maxRetries=15, sleepTime=1000 MILLISECONDS)
2022-03-03 08:20:59,903 [EndpointStateMachine task thread for /127.0.0.1:43363 - 0 ] INFO  ipc.Client (Client.java:handleConnectionFailure(977)) - Retrying connect to server: localhost/127.0.0.1:43363. Already tried 12 time(s); retry policy is RetryUpToMaximumCountWithFixedSleep(maxRetries=15, sleepTime=1000 MILLISECONDS)
2022-03-03 08:20:59,959 [EndpointStateMachine task thread for /127.0.0.1:39861 - 0 ] INFO  ipc.Client (Client.java:handleConnectionFailure(977)) - Retrying connect to server: localhost/127.0.0.1:39861. Already tried 12 time(s); retry policy is RetryUpToMaximumCountWithFixedSleep(maxRetries=15, sleepTime=1000 MILLISECONDS)
2022-03-03 08:20:59,971 [EndpointStateMachine task thread for /127.0.0.1:45429 - 0 ] INFO  ipc.Client (Client.java:handleConnectionFailure(977)) - Retrying connect to server: localhost/127.0.0.1:45429. Already tried 13 time(s); retry policy is RetryUpToMaximumCountWithFixedSleep(maxRetries=15, sleepTime=1000 MILLISECONDS)
2022-03-03 08:21:00,280 [EndpointStateMachine task thread for /127.0.0.1:34037 - 0 ] INFO  ipc.Client (Client.java:handleConnectionFailure(977)) - Retrying connect to server: localhost/127.0.0.1:34037. Already tried 7 time(s); retry policy is RetryUpToMaximumCountWithFixedSleep(maxRetries=15, sleepTime=1000 MILLISECONDS)
2022-03-03 08:21:00,282 [EndpointStateMachine task thread for /127.0.0.1:42215 - 0 ] INFO  ipc.Client (Client.java:handleConnectionFailure(977)) - Retrying connect to server: localhost/127.0.0.1:42215. Already tried 7 time(s); retry policy is RetryUpToMaximumCountWithFixedSleep(maxRetries=15, sleepTime=1000 MILLISECONDS)
2022-03-03 08:21:00,336 [Listener at 127.0.0.1/42883] INFO  statemachine.DatanodeStateMachine (DatanodeStateMachine.java:stopDaemon(529)) - Ozone container server stopped.
2022-03-03 08:21:00,337 [Listener at 127.0.0.1/42883] INFO  handler.ContextHandler (ContextHandler.java:doStop(1153)) - Stopped o.e.j.w.WebAppContext@6dfce79d{hddsDatanode,/,null,STOPPED}{jar:file:/home/runner/.m2/repository/org/apache/ozone/hdds-container-service/1.3.0-SNAPSHOT/hdds-container-service-1.3.0-SNAPSHOT.jar!/webapps/hddsDatanode}
2022-03-03 08:21:00,345 [Listener at 127.0.0.1/42883] INFO  server.AbstractConnector (AbstractConnector.java:doStop(381)) - Stopped ServerConnector@3f5673d0{HTTP/1.1, (http/1.1)}{0.0.0.0:0}
2022-03-03 08:21:00,349 [Listener at 127.0.0.1/42883] INFO  server.session (HouseKeeper.java:stopScavenging(149)) - node0 Stopped scavenging
2022-03-03 08:21:00,350 [Listener at 127.0.0.1/42883] INFO  handler.ContextHandler (ContextHandler.java:doStop(1153)) - Stopped o.e.j.s.ServletContextHandler@5b4eaf8b{static,/static,jar:file:/home/runner/.m2/repository/org/apache/ozone/hdds-container-service/1.3.0-SNAPSHOT/hdds-container-service-1.3.0-SNAPSHOT.jar!/webapps/static,STOPPED}
2022-03-03 08:21:00,350 [Listener at 127.0.0.1/42883] INFO  handler.ContextHandler (ContextHandler.java:doStop(1153)) - Stopped o.e.j.s.ServletContextHandler@5662f36e{logs,/logs,file:///home/runner/work/ozone/ozone/hadoop-ozone/integration-test/target/log,STOPPED}
]]></system-out>
  </testcase>
  <testcase name="testInstallCorruptedCheckpointFailure" classname="org.apache.hadoop.ozone.scm.TestSCMInstallSnapshotWithHA" time="60.106"/>
</testsuite>