-------------------------------------------------------------------------------
Test set: org.apache.hadoop.ozone.TestOzoneConfigurationFields
-------------------------------------------------------------------------------
Tests run: 4, Failures: 1, Errors: 0, Skipped: 0, Time elapsed: 0.313 s <<< FAILURE! - in org.apache.hadoop.ozone.TestOzoneConfigurationFields
testCompareConfigurationClassAgainstXml  Time elapsed: 0.024 s  <<< FAILURE!
java.lang.AssertionError: class org.apache.hadoop.ozone.OzoneConfigKeys class org.apache.hadoop.hdds.scm.ScmConfigKeys class org.apache.hadoop.ozone.om.OMConfigKeys class org.apache.hadoop.hdds.HddsConfigKeys class org.apache.hadoop.ozone.recon.ReconServerConfigKeys class org.apache.hadoop.ozone.s3.S3GatewayConfigKeys class org.apache.hadoop.hdds.scm.server.SCMHTTPServerConfig class org.apache.hadoop.hdds.scm.server.SCMHTTPServerConfig$ConfigStrings class org.apache.hadoop.hdds.scm.ScmConfig$ConfigStrings has 1 variables missing in ozone-default.xml Entries:   ozone.scm.ha.ratis.log.appender.queue.num-elements expected:<0> but was:<1>
	at org.junit.Assert.fail(Assert.java:89)
	at org.junit.Assert.failNotEquals(Assert.java:835)
	at org.junit.Assert.assertEquals(Assert.java:647)
	at org.apache.hadoop.conf.TestConfigurationFieldsBase.testCompareConfigurationClassAgainstXml(TestConfigurationFieldsBase.java:493)
	at sun.reflect.NativeMethodAccessorImpl.invoke0(Native Method)
	at sun.reflect.NativeMethodAccessorImpl.invoke(NativeMethodAccessorImpl.java:62)
	at sun.reflect.DelegatingMethodAccessorImpl.invoke(DelegatingMethodAccessorImpl.java:43)
	at java.lang.reflect.Method.invoke(Method.java:498)
	at org.junit.runners.model.FrameworkMethod$1.runReflectiveCall(FrameworkMethod.java:59)
	at org.junit.internal.runners.model.ReflectiveCallable.run(ReflectiveCallable.java:12)
	at org.junit.runners.model.FrameworkMethod.invokeExplosively(FrameworkMethod.java:56)
	at org.junit.internal.runners.statements.InvokeMethod.evaluate(InvokeMethod.java:17)
	at org.junit.internal.runners.statements.RunBefores.evaluate(RunBefores.java:26)
	at org.junit.internal.runners.statements.FailOnTimeout$CallableStatement.call(FailOnTimeout.java:288)
	at org.junit.internal.runners.statements.FailOnTimeout$CallableStatement.call(FailOnTimeout.java:282)
	at java.util.concurrent.FutureTask.run(FutureTask.java:266)
	at java.lang.Thread.run(Thread.java:748)

